2023-11-01 20:09:38,677 [INFO] Activator:177 - 


2023-11-01 20:09:38,677 [INFO] Activator:178 - !SESSION log4j initialized
2023-11-01 20:12:45,589 [INFO] McuFinderGlobals:39 - Set McuFinder mode to 2 (CubeIDE integrated)
2023-11-01 20:12:45,745 [INFO] ApplicationProperties:181 - Using Application install path: C:\ST\STM32CubeIDE_1.7.0\STM32CubeIDE\plugins\com.st.stm32cube.common.mx_6.3.0.202107141111
2023-11-01 20:12:45,745 [INFO] DbMcusXml:74 - Set database path to: C:\ST\STM32CubeIDE_1.7.0\STM32CubeIDE\plugins\com.st.stm32cube.common.mx_6.3.0.202107141111\\db\/mcu/
2023-11-01 20:12:45,761 [INFO] DbBoardsPdsc:56 - Set plugin database path to: C:\ST\STM32CubeIDE_1.7.0\STM32CubeIDE\plugins\com.st.stm32cube.common.mx_6.3.0.202107141111\\db\/plugins/boardmanager/
2023-11-01 20:12:45,761 [INFO] DbMcus:258 - Set plugin images path to: C:\ST\STM32CubeIDE_1.7.0\STM32CubeIDE\plugins\com.st.stm32cube.common.mx_6.3.0.202107141111\\db\/plugins/mcufinder/images/
2023-11-01 20:12:45,761 [INFO] DbBoards:264 - Set plugin images path to: C:\ST\STM32CubeIDE_1.7.0\STM32CubeIDE\plugins\com.st.stm32cube.common.mx_6.3.0.202107141111\\db\/plugins/mcufinder/images/
2023-11-01 20:12:45,761 [INFO] DbExamples:333 - Set plugin images path to: C:\ST\STM32CubeIDE_1.7.0\STM32CubeIDE\plugins\com.st.stm32cube.common.mx_6.3.0.202107141111\\db\/plugins/mcufinder/images/
2023-11-01 20:12:45,761 [INFO] DbMcusAds:119 - Set database path to: C:\Users\Admin\.stmcufinder\plugins\mcufinder//mcu/
2023-11-01 20:12:45,761 [INFO] DbMcusDocs:110 - Set database path to: C:\Users\Admin\.stmcufinder\plugins\mcufinder//mcu/
2023-11-01 20:12:45,761 [INFO] DbMcusJson:64 - Set database path to: C:\Users\Admin\.stmcufinder\plugins\mcufinder//mcu/
2023-11-01 20:12:45,761 [INFO] DbBoardsDocs:110 - Set database path to: C:\Users\Admin\.stmcufinder\plugins\mcufinder//mcu/
2023-11-01 20:12:45,761 [INFO] DbBoardsJson:57 - Set database path to: C:\Users\Admin\.stmcufinder\plugins\mcufinder//mcu/
2023-11-01 20:12:45,776 [INFO] CrossReferenceDbSqlite:196 - Set database path to: C:\Users\Admin\.stmcufinder\plugins\mcufinder//mcu/cs/
2023-11-01 20:12:45,776 [INFO] DbExamplesSqlite:767 - Set database path to: C:\Users\Admin\.stmcufinder\plugins\mcufinder//mcu/
2023-11-01 20:12:45,854 [INFO] RulesReader:57 - Compatibility file has been processed (242 Rules)
2023-11-01 20:12:45,932 [INFO] DbMcusXml:74 - Set database path to: C:\ST\STM32CubeIDE_1.7.0\STM32CubeIDE\plugins\com.st.stm32cube.common.mx_6.3.0.202107141111\\db\/mcu/
2023-11-01 20:12:45,932 [INFO] DbBoardsPdsc:56 - Set plugin database path to: C:\ST\STM32CubeIDE_1.7.0\STM32CubeIDE\plugins\com.st.stm32cube.common.mx_6.3.0.202107141111\\db\/plugins/boardmanager/
2023-11-01 20:12:45,932 [INFO] DbMcus:258 - Set plugin images path to: C:\ST\STM32CubeIDE_1.7.0\STM32CubeIDE\plugins\com.st.stm32cube.common.mx_6.3.0.202107141111\\db\/plugins/mcufinder/images/
2023-11-01 20:12:45,932 [INFO] DbBoards:264 - Set plugin images path to: C:\ST\STM32CubeIDE_1.7.0\STM32CubeIDE\plugins\com.st.stm32cube.common.mx_6.3.0.202107141111\\db\/plugins/mcufinder/images/
2023-11-01 20:12:45,948 [INFO] DbExamples:333 - Set plugin images path to: C:\ST\STM32CubeIDE_1.7.0\STM32CubeIDE\plugins\com.st.stm32cube.common.mx_6.3.0.202107141111\\db\/plugins/mcufinder/images/
2023-11-01 20:12:45,948 [WARN] DbFile:35 - Overriding database path with different value: C:\Users\Admin\.stmcufinder\plugins\mcufinder/ => C:\Users\Admin\.stmcufinder\plugins\mcufinder
2023-11-01 20:12:45,948 [INFO] DbMcusAds:119 - Set database path to: C:\Users\Admin\.stmcufinder\plugins\mcufinder//mcu/
2023-11-01 20:12:45,948 [WARN] DbFile:35 - Overriding database path with different value: C:\Users\Admin\.stmcufinder\plugins\mcufinder/ => C:\Users\Admin\.stmcufinder\plugins\mcufinder
2023-11-01 20:12:45,948 [INFO] DbMcusDocs:110 - Set database path to: C:\Users\Admin\.stmcufinder\plugins\mcufinder//mcu/
2023-11-01 20:12:45,948 [WARN] DbFile:35 - Overriding database path with different value: C:\Users\Admin\.stmcufinder\plugins\mcufinder/ => C:\Users\Admin\.stmcufinder\plugins\mcufinder
2023-11-01 20:12:45,948 [INFO] DbMcusJson:64 - Set database path to: C:\Users\Admin\.stmcufinder\plugins\mcufinder//mcu/
2023-11-01 20:12:45,948 [WARN] DbFile:35 - Overriding database path with different value: C:\Users\Admin\.stmcufinder\plugins\mcufinder/ => C:\Users\Admin\.stmcufinder\plugins\mcufinder
2023-11-01 20:12:45,948 [INFO] DbBoardsDocs:110 - Set database path to: C:\Users\Admin\.stmcufinder\plugins\mcufinder//mcu/
2023-11-01 20:12:45,948 [WARN] DbFile:35 - Overriding database path with different value: C:\Users\Admin\.stmcufinder\plugins\mcufinder/ => C:\Users\Admin\.stmcufinder\plugins\mcufinder
2023-11-01 20:12:45,948 [INFO] DbBoardsJson:57 - Set database path to: C:\Users\Admin\.stmcufinder\plugins\mcufinder//mcu/
2023-11-01 20:12:45,948 [WARN] DbFile:35 - Overriding database path with different value: C:\Users\Admin\.stmcufinder\plugins\mcufinder/ => C:\Users\Admin\.stmcufinder\plugins\mcufinder
2023-11-01 20:12:45,948 [WARN] DbFile:35 - Overriding database path with different value: C:\Users\Admin\.stmcufinder\plugins\mcufinder/ => C:\Users\Admin\.stmcufinder\plugins\mcufinder
2023-11-01 20:12:45,948 [INFO] CrossReferenceDbSqlite:196 - Set database path to: C:\Users\Admin\.stmcufinder\plugins\mcufinder//mcu/cs/
2023-11-01 20:12:45,948 [WARN] DbFile:35 - Overriding database path with different value: C:\Users\Admin\.stmcufinder\plugins\mcufinder/ => C:\Users\Admin\.stmcufinder\plugins\mcufinder
2023-11-01 20:12:45,948 [INFO] DbExamplesSqlite:767 - Set database path to: C:\Users\Admin\.stmcufinder\plugins\mcufinder//mcu/
2023-11-01 20:12:45,995 [INFO] MainPanel:214 - HeapMemory: 675282944
2023-11-01 20:12:46,073 [INFO] DbMcusXml:74 - Set database path to: C:\ST\STM32CubeIDE_1.7.0\STM32CubeIDE\plugins\com.st.stm32cube.common.mx_6.3.0.202107141111\\db\/mcu/
2023-11-01 20:12:46,073 [INFO] DbBoardsPdsc:56 - Set plugin database path to: C:\ST\STM32CubeIDE_1.7.0\STM32CubeIDE\plugins\com.st.stm32cube.common.mx_6.3.0.202107141111\\db\/plugins/boardmanager/
2023-11-01 20:12:46,073 [INFO] DbMcus:258 - Set plugin images path to: C:\ST\STM32CubeIDE_1.7.0\STM32CubeIDE\plugins\com.st.stm32cube.common.mx_6.3.0.202107141111\\db\/plugins/mcufinder/images/
2023-11-01 20:12:46,073 [INFO] DbBoards:264 - Set plugin images path to: C:\ST\STM32CubeIDE_1.7.0\STM32CubeIDE\plugins\com.st.stm32cube.common.mx_6.3.0.202107141111\\db\/plugins/mcufinder/images/
2023-11-01 20:12:46,073 [INFO] DbExamples:333 - Set plugin images path to: C:\ST\STM32CubeIDE_1.7.0\STM32CubeIDE\plugins\com.st.stm32cube.common.mx_6.3.0.202107141111\\db\/plugins/mcufinder/images/
2023-11-01 20:12:46,073 [WARN] DbFile:35 - Overriding database path with different value: C:\Users\Admin\.stmcufinder\plugins\mcufinder/ => C:\Users\Admin\.stmcufinder\plugins\mcufinder
2023-11-01 20:12:46,073 [INFO] DbMcusAds:119 - Set database path to: C:\Users\Admin\.stmcufinder\plugins\mcufinder//mcu/
2023-11-01 20:12:46,073 [WARN] DbFile:35 - Overriding database path with different value: C:\Users\Admin\.stmcufinder\plugins\mcufinder/ => C:\Users\Admin\.stmcufinder\plugins\mcufinder
2023-11-01 20:12:46,073 [INFO] DbMcusDocs:110 - Set database path to: C:\Users\Admin\.stmcufinder\plugins\mcufinder//mcu/
2023-11-01 20:12:46,073 [WARN] DbFile:35 - Overriding database path with different value: C:\Users\Admin\.stmcufinder\plugins\mcufinder/ => C:\Users\Admin\.stmcufinder\plugins\mcufinder
2023-11-01 20:12:46,073 [INFO] DbMcusJson:64 - Set database path to: C:\Users\Admin\.stmcufinder\plugins\mcufinder//mcu/
2023-11-01 20:12:46,073 [WARN] DbFile:35 - Overriding database path with different value: C:\Users\Admin\.stmcufinder\plugins\mcufinder/ => C:\Users\Admin\.stmcufinder\plugins\mcufinder
2023-11-01 20:12:46,073 [INFO] DbBoardsDocs:110 - Set database path to: C:\Users\Admin\.stmcufinder\plugins\mcufinder//mcu/
2023-11-01 20:12:46,073 [WARN] DbFile:35 - Overriding database path with different value: C:\Users\Admin\.stmcufinder\plugins\mcufinder/ => C:\Users\Admin\.stmcufinder\plugins\mcufinder
2023-11-01 20:12:46,073 [INFO] DbBoardsJson:57 - Set database path to: C:\Users\Admin\.stmcufinder\plugins\mcufinder//mcu/
2023-11-01 20:12:46,073 [WARN] DbFile:35 - Overriding database path with different value: C:\Users\Admin\.stmcufinder\plugins\mcufinder/ => C:\Users\Admin\.stmcufinder\plugins\mcufinder
2023-11-01 20:12:46,073 [WARN] DbFile:35 - Overriding database path with different value: C:\Users\Admin\.stmcufinder\plugins\mcufinder/ => C:\Users\Admin\.stmcufinder\plugins\mcufinder
2023-11-01 20:12:46,073 [INFO] CrossReferenceDbSqlite:196 - Set database path to: C:\Users\Admin\.stmcufinder\plugins\mcufinder//mcu/cs/
2023-11-01 20:12:46,073 [WARN] DbFile:35 - Overriding database path with different value: C:\Users\Admin\.stmcufinder\plugins\mcufinder/ => C:\Users\Admin\.stmcufinder\plugins\mcufinder
2023-11-01 20:12:46,073 [INFO] DbExamplesSqlite:767 - Set database path to: C:\Users\Admin\.stmcufinder\plugins\mcufinder//mcu/
2023-11-01 20:12:46,089 [INFO] ApplicationProperties:181 - Using Application install path: C:\ST\STM32CubeIDE_1.7.0\STM32CubeIDE\plugins\com.st.stm32cube.common.mx_6.3.0.202107141111
2023-11-01 20:12:46,104 [INFO] PluginManage:188 - Search for loadable plugins [exclusion list=, ]
2023-11-01 20:12:46,104 [INFO] PluginManage:302 - Check plugin analytics
2023-11-01 20:12:46,229 [INFO] AnalyticsPlugin:257 - Accepted Software Licenses: 
2023-11-01 20:12:46,229 [INFO] AnalyticsPlugin:259 - Accepted CMSIS Pack Licenses: 
2023-11-01 20:12:46,229 [INFO] AnalyticsPlugin:261 - Accepted Firmware Licenses: 
2023-11-01 20:12:46,229 [INFO] PluginManage:352 - Loaded plugin analytics (category:tool,tabindex:-1)
2023-11-01 20:12:46,229 [INFO] PluginManage:302 - Check plugin clock
2023-11-01 20:12:46,229 [INFO] PluginManage:352 - Loaded plugin clock (category:base,tabindex:2)
2023-11-01 20:12:46,229 [INFO] PluginManage:302 - Check plugin ddr
2023-11-01 20:12:46,229 [INFO] PluginManage:352 - Loaded plugin ddr (category:tool,tabindex:6)
2023-11-01 20:12:46,229 [INFO] PluginManage:302 - Check plugin filemanager
2023-11-01 20:12:46,339 [INFO] PluginManage:352 - Loaded plugin filemanager (category:base,tabindex:10)
2023-11-01 20:12:46,339 [INFO] PluginManage:302 - Check plugin ipmanager
2023-11-01 20:12:46,354 [INFO] PluginManage:352 - Loaded plugin ipmanager (category:base,tabindex:5)
2023-11-01 20:12:46,354 [INFO] PluginManage:302 - Check plugin pinoutandconfiguration
2023-11-01 20:12:46,354 [INFO] PluginManage:352 - Loaded plugin pinoutandconfiguration (category:base,tabindex:1)
2023-11-01 20:12:46,354 [INFO] PluginManage:302 - Check plugin pinoutconfig
2023-11-01 20:12:46,385 [INFO] PluginManage:352 - Loaded plugin pinoutconfig (category:base,tabindex:0)
2023-11-01 20:12:46,385 [INFO] PluginManage:302 - Check plugin power
2023-11-01 20:12:46,385 [INFO] PluginManage:352 - Loaded plugin power (category:power,tabindex:4)
2023-11-01 20:12:46,385 [INFO] PluginManage:302 - Check plugin projectmanager
2023-11-01 20:12:46,401 [INFO] PluginManage:352 - Loaded plugin projectmanager (category:projectmanager,tabindex:3)
2023-11-01 20:12:46,401 [INFO] PluginManage:302 - Check plugin thirdparty
2023-11-01 20:12:46,526 [WARN] IntegrityCheckThread:78 - waiting for thirdparty lock release [integrity check]
2023-11-01 20:12:46,526 [INFO] PluginManage:352 - Loaded plugin thirdparty (category:base,tabindex:-1)
2023-11-01 20:12:46,526 [INFO] IntegrityCheckThread:80 - entering critical section [integrity check]
2023-11-01 20:12:46,526 [INFO] PluginManage:302 - Check plugin tools
2023-11-01 20:12:46,526 [INFO] ThirdPartyUpdaterWithRetryManager:66 - Updater plugin not ready yet. [1/15]
2023-11-01 20:12:46,526 [INFO] PluginManage:352 - Loaded plugin tools (category:base,tabindex:7)
2023-11-01 20:12:46,526 [INFO] PluginManage:302 - Check plugin tutovideos
2023-11-01 20:12:46,745 [INFO] PluginManage:352 - Loaded plugin tutovideos (category:base,tabindex:-1)
2023-11-01 20:12:46,745 [INFO] PluginManage:302 - Check plugin updater
2023-11-01 20:12:46,760 [INFO] PluginManage:352 - Loaded plugin updater (category:base,tabindex:12)
2023-11-01 20:12:46,760 [INFO] PluginManage:275 - PluginManage : Loaded plugins [13]
2023-11-01 20:12:46,932 [INFO] PinOutPanel:1463 - setPackage(No Configuration,No Configuration)
2023-11-01 20:12:47,026 [INFO] IPUIPlugin:74 - create IPUIPlugin
2023-11-01 20:12:47,026 [INFO] PluginManager:213 - loadIPPluginJar : add adc
2023-11-01 20:12:47,026 [INFO] IPUIPlugin:74 - create IPUIPlugin
2023-11-01 20:12:47,026 [INFO] PluginManager:213 - loadIPPluginJar : add aes
2023-11-01 20:12:47,041 [INFO] IPUIPlugin:74 - create IPUIPlugin
2023-11-01 20:12:47,041 [INFO] PluginManager:213 - loadIPPluginJar : add can
2023-11-01 20:12:47,041 [INFO] IPUIPlugin:74 - create IPUIPlugin
2023-11-01 20:12:47,041 [INFO] PluginManager:213 - loadIPPluginJar : add comp
2023-11-01 20:12:47,041 [INFO] IPUIPlugin:74 - create IPUIPlugin
2023-11-01 20:12:47,041 [INFO] PluginManager:213 - loadIPPluginJar : add cryp
2023-11-01 20:12:47,041 [INFO] IPUIPlugin:74 - create IPUIPlugin
2023-11-01 20:12:47,041 [INFO] PluginManager:213 - loadIPPluginJar : add dfsdm
2023-11-01 20:12:47,041 [INFO] IPUIPlugin:74 - create IPUIPlugin
2023-11-01 20:12:47,041 [INFO] PluginManager:213 - loadIPPluginJar : add dma
2023-11-01 20:12:47,041 [INFO] IPUIPlugin:74 - create IPUIPlugin
2023-11-01 20:12:47,041 [INFO] PluginManager:213 - loadIPPluginJar : add dma3
2023-11-01 20:12:47,057 [INFO] IPUIPlugin:74 - create IPUIPlugin
2023-11-01 20:12:47,057 [INFO] PluginManager:213 - loadIPPluginJar : add fatfs
2023-11-01 20:12:47,057 [INFO] IPUIPlugin:74 - create IPUIPlugin
2023-11-01 20:12:47,057 [INFO] PluginManager:213 - loadIPPluginJar : add fmc
2023-11-01 20:12:47,057 [INFO] IPUIPlugin:74 - create IPUIPlugin
2023-11-01 20:12:47,057 [INFO] PluginManager:213 - loadIPPluginJar : add freertos
2023-11-01 20:12:47,057 [INFO] IPUIPlugin:74 - create IPUIPlugin
2023-11-01 20:12:47,057 [INFO] PluginManager:213 - loadIPPluginJar : add genericplugin
2023-11-01 20:12:47,057 [INFO] IPUIPlugin:74 - create IPUIPlugin
2023-11-01 20:12:47,057 [INFO] PluginManager:213 - loadIPPluginJar : add gfxmmu
2023-11-01 20:12:47,073 [INFO] IPUIPlugin:74 - create IPUIPlugin
2023-11-01 20:12:47,073 [INFO] PluginManager:213 - loadIPPluginJar : add gic
2023-11-01 20:12:47,073 [INFO] IPUIPlugin:74 - create IPUIPlugin
2023-11-01 20:12:47,073 [INFO] PluginManager:213 - loadIPPluginJar : add gpio
2023-11-01 20:12:47,073 [INFO] IPUIPlugin:74 - create IPUIPlugin
2023-11-01 20:12:47,073 [INFO] PluginManager:213 - loadIPPluginJar : add gtzc
2023-11-01 20:12:47,073 [INFO] IPUIPlugin:74 - create IPUIPlugin
2023-11-01 20:12:47,073 [INFO] PluginManager:213 - loadIPPluginJar : add hash
2023-11-01 20:12:47,088 [INFO] IPUIPlugin:74 - create IPUIPlugin
2023-11-01 20:12:47,088 [INFO] PluginManager:213 - loadIPPluginJar : add i2c
2023-11-01 20:12:47,088 [INFO] IPUIPlugin:74 - create IPUIPlugin
2023-11-01 20:12:47,088 [INFO] PluginManager:213 - loadIPPluginJar : add i2s
2023-11-01 20:12:47,088 [INFO] IPUIPlugin:74 - create IPUIPlugin
2023-11-01 20:12:47,088 [INFO] PluginManager:213 - loadIPPluginJar : add ipddr
2023-11-01 20:12:47,088 [INFO] IPUIPlugin:74 - create IPUIPlugin
2023-11-01 20:12:47,088 [INFO] PluginManager:213 - loadIPPluginJar : add linkedlist
2023-11-01 20:12:47,104 [INFO] IPUIPlugin:74 - create IPUIPlugin
2023-11-01 20:12:47,104 [INFO] PluginManager:213 - loadIPPluginJar : add lorawan
2023-11-01 20:12:47,104 [INFO] IPUIPlugin:74 - create IPUIPlugin
2023-11-01 20:12:47,104 [INFO] PluginManager:213 - loadIPPluginJar : add ltdc
2023-11-01 20:12:47,104 [INFO] IPUIPlugin:74 - create IPUIPlugin
2023-11-01 20:12:47,104 [INFO] PluginManager:213 - loadIPPluginJar : add mdma
2023-11-01 20:12:47,104 [INFO] IPUIPlugin:74 - create IPUIPlugin
2023-11-01 20:12:47,104 [INFO] PluginManager:213 - loadIPPluginJar : add nvic
2023-11-01 20:12:47,104 [INFO] IPUIPlugin:74 - create IPUIPlugin
2023-11-01 20:12:47,104 [INFO] PluginManager:213 - loadIPPluginJar : add opamp
2023-11-01 20:12:47,104 [INFO] IPUIPlugin:74 - create IPUIPlugin
2023-11-01 20:12:47,104 [INFO] PluginManager:213 - loadIPPluginJar : add openamp
2023-11-01 20:12:47,104 [INFO] IPUIPlugin:74 - create IPUIPlugin
2023-11-01 20:12:47,104 [INFO] PluginManager:213 - loadIPPluginJar : add pdm2pcm
2023-11-01 20:12:47,120 [INFO] IPUIPlugin:74 - create IPUIPlugin
2023-11-01 20:12:47,120 [INFO] PluginManager:213 - loadIPPluginJar : add plateformsettings
2023-11-01 20:12:47,120 [INFO] IPUIPlugin:74 - create IPUIPlugin
2023-11-01 20:12:47,120 [INFO] PluginManager:213 - loadIPPluginJar : add quadspi
2023-11-01 20:12:47,120 [INFO] IPUIPlugin:74 - create IPUIPlugin
2023-11-01 20:12:47,120 [INFO] PluginManager:213 - loadIPPluginJar : add resmgrutility
2023-11-01 20:12:47,120 [INFO] IPUIPlugin:74 - create IPUIPlugin
2023-11-01 20:12:47,120 [INFO] PluginManager:213 - loadIPPluginJar : add sai
2023-11-01 20:12:47,120 [INFO] IPUIPlugin:74 - create IPUIPlugin
2023-11-01 20:12:47,120 [INFO] PluginManager:213 - loadIPPluginJar : add spi
2023-11-01 20:12:47,135 [INFO] IPUIPlugin:74 - create IPUIPlugin
2023-11-01 20:12:47,135 [INFO] PluginManager:213 - loadIPPluginJar : add stm32_wpan
2023-11-01 20:12:47,135 [INFO] IPUIPlugin:74 - create IPUIPlugin
2023-11-01 20:12:47,135 [INFO] PluginManager:213 - loadIPPluginJar : add tim
2023-11-01 20:12:47,135 [INFO] IPUIPlugin:74 - create IPUIPlugin
2023-11-01 20:12:47,135 [INFO] PluginManager:213 - loadIPPluginJar : add touchsensing
2023-11-01 20:12:47,135 [INFO] IPUIPlugin:74 - create IPUIPlugin
2023-11-01 20:12:47,135 [INFO] PluginManager:213 - loadIPPluginJar : add tracer_emb
2023-11-01 20:12:47,135 [INFO] IPUIPlugin:74 - create IPUIPlugin
2023-11-01 20:12:47,135 [INFO] PluginManager:213 - loadIPPluginJar : add ts
2023-11-01 20:12:47,135 [INFO] IPUIPlugin:74 - create IPUIPlugin
2023-11-01 20:12:47,135 [INFO] PluginManager:213 - loadIPPluginJar : add tsc
2023-11-01 20:12:47,135 [INFO] IPUIPlugin:74 - create IPUIPlugin
2023-11-01 20:12:47,135 [INFO] PluginManager:213 - loadIPPluginJar : add ucpd
2023-11-01 20:12:47,135 [INFO] IPUIPlugin:74 - create IPUIPlugin
2023-11-01 20:12:47,135 [INFO] PluginManager:213 - loadIPPluginJar : add usart
2023-11-01 20:12:47,135 [INFO] IPUIPlugin:74 - create IPUIPlugin
2023-11-01 20:12:47,135 [INFO] PluginManager:213 - loadIPPluginJar : add usbx
2023-11-01 20:12:47,498 [FATAL] Updater:294 - Updater called before beeing initialized
2023-11-01 20:12:47,576 [FATAL] Updater:294 - Updater called before beeing initialized
2023-11-01 20:12:47,592 [INFO] DbMcusAds:47 - JSON generation date=Tue Mar 07 15:50:55 ICT 2023 (1678179055114)
2023-11-01 20:12:47,592 [FATAL] Updater:294 - Updater called before beeing initialized
2023-11-01 20:12:47,623 [WARN] DetailPanel:314 - Failed to get advertising image, set to default
2023-11-01 20:12:47,701 [FATAL] Updater:294 - Updater called before beeing initialized
2023-11-01 20:12:47,701 [FATAL] Updater:294 - Updater called before beeing initialized
2023-11-01 20:12:47,701 [FATAL] Updater:294 - Updater called before beeing initialized
2023-11-01 20:12:47,701 [WARN] DetailPanel:314 - Failed to get advertising image, set to default
2023-11-01 20:12:47,717 [FATAL] Updater:294 - Updater called before beeing initialized
2023-11-01 20:12:47,748 [ERROR] Updater:1075 - MainUpdater not yet initialized. External WinMGr cannot be set.
2023-11-01 20:12:47,748 [INFO] Updater:1012 - Updater Version found : 6.3.0
2023-11-01 20:12:47,764 [INFO] ApplicationProperties:181 - Using Application install path: C:\ST\STM32CubeIDE_1.7.0\STM32CubeIDE\plugins\com.st.stm32cube.common.mx_6.3.0.202107141111
2023-11-01 20:12:48,342 [INFO] MainUpdater:2671 - connection check result : 10
2023-11-01 20:12:48,342 [INFO] MainUpdater:265 - Updater Check For Update Now.
2023-11-01 20:12:48,342 [INFO] MicroXplorer:478 - Change Database Version : DB.6.0.30
2023-11-01 20:12:48,514 [INFO] CheckServerUpdateThread:112 - End of CheckServer Thread
2023-11-01 20:12:48,576 [INFO] MainUpdater:2671 - connection check result : 10
2023-11-01 20:12:48,826 [INFO] McuFinderGlobals:52 - Set McuFinderConnectedMode to false
2023-11-01 20:12:48,904 [INFO] CrossSelectorPresenter:1330 - Cross Selector saved comparison directory: C:\Users\Admin\.stmcufinder\plugins\mcufinder\mcu\cs_comparisons_mx
2023-11-01 20:12:48,920 [INFO] MultiScanPanel:197 - Auto-refresh data requested => check proxy status ongoing
2023-11-01 20:12:48,920 [INFO] MultiScanPanel:201 - Proxy status is invalid
2023-11-01 20:12:48,920 [INFO] FinderPluginLoader:87 - Searching for filters in installed packs
2023-11-01 20:12:48,920 [INFO] DbMcusXml:100 - Load MCU database from C:\ST\STM32CubeIDE_1.7.0\STM32CubeIDE\plugins\com.st.stm32cube.common.mx_6.3.0.202107141111\\db\/mcu/families.xml
2023-11-01 20:12:49,780 [WARN] PackLoader:238 - Cannot read IP mode file for STMicroelectronics.X-CUBE-AZRTOS-F4.1.1.0
2023-11-01 20:12:49,811 [ERROR] Engine:463 - C:\Users\Admin\.stm32cubemx\thirdparties\pdsc\STMicroelectronics.X-CUBE-SMBUS.2.1.0.pdsc: PDSC version is not supported
2023-11-01 20:12:49,811 [WARN] PackLoader:238 - Cannot read IP mode file for STMicroelectronics.X-CUBE-BLEMGR.1.2.0
2023-11-01 20:12:49,873 [WARN] PackLoader:238 - Cannot read IP mode file for STMicroelectronics.X-CUBE-AZRTOS-L5.2.0.0
2023-11-01 20:12:49,905 [WARN] PackLoader:238 - Cannot read IP mode file for STMicroelectronics.X-CUBE-AZRTOS-F7.1.1.0
2023-11-01 20:12:49,936 [INFO] DbMcusJson:93 - JSON generation date=Tue Nov 16 23:17:54 ICT 2021 (1637079474)
2023-11-01 20:12:50,014 [WARN] PackLoader:238 - Cannot read IP mode file for STMicroelectronics.X-CUBE-MEMS1.9.6.0
2023-11-01 20:12:50,420 [WARN] PackLoader:238 - Cannot read IP mode file for STMicroelectronics.X-CUBE-EEPRMA1.4.2.0
2023-11-01 20:12:50,420 [ERROR] Engine:463 - C:\Users\Admin\.stm32cubemx\thirdparties\pdsc\ITTIA_DB.I-CUBE-ITTIADB.8.8.0.pdsc: PDSC version is not supported
2023-11-01 20:12:50,435 [WARN] PackLoader:238 - Cannot read IP mode file for STMicroelectronics.X-CUBE-BLE1.6.2.3
2023-11-01 20:12:50,451 [WARN] PackLoader:238 - Cannot read IP mode file for STMicroelectronics.X-CUBE-BLE1.6.2.4
2023-11-01 20:12:50,451 [WARN] PackLoader:238 - Cannot read IP mode file for STMicroelectronics.X-CUBE-NFC4.2.0.5
2023-11-01 20:12:50,466 [WARN] PackLoader:238 - Cannot read IP mode file for STMicroelectronics.X-CUBE-NFC4.2.0.4
2023-11-01 20:12:50,513 [WARN] ConditionMgr:437 - getConditionDescription Invalid condition id : UX DEVICE CLASS RTOS Condition cause : null
2023-11-01 20:12:50,513 [WARN] ConditionMgr:437 - getConditionDescription Invalid condition id : UX DEVICE CLASS RTOS Condition cause : null
2023-11-01 20:12:50,513 [WARN] PackLoader:238 - Cannot read IP mode file for STMicroelectronics.X-CUBE-AZRTOS-H7.3.1.0
2023-11-01 20:12:50,513 [WARN] ConditionMgr:1038 - genDependencies : Invalid condition id : UX DEVICE CLASS RTOS Condition cause : null
2023-11-01 20:12:50,513 [WARN] ConditionMgr:1038 - genDependencies : Invalid condition id : UX DEVICE CLASS RTOS Condition cause : null
2023-11-01 20:12:50,513 [WARN] ConditionMgr:1038 - genDependencies : Invalid condition id : UX DEVICE CLASS RTOS Condition cause : null
2023-11-01 20:12:50,513 [WARN] ConditionMgr:1038 - genDependencies : Invalid condition id : UX DEVICE CLASS RTOS Condition cause : null
2023-11-01 20:12:50,513 [WARN] ConditionMgr:1038 - genDependencies : Invalid condition id : UX DEVICE CLASS RTOS Condition cause : null
2023-11-01 20:12:50,529 [WARN] PackLoader:238 - Cannot read IP mode file for STMicroelectronics.X-CUBE-TOF1.3.1.0
2023-11-01 20:12:50,545 [WARN] PackLoader:238 - Cannot read IP mode file for wolfSSL.I-CUBE-wolfSSL.5.5.0
2023-11-01 20:12:50,560 [WARN] PackLoader:238 - Cannot read IP mode file for STMicroelectronics.X-CUBE-NFC7.1.0.1
2023-11-01 20:12:50,576 [WARN] PackLoader:238 - Cannot read IP mode file for STMicroelectronics.X-CUBE-NFC7.1.0.0
2023-11-01 20:12:50,576 [WARN] PackLoader:238 - Cannot read IP mode file for STMicroelectronics.X-CUBE-TOUCHGFX.4.22.1
2023-11-01 20:12:50,591 [WARN] PackLoader:238 - Cannot read IP mode file for STMicroelectronics.X-CUBE-NFC6.3.0.0
2023-11-01 20:12:50,654 [WARN] PackLoader:238 - Cannot read IP mode file for STMicroelectronics.X-CUBE-MEMS1.9.3.0
2023-11-01 20:12:50,982 [WARN] PackLoader:238 - Cannot read IP mode file for STMicroelectronics.X-CUBE-EEPRMA1.4.1.0
2023-11-01 20:12:50,982 [WARN] PackLoader:238 - Cannot read IP mode file for STMicroelectronics.X-CUBE-AI.7.2.0
2023-11-01 20:12:50,998 [INFO] LogOutputStream:76 - [STDOUT_REDIRECT] 1 : Invalid condition id : UX_CORESTACK_Condition cause : null
2023-11-01 20:12:50,998 [INFO] LogOutputStream:76 - [STDOUT_REDIRECT] 1 : Invalid condition id : UX_CORESTACK_Condition cause : null
2023-11-01 20:12:50,998 [INFO] LogOutputStream:76 - [STDOUT_REDIRECT] 1 : Invalid condition id : UX_CORESTACK_Condition cause : null
2023-11-01 20:12:50,998 [INFO] LogOutputStream:76 - [STDOUT_REDIRECT] 1 : Invalid condition id : UX_CORESTACK_Condition cause : null
2023-11-01 20:12:50,998 [INFO] LogOutputStream:76 - [STDOUT_REDIRECT] 1 : Invalid condition id : UX_CORESTACK_Condition cause : null
2023-11-01 20:12:51,013 [WARN] PackLoader:238 - Cannot read IP mode file for STMicroelectronics.X-CUBE-AZRTOS-WL.2.0.0
2023-11-01 20:12:51,045 [WARN] ConditionMgr:437 - getConditionDescription Invalid condition id : LAN8742 Phy interface Condition cause : null
2023-11-01 20:12:51,045 [WARN] PackLoader:238 - Cannot read IP mode file for STMicroelectronics.X-CUBE-AZRTOS-L4.2.0.0
2023-11-01 20:12:51,045 [WARN] ConditionMgr:1038 - genDependencies : Invalid condition id : LAN8742 Phy interface Condition cause : null
2023-11-01 20:12:51,045 [WARN] ConditionMgr:1038 - genDependencies : Invalid condition id : LAN8742 Phy interface Condition cause : null
2023-11-01 20:12:51,045 [WARN] ConditionMgr:1038 - genDependencies : Invalid condition id : LAN8742 Phy interface Condition cause : null
2023-11-01 20:12:51,060 [WARN] PackLoader:238 - Cannot read IP mode file for WES.I-CUBE-Cesium.1.3.0
2023-11-01 20:12:51,076 [WARN] PackLoader:238 - Cannot read IP mode file for STMicroelectronics.X-CUBE-SFXS2LP1.4.0.0
2023-11-01 20:12:51,107 [WARN] PackLoader:238 - Cannot read IP mode file for STMicroelectronics.X-CUBE-TOF1.3.2.0
2023-11-01 20:12:51,138 [WARN] PackLoader:238 - Cannot read IP mode file for STMicroelectronics.X-CUBE-AZRTOS-H7.3.0.0
2023-11-01 20:12:51,154 [WARN] PackLoader:238 - Cannot read IP mode file for STMicroelectronics.X-CUBE-ISPU.1.0.0
2023-11-01 20:12:51,170 [WARN] PackLoader:238 - Cannot read IP mode file for STMicroelectronics.X-CUBE-ISPU.1.1.0
2023-11-01 20:12:51,170 [WARN] PackLoader:238 - Cannot read IP mode file for RoweBots.I-CUBE-UNISONRTOS.5.5.0-4
2023-11-01 20:12:51,185 [INFO] DbMcus:175 - Found 1951 MCUs (1903 are supported by CubeMX, 1914 are visible in CubeMX)
2023-11-01 20:12:51,185 [INFO] ApiDb:251 - Load user favorites file C:\Users\Admin/.stm32cubeide/favorites.mcus.txt: 0 item(s)
2023-11-01 20:12:51,185 [INFO] ApiDb:255 - User favorites MCUs=[]
2023-11-01 20:12:51,185 [INFO] DbMcus:187 - Set 0 / 0 favorites MCUs
2023-11-01 20:12:51,201 [WARN] PackLoader:238 - Cannot read IP mode file for STMicroelectronics.X-CUBE-AZRTOS-H7.2.1.0
2023-11-01 20:12:51,216 [WARN] ConditionMgr:437 - getConditionDescription Invalid condition id : UX DEVICE CLASS RTOS Condition cause : null
2023-11-01 20:12:51,216 [WARN] ConditionMgr:437 - getConditionDescription Invalid condition id : UX DEVICE CLASS RTOS Condition cause : null
2023-11-01 20:12:51,216 [WARN] PackLoader:238 - Cannot read IP mode file for STMicroelectronics.X-CUBE-AZRTOS-WB.2.0.0
2023-11-01 20:12:51,232 [WARN] ConditionMgr:1038 - genDependencies : Invalid condition id : UX DEVICE CLASS RTOS Condition cause : null
2023-11-01 20:12:51,232 [WARN] ConditionMgr:1038 - genDependencies : Invalid condition id : UX DEVICE CLASS RTOS Condition cause : null
2023-11-01 20:12:51,232 [WARN] ConditionMgr:1038 - genDependencies : Invalid condition id : UX DEVICE CLASS RTOS Condition cause : null
2023-11-01 20:12:51,232 [WARN] ConditionMgr:1038 - genDependencies : Invalid condition id : UX DEVICE CLASS RTOS Condition cause : null
2023-11-01 20:12:51,232 [WARN] ConditionMgr:1038 - genDependencies : Invalid condition id : UX DEVICE CLASS RTOS Condition cause : null
2023-11-01 20:12:51,232 [WARN] PackLoader:238 - Cannot read IP mode file for STMicroelectronics.X-CUBE-TOUCHGFX.4.21.0
2023-11-01 20:12:51,248 [WARN] PackLoader:238 - Cannot read IP mode file for STMicroelectronics.X-CUBE-BLEMGR.1.0.0
2023-11-01 20:12:51,295 [WARN] PackLoader:238 - Cannot read IP mode file for STMicroelectronics.X-CUBE-MEMS1.9.4.0
2023-11-01 20:12:51,560 [WARN] PackLoader:238 - Cannot read IP mode file for STMicroelectronics.X-CUBE-AI.7.3.0
2023-11-01 20:12:51,576 [WARN] PackLoader:238 - Cannot read IP mode file for STMicroelectronics.X-CUBE-ALGOBUILD.1.3.0
2023-11-01 20:12:51,591 [WARN] PackLoader:238 - Cannot read IP mode file for STMicroelectronics.X-CUBE-AZRTOS-L5.1.1.0
2023-11-01 20:12:51,607 [WARN] PackLoader:238 - Cannot read IP mode file for STMicroelectronics.X-CUBE-AZRTOS-G0.1.1.0
2023-11-01 20:12:51,623 [WARN] PackLoader:238 - Cannot read IP mode file for STMicroelectronics.X-CUBE-SUBG2.5.0.0
2023-11-01 20:12:51,638 [WARN] PackLoader:238 - Cannot read IP mode file for STMicroelectronics.X-CUBE-NFC4.3.0.0
2023-11-01 20:12:51,685 [WARN] PackLoader:238 - Cannot read IP mode file for SEGGER.I-CUBE-embOS.1.2.0
2023-11-01 20:12:51,748 [ERROR] Engine:463 - C:\Users\Admin\.stm32cubemx\thirdparties\pdsc\STMicroelectronics.X-CUBE-TOF1.3.3.1.pdsc: PDSC version is not supported
2023-11-01 20:12:51,779 [WARN] PackLoader:238 - Cannot read IP mode file for STMicroelectronics.X-CUBE-AZRTOS-G4.2.0.0
2023-11-01 20:12:51,794 [ERROR] Engine:463 - C:\Users\Admin\.stm32cubemx\thirdparties\pdsc\Infineon.AIROC-Wi-Fi-Bluetooth-STM32.1.5.1.pdsc: PDSC version is not supported
2023-11-01 20:12:51,810 [WARN] PackLoader:238 - Cannot read IP mode file for STMicroelectronics.X-CUBE-BLEMGR.1.3.0
2023-11-01 20:12:51,826 [WARN] PackLoader:238 - Cannot read IP mode file for STMicroelectronics.X-CUBE-AZRTOS-G4.1.0.0
2023-11-01 20:12:51,841 [WARN] PackLoader:238 - Cannot read IP mode file for STMicroelectronics.FP-ATR-SIGFOX1.3.2.0
2023-11-01 20:12:51,873 [WARN] PackLoader:238 - Cannot read IP mode file for STMicroelectronics.X-CUBE-AZRTOS-L4.1.0.0
2023-11-01 20:12:51,888 [WARN] PackLoader:238 - Cannot read IP mode file for emotas.I-CUBE-CANOPEN.1.1.2
2023-11-01 20:12:51,888 [INFO] DetailPanel:309 - Set advertising image to C:/Users/Admin/STM32Cube/Repository/\en.prom-stm32h5-mcu-finder.jpg
2023-11-01 20:12:51,888 [WARN] PackLoader:238 - Cannot read IP mode file for STMicroelectronics.X-CUBE-TOUCHGFX.4.20.0
2023-11-01 20:12:51,951 [WARN] PackLoader:238 - Cannot read IP mode file for STMicroelectronics.X-CUBE-MEMS1.10.0.0
2023-11-01 20:12:52,310 [WARN] PackLoader:238 - Cannot read IP mode file for STMicroelectronics.X-CUBE-AZRTOS-WL.1.0.0
2023-11-01 20:12:52,310 [WARN] PackLoader:238 - Cannot read IP mode file for portGmbH.I-Cube-SoM-uGOAL.1.1.0
2023-11-01 20:12:52,341 [WARN] PackLoader:238 - Cannot read IP mode file for STMicroelectronics.X-CUBE-AZRTOS-WB.1.1.0
2023-11-01 20:12:52,388 [WARN] PackLoader:238 - Cannot read IP mode file for SEGGER.I-CUBE-embOS.1.3.1
2023-11-01 20:12:52,482 [WARN] PackLoader:238 - Cannot read IP mode file for STMicroelectronics.X-CUBE-AZRTOS-L5.1.0.0
2023-11-01 20:12:52,482 [WARN] PackLoader:238 - Cannot read IP mode file for STMicroelectronics.X-CUBE-EEPRMA1.3.1.1
2023-11-01 20:12:52,482 [INFO] ThirdParty:915 - Integrity check success = true
2023-11-01 20:12:52,482 [INFO] IntegrityCheckThread:94 - exiting critical section [integrity check]
2023-11-01 20:12:52,482 [INFO] IntegrityCheckThread:97 - End integrity checks thread
2023-11-01 20:12:52,513 [INFO] DbBoardsPdsc:90 - Found 25 items
2023-11-01 20:12:52,513 [INFO] DbBoardsPdsc:90 - Found 9 items
2023-11-01 20:12:52,513 [INFO] DbBoardsPdsc:90 - Found 33 items
2023-11-01 20:12:52,513 [INFO] DbBoardsPdsc:90 - Found 1 items
2023-11-01 20:12:52,529 [INFO] DbBoardsPdsc:90 - Found 48 items
2023-11-01 20:12:52,529 [INFO] DbBoardsPdsc:90 - Found 43 items
2023-11-01 20:12:52,529 [INFO] DbBoardsPdsc:90 - Found 2 items
2023-11-01 20:12:52,529 [INFO] DbBoardsPdsc:90 - Found 5 items
2023-11-01 20:12:52,545 [WARN] DbBoardsPdsc:254 - Board STM32H7B3I-DK: unknown feature type=Audio, name=, username=Audio stereo codec with Headphone Amp (CS42L51-CNZ), n=1
2023-11-01 20:12:52,545 [WARN] DbBoardsPdsc:254 - Board STM32H735G-DK: unknown feature type=Audio, name=, username=Audio stereo codec with Headphone Amp (WM8994ECS/R), n=1
2023-11-01 20:12:52,545 [WARN] DbBoardsPdsc:254 - Board STM32H7B3I-EVAL: unknown feature type=Audio, name=, username=Multi-Channel Audio Codec (CS42L51-CNZ), n=1
2023-11-01 20:12:52,545 [WARN] DbBoardsPdsc:254 - Board STM32H7B3I-EVAL: unknown feature type=Meter, name=, username=Power-metering and Temperature-monitoring with sigma-delta modulators, n=1
2023-11-01 20:12:52,545 [WARN] DbBoardsPdsc:254 - Board STM32H7B3I-EVAL: unknown feature type=Motor, name=, username=Motor Control, n=1
2023-11-01 20:12:52,545 [WARN] DbBoardsPdsc:254 - Board STM32U575I-EV: unknown feature type=joystick, name=, username=4-direction joystick with selection button, n=1
2023-11-01 20:12:52,560 [INFO] DbBoardsJson:86 - JSON generation date=Tue Nov 16 23:17:54 ICT 2021 (1637079474)
2023-11-01 20:12:52,576 [INFO] DbBoards:117 - Found 167 boards (163 are supported by CubeMX)
2023-11-01 20:12:52,576 [INFO] DbBoardsDocs:143 - JSON generation date=Tue Nov 16 23:17:54 ICT 2021 (1637079474)
2023-11-01 20:12:52,576 [INFO] DbBoardsDocs:79 - Found 209 boards documents
2023-11-01 20:12:52,576 [WARN] DbBoards:127 - board B-L475E-IOT01A2 has no document id list !
2023-11-01 20:12:52,576 [WARN] DbBoards:127 - board NUCLEO-H743ZI has no document id list !
2023-11-01 20:12:52,576 [WARN] DbBoards:127 - board NUCLEO-WL55JC2 has no document id list !
2023-11-01 20:12:52,576 [WARN] DbBoards:127 - board P-NUCLEO-WB55-Nucleo has no document id list !
2023-11-01 20:12:52,576 [WARN] DbBoards:127 - board P-NUCLEO-WB55-USBDongle has no document id list !
2023-11-01 20:12:52,576 [WARN] DbBoards:127 - board STEVAL-BFA001V1B has no document id list !
2023-11-01 20:12:52,576 [WARN] DbBoards:127 - board STEVAL-BFA001V2B has no document id list !
2023-11-01 20:12:52,576 [WARN] DbBoards:127 - board STEVAL-IDP005V1 has no document id list !
2023-11-01 20:12:52,576 [WARN] DbBoards:127 - board STEVAL-IDP005V2 has no document id list !
2023-11-01 20:12:52,576 [WARN] DbBoards:127 - board STEVAL-MKSBOX1V1 has no document id list !
2023-11-01 20:12:52,576 [WARN] DbBoards:127 - board STEVAL-STWINKT1 has no document id list !
2023-11-01 20:12:52,576 [WARN] DbBoards:127 - board STEVAL-STWINKT1B has no document id list !
2023-11-01 20:12:52,576 [WARN] DbBoards:127 - board STM32439I-EVAL2 has no document id list !
2023-11-01 20:12:52,576 [WARN] DbBoards:127 - board STM32F401C-DISCO has no document id list !
2023-11-01 20:12:52,576 [WARN] DbBoards:127 - board STM32F769I-DISC1 has no document id list !
2023-11-01 20:12:52,576 [WARN] DbBoards:127 - board STM32G474E-EVAL1 has no document id list !
2023-11-01 20:12:52,576 [WARN] DbBoards:127 - board STM32H743I-EVAL2 has no document id list !
2023-11-01 20:12:52,576 [WARN] DbBoards:127 - board STM32H747I-DISC1 has no document id list !
2023-11-01 20:12:52,576 [WARN] DbBoards:127 - board STM32H753I-EVAL2 has no document id list !
2023-11-01 20:12:52,576 [WARN] DbBoards:127 - board STM32L-DISCOVERY has no document id list !
2023-11-01 20:12:52,716 [ERROR] DbBoards:189 - Image file not found for board B-U585I-IOT02A: C:\ST\STM32CubeIDE_1.7.0\STM32CubeIDE\plugins\com.st.stm32cube.common.mx_6.3.0.202107141111\\db\/plugins/mcufinder/images/boards/B-U585I-IOT02A_small.jpg
2023-11-01 20:12:52,826 [ERROR] DbBoards:189 - Image file not found for board NUCLEO-F413ZH: C:\ST\STM32CubeIDE_1.7.0\STM32CubeIDE\plugins\com.st.stm32cube.common.mx_6.3.0.202107141111\\db\/plugins/mcufinder/images/boards/nucleo-f413zh_small.jpg
2023-11-01 20:12:53,098 [ERROR] DbBoards:189 - Image file not found for board NUCLEO-L552ZE-Q: C:\ST\STM32CubeIDE_1.7.0\STM32CubeIDE\plugins\com.st.stm32cube.common.mx_6.3.0.202107141111\\db\/plugins/mcufinder/images/boards/nucleo_l552ze_q_small.jpg
2023-11-01 20:12:53,099 [ERROR] DbBoards:189 - Image file not found for board NUCLEO-U575ZI-Q: C:\ST\STM32CubeIDE_1.7.0\STM32CubeIDE\plugins\com.st.stm32cube.common.mx_6.3.0.202107141111\\db\/plugins/mcufinder/images/boards/nucleo-u575zi-q_small.jpg
2023-11-01 20:12:53,099 [ERROR] DbBoards:189 - Image file not found for board NUCLEO-WB15CC: C:\ST\STM32CubeIDE_1.7.0\STM32CubeIDE\plugins\com.st.stm32cube.common.mx_6.3.0.202107141111\\db\/plugins/mcufinder/images/boards/nucleo-wb15cc_small.jpg
2023-11-01 20:12:53,099 [ERROR] DbBoards:189 - Image file not found for board NUCLEO-WB55RG: C:\ST\STM32CubeIDE_1.7.0\STM32CubeIDE\plugins\com.st.stm32cube.common.mx_6.3.0.202107141111\\db\/plugins/mcufinder/images/boards/nucleo-wb55rg_small.jpg
2023-11-01 20:12:54,358 [INFO] ApiDb:251 - Load user favorites file C:\Users\Admin/.stm32cubeide/favorites.boards.txt: 0 item(s)
2023-11-01 20:12:54,358 [INFO] ApiDb:255 - User favorites Boards=[]
2023-11-01 20:12:54,358 [INFO] DbBoards:206 - Set 0 / 0 favorites Boards
2023-11-01 20:13:31,713 [INFO] DbMcusDocs:143 - JSON generation date=Tue Nov 16 23:17:54 ICT 2021 (1637079474)
2023-11-01 20:13:32,120 [INFO] DbMcusDocs:79 - Found 682 MCUs documents
2023-11-01 20:13:40,652 [INFO] MainUpdater:2671 - connection check result : 10
2023-11-01 20:13:40,652 [INFO] MainUpdater:2671 - connection check result : 10
2023-11-01 20:13:40,684 [INFO] MicroXplorer:448 - Change Database Path : 
2023-11-01 20:13:40,684 [INFO] MicroXplorer:478 - Change Database Version : DB.6.0.30
2023-11-01 20:13:40,684 [WARN] ThirdParty:813 - waiting for thirdparty lock release [close project]
2023-11-01 20:13:40,684 [INFO] ThirdParty:815 - entering critical section [close project]
2023-11-01 20:13:40,684 [INFO] ThirdParty:825 - exiting critical section [close project]
2023-11-01 20:13:40,684 [INFO] PinOutPanel:1463 - setPackage(No Configuration,No Configuration)
2023-11-01 20:13:40,684 [INFO] UtilMem:74 - Begin LoadConfig() Used Memory: 761443272 Bytes (1006632960)
2023-11-01 20:13:40,699 [INFO] MicroXplorer:448 - Change Database Path : 
2023-11-01 20:13:40,699 [INFO] MicroXplorer:478 - Change Database Version : DB.6.0.30
2023-11-01 20:13:40,699 [INFO] OpenFileManager:313 - Change cursor
2023-11-01 20:13:41,387 [INFO] Context:592 - Trying to add GPIOservice into a context  which must be forbidden
2023-11-01 20:13:41,637 [INFO] ImportTextPane:167 - (OptionalMessage_ERROR) Unable to find key (Mcu.ThirdPartyNb) in loaded IOC file
2023-11-01 20:13:41,637 [INFO] ImportTextPane:167 - (OptionalMessage_ERROR) Unable to find key (Mcu.PinsNb) in loaded IOC file
2023-11-01 20:13:41,637 [INFO] ImportTextPane:167 - (OptionalMessage_ERROR) Unable to find key (Mcu.IPNb) in loaded IOC file
2023-11-01 20:13:42,049 [WARN] ApiManager:304 - Cannot register API 'Board Extension:IKS01A3' from pack STMicroelectronics.X-CUBE-MEMS1.9.4.0: no header file found
2023-11-01 20:13:42,050 [WARN] ApiManager:304 - Cannot register API 'Board Extension:IKS01A2' from pack STMicroelectronics.X-CUBE-MEMS1.9.4.0: no header file found
2023-11-01 20:13:42,050 [WARN] ApiManager:304 - Cannot register API 'Board Extension:IKS02A1' from pack STMicroelectronics.X-CUBE-MEMS1.9.4.0: no header file found
2023-11-01 20:13:42,332 [WARN] ApiManager:304 - Cannot register API 'Board Extension:IKS01A3' from pack STMicroelectronics.X-CUBE-MEMS1.9.6.0: no header file found
2023-11-01 20:13:42,332 [WARN] ApiManager:304 - Cannot register API 'Board Extension:IKS01A2' from pack STMicroelectronics.X-CUBE-MEMS1.9.6.0: no header file found
2023-11-01 20:13:42,332 [WARN] ApiManager:304 - Cannot register API 'Board Extension:IKS02A1' from pack STMicroelectronics.X-CUBE-MEMS1.9.6.0: no header file found
2023-11-01 20:13:42,332 [WARN] ApiManager:304 - Cannot register API 'Board Extension:EEPRMA2' from pack STMicroelectronics.X-CUBE-EEPRMA1.4.2.0: no header file found
2023-11-01 20:13:42,332 [WARN] ApiManager:304 - Cannot register API 'Board Extension:PGEEZ1' from pack STMicroelectronics.X-CUBE-EEPRMA1.4.2.0: no header file found
2023-11-01 20:13:42,332 [WARN] ApiManager:304 - Cannot register API 'Board Part:M24' from pack STMicroelectronics.X-CUBE-EEPRMA1.4.2.0: no header file found
2023-11-01 20:13:42,332 [WARN] ApiManager:304 - Cannot register API 'Board Part:M95' from pack STMicroelectronics.X-CUBE-EEPRMA1.4.2.0: no header file found
2023-11-01 20:13:42,332 [WARN] ApiManager:304 - Cannot register API 'Board Part:M95P32' from pack STMicroelectronics.X-CUBE-EEPRMA1.4.2.0: no header file found
2023-11-01 20:13:42,332 [WARN] ApiManager:304 - Cannot register API 'PGEEZ1:SPI' from pack STMicroelectronics.X-CUBE-EEPRMA1.4.2.0: no header file found
2023-11-01 20:13:42,332 [WARN] ApiManager:304 - Cannot register API 'PGEEZ1:QDSPI' from pack STMicroelectronics.X-CUBE-EEPRMA1.4.2.0: no header file found
2023-11-01 20:13:42,332 [WARN] ApiManager:304 - Cannot register API 'Wireless:BlueNRG-MS' from pack STMicroelectronics.X-CUBE-BLE1.6.2.3: no header file found
2023-11-01 20:13:42,332 [WARN] ApiManager:304 - Cannot register API 'Wireless:BlueNRG-MS' from pack STMicroelectronics.X-CUBE-BLE1.6.2.4: no header file found
2023-11-01 20:13:42,349 [INFO] RtosManager:484 - Registered RTOS mode: class=CMSIS, group=RTOS, mode=CMSIS_V1, owner=FREERTOS
2023-11-01 20:13:42,349 [INFO] RtosManager:484 - Registered RTOS mode: class=CMSIS, group=RTOS2, mode=CMSIS_V2, owner=FREERTOS
2023-11-01 20:13:42,350 [INFO] RtosManager:484 - Registered RTOS mode: class=RTOS, group=Core, mode=CMSIS_V1, owner=FREERTOS
2023-11-01 20:13:42,350 [INFO] RtosManager:484 - Registered RTOS mode: class=RTOS, group=Core, mode=CMSIS_V2, owner=FREERTOS
2023-11-01 20:13:42,350 [WARN] ModelIntegratedComponent:181 - Missing modes for component STMicroelectronics:FreeRTOS:0.0.1:STMicroelectronics:RTOS:FreeRTOS:Core:::10.2.0:
2023-11-01 20:13:42,355 [WARN] ApiManager:304 - Cannot register API 'Board Extension:S2868A1' from pack STMicroelectronics.X-CUBE-SUBG2.5.0.0: no header file found
2023-11-01 20:13:42,355 [WARN] ApiManager:304 - Cannot register API 'Board Extension:S2868A2' from pack STMicroelectronics.X-CUBE-SUBG2.5.0.0: no header file found
2023-11-01 20:13:42,355 [WARN] ApiManager:304 - Cannot register API 'Board Extension:S2915A1' from pack STMicroelectronics.X-CUBE-SUBG2.5.0.0: no header file found
2023-11-01 20:13:42,356 [WARN] ApiManager:304 - Cannot register API 'Board Extension:NFC04A1' from pack STMicroelectronics.X-CUBE-NFC4.3.0.0: no header file found
2023-11-01 20:13:42,359 [WARN] ApiManager:304 - Cannot register API 'Board Extension:NFC04A1' from pack STMicroelectronics.X-CUBE-NFC4.2.0.5: no header file found
2023-11-01 20:13:42,360 [WARN] ApiManager:304 - Cannot register API 'Board Extension:NFC04A1' from pack STMicroelectronics.X-CUBE-NFC4.2.0.4: no header file found
2023-11-01 20:13:42,370 [WARN] ModelIntegratedComponent:60 - No mode defined for component null
2023-11-01 20:13:42,370 [WARN] ModelIntegratedComponent:60 - No mode defined for component null
2023-11-01 20:13:42,370 [WARN] ModelIntegratedComponent:60 - No mode defined for component null
2023-11-01 20:13:42,370 [WARN] ModelIntegratedComponent:60 - No mode defined for component null
2023-11-01 20:13:42,371 [WARN] ModelIntegratedComponent:60 - No mode defined for component null
2023-11-01 20:13:42,371 [WARN] ModelIntegratedComponent:60 - No mode defined for component null
2023-11-01 20:13:42,371 [WARN] ModelIntegratedComponent:60 - No mode defined for component null
2023-11-01 20:13:42,371 [WARN] ModelIntegratedComponent:60 - No mode defined for component null
2023-11-01 20:13:42,371 [WARN] ModelIntegratedComponent:60 - No mode defined for component null
2023-11-01 20:13:42,371 [WARN] ModelIntegratedComponent:60 - No mode defined for component null
2023-11-01 20:13:42,371 [WARN] ModelIntegratedComponent:60 - No mode defined for component null
2023-11-01 20:13:42,371 [WARN] ModelIntegratedComponent:60 - No mode defined for component null
2023-11-01 20:13:42,371 [WARN] ModelIntegratedComponent:60 - No mode defined for component null
2023-11-01 20:13:42,371 [WARN] ModelIntegratedComponent:60 - No mode defined for component null
2023-11-01 20:13:42,371 [WARN] ModelIntegratedComponent:60 - No mode defined for component null
2023-11-01 20:13:42,372 [WARN] ModelIntegratedComponent:60 - No mode defined for component null
2023-11-01 20:13:42,372 [WARN] ModelIntegratedComponent:60 - No mode defined for component null
2023-11-01 20:13:42,372 [WARN] ModelIntegratedComponent:60 - No mode defined for component null
2023-11-01 20:13:42,372 [WARN] ModelIntegratedComponent:60 - No mode defined for component null
2023-11-01 20:13:42,372 [WARN] ModelIntegratedComponent:60 - No mode defined for component null
2023-11-01 20:13:42,372 [WARN] ModelIntegratedComponent:60 - No mode defined for component null
2023-11-01 20:13:42,372 [WARN] ModelIntegratedComponent:60 - No mode defined for component null
2023-11-01 20:13:42,372 [WARN] ModelIntegratedComponent:60 - No mode defined for component null
2023-11-01 20:13:42,372 [WARN] ModelIntegratedComponent:60 - No mode defined for component null
2023-11-01 20:13:42,372 [WARN] ModelIntegratedComponent:60 - No mode defined for component null
2023-11-01 20:13:42,373 [WARN] ModelIntegratedComponent:60 - No mode defined for component null
2023-11-01 20:13:42,373 [WARN] ModelIntegratedComponent:60 - No mode defined for component null
2023-11-01 20:13:42,373 [WARN] ModelIntegratedComponent:60 - No mode defined for component null
2023-11-01 20:13:42,373 [WARN] ModelIntegratedComponent:60 - No mode defined for component null
2023-11-01 20:13:42,373 [WARN] ModelIntegratedComponent:60 - No mode defined for component null
2023-11-01 20:13:42,373 [WARN] ModelIntegratedComponent:60 - No mode defined for component null
2023-11-01 20:13:42,596 [WARN] ApiManager:304 - Cannot register API 'Board Extension:IKS01A3' from pack STMicroelectronics.X-CUBE-MEMS1.10.0.0: no header file found
2023-11-01 20:13:42,596 [WARN] ApiManager:304 - Cannot register API 'Board Extension:IKS02A1' from pack STMicroelectronics.X-CUBE-MEMS1.10.0.0: no header file found
2023-11-01 20:13:42,596 [WARN] ApiManager:304 - Cannot register API 'Board Extension:IKS4A1' from pack STMicroelectronics.X-CUBE-MEMS1.10.0.0: no header file found
2023-11-01 20:13:42,612 [WARN] ApiManager:304 - Cannot register API 'Board Extension:NFC07A1' from pack STMicroelectronics.X-CUBE-NFC7.1.0.1: no header file found
2023-11-01 20:13:42,613 [WARN] ApiManager:304 - Cannot register API 'Board Extension:NFC07A1' from pack STMicroelectronics.X-CUBE-NFC7.1.0.0: no header file found
2023-11-01 20:13:42,615 [WARN] ApiManager:304 - Cannot register API 'Board Extension:NFC06A1' from pack STMicroelectronics.X-CUBE-NFC6.3.0.0: no header file found
2023-11-01 20:13:42,615 [WARN] ApiManager:304 - Cannot register API 'Board Extension:NFC08A1' from pack STMicroelectronics.X-CUBE-NFC6.3.0.0: no header file found
2023-11-01 20:13:42,906 [WARN] ApiManager:304 - Cannot register API 'Board Extension:IKS01A3' from pack STMicroelectronics.X-CUBE-MEMS1.9.3.0: no header file found
2023-11-01 20:13:42,906 [WARN] ApiManager:304 - Cannot register API 'Board Extension:IKS01A2' from pack STMicroelectronics.X-CUBE-MEMS1.9.3.0: no header file found
2023-11-01 20:13:42,906 [WARN] ApiManager:304 - Cannot register API 'Board Extension:IKS02A1' from pack STMicroelectronics.X-CUBE-MEMS1.9.3.0: no header file found
2023-11-01 20:13:42,906 [WARN] ApiManager:304 - Cannot register API 'Board Extension:EEPRMA1' from pack STMicroelectronics.X-CUBE-EEPRMA1.4.1.0: no header file found
2023-11-01 20:13:42,906 [WARN] ApiManager:304 - Cannot register API 'Board Extension:EEPRMA2' from pack STMicroelectronics.X-CUBE-EEPRMA1.4.1.0: no header file found
2023-11-01 20:13:42,906 [WARN] ApiManager:304 - Cannot register API 'Board Extension:PGEEZ1' from pack STMicroelectronics.X-CUBE-EEPRMA1.4.1.0: no header file found
2023-11-01 20:13:42,906 [WARN] ApiManager:304 - Cannot register API 'Board Part:M24' from pack STMicroelectronics.X-CUBE-EEPRMA1.4.1.0: no header file found
2023-11-01 20:13:42,906 [WARN] ApiManager:304 - Cannot register API 'Board Part:M95' from pack STMicroelectronics.X-CUBE-EEPRMA1.4.1.0: no header file found
2023-11-01 20:13:42,906 [WARN] ApiManager:304 - Cannot register API 'Board Part:M95P32' from pack STMicroelectronics.X-CUBE-EEPRMA1.4.1.0: no header file found
2023-11-01 20:13:42,906 [WARN] ApiManager:304 - Cannot register API 'PGEEZ1:SPI' from pack STMicroelectronics.X-CUBE-EEPRMA1.4.1.0: no header file found
2023-11-01 20:13:42,906 [WARN] ApiManager:304 - Cannot register API 'PGEEZ1:QDSPI' from pack STMicroelectronics.X-CUBE-EEPRMA1.4.1.0: no header file found
2023-11-01 20:13:42,922 [WARN] ApiManager:304 - Cannot register API 'Board Extension:EEPRMA1' from pack STMicroelectronics.X-CUBE-EEPRMA1.3.1.1: no header file found
2023-11-01 20:13:42,922 [WARN] ApiManager:304 - Cannot register API 'Board Extension:EEPRMA2' from pack STMicroelectronics.X-CUBE-EEPRMA1.3.1.1: no header file found
2023-11-01 20:13:42,922 [WARN] ApiManager:304 - Cannot register API 'Board Extension:S2868A1' from pack STMicroelectronics.X-CUBE-SFXS2LP1.4.0.0: no header file found
2023-11-01 20:13:42,922 [WARN] ApiManager:304 - Cannot register API 'Board Extension:S2868A2' from pack STMicroelectronics.X-CUBE-SFXS2LP1.4.0.0: no header file found
2023-11-01 20:13:42,922 [WARN] ApiManager:304 - Cannot register API 'Board Extension:S2915A1' from pack STMicroelectronics.X-CUBE-SFXS2LP1.4.0.0: no header file found
2023-11-01 20:14:07,363 [INFO] UtilMem:74 - End LoadConfig() Used Memory: 853728592 Bytes (1006632960)
2023-11-01 20:14:07,363 [WARN] ThirdParty:779 - waiting for thirdparty lock release [change project]
2023-11-01 20:14:07,363 [INFO] ThirdParty:781 - entering critical section [change project]
2023-11-01 20:14:07,363 [INFO] ThirdParty:967 - CMSIS Pack Vendor :STMicroelectronics X-CUBE-ISPU 1.1.0
2023-11-01 20:14:07,363 [INFO] ThirdParty:967 - CMSIS Pack Vendor :RoweBots I-CUBE-UNISONRTOS 5.5.0-4
2023-11-01 20:14:07,363 [INFO] ThirdParty:967 - CMSIS Pack Vendor :STMicroelectronics X-CUBE-AZRTOS-H7 2.1.0
2023-11-01 20:14:07,363 [INFO] ThirdParty:967 - CMSIS Pack Vendor :STMicroelectronics USB_HOST 2.0.0
2023-11-01 20:14:07,363 [INFO] ThirdParty:967 - CMSIS Pack Vendor :STMicroelectronics X-CUBE-AZRTOS-F4 1.1.0
2023-11-01 20:14:07,363 [INFO] ThirdParty:967 - CMSIS Pack Vendor :STMicroelectronics USB_DEVICE 3.0.0
2023-11-01 20:14:07,363 [INFO] ThirdParty:967 - CMSIS Pack Vendor :STMicroelectronics X-CUBE-AZRTOS-WB 2.0.0
2023-11-01 20:14:07,363 [INFO] ThirdParty:967 - CMSIS Pack Vendor :STMicroelectronics X-CUBE-TOUCHGFX 4.21.0
2023-11-01 20:14:07,363 [INFO] ThirdParty:967 - CMSIS Pack Vendor :STMicroelectronics X-CUBE-BLEMGR 1.0.0
2023-11-01 20:14:07,363 [INFO] ThirdParty:967 - CMSIS Pack Vendor :STMicroelectronics X-CUBE-BLEMGR 1.2.0
2023-11-01 20:14:07,363 [INFO] ThirdParty:967 - CMSIS Pack Vendor :STMicroelectronics X-CUBE-AZRTOS-L5 2.0.0
2023-11-01 20:14:07,363 [INFO] ThirdParty:967 - CMSIS Pack Vendor :STMicroelectronics X-CUBE-AZRTOS-F7 1.1.0
2023-11-01 20:14:07,363 [INFO] ThirdParty:967 - CMSIS Pack Vendor :STMicroelectronics X-CUBE-MEMS1 9.4.0
2023-11-01 20:14:07,363 [INFO] ThirdParty:967 - CMSIS Pack Vendor :STMicroelectronics USB_DEVICE 2.0.0
2023-11-01 20:14:07,363 [INFO] ThirdParty:967 - CMSIS Pack Vendor :STMicroelectronics X-CUBE-MEMS1 9.6.0
2023-11-01 20:14:07,363 [INFO] ThirdParty:967 - CMSIS Pack Vendor :STMicroelectronics X-CUBE-EEPRMA1 4.2.0
2023-11-01 20:14:07,363 [INFO] ThirdParty:967 - CMSIS Pack Vendor :STMicroelectronics X-CUBE-AI 7.3.0
2023-11-01 20:14:07,363 [INFO] ThirdParty:967 - CMSIS Pack Vendor :STMicroelectronics X-CUBE-BLE1 6.2.3
2023-11-01 20:14:07,363 [INFO] ThirdParty:967 - CMSIS Pack Vendor :STMicroelectronics X-CUBE-ALGOBUILD 1.3.0
2023-11-01 20:14:07,363 [INFO] ThirdParty:967 - CMSIS Pack Vendor :STMicroelectronics X-CUBE-BLE1 6.2.4
2023-11-01 20:14:07,363 [INFO] ThirdParty:967 - CMSIS Pack Vendor :STMicroelectronics X-CUBE-AZRTOS-L5 1.1.0
2023-11-01 20:14:07,363 [INFO] ThirdParty:967 - CMSIS Pack Vendor :STMicroelectronics FreeRTOS 0.0.1
2023-11-01 20:14:07,363 [INFO] ThirdParty:967 - CMSIS Pack Vendor :STMicroelectronics X-CUBE-AZRTOS-G0 1.1.0
2023-11-01 20:14:07,363 [INFO] ThirdParty:967 - CMSIS Pack Vendor :STMicroelectronics X-CUBE-SUBG2 5.0.0
2023-11-01 20:14:07,379 [INFO] ThirdParty:967 - CMSIS Pack Vendor :STMicroelectronics X-CUBE-NFC4 3.0.0
2023-11-01 20:14:07,379 [INFO] ThirdParty:967 - CMSIS Pack Vendor :SEGGER I-CUBE-embOS 1.2.0
2023-11-01 20:14:07,379 [INFO] ThirdParty:967 - CMSIS Pack Vendor :STMicroelectronics lwIP 2.0.3
2023-11-01 20:14:07,379 [INFO] ThirdParty:967 - CMSIS Pack Vendor :STMicroelectronics X-CUBE-NFC4 2.0.5
2023-11-01 20:14:07,379 [INFO] ThirdParty:967 - CMSIS Pack Vendor :STMicroelectronics X-CUBE-NFC4 2.0.4
2023-11-01 20:14:07,379 [INFO] ThirdParty:967 - CMSIS Pack Vendor :STMicroelectronics USB_HOST 1.0.0
2023-11-01 20:14:07,379 [INFO] ThirdParty:967 - CMSIS Pack Vendor :STMicroelectronics X-CUBE-AZRTOS-G4 2.0.0
2023-11-01 20:14:07,379 [INFO] ThirdParty:967 - CMSIS Pack Vendor :STMicroelectronics PDM2PCM 3.1.0
2023-11-01 20:14:07,379 [INFO] ThirdParty:967 - CMSIS Pack Vendor :STMicroelectronics X-CUBE-AZRTOS-H7 3.1.0
2023-11-01 20:14:07,379 [INFO] ThirdParty:967 - CMSIS Pack Vendor :STMicroelectronics PDM2PCM 3.3.0
2023-11-01 20:14:07,379 [INFO] ThirdParty:967 - CMSIS Pack Vendor :STMicroelectronics X-CUBE-TOF1 3.1.0
2023-11-01 20:14:07,379 [INFO] ThirdParty:967 - CMSIS Pack Vendor :STMicroelectronics X-CUBE-BLEMGR 1.3.0
2023-11-01 20:14:07,379 [INFO] ThirdParty:967 - CMSIS Pack Vendor :STMicroelectronics X-CUBE-AZRTOS-G4 1.0.0
2023-11-01 20:14:07,379 [INFO] ThirdParty:967 - CMSIS Pack Vendor :STMicroelectronics FP-ATR-SIGFOX1 3.2.0
2023-11-01 20:14:07,379 [INFO] ThirdParty:967 - CMSIS Pack Vendor :STMicroelectronics X-CUBE-AZRTOS-L4 1.0.0
2023-11-01 20:14:07,379 [INFO] ThirdParty:967 - CMSIS Pack Vendor :wolfSSL I-CUBE-wolfSSL 5.5.0
2023-11-01 20:14:07,379 [INFO] ThirdParty:967 - CMSIS Pack Vendor :STMicroelectronics HAL Drivers 0.0.0
2023-11-01 20:14:07,379 [INFO] ThirdParty:967 - CMSIS Pack Vendor :STMicroelectronics MBEDTLS 2.16.2
2023-11-01 20:14:07,379 [INFO] ThirdParty:967 - CMSIS Pack Vendor :emotas I-CUBE-CANOPEN 1.1.2
2023-11-01 20:14:07,379 [INFO] ThirdParty:967 - CMSIS Pack Vendor :STMicroelectronics X-CUBE-TOUCHGFX 4.20.0
2023-11-01 20:14:07,379 [INFO] ThirdParty:967 - CMSIS Pack Vendor :STMicroelectronics X-CUBE-MEMS1 10.0.0
2023-11-01 20:14:07,379 [INFO] ThirdParty:967 - CMSIS Pack Vendor :STMicroelectronics X-CUBE-NFC7 1.0.1
2023-11-01 20:14:07,379 [INFO] ThirdParty:967 - CMSIS Pack Vendor :STMicroelectronics MBEDTLS 2.14.1
2023-11-01 20:14:07,379 [INFO] ThirdParty:967 - CMSIS Pack Vendor :STMicroelectronics X-CUBE-NFC7 1.0.0
2023-11-01 20:14:07,379 [INFO] ThirdParty:967 - CMSIS Pack Vendor :STMicroelectronics X-CUBE-TOUCHGFX 4.22.1
2023-11-01 20:14:07,379 [INFO] ThirdParty:967 - CMSIS Pack Vendor :STMicroelectronics X-CUBE-AZRTOS-WL 1.0.0
2023-11-01 20:14:07,379 [INFO] ThirdParty:967 - CMSIS Pack Vendor :STMicroelectronics X-CUBE-NFC6 3.0.0
2023-11-01 20:14:07,379 [INFO] ThirdParty:967 - CMSIS Pack Vendor :STMicroelectronics X-CUBE-MEMS1 9.3.0
2023-11-01 20:14:07,379 [INFO] ThirdParty:967 - CMSIS Pack Vendor :STMicroelectronics X-CUBE-EEPRMA1 4.1.0
2023-11-01 20:14:07,379 [INFO] ThirdParty:967 - CMSIS Pack Vendor :portGmbH I-Cube-SoM-uGOAL 1.1.0
2023-11-01 20:14:07,379 [INFO] ThirdParty:967 - CMSIS Pack Vendor :STMicroelectronics X-CUBE-AI 7.2.0
2023-11-01 20:14:07,379 [INFO] ThirdParty:967 - CMSIS Pack Vendor :STMicroelectronics X-CUBE-AZRTOS-WB 1.1.0
2023-11-01 20:14:07,379 [INFO] ThirdParty:967 - CMSIS Pack Vendor :STMicroelectronics X-CUBE-AZRTOS-WL 2.0.0
2023-11-01 20:14:07,379 [INFO] ThirdParty:967 - CMSIS Pack Vendor :SEGGER I-CUBE-embOS 1.3.1
2023-11-01 20:14:07,379 [INFO] ThirdParty:967 - CMSIS Pack Vendor :STMicroelectronics X-CUBE-AZRTOS-L5 1.0.0
2023-11-01 20:14:07,379 [INFO] ThirdParty:967 - CMSIS Pack Vendor :STMicroelectronics USB_DEVICE 1.0.0
2023-11-01 20:14:07,379 [INFO] ThirdParty:967 - CMSIS Pack Vendor :STMicroelectronics X-CUBE-EEPRMA1 3.1.1
2023-11-01 20:14:07,379 [INFO] ThirdParty:967 - CMSIS Pack Vendor :STMicroelectronics X-CUBE-AZRTOS-L4 2.0.0
2023-11-01 20:14:07,379 [INFO] ThirdParty:967 - CMSIS Pack Vendor :STMicroelectronics ThreadX 0.0.2
2023-11-01 20:14:07,379 [INFO] ThirdParty:967 - CMSIS Pack Vendor :WES I-CUBE-Cesium 1.3.0
2023-11-01 20:14:07,379 [INFO] ThirdParty:967 - CMSIS Pack Vendor :STMicroelectronics lwIP 2.1.2
2023-11-01 20:14:07,379 [INFO] ThirdParty:967 - CMSIS Pack Vendor :STMicroelectronics X-CUBE-SFXS2LP1 4.0.0
2023-11-01 20:14:07,379 [INFO] ThirdParty:967 - CMSIS Pack Vendor :STMicroelectronics X-CUBE-TOF1 3.2.0
2023-11-01 20:14:07,379 [INFO] ThirdParty:967 - CMSIS Pack Vendor :STMicroelectronics PDM2PCM 3.2.0
2023-11-01 20:14:07,379 [INFO] ThirdParty:967 - CMSIS Pack Vendor :STMicroelectronics X-CUBE-AZRTOS-H7 3.0.0
2023-11-01 20:14:07,379 [INFO] ThirdParty:967 - CMSIS Pack Vendor :STMicroelectronics X-CUBE-ISPU 1.0.0
2023-11-01 20:14:07,379 [INFO] ThirdParty:787 - exiting critical section [change project]
2023-11-01 20:14:07,646 [INFO] PinOutPanel:1463 - setPackage(No Configuration,No Configuration)
2023-11-01 20:14:07,646 [INFO] PinOutPanel:1463 - setPackage(STM32F103C6Tx,LQFP48)
2023-11-01 20:14:08,149 [INFO] UtilMem:74 - Before build in PCC Used Memory: 741008480 Bytes (1006632960)
2023-11-01 20:14:08,945 [INFO] UtilMem:74 - After build in PCC Used Memory: 819651680 Bytes (1006632960)
2023-11-01 20:14:08,992 [INFO] IPUIPlugin:74 - create IPUIPlugin
2023-11-01 20:14:08,992 [INFO] IPUIPlugin:74 - create IPUIPlugin
2023-11-01 20:14:08,992 [INFO] IPUIPlugin:74 - create IPUIPlugin
2023-11-01 20:14:08,992 [INFO] IPUIPlugin:74 - create IPUIPlugin
2023-11-01 20:14:08,992 [INFO] IPUIPlugin:74 - create IPUIPlugin
2023-11-01 20:14:08,992 [INFO] IPUIPlugin:74 - create IPUIPlugin
2023-11-01 20:14:08,992 [INFO] IPUIPlugin:74 - create IPUIPlugin
2023-11-01 20:14:08,992 [INFO] IPUIPlugin:74 - create IPUIPlugin
2023-11-01 20:14:08,992 [INFO] IPUIPlugin:74 - create IPUIPlugin
2023-11-01 20:14:08,992 [INFO] IPUIPlugin:74 - create IPUIPlugin
2023-11-01 20:14:08,992 [INFO] IPUIPlugin:74 - create IPUIPlugin
2023-11-01 20:14:08,992 [INFO] IPUIPlugin:74 - create IPUIPlugin
2023-11-01 20:14:08,992 [INFO] IPUIPlugin:74 - create IPUIPlugin
2023-11-01 20:14:08,992 [INFO] IPUIPlugin:74 - create IPUIPlugin
2023-11-01 20:14:08,992 [INFO] IPUIPlugin:74 - create IPUIPlugin
2023-11-01 20:14:08,992 [INFO] IPUIPlugin:74 - create IPUIPlugin
2023-11-01 20:14:08,992 [INFO] IPUIPlugin:74 - create IPUIPlugin
2023-11-01 20:14:08,992 [INFO] IPUIPlugin:74 - create IPUIPlugin
2023-11-01 20:14:08,992 [INFO] IPUIPlugin:74 - create IPUIPlugin
2023-11-01 20:14:08,992 [INFO] IPUIPlugin:74 - create IPUIPlugin
2023-11-01 20:14:08,992 [INFO] IPUIPlugin:74 - create IPUIPlugin
2023-11-01 20:14:08,992 [INFO] IPUIPlugin:74 - create IPUIPlugin
2023-11-01 20:14:08,992 [INFO] IPUIPlugin:74 - create IPUIPlugin
2023-11-01 20:14:09,167 [INFO] OpenFileManager:333 - Restore cursor
2023-11-01 20:14:09,526 [INFO] UtilMem:74 - End SaveConfig() Used Memory: 886108280 Bytes (1006632960)
2023-11-01 20:14:09,604 [INFO] UtilMem:74 - End SaveConfig() Used Memory: 747027600 Bytes (1006632960)
2023-11-01 20:14:10,106 [INFO] BlockDiagram:2740 - set Specific Code input for plugin: NVIC
2023-11-01 20:14:10,106 [INFO] BlockDiagram:2740 - set Specific Code input for plugin: SYS
2023-11-01 20:14:10,106 [INFO] BlockDiagram:2740 - set Specific Code input for plugin: RCC
2023-11-01 20:14:10,106 [INFO] CodeGenerator:663 - code generatio: config db path: C:\ST\STM32CubeIDE_1.7.0\STM32CubeIDE\plugins\com.st.stm32cube.common.mx_6.3.0.202107141111\\db\
2023-11-01 20:14:10,579 [INFO] CodeEngine:239 - oldGeneratedFile, C:\Users\Admin\Desktop\VXL\HK231\LAB2\EXERCISE5\SOURCE CODE\EXERCISE 5\MXTmpFiles\license.tmp_save
2023-11-01 20:14:11,168 [INFO] CodeEngine:257 - Generated code: C:\Users\Admin\Desktop\VXL\HK231\LAB2\EXERCISE5\SOURCE CODE\EXERCISE 5\MXTmpFiles\license.tmp
2023-11-01 20:14:11,397 [INFO] CodeEngine:239 - oldGeneratedFile, C:\Users\Admin\Desktop\VXL\HK231\LAB2\EXERCISE5\SOURCE CODE\EXERCISE 5\Core\Src\stm32f1xx_it.c_save
2023-11-01 20:14:11,648 [INFO] CodeEngine:257 - Generated code: C:\Users\Admin\Desktop\VXL\HK231\LAB2\EXERCISE5\SOURCE CODE\EXERCISE 5\Core\Src\stm32f1xx_it.c
2023-11-01 20:14:11,664 [INFO] CodeEngine:239 - oldGeneratedFile, C:\Users\Admin\Desktop\VXL\HK231\LAB2\EXERCISE5\SOURCE CODE\EXERCISE 5\Core\Inc\stm32f1xx_it.h_save
2023-11-01 20:14:11,773 [INFO] CodeEngine:257 - Generated code: C:\Users\Admin\Desktop\VXL\HK231\LAB2\EXERCISE5\SOURCE CODE\EXERCISE 5\Core\Inc\stm32f1xx_it.h
2023-11-01 20:14:11,804 [INFO] CodeEngine:239 - oldGeneratedFile, C:\Users\Admin\Desktop\VXL\HK231\LAB2\EXERCISE5\SOURCE CODE\EXERCISE 5\Core\Src\stm32f1xx_hal_msp.c_save
2023-11-01 20:14:12,007 [INFO] CodeEngine:257 - Generated code: C:\Users\Admin\Desktop\VXL\HK231\LAB2\EXERCISE5\SOURCE CODE\EXERCISE 5\Core\Src\stm32f1xx_hal_msp.c
2023-11-01 20:14:12,007 [INFO] CodeEngine:239 - oldGeneratedFile, C:\Users\Admin\Desktop\VXL\HK231\LAB2\EXERCISE5\SOURCE CODE\EXERCISE 5\MXTmpFiles\system.tmp_save
2023-11-01 20:14:12,128 [INFO] CodeEngine:257 - Generated code: C:\Users\Admin\Desktop\VXL\HK231\LAB2\EXERCISE5\SOURCE CODE\EXERCISE 5\MXTmpFiles\system.tmp
2023-11-01 20:14:12,133 [INFO] CodeEngine:239 - oldGeneratedFile, C:\Users\Admin\Desktop\VXL\HK231\LAB2\EXERCISE5\SOURCE CODE\EXERCISE 5\Core\Inc\stm32f1xx_hal_conf.h_save
2023-11-01 20:14:12,273 [INFO] CodeEngine:257 - Generated code: C:\Users\Admin\Desktop\VXL\HK231\LAB2\EXERCISE5\SOURCE CODE\EXERCISE 5\Core\Inc\stm32f1xx_hal_conf.h
2023-11-01 20:14:12,352 [INFO] CodeEngine:239 - oldGeneratedFile, C:\Users\Admin\Desktop\VXL\HK231\LAB2\EXERCISE5\SOURCE CODE\EXERCISE 5\Core\Inc\main.h_save
2023-11-01 20:14:12,492 [INFO] CodeEngine:257 - Generated code: C:\Users\Admin\Desktop\VXL\HK231\LAB2\EXERCISE5\SOURCE CODE\EXERCISE 5\Core\Inc\main.h
2023-11-01 20:14:12,492 [INFO] CodeEngine:239 - oldGeneratedFile, C:\Users\Admin\Desktop\VXL\HK231\LAB2\EXERCISE5\SOURCE CODE\EXERCISE 5\Core\Src\main.c_save
2023-11-01 20:14:12,664 [INFO] CodeEngine:257 - Generated code: C:\Users\Admin\Desktop\VXL\HK231\LAB2\EXERCISE5\SOURCE CODE\EXERCISE 5\Core\Src\main.c
2023-11-01 20:14:14,999 [INFO] ProjectBuilder:2578 - Time for Copy HAL[1] : 212mS.
2023-11-01 20:14:15,015 [INFO] ProjectBuilder:3622 - Project Generator version: 3.14.1
2023-11-01 20:14:17,148 [INFO] ConfigFileManager:1271 - The Die is : DIE412
2023-11-01 20:14:17,196 [INFO] ApiDbMcu:468 - Load IP Config File for FATFS
2023-11-01 20:14:17,267 [INFO] ApiDbMcu:468 - Load IP Config File for FREERTOS
2023-11-01 20:14:17,407 [INFO] ApiDbMcu:468 - Load IP Config File for USB_DEVICE
2023-11-01 20:14:24,238 [INFO] ProjectBuilder:3789 - Time for Generating toolchain IDE Files: 9223mS.
2023-11-01 20:14:24,240 [INFO] ProjectBuilder:2457 - Time for Copy CMSIS : 1mS.
2023-11-01 20:14:24,246 [INFO] ProjectBuilder:2457 - Time for Copy CMSIS : 0mS.
2023-11-01 20:14:25,708 [INFO] McuFinderGlobals:52 - Set McuFinderConnectedMode to true
2023-11-01 20:14:25,708 [INFO] ApiDb:276 - Save user favorites file C:\Users\Admin/.stm32cubeide/favorites.mcus.txt: 0 item(s)
2023-11-01 20:14:25,708 [INFO] ApiDb:280 - User favorites MCUs=[]
2023-11-01 20:15:29,512 [INFO] NvicIntPanel:96 - NVIC parent = com.st.microxplorer.plugins.ip.nvic.MultiNvicIntPanel[,0,0,0x0,invalid,layout=javax.swing.BoxLayout,alignmentX=0.0,alignmentY=0.0,border=,flags=9,maximumSize=,minimumSize=,preferredSize=]
2023-11-01 20:15:41,829 [INFO] NvicIntPanel:96 - NVIC parent = com.st.microxplorer.plugins.ip.nvic.MultiNvicIntPanel[,0,0,450x118,layout=javax.swing.BoxLayout,alignmentX=0.0,alignmentY=0.0,border=,flags=9,maximumSize=,minimumSize=,preferredSize=]
2023-11-01 20:15:44,299 [INFO] UtilMem:74 - End SaveConfig() Used Memory: 843999008 Bytes (1073741824)
2023-11-01 20:15:45,377 [INFO] UtilMem:74 - End SaveConfig() Used Memory: 859455280 Bytes (1073741824)
2023-11-01 20:15:47,518 [INFO] UtilMem:74 - End SaveConfig() Used Memory: 811694008 Bytes (1073741824)
2023-11-01 20:15:47,909 [INFO] BlockDiagram:2740 - set Specific Code input for plugin: NVIC
2023-11-01 20:15:47,909 [INFO] BlockDiagram:2740 - set Specific Code input for plugin: SYS
2023-11-01 20:15:47,909 [INFO] BlockDiagram:2740 - set Specific Code input for plugin: GPIO
2023-11-01 20:15:47,909 [INFO] BlockDiagram:2740 - set Specific Code input for plugin: RCC
2023-11-01 20:15:47,909 [INFO] BlockDiagram:2740 - set Specific Code input for plugin: TIM1_8F1
2023-11-01 20:15:47,909 [INFO] CodeGenerator:663 - code generatio: config db path: C:\ST\STM32CubeIDE_1.7.0\STM32CubeIDE\plugins\com.st.stm32cube.common.mx_6.3.0.202107141111\\db\
2023-11-01 20:15:48,206 [INFO] CodeEngine:239 - oldGeneratedFile, C:\Users\Admin\Desktop\VXL\HK231\LAB2\EXERCISE5\SOURCE CODE\EXERCISE 5\MXTmpFiles\license.tmp_save
2023-11-01 20:15:48,284 [INFO] CodeEngine:257 - Generated code: C:\Users\Admin\Desktop\VXL\HK231\LAB2\EXERCISE5\SOURCE CODE\EXERCISE 5\MXTmpFiles\license.tmp
2023-11-01 20:15:48,347 [INFO] CodeEngine:239 - oldGeneratedFile, C:\Users\Admin\Desktop\VXL\HK231\LAB2\EXERCISE5\SOURCE CODE\EXERCISE 5\MXTmpFiles\gpio.tmp_save
2023-11-01 20:15:48,463 [INFO] CodeEngine:257 - Generated code: C:\Users\Admin\Desktop\VXL\HK231\LAB2\EXERCISE5\SOURCE CODE\EXERCISE 5\MXTmpFiles\gpio.tmp
2023-11-01 20:15:48,736 [INFO] CodeEngine:239 - oldGeneratedFile, C:\Users\Admin\Desktop\VXL\HK231\LAB2\EXERCISE5\SOURCE CODE\EXERCISE 5\Core\Src\stm32f1xx_it.c_save
2023-11-01 20:15:48,845 [INFO] CodeEngine:257 - Generated code: C:\Users\Admin\Desktop\VXL\HK231\LAB2\EXERCISE5\SOURCE CODE\EXERCISE 5\Core\Src\stm32f1xx_it.c
2023-11-01 20:15:48,861 [INFO] CodeEngine:239 - oldGeneratedFile, C:\Users\Admin\Desktop\VXL\HK231\LAB2\EXERCISE5\SOURCE CODE\EXERCISE 5\Core\Inc\stm32f1xx_it.h_save
2023-11-01 20:15:48,923 [INFO] CodeEngine:257 - Generated code: C:\Users\Admin\Desktop\VXL\HK231\LAB2\EXERCISE5\SOURCE CODE\EXERCISE 5\Core\Inc\stm32f1xx_it.h
2023-11-01 20:15:48,939 [INFO] CodeEngine:239 - oldGeneratedFile, C:\Users\Admin\Desktop\VXL\HK231\LAB2\EXERCISE5\SOURCE CODE\EXERCISE 5\Core\Src\stm32f1xx_hal_msp.c_save
2023-11-01 20:15:49,057 [INFO] CodeEngine:257 - Generated code: C:\Users\Admin\Desktop\VXL\HK231\LAB2\EXERCISE5\SOURCE CODE\EXERCISE 5\Core\Src\stm32f1xx_hal_msp.c
2023-11-01 20:15:49,059 [INFO] CodeEngine:239 - oldGeneratedFile, C:\Users\Admin\Desktop\VXL\HK231\LAB2\EXERCISE5\SOURCE CODE\EXERCISE 5\MXTmpFiles\system.tmp_save
2023-11-01 20:15:49,133 [INFO] CodeEngine:257 - Generated code: C:\Users\Admin\Desktop\VXL\HK231\LAB2\EXERCISE5\SOURCE CODE\EXERCISE 5\MXTmpFiles\system.tmp
2023-11-01 20:15:49,149 [INFO] CodeEngine:239 - oldGeneratedFile, C:\Users\Admin\Desktop\VXL\HK231\LAB2\EXERCISE5\SOURCE CODE\EXERCISE 5\Core\Inc\stm32f1xx_hal_conf.h_save
2023-11-01 20:15:49,258 [INFO] CodeEngine:257 - Generated code: C:\Users\Admin\Desktop\VXL\HK231\LAB2\EXERCISE5\SOURCE CODE\EXERCISE 5\Core\Inc\stm32f1xx_hal_conf.h
2023-11-01 20:15:49,283 [WARN] IPConfigManager:3148 - IP not found : TIM
2023-11-01 20:15:49,284 [WARN] CodeGenerator:3268 - IP not found : null
2023-11-01 20:15:49,300 [INFO] CodeEngine:239 - oldGeneratedFile, C:\Users\Admin\Desktop\VXL\HK231\LAB2\EXERCISE5\SOURCE CODE\EXERCISE 5\Core\Inc\main.h_save
2023-11-01 20:15:49,371 [INFO] CodeEngine:257 - Generated code: C:\Users\Admin\Desktop\VXL\HK231\LAB2\EXERCISE5\SOURCE CODE\EXERCISE 5\Core\Inc\main.h
2023-11-01 20:15:49,382 [INFO] CodeEngine:239 - oldGeneratedFile, C:\Users\Admin\Desktop\VXL\HK231\LAB2\EXERCISE5\SOURCE CODE\EXERCISE 5\Core\Src\main.c_save
2023-11-01 20:15:49,495 [INFO] CodeEngine:257 - Generated code: C:\Users\Admin\Desktop\VXL\HK231\LAB2\EXERCISE5\SOURCE CODE\EXERCISE 5\Core\Src\main.c
2023-11-01 20:15:50,662 [INFO] ProjectBuilder:2578 - Time for Copy HAL[1] : 78mS.
2023-11-01 20:15:50,662 [INFO] ProjectBuilder:3622 - Project Generator version: 3.14.1
2023-11-01 20:15:51,272 [INFO] ConfigFileManager:1271 - The Die is : DIE412
2023-11-01 20:15:56,051 [INFO] ProjectBuilder:3789 - Time for Generating toolchain IDE Files: 5389mS.
2023-11-01 20:15:56,054 [INFO] ProjectBuilder:2457 - Time for Copy CMSIS : 2mS.
2023-11-01 20:15:56,061 [INFO] ProjectBuilder:2457 - Time for Copy CMSIS : 0mS.
