2023-11-01 16:54:14,446 [INFO] Activator:177 - 


2023-11-01 16:54:14,446 [INFO] Activator:178 - !SESSION log4j initialized
2023-11-01 16:54:18,024 [INFO] McuFinderGlobals:39 - Set McuFinder mode to 2 (CubeIDE integrated)
2023-11-01 16:54:18,742 [INFO] ApplicationProperties:181 - Using Application install path: C:\ST\STM32CubeIDE_1.7.0\STM32CubeIDE\plugins\com.st.stm32cube.common.mx_6.3.0.202107141111
2023-11-01 16:54:18,742 [INFO] DbMcusXml:74 - Set database path to: C:\ST\STM32CubeIDE_1.7.0\STM32CubeIDE\plugins\com.st.stm32cube.common.mx_6.3.0.202107141111\\db\/mcu/
2023-11-01 16:54:18,758 [INFO] DbBoardsPdsc:56 - Set plugin database path to: C:\ST\STM32CubeIDE_1.7.0\STM32CubeIDE\plugins\com.st.stm32cube.common.mx_6.3.0.202107141111\\db\/plugins/boardmanager/
2023-11-01 16:54:18,758 [INFO] DbMcus:258 - Set plugin images path to: C:\ST\STM32CubeIDE_1.7.0\STM32CubeIDE\plugins\com.st.stm32cube.common.mx_6.3.0.202107141111\\db\/plugins/mcufinder/images/
2023-11-01 16:54:18,758 [INFO] DbBoards:264 - Set plugin images path to: C:\ST\STM32CubeIDE_1.7.0\STM32CubeIDE\plugins\com.st.stm32cube.common.mx_6.3.0.202107141111\\db\/plugins/mcufinder/images/
2023-11-01 16:54:18,758 [INFO] DbExamples:333 - Set plugin images path to: C:\ST\STM32CubeIDE_1.7.0\STM32CubeIDE\plugins\com.st.stm32cube.common.mx_6.3.0.202107141111\\db\/plugins/mcufinder/images/
2023-11-01 16:54:18,758 [INFO] DbMcusAds:119 - Set database path to: C:\Users\Admin\.stmcufinder\plugins\mcufinder//mcu/
2023-11-01 16:54:18,758 [INFO] DbMcusDocs:110 - Set database path to: C:\Users\Admin\.stmcufinder\plugins\mcufinder//mcu/
2023-11-01 16:54:18,758 [INFO] DbMcusJson:64 - Set database path to: C:\Users\Admin\.stmcufinder\plugins\mcufinder//mcu/
2023-11-01 16:54:18,758 [INFO] DbBoardsDocs:110 - Set database path to: C:\Users\Admin\.stmcufinder\plugins\mcufinder//mcu/
2023-11-01 16:54:18,774 [INFO] DbBoardsJson:57 - Set database path to: C:\Users\Admin\.stmcufinder\plugins\mcufinder//mcu/
2023-11-01 16:54:18,774 [INFO] CrossReferenceDbSqlite:196 - Set database path to: C:\Users\Admin\.stmcufinder\plugins\mcufinder//mcu/cs/
2023-11-01 16:54:18,774 [INFO] DbExamplesSqlite:767 - Set database path to: C:\Users\Admin\.stmcufinder\plugins\mcufinder//mcu/
2023-11-01 16:54:18,867 [INFO] RulesReader:57 - Compatibility file has been processed (242 Rules)
2023-11-01 16:54:18,945 [INFO] DbMcusXml:74 - Set database path to: C:\ST\STM32CubeIDE_1.7.0\STM32CubeIDE\plugins\com.st.stm32cube.common.mx_6.3.0.202107141111\\db\/mcu/
2023-11-01 16:54:18,945 [INFO] DbBoardsPdsc:56 - Set plugin database path to: C:\ST\STM32CubeIDE_1.7.0\STM32CubeIDE\plugins\com.st.stm32cube.common.mx_6.3.0.202107141111\\db\/plugins/boardmanager/
2023-11-01 16:54:18,945 [INFO] DbMcus:258 - Set plugin images path to: C:\ST\STM32CubeIDE_1.7.0\STM32CubeIDE\plugins\com.st.stm32cube.common.mx_6.3.0.202107141111\\db\/plugins/mcufinder/images/
2023-11-01 16:54:18,945 [INFO] DbBoards:264 - Set plugin images path to: C:\ST\STM32CubeIDE_1.7.0\STM32CubeIDE\plugins\com.st.stm32cube.common.mx_6.3.0.202107141111\\db\/plugins/mcufinder/images/
2023-11-01 16:54:18,945 [INFO] DbExamples:333 - Set plugin images path to: C:\ST\STM32CubeIDE_1.7.0\STM32CubeIDE\plugins\com.st.stm32cube.common.mx_6.3.0.202107141111\\db\/plugins/mcufinder/images/
2023-11-01 16:54:18,945 [WARN] DbFile:35 - Overriding database path with different value: C:\Users\Admin\.stmcufinder\plugins\mcufinder/ => C:\Users\Admin\.stmcufinder\plugins\mcufinder
2023-11-01 16:54:18,945 [INFO] DbMcusAds:119 - Set database path to: C:\Users\Admin\.stmcufinder\plugins\mcufinder//mcu/
2023-11-01 16:54:18,945 [WARN] DbFile:35 - Overriding database path with different value: C:\Users\Admin\.stmcufinder\plugins\mcufinder/ => C:\Users\Admin\.stmcufinder\plugins\mcufinder
2023-11-01 16:54:18,945 [INFO] DbMcusDocs:110 - Set database path to: C:\Users\Admin\.stmcufinder\plugins\mcufinder//mcu/
2023-11-01 16:54:18,945 [WARN] DbFile:35 - Overriding database path with different value: C:\Users\Admin\.stmcufinder\plugins\mcufinder/ => C:\Users\Admin\.stmcufinder\plugins\mcufinder
2023-11-01 16:54:18,945 [INFO] DbMcusJson:64 - Set database path to: C:\Users\Admin\.stmcufinder\plugins\mcufinder//mcu/
2023-11-01 16:54:18,945 [WARN] DbFile:35 - Overriding database path with different value: C:\Users\Admin\.stmcufinder\plugins\mcufinder/ => C:\Users\Admin\.stmcufinder\plugins\mcufinder
2023-11-01 16:54:18,945 [INFO] DbBoardsDocs:110 - Set database path to: C:\Users\Admin\.stmcufinder\plugins\mcufinder//mcu/
2023-11-01 16:54:18,945 [WARN] DbFile:35 - Overriding database path with different value: C:\Users\Admin\.stmcufinder\plugins\mcufinder/ => C:\Users\Admin\.stmcufinder\plugins\mcufinder
2023-11-01 16:54:18,945 [INFO] DbBoardsJson:57 - Set database path to: C:\Users\Admin\.stmcufinder\plugins\mcufinder//mcu/
2023-11-01 16:54:18,945 [WARN] DbFile:35 - Overriding database path with different value: C:\Users\Admin\.stmcufinder\plugins\mcufinder/ => C:\Users\Admin\.stmcufinder\plugins\mcufinder
2023-11-01 16:54:18,945 [WARN] DbFile:35 - Overriding database path with different value: C:\Users\Admin\.stmcufinder\plugins\mcufinder/ => C:\Users\Admin\.stmcufinder\plugins\mcufinder
2023-11-01 16:54:18,961 [INFO] CrossReferenceDbSqlite:196 - Set database path to: C:\Users\Admin\.stmcufinder\plugins\mcufinder//mcu/cs/
2023-11-01 16:54:18,961 [WARN] DbFile:35 - Overriding database path with different value: C:\Users\Admin\.stmcufinder\plugins\mcufinder/ => C:\Users\Admin\.stmcufinder\plugins\mcufinder
2023-11-01 16:54:18,961 [INFO] DbExamplesSqlite:767 - Set database path to: C:\Users\Admin\.stmcufinder\plugins\mcufinder//mcu/
2023-11-01 16:54:19,024 [INFO] MainPanel:214 - HeapMemory: 268435456
2023-11-01 16:54:19,117 [INFO] DbMcusXml:74 - Set database path to: C:\ST\STM32CubeIDE_1.7.0\STM32CubeIDE\plugins\com.st.stm32cube.common.mx_6.3.0.202107141111\\db\/mcu/
2023-11-01 16:54:19,117 [INFO] DbBoardsPdsc:56 - Set plugin database path to: C:\ST\STM32CubeIDE_1.7.0\STM32CubeIDE\plugins\com.st.stm32cube.common.mx_6.3.0.202107141111\\db\/plugins/boardmanager/
2023-11-01 16:54:19,117 [INFO] DbMcus:258 - Set plugin images path to: C:\ST\STM32CubeIDE_1.7.0\STM32CubeIDE\plugins\com.st.stm32cube.common.mx_6.3.0.202107141111\\db\/plugins/mcufinder/images/
2023-11-01 16:54:19,117 [INFO] DbBoards:264 - Set plugin images path to: C:\ST\STM32CubeIDE_1.7.0\STM32CubeIDE\plugins\com.st.stm32cube.common.mx_6.3.0.202107141111\\db\/plugins/mcufinder/images/
2023-11-01 16:54:19,117 [INFO] DbExamples:333 - Set plugin images path to: C:\ST\STM32CubeIDE_1.7.0\STM32CubeIDE\plugins\com.st.stm32cube.common.mx_6.3.0.202107141111\\db\/plugins/mcufinder/images/
2023-11-01 16:54:19,117 [WARN] DbFile:35 - Overriding database path with different value: C:\Users\Admin\.stmcufinder\plugins\mcufinder/ => C:\Users\Admin\.stmcufinder\plugins\mcufinder
2023-11-01 16:54:19,117 [INFO] DbMcusAds:119 - Set database path to: C:\Users\Admin\.stmcufinder\plugins\mcufinder//mcu/
2023-11-01 16:54:19,117 [WARN] DbFile:35 - Overriding database path with different value: C:\Users\Admin\.stmcufinder\plugins\mcufinder/ => C:\Users\Admin\.stmcufinder\plugins\mcufinder
2023-11-01 16:54:19,117 [INFO] DbMcusDocs:110 - Set database path to: C:\Users\Admin\.stmcufinder\plugins\mcufinder//mcu/
2023-11-01 16:54:19,117 [WARN] DbFile:35 - Overriding database path with different value: C:\Users\Admin\.stmcufinder\plugins\mcufinder/ => C:\Users\Admin\.stmcufinder\plugins\mcufinder
2023-11-01 16:54:19,117 [INFO] DbMcusJson:64 - Set database path to: C:\Users\Admin\.stmcufinder\plugins\mcufinder//mcu/
2023-11-01 16:54:19,117 [WARN] DbFile:35 - Overriding database path with different value: C:\Users\Admin\.stmcufinder\plugins\mcufinder/ => C:\Users\Admin\.stmcufinder\plugins\mcufinder
2023-11-01 16:54:19,117 [INFO] DbBoardsDocs:110 - Set database path to: C:\Users\Admin\.stmcufinder\plugins\mcufinder//mcu/
2023-11-01 16:54:19,117 [WARN] DbFile:35 - Overriding database path with different value: C:\Users\Admin\.stmcufinder\plugins\mcufinder/ => C:\Users\Admin\.stmcufinder\plugins\mcufinder
2023-11-01 16:54:19,117 [INFO] DbBoardsJson:57 - Set database path to: C:\Users\Admin\.stmcufinder\plugins\mcufinder//mcu/
2023-11-01 16:54:19,117 [WARN] DbFile:35 - Overriding database path with different value: C:\Users\Admin\.stmcufinder\plugins\mcufinder/ => C:\Users\Admin\.stmcufinder\plugins\mcufinder
2023-11-01 16:54:19,117 [WARN] DbFile:35 - Overriding database path with different value: C:\Users\Admin\.stmcufinder\plugins\mcufinder/ => C:\Users\Admin\.stmcufinder\plugins\mcufinder
2023-11-01 16:54:19,117 [INFO] CrossReferenceDbSqlite:196 - Set database path to: C:\Users\Admin\.stmcufinder\plugins\mcufinder//mcu/cs/
2023-11-01 16:54:19,117 [WARN] DbFile:35 - Overriding database path with different value: C:\Users\Admin\.stmcufinder\plugins\mcufinder/ => C:\Users\Admin\.stmcufinder\plugins\mcufinder
2023-11-01 16:54:19,117 [INFO] DbExamplesSqlite:767 - Set database path to: C:\Users\Admin\.stmcufinder\plugins\mcufinder//mcu/
2023-11-01 16:54:19,148 [INFO] ApplicationProperties:181 - Using Application install path: C:\ST\STM32CubeIDE_1.7.0\STM32CubeIDE\plugins\com.st.stm32cube.common.mx_6.3.0.202107141111
2023-11-01 16:54:19,148 [INFO] PluginManage:188 - Search for loadable plugins [exclusion list=, ]
2023-11-01 16:54:19,148 [INFO] PluginManage:302 - Check plugin analytics
2023-11-01 16:54:19,305 [INFO] AnalyticsPlugin:257 - Accepted Software Licenses: 
2023-11-01 16:54:19,305 [INFO] AnalyticsPlugin:259 - Accepted CMSIS Pack Licenses: 
2023-11-01 16:54:19,305 [INFO] AnalyticsPlugin:261 - Accepted Firmware Licenses: 
2023-11-01 16:54:19,305 [INFO] PluginManage:352 - Loaded plugin analytics (category:tool,tabindex:-1)
2023-11-01 16:54:19,305 [INFO] PluginManage:302 - Check plugin clock
2023-11-01 16:54:19,305 [INFO] PluginManage:352 - Loaded plugin clock (category:base,tabindex:2)
2023-11-01 16:54:19,305 [INFO] PluginManage:302 - Check plugin ddr
2023-11-01 16:54:19,320 [INFO] PluginManage:352 - Loaded plugin ddr (category:tool,tabindex:6)
2023-11-01 16:54:19,320 [INFO] PluginManage:302 - Check plugin filemanager
2023-11-01 16:54:19,445 [INFO] PluginManage:352 - Loaded plugin filemanager (category:base,tabindex:10)
2023-11-01 16:54:19,445 [INFO] PluginManage:302 - Check plugin ipmanager
2023-11-01 16:54:19,461 [INFO] PluginManage:352 - Loaded plugin ipmanager (category:base,tabindex:5)
2023-11-01 16:54:19,461 [INFO] PluginManage:302 - Check plugin pinoutandconfiguration
2023-11-01 16:54:19,461 [INFO] PluginManage:352 - Loaded plugin pinoutandconfiguration (category:base,tabindex:1)
2023-11-01 16:54:19,461 [INFO] PluginManage:302 - Check plugin pinoutconfig
2023-11-01 16:54:19,492 [INFO] PluginManage:352 - Loaded plugin pinoutconfig (category:base,tabindex:0)
2023-11-01 16:54:19,492 [INFO] PluginManage:302 - Check plugin power
2023-11-01 16:54:19,508 [INFO] PluginManage:352 - Loaded plugin power (category:power,tabindex:4)
2023-11-01 16:54:19,508 [INFO] PluginManage:302 - Check plugin projectmanager
2023-11-01 16:54:19,523 [INFO] PluginManage:352 - Loaded plugin projectmanager (category:projectmanager,tabindex:3)
2023-11-01 16:54:19,523 [INFO] PluginManage:302 - Check plugin thirdparty
2023-11-01 16:54:19,664 [WARN] IntegrityCheckThread:78 - waiting for thirdparty lock release [integrity check]
2023-11-01 16:54:19,664 [INFO] IntegrityCheckThread:80 - entering critical section [integrity check]
2023-11-01 16:54:19,664 [INFO] PluginManage:352 - Loaded plugin thirdparty (category:base,tabindex:-1)
2023-11-01 16:54:19,664 [INFO] PluginManage:302 - Check plugin tools
2023-11-01 16:54:19,664 [INFO] ThirdPartyUpdaterWithRetryManager:66 - Updater plugin not ready yet. [1/15]
2023-11-01 16:54:19,664 [INFO] PluginManage:352 - Loaded plugin tools (category:base,tabindex:7)
2023-11-01 16:54:19,664 [INFO] PluginManage:302 - Check plugin tutovideos
2023-11-01 16:54:19,945 [INFO] PluginManage:352 - Loaded plugin tutovideos (category:base,tabindex:-1)
2023-11-01 16:54:19,945 [INFO] PluginManage:302 - Check plugin updater
2023-11-01 16:54:19,961 [INFO] PluginManage:352 - Loaded plugin updater (category:base,tabindex:12)
2023-11-01 16:54:19,961 [INFO] PluginManage:275 - PluginManage : Loaded plugins [13]
2023-11-01 16:54:20,164 [INFO] PinOutPanel:1463 - setPackage(No Configuration,No Configuration)
2023-11-01 16:54:20,273 [INFO] IPUIPlugin:74 - create IPUIPlugin
2023-11-01 16:54:20,273 [INFO] PluginManager:213 - loadIPPluginJar : add adc
2023-11-01 16:54:20,273 [INFO] IPUIPlugin:74 - create IPUIPlugin
2023-11-01 16:54:20,273 [INFO] PluginManager:213 - loadIPPluginJar : add aes
2023-11-01 16:54:20,273 [INFO] IPUIPlugin:74 - create IPUIPlugin
2023-11-01 16:54:20,273 [INFO] PluginManager:213 - loadIPPluginJar : add can
2023-11-01 16:54:20,273 [INFO] IPUIPlugin:74 - create IPUIPlugin
2023-11-01 16:54:20,273 [INFO] PluginManager:213 - loadIPPluginJar : add comp
2023-11-01 16:54:20,289 [INFO] IPUIPlugin:74 - create IPUIPlugin
2023-11-01 16:54:20,289 [INFO] PluginManager:213 - loadIPPluginJar : add cryp
2023-11-01 16:54:20,289 [INFO] IPUIPlugin:74 - create IPUIPlugin
2023-11-01 16:54:20,289 [INFO] PluginManager:213 - loadIPPluginJar : add dfsdm
2023-11-01 16:54:20,289 [INFO] IPUIPlugin:74 - create IPUIPlugin
2023-11-01 16:54:20,289 [INFO] PluginManager:213 - loadIPPluginJar : add dma
2023-11-01 16:54:20,289 [INFO] IPUIPlugin:74 - create IPUIPlugin
2023-11-01 16:54:20,304 [INFO] PluginManager:213 - loadIPPluginJar : add dma3
2023-11-01 16:54:20,304 [INFO] IPUIPlugin:74 - create IPUIPlugin
2023-11-01 16:54:20,304 [INFO] PluginManager:213 - loadIPPluginJar : add fatfs
2023-11-01 16:54:20,304 [INFO] IPUIPlugin:74 - create IPUIPlugin
2023-11-01 16:54:20,304 [INFO] PluginManager:213 - loadIPPluginJar : add fmc
2023-11-01 16:54:20,304 [INFO] IPUIPlugin:74 - create IPUIPlugin
2023-11-01 16:54:20,304 [INFO] PluginManager:213 - loadIPPluginJar : add freertos
2023-11-01 16:54:20,304 [INFO] IPUIPlugin:74 - create IPUIPlugin
2023-11-01 16:54:20,304 [INFO] PluginManager:213 - loadIPPluginJar : add genericplugin
2023-11-01 16:54:20,320 [INFO] IPUIPlugin:74 - create IPUIPlugin
2023-11-01 16:54:20,320 [INFO] PluginManager:213 - loadIPPluginJar : add gfxmmu
2023-11-01 16:54:20,320 [INFO] IPUIPlugin:74 - create IPUIPlugin
2023-11-01 16:54:20,320 [INFO] PluginManager:213 - loadIPPluginJar : add gic
2023-11-01 16:54:20,320 [INFO] IPUIPlugin:74 - create IPUIPlugin
2023-11-01 16:54:20,320 [INFO] PluginManager:213 - loadIPPluginJar : add gpio
2023-11-01 16:54:20,336 [INFO] IPUIPlugin:74 - create IPUIPlugin
2023-11-01 16:54:20,336 [INFO] PluginManager:213 - loadIPPluginJar : add gtzc
2023-11-01 16:54:20,336 [INFO] IPUIPlugin:74 - create IPUIPlugin
2023-11-01 16:54:20,336 [INFO] PluginManager:213 - loadIPPluginJar : add hash
2023-11-01 16:54:20,336 [INFO] IPUIPlugin:74 - create IPUIPlugin
2023-11-01 16:54:20,336 [INFO] PluginManager:213 - loadIPPluginJar : add i2c
2023-11-01 16:54:20,336 [INFO] IPUIPlugin:74 - create IPUIPlugin
2023-11-01 16:54:20,336 [INFO] PluginManager:213 - loadIPPluginJar : add i2s
2023-11-01 16:54:20,336 [INFO] IPUIPlugin:74 - create IPUIPlugin
2023-11-01 16:54:20,336 [INFO] PluginManager:213 - loadIPPluginJar : add ipddr
2023-11-01 16:54:20,351 [INFO] IPUIPlugin:74 - create IPUIPlugin
2023-11-01 16:54:20,351 [INFO] PluginManager:213 - loadIPPluginJar : add linkedlist
2023-11-01 16:54:20,351 [INFO] IPUIPlugin:74 - create IPUIPlugin
2023-11-01 16:54:20,351 [INFO] PluginManager:213 - loadIPPluginJar : add lorawan
2023-11-01 16:54:20,351 [INFO] IPUIPlugin:74 - create IPUIPlugin
2023-11-01 16:54:20,351 [INFO] PluginManager:213 - loadIPPluginJar : add ltdc
2023-11-01 16:54:20,351 [INFO] IPUIPlugin:74 - create IPUIPlugin
2023-11-01 16:54:20,351 [INFO] PluginManager:213 - loadIPPluginJar : add mdma
2023-11-01 16:54:20,367 [INFO] IPUIPlugin:74 - create IPUIPlugin
2023-11-01 16:54:20,367 [INFO] PluginManager:213 - loadIPPluginJar : add nvic
2023-11-01 16:54:20,367 [INFO] IPUIPlugin:74 - create IPUIPlugin
2023-11-01 16:54:20,367 [INFO] PluginManager:213 - loadIPPluginJar : add opamp
2023-11-01 16:54:20,367 [INFO] IPUIPlugin:74 - create IPUIPlugin
2023-11-01 16:54:20,367 [INFO] PluginManager:213 - loadIPPluginJar : add openamp
2023-11-01 16:54:20,367 [INFO] IPUIPlugin:74 - create IPUIPlugin
2023-11-01 16:54:20,367 [INFO] PluginManager:213 - loadIPPluginJar : add pdm2pcm
2023-11-01 16:54:20,383 [INFO] IPUIPlugin:74 - create IPUIPlugin
2023-11-01 16:54:20,383 [INFO] PluginManager:213 - loadIPPluginJar : add plateformsettings
2023-11-01 16:54:20,383 [INFO] IPUIPlugin:74 - create IPUIPlugin
2023-11-01 16:54:20,383 [INFO] PluginManager:213 - loadIPPluginJar : add quadspi
2023-11-01 16:54:20,383 [INFO] IPUIPlugin:74 - create IPUIPlugin
2023-11-01 16:54:20,383 [INFO] PluginManager:213 - loadIPPluginJar : add resmgrutility
2023-11-01 16:54:20,398 [INFO] IPUIPlugin:74 - create IPUIPlugin
2023-11-01 16:54:20,398 [INFO] PluginManager:213 - loadIPPluginJar : add sai
2023-11-01 16:54:20,398 [INFO] IPUIPlugin:74 - create IPUIPlugin
2023-11-01 16:54:20,398 [INFO] PluginManager:213 - loadIPPluginJar : add spi
2023-11-01 16:54:20,398 [INFO] IPUIPlugin:74 - create IPUIPlugin
2023-11-01 16:54:20,398 [INFO] PluginManager:213 - loadIPPluginJar : add stm32_wpan
2023-11-01 16:54:20,398 [INFO] IPUIPlugin:74 - create IPUIPlugin
2023-11-01 16:54:20,398 [INFO] PluginManager:213 - loadIPPluginJar : add tim
2023-11-01 16:54:20,398 [INFO] IPUIPlugin:74 - create IPUIPlugin
2023-11-01 16:54:20,398 [INFO] PluginManager:213 - loadIPPluginJar : add touchsensing
2023-11-01 16:54:20,414 [INFO] IPUIPlugin:74 - create IPUIPlugin
2023-11-01 16:54:20,414 [INFO] PluginManager:213 - loadIPPluginJar : add tracer_emb
2023-11-01 16:54:20,414 [INFO] IPUIPlugin:74 - create IPUIPlugin
2023-11-01 16:54:20,414 [INFO] PluginManager:213 - loadIPPluginJar : add ts
2023-11-01 16:54:20,414 [INFO] IPUIPlugin:74 - create IPUIPlugin
2023-11-01 16:54:20,414 [INFO] PluginManager:213 - loadIPPluginJar : add tsc
2023-11-01 16:54:20,414 [INFO] IPUIPlugin:74 - create IPUIPlugin
2023-11-01 16:54:20,414 [INFO] PluginManager:213 - loadIPPluginJar : add ucpd
2023-11-01 16:54:20,414 [INFO] IPUIPlugin:74 - create IPUIPlugin
2023-11-01 16:54:20,414 [INFO] PluginManager:213 - loadIPPluginJar : add usart
2023-11-01 16:54:20,414 [INFO] IPUIPlugin:74 - create IPUIPlugin
2023-11-01 16:54:20,414 [INFO] PluginManager:213 - loadIPPluginJar : add usbx
2023-11-01 16:54:20,791 [FATAL] Updater:294 - Updater called before beeing initialized
2023-11-01 16:54:20,916 [FATAL] Updater:294 - Updater called before beeing initialized
2023-11-01 16:54:20,916 [INFO] DbMcusAds:47 - JSON generation date=Tue Mar 07 15:50:55 ICT 2023 (1678179055114)
2023-11-01 16:54:20,916 [FATAL] Updater:294 - Updater called before beeing initialized
2023-11-01 16:54:20,963 [WARN] DetailPanel:314 - Failed to get advertising image, set to default
2023-11-01 16:54:21,088 [FATAL] Updater:294 - Updater called before beeing initialized
2023-11-01 16:54:21,088 [FATAL] Updater:294 - Updater called before beeing initialized
2023-11-01 16:54:21,088 [FATAL] Updater:294 - Updater called before beeing initialized
2023-11-01 16:54:21,088 [WARN] DetailPanel:314 - Failed to get advertising image, set to default
2023-11-01 16:54:21,088 [FATAL] Updater:294 - Updater called before beeing initialized
2023-11-01 16:54:21,150 [ERROR] Updater:1075 - MainUpdater not yet initialized. External WinMGr cannot be set.
2023-11-01 16:54:21,150 [INFO] Updater:1012 - Updater Version found : 6.3.0
2023-11-01 16:54:21,182 [INFO] ApplicationProperties:181 - Using Application install path: C:\ST\STM32CubeIDE_1.7.0\STM32CubeIDE\plugins\com.st.stm32cube.common.mx_6.3.0.202107141111
2023-11-01 16:54:21,494 [INFO] MainUpdater:2671 - connection check result : 10
2023-11-01 16:54:21,494 [INFO] MainUpdater:265 - Updater Check For Update Now.
2023-11-01 16:54:21,494 [INFO] MicroXplorer:478 - Change Database Version : DB.6.0.30
2023-11-01 16:54:21,697 [INFO] CheckServerUpdateThread:112 - End of CheckServer Thread
2023-11-01 16:54:21,744 [INFO] MainUpdater:2671 - connection check result : 10
2023-11-01 16:54:21,994 [INFO] McuFinderGlobals:52 - Set McuFinderConnectedMode to false
2023-11-01 16:54:22,119 [INFO] CrossSelectorPresenter:1330 - Cross Selector saved comparison directory: C:\Users\Admin\.stmcufinder\plugins\mcufinder\mcu\cs_comparisons_mx
2023-11-01 16:54:22,135 [INFO] MultiScanPanel:197 - Auto-refresh data requested => check proxy status ongoing
2023-11-01 16:54:22,135 [INFO] MultiScanPanel:201 - Proxy status is invalid
2023-11-01 16:54:22,135 [INFO] FinderPluginLoader:87 - Searching for filters in installed packs
2023-11-01 16:54:22,135 [INFO] DbMcusXml:100 - Load MCU database from C:\ST\STM32CubeIDE_1.7.0\STM32CubeIDE\plugins\com.st.stm32cube.common.mx_6.3.0.202107141111\\db\/mcu/families.xml
2023-11-01 16:54:23,025 [WARN] PackLoader:238 - Cannot read IP mode file for STMicroelectronics.X-CUBE-AZRTOS-F4.1.1.0
2023-11-01 16:54:23,072 [ERROR] Engine:463 - C:\Users\Admin\.stm32cubemx\thirdparties\pdsc\STMicroelectronics.X-CUBE-SMBUS.2.1.0.pdsc: PDSC version is not supported
2023-11-01 16:54:23,119 [WARN] PackLoader:238 - Cannot read IP mode file for STMicroelectronics.X-CUBE-BLEMGR.1.2.0
2023-11-01 16:54:23,166 [WARN] PackLoader:238 - Cannot read IP mode file for STMicroelectronics.X-CUBE-AZRTOS-L5.2.0.0
2023-11-01 16:54:23,228 [WARN] PackLoader:238 - Cannot read IP mode file for STMicroelectronics.X-CUBE-AZRTOS-F7.1.1.0
2023-11-01 16:54:23,369 [WARN] PackLoader:238 - Cannot read IP mode file for STMicroelectronics.X-CUBE-MEMS1.9.6.0
2023-11-01 16:54:23,993 [INFO] DbMcusJson:93 - JSON generation date=Tue Nov 16 23:17:54 ICT 2021 (1637079474)
2023-11-01 16:54:24,212 [WARN] PackLoader:238 - Cannot read IP mode file for STMicroelectronics.X-CUBE-EEPRMA1.4.2.0
2023-11-01 16:54:24,212 [ERROR] Engine:463 - C:\Users\Admin\.stm32cubemx\thirdparties\pdsc\ITTIA_DB.I-CUBE-ITTIADB.8.8.0.pdsc: PDSC version is not supported
2023-11-01 16:54:24,228 [WARN] PackLoader:238 - Cannot read IP mode file for STMicroelectronics.X-CUBE-BLE1.6.2.3
2023-11-01 16:54:24,243 [WARN] PackLoader:238 - Cannot read IP mode file for STMicroelectronics.X-CUBE-BLE1.6.2.4
2023-11-01 16:54:24,259 [WARN] PackLoader:238 - Cannot read IP mode file for STMicroelectronics.X-CUBE-NFC4.2.0.5
2023-11-01 16:54:24,290 [WARN] PackLoader:238 - Cannot read IP mode file for STMicroelectronics.X-CUBE-NFC4.2.0.4
2023-11-01 16:54:24,384 [WARN] ConditionMgr:437 - getConditionDescription Invalid condition id : UX DEVICE CLASS RTOS Condition cause : null
2023-11-01 16:54:24,384 [WARN] ConditionMgr:437 - getConditionDescription Invalid condition id : UX DEVICE CLASS RTOS Condition cause : null
2023-11-01 16:54:24,400 [WARN] PackLoader:238 - Cannot read IP mode file for STMicroelectronics.X-CUBE-AZRTOS-H7.3.1.0
2023-11-01 16:54:24,400 [WARN] ConditionMgr:1038 - genDependencies : Invalid condition id : UX DEVICE CLASS RTOS Condition cause : null
2023-11-01 16:54:24,400 [WARN] ConditionMgr:1038 - genDependencies : Invalid condition id : UX DEVICE CLASS RTOS Condition cause : null
2023-11-01 16:54:24,400 [WARN] ConditionMgr:1038 - genDependencies : Invalid condition id : UX DEVICE CLASS RTOS Condition cause : null
2023-11-01 16:54:24,400 [WARN] ConditionMgr:1038 - genDependencies : Invalid condition id : UX DEVICE CLASS RTOS Condition cause : null
2023-11-01 16:54:24,400 [WARN] ConditionMgr:1038 - genDependencies : Invalid condition id : UX DEVICE CLASS RTOS Condition cause : null
2023-11-01 16:54:24,431 [WARN] PackLoader:238 - Cannot read IP mode file for STMicroelectronics.X-CUBE-TOF1.3.1.0
2023-11-01 16:54:24,462 [WARN] PackLoader:238 - Cannot read IP mode file for wolfSSL.I-CUBE-wolfSSL.5.5.0
2023-11-01 16:54:24,478 [WARN] PackLoader:238 - Cannot read IP mode file for STMicroelectronics.X-CUBE-NFC7.1.0.1
2023-11-01 16:54:24,493 [WARN] PackLoader:238 - Cannot read IP mode file for STMicroelectronics.X-CUBE-NFC7.1.0.0
2023-11-01 16:54:24,493 [WARN] PackLoader:238 - Cannot read IP mode file for STMicroelectronics.X-CUBE-TOUCHGFX.4.22.1
2023-11-01 16:54:24,509 [WARN] PackLoader:238 - Cannot read IP mode file for STMicroelectronics.X-CUBE-NFC6.3.0.0
2023-11-01 16:54:24,603 [WARN] PackLoader:238 - Cannot read IP mode file for STMicroelectronics.X-CUBE-MEMS1.9.3.0
2023-11-01 16:54:25,025 [WARN] PackLoader:238 - Cannot read IP mode file for STMicroelectronics.X-CUBE-EEPRMA1.4.1.0
2023-11-01 16:54:25,025 [WARN] PackLoader:238 - Cannot read IP mode file for STMicroelectronics.X-CUBE-AI.7.2.0
2023-11-01 16:54:25,040 [INFO] LogOutputStream:76 - [STDOUT_REDIRECT] 1 : Invalid condition id : UX_CORESTACK_Condition cause : null
2023-11-01 16:54:25,040 [INFO] LogOutputStream:76 - [STDOUT_REDIRECT] 1 : Invalid condition id : UX_CORESTACK_Condition cause : null
2023-11-01 16:54:25,056 [INFO] LogOutputStream:76 - [STDOUT_REDIRECT] 1 : Invalid condition id : UX_CORESTACK_Condition cause : null
2023-11-01 16:54:25,056 [INFO] LogOutputStream:76 - [STDOUT_REDIRECT] 1 : Invalid condition id : UX_CORESTACK_Condition cause : null
2023-11-01 16:54:25,056 [INFO] LogOutputStream:76 - [STDOUT_REDIRECT] 1 : Invalid condition id : UX_CORESTACK_Condition cause : null
2023-11-01 16:54:25,056 [WARN] PackLoader:238 - Cannot read IP mode file for STMicroelectronics.X-CUBE-AZRTOS-WL.2.0.0
2023-11-01 16:54:25,103 [WARN] ConditionMgr:437 - getConditionDescription Invalid condition id : LAN8742 Phy interface Condition cause : null
2023-11-01 16:54:25,103 [WARN] PackLoader:238 - Cannot read IP mode file for STMicroelectronics.X-CUBE-AZRTOS-L4.2.0.0
2023-11-01 16:54:25,103 [WARN] ConditionMgr:1038 - genDependencies : Invalid condition id : LAN8742 Phy interface Condition cause : null
2023-11-01 16:54:25,103 [WARN] ConditionMgr:1038 - genDependencies : Invalid condition id : LAN8742 Phy interface Condition cause : null
2023-11-01 16:54:25,103 [WARN] ConditionMgr:1038 - genDependencies : Invalid condition id : LAN8742 Phy interface Condition cause : null
2023-11-01 16:54:25,118 [WARN] PackLoader:238 - Cannot read IP mode file for WES.I-CUBE-Cesium.1.3.0
2023-11-01 16:54:25,134 [WARN] PackLoader:238 - Cannot read IP mode file for STMicroelectronics.X-CUBE-SFXS2LP1.4.0.0
2023-11-01 16:54:25,149 [WARN] PackLoader:238 - Cannot read IP mode file for STMicroelectronics.X-CUBE-TOF1.3.2.0
2023-11-01 16:54:25,212 [WARN] PackLoader:238 - Cannot read IP mode file for STMicroelectronics.X-CUBE-AZRTOS-H7.3.0.0
2023-11-01 16:54:25,212 [WARN] PackLoader:238 - Cannot read IP mode file for STMicroelectronics.X-CUBE-ISPU.1.0.0
2023-11-01 16:54:25,243 [WARN] PackLoader:238 - Cannot read IP mode file for STMicroelectronics.X-CUBE-ISPU.1.1.0
2023-11-01 16:54:25,259 [WARN] PackLoader:238 - Cannot read IP mode file for RoweBots.I-CUBE-UNISONRTOS.5.5.0-4
2023-11-01 16:54:25,306 [WARN] PackLoader:238 - Cannot read IP mode file for STMicroelectronics.X-CUBE-AZRTOS-H7.2.1.0
2023-11-01 16:54:25,353 [WARN] ConditionMgr:437 - getConditionDescription Invalid condition id : UX DEVICE CLASS RTOS Condition cause : null
2023-11-01 16:54:25,353 [WARN] ConditionMgr:437 - getConditionDescription Invalid condition id : UX DEVICE CLASS RTOS Condition cause : null
2023-11-01 16:54:25,353 [WARN] PackLoader:238 - Cannot read IP mode file for STMicroelectronics.X-CUBE-AZRTOS-WB.2.0.0
2023-11-01 16:54:25,353 [WARN] ConditionMgr:1038 - genDependencies : Invalid condition id : UX DEVICE CLASS RTOS Condition cause : null
2023-11-01 16:54:25,353 [WARN] ConditionMgr:1038 - genDependencies : Invalid condition id : UX DEVICE CLASS RTOS Condition cause : null
2023-11-01 16:54:25,353 [WARN] ConditionMgr:1038 - genDependencies : Invalid condition id : UX DEVICE CLASS RTOS Condition cause : null
2023-11-01 16:54:25,353 [WARN] ConditionMgr:1038 - genDependencies : Invalid condition id : UX DEVICE CLASS RTOS Condition cause : null
2023-11-01 16:54:25,353 [WARN] ConditionMgr:1038 - genDependencies : Invalid condition id : UX DEVICE CLASS RTOS Condition cause : null
2023-11-01 16:54:25,368 [WARN] PackLoader:238 - Cannot read IP mode file for STMicroelectronics.X-CUBE-TOUCHGFX.4.21.0
2023-11-01 16:54:25,384 [WARN] PackLoader:238 - Cannot read IP mode file for STMicroelectronics.X-CUBE-BLEMGR.1.0.0
2023-11-01 16:54:25,478 [WARN] PackLoader:238 - Cannot read IP mode file for STMicroelectronics.X-CUBE-MEMS1.9.4.0
2023-11-01 16:54:25,602 [INFO] DbMcus:175 - Found 1951 MCUs (1903 are supported by CubeMX, 1914 are visible in CubeMX)
2023-11-01 16:54:25,602 [INFO] ApiDb:251 - Load user favorites file C:\Users\Admin/.stm32cubeide/favorites.mcus.txt: 0 item(s)
2023-11-01 16:54:25,602 [INFO] ApiDb:255 - User favorites MCUs=[]
2023-11-01 16:54:25,602 [INFO] DbMcus:187 - Set 0 / 0 favorites MCUs
2023-11-01 16:54:25,821 [WARN] PackLoader:238 - Cannot read IP mode file for STMicroelectronics.X-CUBE-AI.7.3.0
2023-11-01 16:54:25,821 [WARN] PackLoader:238 - Cannot read IP mode file for STMicroelectronics.X-CUBE-ALGOBUILD.1.3.0
2023-11-01 16:54:25,852 [WARN] PackLoader:238 - Cannot read IP mode file for STMicroelectronics.X-CUBE-AZRTOS-L5.1.1.0
2023-11-01 16:54:25,884 [WARN] PackLoader:238 - Cannot read IP mode file for STMicroelectronics.X-CUBE-AZRTOS-G0.1.1.0
2023-11-01 16:54:25,915 [WARN] PackLoader:238 - Cannot read IP mode file for STMicroelectronics.X-CUBE-SUBG2.5.0.0
2023-11-01 16:54:25,931 [WARN] PackLoader:238 - Cannot read IP mode file for STMicroelectronics.X-CUBE-NFC4.3.0.0
2023-11-01 16:54:26,024 [WARN] PackLoader:238 - Cannot read IP mode file for SEGGER.I-CUBE-embOS.1.2.0
2023-11-01 16:54:26,118 [ERROR] Engine:463 - C:\Users\Admin\.stm32cubemx\thirdparties\pdsc\STMicroelectronics.X-CUBE-TOF1.3.3.1.pdsc: PDSC version is not supported
2023-11-01 16:54:26,149 [WARN] PackLoader:238 - Cannot read IP mode file for STMicroelectronics.X-CUBE-AZRTOS-G4.2.0.0
2023-11-01 16:54:26,165 [ERROR] Engine:463 - C:\Users\Admin\.stm32cubemx\thirdparties\pdsc\Infineon.AIROC-Wi-Fi-Bluetooth-STM32.1.5.1.pdsc: PDSC version is not supported
2023-11-01 16:54:26,165 [WARN] PackLoader:238 - Cannot read IP mode file for STMicroelectronics.X-CUBE-BLEMGR.1.3.0
2023-11-01 16:54:26,196 [WARN] PackLoader:238 - Cannot read IP mode file for STMicroelectronics.X-CUBE-AZRTOS-G4.1.0.0
2023-11-01 16:54:26,212 [WARN] PackLoader:238 - Cannot read IP mode file for STMicroelectronics.FP-ATR-SIGFOX1.3.2.0
2023-11-01 16:54:26,243 [WARN] PackLoader:238 - Cannot read IP mode file for STMicroelectronics.X-CUBE-AZRTOS-L4.1.0.0
2023-11-01 16:54:26,259 [WARN] PackLoader:238 - Cannot read IP mode file for emotas.I-CUBE-CANOPEN.1.1.2
2023-11-01 16:54:26,259 [WARN] PackLoader:238 - Cannot read IP mode file for STMicroelectronics.X-CUBE-TOUCHGFX.4.20.0
2023-11-01 16:54:26,352 [WARN] PackLoader:238 - Cannot read IP mode file for STMicroelectronics.X-CUBE-MEMS1.10.0.0
2023-11-01 16:54:26,618 [INFO] DetailPanel:309 - Set advertising image to C:/Users/Admin/STM32Cube/Repository/\en.prom-stm32h5-mcu-finder.jpg
2023-11-01 16:54:26,728 [WARN] PackLoader:238 - Cannot read IP mode file for STMicroelectronics.X-CUBE-AZRTOS-WL.1.0.0
2023-11-01 16:54:26,743 [WARN] PackLoader:238 - Cannot read IP mode file for portGmbH.I-Cube-SoM-uGOAL.1.1.0
2023-11-01 16:54:26,774 [WARN] PackLoader:238 - Cannot read IP mode file for STMicroelectronics.X-CUBE-AZRTOS-WB.1.1.0
2023-11-01 16:54:26,853 [WARN] PackLoader:238 - Cannot read IP mode file for SEGGER.I-CUBE-embOS.1.3.1
2023-11-01 16:54:26,962 [WARN] PackLoader:238 - Cannot read IP mode file for STMicroelectronics.X-CUBE-AZRTOS-L5.1.0.0
2023-11-01 16:54:26,978 [WARN] PackLoader:238 - Cannot read IP mode file for STMicroelectronics.X-CUBE-EEPRMA1.3.1.1
2023-11-01 16:54:26,978 [INFO] ThirdParty:915 - Integrity check success = true
2023-11-01 16:54:26,978 [INFO] IntegrityCheckThread:94 - exiting critical section [integrity check]
2023-11-01 16:54:26,978 [INFO] IntegrityCheckThread:97 - End integrity checks thread
2023-11-01 16:54:27,431 [INFO] DbBoardsPdsc:90 - Found 25 items
2023-11-01 16:54:27,431 [INFO] DbBoardsPdsc:90 - Found 9 items
2023-11-01 16:54:27,446 [INFO] DbBoardsPdsc:90 - Found 33 items
2023-11-01 16:54:27,446 [INFO] DbBoardsPdsc:90 - Found 1 items
2023-11-01 16:54:27,446 [INFO] DbBoardsPdsc:90 - Found 48 items
2023-11-01 16:54:27,462 [INFO] DbBoardsPdsc:90 - Found 43 items
2023-11-01 16:54:27,477 [INFO] DbBoardsPdsc:90 - Found 2 items
2023-11-01 16:54:27,477 [INFO] DbBoardsPdsc:90 - Found 5 items
2023-11-01 16:54:27,477 [WARN] DbBoardsPdsc:254 - Board STM32H7B3I-DK: unknown feature type=Audio, name=, username=Audio stereo codec with Headphone Amp (CS42L51-CNZ), n=1
2023-11-01 16:54:27,477 [WARN] DbBoardsPdsc:254 - Board STM32H735G-DK: unknown feature type=Audio, name=, username=Audio stereo codec with Headphone Amp (WM8994ECS/R), n=1
2023-11-01 16:54:27,477 [WARN] DbBoardsPdsc:254 - Board STM32H7B3I-EVAL: unknown feature type=Audio, name=, username=Multi-Channel Audio Codec (CS42L51-CNZ), n=1
2023-11-01 16:54:27,477 [WARN] DbBoardsPdsc:254 - Board STM32H7B3I-EVAL: unknown feature type=Meter, name=, username=Power-metering and Temperature-monitoring with sigma-delta modulators, n=1
2023-11-01 16:54:27,477 [WARN] DbBoardsPdsc:254 - Board STM32H7B3I-EVAL: unknown feature type=Motor, name=, username=Motor Control, n=1
2023-11-01 16:54:27,493 [WARN] DbBoardsPdsc:254 - Board STM32U575I-EV: unknown feature type=joystick, name=, username=4-direction joystick with selection button, n=1
2023-11-01 16:54:27,524 [INFO] DbBoardsJson:86 - JSON generation date=Tue Nov 16 23:17:54 ICT 2021 (1637079474)
2023-11-01 16:54:27,540 [INFO] DbBoards:117 - Found 167 boards (163 are supported by CubeMX)
2023-11-01 16:54:27,540 [INFO] DbBoardsDocs:143 - JSON generation date=Tue Nov 16 23:17:54 ICT 2021 (1637079474)
2023-11-01 16:54:27,540 [INFO] DbBoardsDocs:79 - Found 209 boards documents
2023-11-01 16:54:27,540 [WARN] DbBoards:127 - board B-L475E-IOT01A2 has no document id list !
2023-11-01 16:54:27,556 [WARN] DbBoards:127 - board NUCLEO-H743ZI has no document id list !
2023-11-01 16:54:27,556 [WARN] DbBoards:127 - board NUCLEO-WL55JC2 has no document id list !
2023-11-01 16:54:27,556 [WARN] DbBoards:127 - board P-NUCLEO-WB55-Nucleo has no document id list !
2023-11-01 16:54:27,556 [WARN] DbBoards:127 - board P-NUCLEO-WB55-USBDongle has no document id list !
2023-11-01 16:54:27,556 [WARN] DbBoards:127 - board STEVAL-BFA001V1B has no document id list !
2023-11-01 16:54:27,556 [WARN] DbBoards:127 - board STEVAL-BFA001V2B has no document id list !
2023-11-01 16:54:27,556 [WARN] DbBoards:127 - board STEVAL-IDP005V1 has no document id list !
2023-11-01 16:54:27,556 [WARN] DbBoards:127 - board STEVAL-IDP005V2 has no document id list !
2023-11-01 16:54:27,556 [WARN] DbBoards:127 - board STEVAL-MKSBOX1V1 has no document id list !
2023-11-01 16:54:27,556 [WARN] DbBoards:127 - board STEVAL-STWINKT1 has no document id list !
2023-11-01 16:54:27,556 [WARN] DbBoards:127 - board STEVAL-STWINKT1B has no document id list !
2023-11-01 16:54:27,556 [WARN] DbBoards:127 - board STM32439I-EVAL2 has no document id list !
2023-11-01 16:54:27,556 [WARN] DbBoards:127 - board STM32F401C-DISCO has no document id list !
2023-11-01 16:54:27,556 [WARN] DbBoards:127 - board STM32F769I-DISC1 has no document id list !
2023-11-01 16:54:27,556 [WARN] DbBoards:127 - board STM32G474E-EVAL1 has no document id list !
2023-11-01 16:54:27,556 [WARN] DbBoards:127 - board STM32H743I-EVAL2 has no document id list !
2023-11-01 16:54:27,556 [WARN] DbBoards:127 - board STM32H747I-DISC1 has no document id list !
2023-11-01 16:54:27,556 [WARN] DbBoards:127 - board STM32H753I-EVAL2 has no document id list !
2023-11-01 16:54:27,556 [WARN] DbBoards:127 - board STM32L-DISCOVERY has no document id list !
2023-11-01 16:54:27,805 [ERROR] DbBoards:189 - Image file not found for board B-U585I-IOT02A: C:\ST\STM32CubeIDE_1.7.0\STM32CubeIDE\plugins\com.st.stm32cube.common.mx_6.3.0.202107141111\\db\/plugins/mcufinder/images/boards/B-U585I-IOT02A_small.jpg
2023-11-01 16:54:28,024 [ERROR] DbBoards:189 - Image file not found for board NUCLEO-F413ZH: C:\ST\STM32CubeIDE_1.7.0\STM32CubeIDE\plugins\com.st.stm32cube.common.mx_6.3.0.202107141111\\db\/plugins/mcufinder/images/boards/nucleo-f413zh_small.jpg
2023-11-01 16:54:28,430 [ERROR] DbBoards:189 - Image file not found for board NUCLEO-L552ZE-Q: C:\ST\STM32CubeIDE_1.7.0\STM32CubeIDE\plugins\com.st.stm32cube.common.mx_6.3.0.202107141111\\db\/plugins/mcufinder/images/boards/nucleo_l552ze_q_small.jpg
2023-11-01 16:54:28,430 [ERROR] DbBoards:189 - Image file not found for board NUCLEO-U575ZI-Q: C:\ST\STM32CubeIDE_1.7.0\STM32CubeIDE\plugins\com.st.stm32cube.common.mx_6.3.0.202107141111\\db\/plugins/mcufinder/images/boards/nucleo-u575zi-q_small.jpg
2023-11-01 16:54:28,430 [ERROR] DbBoards:189 - Image file not found for board NUCLEO-WB15CC: C:\ST\STM32CubeIDE_1.7.0\STM32CubeIDE\plugins\com.st.stm32cube.common.mx_6.3.0.202107141111\\db\/plugins/mcufinder/images/boards/nucleo-wb15cc_small.jpg
2023-11-01 16:54:28,430 [ERROR] DbBoards:189 - Image file not found for board NUCLEO-WB55RG: C:\ST\STM32CubeIDE_1.7.0\STM32CubeIDE\plugins\com.st.stm32cube.common.mx_6.3.0.202107141111\\db\/plugins/mcufinder/images/boards/nucleo-wb55rg_small.jpg
2023-11-01 16:54:30,180 [INFO] ApiDb:251 - Load user favorites file C:\Users\Admin/.stm32cubeide/favorites.boards.txt: 0 item(s)
2023-11-01 16:54:30,180 [INFO] ApiDb:255 - User favorites Boards=[]
2023-11-01 16:54:30,180 [INFO] DbBoards:206 - Set 0 / 0 favorites Boards
2023-11-01 16:54:59,997 [INFO] DbMcusDocs:143 - JSON generation date=Tue Nov 16 23:17:54 ICT 2021 (1637079474)
2023-11-01 16:55:00,310 [INFO] DbMcusDocs:79 - Found 682 MCUs documents
2023-11-01 16:55:10,730 [INFO] MainUpdater:2671 - connection check result : 10
2023-11-01 16:55:10,730 [INFO] MainUpdater:2671 - connection check result : 10
2023-11-01 16:55:10,761 [INFO] MicroXplorer:448 - Change Database Path : 
2023-11-01 16:55:10,761 [INFO] MicroXplorer:478 - Change Database Version : DB.6.0.30
2023-11-01 16:55:10,761 [WARN] ThirdParty:813 - waiting for thirdparty lock release [close project]
2023-11-01 16:55:10,761 [INFO] ThirdParty:815 - entering critical section [close project]
2023-11-01 16:55:10,761 [INFO] ThirdParty:825 - exiting critical section [close project]
2023-11-01 16:55:10,776 [INFO] PinOutPanel:1463 - setPackage(No Configuration,No Configuration)
2023-11-01 16:55:10,776 [INFO] UtilMem:74 - Begin LoadConfig() Used Memory: 503172808 Bytes (714080256)
2023-11-01 16:55:10,776 [INFO] MicroXplorer:448 - Change Database Path : 
2023-11-01 16:55:10,776 [INFO] MicroXplorer:478 - Change Database Version : DB.6.0.30
2023-11-01 16:55:10,776 [INFO] OpenFileManager:313 - Change cursor
2023-11-01 16:55:11,948 [INFO] Context:592 - Trying to add GPIOservice into a context  which must be forbidden
2023-11-01 16:55:12,311 [INFO] ImportTextPane:167 - (OptionalMessage_ERROR) Unable to find key (Mcu.ThirdPartyNb) in loaded IOC file
2023-11-01 16:55:12,312 [INFO] ImportTextPane:167 - (OptionalMessage_ERROR) Unable to find key (Mcu.PinsNb) in loaded IOC file
2023-11-01 16:55:12,312 [INFO] ImportTextPane:167 - (OptionalMessage_ERROR) Unable to find key (Mcu.IPNb) in loaded IOC file
2023-11-01 16:55:12,893 [WARN] ApiManager:304 - Cannot register API 'Board Extension:IKS01A3' from pack STMicroelectronics.X-CUBE-MEMS1.9.4.0: no header file found
2023-11-01 16:55:12,893 [WARN] ApiManager:304 - Cannot register API 'Board Extension:IKS01A2' from pack STMicroelectronics.X-CUBE-MEMS1.9.4.0: no header file found
2023-11-01 16:55:12,893 [WARN] ApiManager:304 - Cannot register API 'Board Extension:IKS02A1' from pack STMicroelectronics.X-CUBE-MEMS1.9.4.0: no header file found
2023-11-01 16:55:13,378 [WARN] ApiManager:304 - Cannot register API 'Board Extension:IKS01A3' from pack STMicroelectronics.X-CUBE-MEMS1.9.6.0: no header file found
2023-11-01 16:55:13,378 [WARN] ApiManager:304 - Cannot register API 'Board Extension:IKS01A2' from pack STMicroelectronics.X-CUBE-MEMS1.9.6.0: no header file found
2023-11-01 16:55:13,378 [WARN] ApiManager:304 - Cannot register API 'Board Extension:IKS02A1' from pack STMicroelectronics.X-CUBE-MEMS1.9.6.0: no header file found
2023-11-01 16:55:13,390 [WARN] ApiManager:304 - Cannot register API 'Board Extension:EEPRMA2' from pack STMicroelectronics.X-CUBE-EEPRMA1.4.2.0: no header file found
2023-11-01 16:55:13,391 [WARN] ApiManager:304 - Cannot register API 'Board Extension:PGEEZ1' from pack STMicroelectronics.X-CUBE-EEPRMA1.4.2.0: no header file found
2023-11-01 16:55:13,391 [WARN] ApiManager:304 - Cannot register API 'Board Part:M24' from pack STMicroelectronics.X-CUBE-EEPRMA1.4.2.0: no header file found
2023-11-01 16:55:13,391 [WARN] ApiManager:304 - Cannot register API 'Board Part:M95' from pack STMicroelectronics.X-CUBE-EEPRMA1.4.2.0: no header file found
2023-11-01 16:55:13,391 [WARN] ApiManager:304 - Cannot register API 'Board Part:M95P32' from pack STMicroelectronics.X-CUBE-EEPRMA1.4.2.0: no header file found
2023-11-01 16:55:13,391 [WARN] ApiManager:304 - Cannot register API 'PGEEZ1:SPI' from pack STMicroelectronics.X-CUBE-EEPRMA1.4.2.0: no header file found
2023-11-01 16:55:13,392 [WARN] ApiManager:304 - Cannot register API 'PGEEZ1:QDSPI' from pack STMicroelectronics.X-CUBE-EEPRMA1.4.2.0: no header file found
2023-11-01 16:55:13,393 [WARN] ApiManager:304 - Cannot register API 'Wireless:BlueNRG-MS' from pack STMicroelectronics.X-CUBE-BLE1.6.2.3: no header file found
2023-11-01 16:55:13,395 [WARN] ApiManager:304 - Cannot register API 'Wireless:BlueNRG-MS' from pack STMicroelectronics.X-CUBE-BLE1.6.2.4: no header file found
2023-11-01 16:55:13,398 [INFO] RtosManager:484 - Registered RTOS mode: class=CMSIS, group=RTOS, mode=CMSIS_V1, owner=FREERTOS
2023-11-01 16:55:13,398 [INFO] RtosManager:484 - Registered RTOS mode: class=CMSIS, group=RTOS2, mode=CMSIS_V2, owner=FREERTOS
2023-11-01 16:55:13,399 [INFO] RtosManager:484 - Registered RTOS mode: class=RTOS, group=Core, mode=CMSIS_V1, owner=FREERTOS
2023-11-01 16:55:13,399 [INFO] RtosManager:484 - Registered RTOS mode: class=RTOS, group=Core, mode=CMSIS_V2, owner=FREERTOS
2023-11-01 16:55:13,399 [WARN] ModelIntegratedComponent:181 - Missing modes for component STMicroelectronics:FreeRTOS:0.0.1:STMicroelectronics:RTOS:FreeRTOS:Core:::10.2.0:
2023-11-01 16:55:13,406 [WARN] ApiManager:304 - Cannot register API 'Board Extension:S2868A1' from pack STMicroelectronics.X-CUBE-SUBG2.5.0.0: no header file found
2023-11-01 16:55:13,406 [WARN] ApiManager:304 - Cannot register API 'Board Extension:S2868A2' from pack STMicroelectronics.X-CUBE-SUBG2.5.0.0: no header file found
2023-11-01 16:55:13,406 [WARN] ApiManager:304 - Cannot register API 'Board Extension:S2915A1' from pack STMicroelectronics.X-CUBE-SUBG2.5.0.0: no header file found
2023-11-01 16:55:13,408 [WARN] ApiManager:304 - Cannot register API 'Board Extension:NFC04A1' from pack STMicroelectronics.X-CUBE-NFC4.3.0.0: no header file found
2023-11-01 16:55:13,412 [WARN] ApiManager:304 - Cannot register API 'Board Extension:NFC04A1' from pack STMicroelectronics.X-CUBE-NFC4.2.0.5: no header file found
2023-11-01 16:55:13,413 [WARN] ApiManager:304 - Cannot register API 'Board Extension:NFC04A1' from pack STMicroelectronics.X-CUBE-NFC4.2.0.4: no header file found
2023-11-01 16:55:13,427 [WARN] ModelIntegratedComponent:60 - No mode defined for component null
2023-11-01 16:55:13,427 [WARN] ModelIntegratedComponent:60 - No mode defined for component null
2023-11-01 16:55:13,427 [WARN] ModelIntegratedComponent:60 - No mode defined for component null
2023-11-01 16:55:13,428 [WARN] ModelIntegratedComponent:60 - No mode defined for component null
2023-11-01 16:55:13,428 [WARN] ModelIntegratedComponent:60 - No mode defined for component null
2023-11-01 16:55:13,428 [WARN] ModelIntegratedComponent:60 - No mode defined for component null
2023-11-01 16:55:13,428 [WARN] ModelIntegratedComponent:60 - No mode defined for component null
2023-11-01 16:55:13,428 [WARN] ModelIntegratedComponent:60 - No mode defined for component null
2023-11-01 16:55:13,428 [WARN] ModelIntegratedComponent:60 - No mode defined for component null
2023-11-01 16:55:13,428 [WARN] ModelIntegratedComponent:60 - No mode defined for component null
2023-11-01 16:55:13,429 [WARN] ModelIntegratedComponent:60 - No mode defined for component null
2023-11-01 16:55:13,429 [WARN] ModelIntegratedComponent:60 - No mode defined for component null
2023-11-01 16:55:13,429 [WARN] ModelIntegratedComponent:60 - No mode defined for component null
2023-11-01 16:55:13,429 [WARN] ModelIntegratedComponent:60 - No mode defined for component null
2023-11-01 16:55:13,429 [WARN] ModelIntegratedComponent:60 - No mode defined for component null
2023-11-01 16:55:13,429 [WARN] ModelIntegratedComponent:60 - No mode defined for component null
2023-11-01 16:55:13,429 [WARN] ModelIntegratedComponent:60 - No mode defined for component null
2023-11-01 16:55:13,429 [WARN] ModelIntegratedComponent:60 - No mode defined for component null
2023-11-01 16:55:13,430 [WARN] ModelIntegratedComponent:60 - No mode defined for component null
2023-11-01 16:55:13,430 [WARN] ModelIntegratedComponent:60 - No mode defined for component null
2023-11-01 16:55:13,430 [WARN] ModelIntegratedComponent:60 - No mode defined for component null
2023-11-01 16:55:13,430 [WARN] ModelIntegratedComponent:60 - No mode defined for component null
2023-11-01 16:55:13,430 [WARN] ModelIntegratedComponent:60 - No mode defined for component null
2023-11-01 16:55:13,430 [WARN] ModelIntegratedComponent:60 - No mode defined for component null
2023-11-01 16:55:13,430 [WARN] ModelIntegratedComponent:60 - No mode defined for component null
2023-11-01 16:55:13,431 [WARN] ModelIntegratedComponent:60 - No mode defined for component null
2023-11-01 16:55:13,431 [WARN] ModelIntegratedComponent:60 - No mode defined for component null
2023-11-01 16:55:13,431 [WARN] ModelIntegratedComponent:60 - No mode defined for component null
2023-11-01 16:55:13,431 [WARN] ModelIntegratedComponent:60 - No mode defined for component null
2023-11-01 16:55:13,431 [WARN] ModelIntegratedComponent:60 - No mode defined for component null
2023-11-01 16:55:13,431 [WARN] ModelIntegratedComponent:60 - No mode defined for component null
2023-11-01 16:55:13,751 [WARN] ApiManager:304 - Cannot register API 'Board Extension:IKS01A3' from pack STMicroelectronics.X-CUBE-MEMS1.10.0.0: no header file found
2023-11-01 16:55:13,751 [WARN] ApiManager:304 - Cannot register API 'Board Extension:IKS02A1' from pack STMicroelectronics.X-CUBE-MEMS1.10.0.0: no header file found
2023-11-01 16:55:13,751 [WARN] ApiManager:304 - Cannot register API 'Board Extension:IKS4A1' from pack STMicroelectronics.X-CUBE-MEMS1.10.0.0: no header file found
2023-11-01 16:55:13,760 [WARN] ApiManager:304 - Cannot register API 'Board Extension:NFC07A1' from pack STMicroelectronics.X-CUBE-NFC7.1.0.1: no header file found
2023-11-01 16:55:13,761 [WARN] ApiManager:304 - Cannot register API 'Board Extension:NFC07A1' from pack STMicroelectronics.X-CUBE-NFC7.1.0.0: no header file found
2023-11-01 16:55:13,763 [WARN] ApiManager:304 - Cannot register API 'Board Extension:NFC06A1' from pack STMicroelectronics.X-CUBE-NFC6.3.0.0: no header file found
2023-11-01 16:55:13,763 [WARN] ApiManager:304 - Cannot register API 'Board Extension:NFC08A1' from pack STMicroelectronics.X-CUBE-NFC6.3.0.0: no header file found
2023-11-01 16:55:14,080 [WARN] ApiManager:304 - Cannot register API 'Board Extension:IKS01A3' from pack STMicroelectronics.X-CUBE-MEMS1.9.3.0: no header file found
2023-11-01 16:55:14,080 [WARN] ApiManager:304 - Cannot register API 'Board Extension:IKS01A2' from pack STMicroelectronics.X-CUBE-MEMS1.9.3.0: no header file found
2023-11-01 16:55:14,080 [WARN] ApiManager:304 - Cannot register API 'Board Extension:IKS02A1' from pack STMicroelectronics.X-CUBE-MEMS1.9.3.0: no header file found
2023-11-01 16:55:14,087 [WARN] ApiManager:304 - Cannot register API 'Board Extension:EEPRMA1' from pack STMicroelectronics.X-CUBE-EEPRMA1.4.1.0: no header file found
2023-11-01 16:55:14,087 [WARN] ApiManager:304 - Cannot register API 'Board Extension:EEPRMA2' from pack STMicroelectronics.X-CUBE-EEPRMA1.4.1.0: no header file found
2023-11-01 16:55:14,088 [WARN] ApiManager:304 - Cannot register API 'Board Extension:PGEEZ1' from pack STMicroelectronics.X-CUBE-EEPRMA1.4.1.0: no header file found
2023-11-01 16:55:14,088 [WARN] ApiManager:304 - Cannot register API 'Board Part:M24' from pack STMicroelectronics.X-CUBE-EEPRMA1.4.1.0: no header file found
2023-11-01 16:55:14,088 [WARN] ApiManager:304 - Cannot register API 'Board Part:M95' from pack STMicroelectronics.X-CUBE-EEPRMA1.4.1.0: no header file found
2023-11-01 16:55:14,088 [WARN] ApiManager:304 - Cannot register API 'Board Part:M95P32' from pack STMicroelectronics.X-CUBE-EEPRMA1.4.1.0: no header file found
2023-11-01 16:55:14,088 [WARN] ApiManager:304 - Cannot register API 'PGEEZ1:SPI' from pack STMicroelectronics.X-CUBE-EEPRMA1.4.1.0: no header file found
2023-11-01 16:55:14,088 [WARN] ApiManager:304 - Cannot register API 'PGEEZ1:QDSPI' from pack STMicroelectronics.X-CUBE-EEPRMA1.4.1.0: no header file found
2023-11-01 16:55:14,095 [WARN] ApiManager:304 - Cannot register API 'Board Extension:EEPRMA1' from pack STMicroelectronics.X-CUBE-EEPRMA1.3.1.1: no header file found
2023-11-01 16:55:14,095 [WARN] ApiManager:304 - Cannot register API 'Board Extension:EEPRMA2' from pack STMicroelectronics.X-CUBE-EEPRMA1.3.1.1: no header file found
2023-11-01 16:55:14,098 [WARN] ApiManager:304 - Cannot register API 'Board Extension:S2868A1' from pack STMicroelectronics.X-CUBE-SFXS2LP1.4.0.0: no header file found
2023-11-01 16:55:14,099 [WARN] ApiManager:304 - Cannot register API 'Board Extension:S2868A2' from pack STMicroelectronics.X-CUBE-SFXS2LP1.4.0.0: no header file found
2023-11-01 16:55:14,099 [WARN] ApiManager:304 - Cannot register API 'Board Extension:S2915A1' from pack STMicroelectronics.X-CUBE-SFXS2LP1.4.0.0: no header file found
2023-11-01 16:55:35,394 [INFO] UtilMem:74 - End LoadConfig() Used Memory: 563307008 Bytes (714080256)
2023-11-01 16:55:35,396 [WARN] ThirdParty:779 - waiting for thirdparty lock release [change project]
2023-11-01 16:55:35,396 [INFO] ThirdParty:781 - entering critical section [change project]
2023-11-01 16:55:35,396 [INFO] ThirdParty:967 - CMSIS Pack Vendor :STMicroelectronics X-CUBE-ISPU 1.1.0
2023-11-01 16:55:35,396 [INFO] ThirdParty:967 - CMSIS Pack Vendor :RoweBots I-CUBE-UNISONRTOS 5.5.0-4
2023-11-01 16:55:35,396 [INFO] ThirdParty:967 - CMSIS Pack Vendor :STMicroelectronics X-CUBE-AZRTOS-H7 2.1.0
2023-11-01 16:55:35,396 [INFO] ThirdParty:967 - CMSIS Pack Vendor :STMicroelectronics USB_HOST 2.0.0
2023-11-01 16:55:35,396 [INFO] ThirdParty:967 - CMSIS Pack Vendor :STMicroelectronics X-CUBE-AZRTOS-F4 1.1.0
2023-11-01 16:55:35,396 [INFO] ThirdParty:967 - CMSIS Pack Vendor :STMicroelectronics USB_DEVICE 3.0.0
2023-11-01 16:55:35,397 [INFO] ThirdParty:967 - CMSIS Pack Vendor :STMicroelectronics X-CUBE-AZRTOS-WB 2.0.0
2023-11-01 16:55:35,397 [INFO] ThirdParty:967 - CMSIS Pack Vendor :STMicroelectronics X-CUBE-TOUCHGFX 4.21.0
2023-11-01 16:55:35,397 [INFO] ThirdParty:967 - CMSIS Pack Vendor :STMicroelectronics X-CUBE-BLEMGR 1.0.0
2023-11-01 16:55:35,397 [INFO] ThirdParty:967 - CMSIS Pack Vendor :STMicroelectronics X-CUBE-BLEMGR 1.2.0
2023-11-01 16:55:35,397 [INFO] ThirdParty:967 - CMSIS Pack Vendor :STMicroelectronics X-CUBE-AZRTOS-L5 2.0.0
2023-11-01 16:55:35,397 [INFO] ThirdParty:967 - CMSIS Pack Vendor :STMicroelectronics X-CUBE-AZRTOS-F7 1.1.0
2023-11-01 16:55:35,397 [INFO] ThirdParty:967 - CMSIS Pack Vendor :STMicroelectronics X-CUBE-MEMS1 9.4.0
2023-11-01 16:55:35,397 [INFO] ThirdParty:967 - CMSIS Pack Vendor :STMicroelectronics USB_DEVICE 2.0.0
2023-11-01 16:55:35,397 [INFO] ThirdParty:967 - CMSIS Pack Vendor :STMicroelectronics X-CUBE-MEMS1 9.6.0
2023-11-01 16:55:35,397 [INFO] ThirdParty:967 - CMSIS Pack Vendor :STMicroelectronics X-CUBE-EEPRMA1 4.2.0
2023-11-01 16:55:35,397 [INFO] ThirdParty:967 - CMSIS Pack Vendor :STMicroelectronics X-CUBE-AI 7.3.0
2023-11-01 16:55:35,398 [INFO] ThirdParty:967 - CMSIS Pack Vendor :STMicroelectronics X-CUBE-BLE1 6.2.3
2023-11-01 16:55:35,398 [INFO] ThirdParty:967 - CMSIS Pack Vendor :STMicroelectronics X-CUBE-ALGOBUILD 1.3.0
2023-11-01 16:55:35,398 [INFO] ThirdParty:967 - CMSIS Pack Vendor :STMicroelectronics X-CUBE-BLE1 6.2.4
2023-11-01 16:55:35,398 [INFO] ThirdParty:967 - CMSIS Pack Vendor :STMicroelectronics X-CUBE-AZRTOS-L5 1.1.0
2023-11-01 16:55:35,398 [INFO] ThirdParty:967 - CMSIS Pack Vendor :STMicroelectronics FreeRTOS 0.0.1
2023-11-01 16:55:35,398 [INFO] ThirdParty:967 - CMSIS Pack Vendor :STMicroelectronics X-CUBE-AZRTOS-G0 1.1.0
2023-11-01 16:55:35,398 [INFO] ThirdParty:967 - CMSIS Pack Vendor :STMicroelectronics X-CUBE-SUBG2 5.0.0
2023-11-01 16:55:35,398 [INFO] ThirdParty:967 - CMSIS Pack Vendor :STMicroelectronics X-CUBE-NFC4 3.0.0
2023-11-01 16:55:35,398 [INFO] ThirdParty:967 - CMSIS Pack Vendor :SEGGER I-CUBE-embOS 1.2.0
2023-11-01 16:55:35,398 [INFO] ThirdParty:967 - CMSIS Pack Vendor :STMicroelectronics lwIP 2.0.3
2023-11-01 16:55:35,398 [INFO] ThirdParty:967 - CMSIS Pack Vendor :STMicroelectronics X-CUBE-NFC4 2.0.5
2023-11-01 16:55:35,398 [INFO] ThirdParty:967 - CMSIS Pack Vendor :STMicroelectronics X-CUBE-NFC4 2.0.4
2023-11-01 16:55:35,398 [INFO] ThirdParty:967 - CMSIS Pack Vendor :STMicroelectronics USB_HOST 1.0.0
2023-11-01 16:55:35,399 [INFO] ThirdParty:967 - CMSIS Pack Vendor :STMicroelectronics X-CUBE-AZRTOS-G4 2.0.0
2023-11-01 16:55:35,399 [INFO] ThirdParty:967 - CMSIS Pack Vendor :STMicroelectronics PDM2PCM 3.1.0
2023-11-01 16:55:35,399 [INFO] ThirdParty:967 - CMSIS Pack Vendor :STMicroelectronics X-CUBE-AZRTOS-H7 3.1.0
2023-11-01 16:55:35,399 [INFO] ThirdParty:967 - CMSIS Pack Vendor :STMicroelectronics PDM2PCM 3.3.0
2023-11-01 16:55:35,399 [INFO] ThirdParty:967 - CMSIS Pack Vendor :STMicroelectronics X-CUBE-TOF1 3.1.0
2023-11-01 16:55:35,399 [INFO] ThirdParty:967 - CMSIS Pack Vendor :STMicroelectronics X-CUBE-BLEMGR 1.3.0
2023-11-01 16:55:35,399 [INFO] ThirdParty:967 - CMSIS Pack Vendor :STMicroelectronics X-CUBE-AZRTOS-G4 1.0.0
2023-11-01 16:55:35,399 [INFO] ThirdParty:967 - CMSIS Pack Vendor :STMicroelectronics FP-ATR-SIGFOX1 3.2.0
2023-11-01 16:55:35,399 [INFO] ThirdParty:967 - CMSIS Pack Vendor :STMicroelectronics X-CUBE-AZRTOS-L4 1.0.0
2023-11-01 16:55:35,399 [INFO] ThirdParty:967 - CMSIS Pack Vendor :wolfSSL I-CUBE-wolfSSL 5.5.0
2023-11-01 16:55:35,399 [INFO] ThirdParty:967 - CMSIS Pack Vendor :STMicroelectronics HAL Drivers 0.0.0
2023-11-01 16:55:35,399 [INFO] ThirdParty:967 - CMSIS Pack Vendor :STMicroelectronics MBEDTLS 2.16.2
2023-11-01 16:55:35,399 [INFO] ThirdParty:967 - CMSIS Pack Vendor :emotas I-CUBE-CANOPEN 1.1.2
2023-11-01 16:55:35,400 [INFO] ThirdParty:967 - CMSIS Pack Vendor :STMicroelectronics X-CUBE-TOUCHGFX 4.20.0
2023-11-01 16:55:35,400 [INFO] ThirdParty:967 - CMSIS Pack Vendor :STMicroelectronics X-CUBE-MEMS1 10.0.0
2023-11-01 16:55:35,400 [INFO] ThirdParty:967 - CMSIS Pack Vendor :STMicroelectronics X-CUBE-NFC7 1.0.1
2023-11-01 16:55:35,400 [INFO] ThirdParty:967 - CMSIS Pack Vendor :STMicroelectronics MBEDTLS 2.14.1
2023-11-01 16:55:35,400 [INFO] ThirdParty:967 - CMSIS Pack Vendor :STMicroelectronics X-CUBE-NFC7 1.0.0
2023-11-01 16:55:35,400 [INFO] ThirdParty:967 - CMSIS Pack Vendor :STMicroelectronics X-CUBE-TOUCHGFX 4.22.1
2023-11-01 16:55:35,400 [INFO] ThirdParty:967 - CMSIS Pack Vendor :STMicroelectronics X-CUBE-AZRTOS-WL 1.0.0
2023-11-01 16:55:35,400 [INFO] ThirdParty:967 - CMSIS Pack Vendor :STMicroelectronics X-CUBE-NFC6 3.0.0
2023-11-01 16:55:35,400 [INFO] ThirdParty:967 - CMSIS Pack Vendor :STMicroelectronics X-CUBE-MEMS1 9.3.0
2023-11-01 16:55:35,400 [INFO] ThirdParty:967 - CMSIS Pack Vendor :STMicroelectronics X-CUBE-EEPRMA1 4.1.0
2023-11-01 16:55:35,400 [INFO] ThirdParty:967 - CMSIS Pack Vendor :portGmbH I-Cube-SoM-uGOAL 1.1.0
2023-11-01 16:55:35,400 [INFO] ThirdParty:967 - CMSIS Pack Vendor :STMicroelectronics X-CUBE-AI 7.2.0
2023-11-01 16:55:35,401 [INFO] ThirdParty:967 - CMSIS Pack Vendor :STMicroelectronics X-CUBE-AZRTOS-WB 1.1.0
2023-11-01 16:55:35,401 [INFO] ThirdParty:967 - CMSIS Pack Vendor :STMicroelectronics X-CUBE-AZRTOS-WL 2.0.0
2023-11-01 16:55:35,401 [INFO] ThirdParty:967 - CMSIS Pack Vendor :SEGGER I-CUBE-embOS 1.3.1
2023-11-01 16:55:35,401 [INFO] ThirdParty:967 - CMSIS Pack Vendor :STMicroelectronics X-CUBE-AZRTOS-L5 1.0.0
2023-11-01 16:55:35,401 [INFO] ThirdParty:967 - CMSIS Pack Vendor :STMicroelectronics USB_DEVICE 1.0.0
2023-11-01 16:55:35,401 [INFO] ThirdParty:967 - CMSIS Pack Vendor :STMicroelectronics X-CUBE-EEPRMA1 3.1.1
2023-11-01 16:55:35,401 [INFO] ThirdParty:967 - CMSIS Pack Vendor :STMicroelectronics X-CUBE-AZRTOS-L4 2.0.0
2023-11-01 16:55:35,401 [INFO] ThirdParty:967 - CMSIS Pack Vendor :STMicroelectronics ThreadX 0.0.2
2023-11-01 16:55:35,401 [INFO] ThirdParty:967 - CMSIS Pack Vendor :WES I-CUBE-Cesium 1.3.0
2023-11-01 16:55:35,401 [INFO] ThirdParty:967 - CMSIS Pack Vendor :STMicroelectronics lwIP 2.1.2
2023-11-01 16:55:35,401 [INFO] ThirdParty:967 - CMSIS Pack Vendor :STMicroelectronics X-CUBE-SFXS2LP1 4.0.0
2023-11-01 16:55:35,401 [INFO] ThirdParty:967 - CMSIS Pack Vendor :STMicroelectronics X-CUBE-TOF1 3.2.0
2023-11-01 16:55:35,401 [INFO] ThirdParty:967 - CMSIS Pack Vendor :STMicroelectronics PDM2PCM 3.2.0
2023-11-01 16:55:35,402 [INFO] ThirdParty:967 - CMSIS Pack Vendor :STMicroelectronics X-CUBE-AZRTOS-H7 3.0.0
2023-11-01 16:55:35,402 [INFO] ThirdParty:967 - CMSIS Pack Vendor :STMicroelectronics X-CUBE-ISPU 1.0.0
2023-11-01 16:55:35,402 [INFO] ThirdParty:787 - exiting critical section [change project]
2023-11-01 16:55:35,652 [INFO] PinOutPanel:1463 - setPackage(No Configuration,No Configuration)
2023-11-01 16:55:35,653 [INFO] PinOutPanel:1463 - setPackage(STM32F103C6Tx,LQFP48)
2023-11-01 16:55:36,121 [INFO] UtilMem:74 - Before build in PCC Used Memory: 557860864 Bytes (714080256)
2023-11-01 16:55:36,777 [INFO] UtilMem:74 - After build in PCC Used Memory: 566959104 Bytes (714080256)
2023-11-01 16:55:36,805 [INFO] IPUIPlugin:74 - create IPUIPlugin
2023-11-01 16:55:36,805 [INFO] IPUIPlugin:74 - create IPUIPlugin
2023-11-01 16:55:36,805 [INFO] IPUIPlugin:74 - create IPUIPlugin
2023-11-01 16:55:36,805 [INFO] IPUIPlugin:74 - create IPUIPlugin
2023-11-01 16:55:36,806 [INFO] IPUIPlugin:74 - create IPUIPlugin
2023-11-01 16:55:36,806 [INFO] IPUIPlugin:74 - create IPUIPlugin
2023-11-01 16:55:36,806 [INFO] IPUIPlugin:74 - create IPUIPlugin
2023-11-01 16:55:36,806 [INFO] IPUIPlugin:74 - create IPUIPlugin
2023-11-01 16:55:36,806 [INFO] IPUIPlugin:74 - create IPUIPlugin
2023-11-01 16:55:36,807 [INFO] IPUIPlugin:74 - create IPUIPlugin
2023-11-01 16:55:36,807 [INFO] IPUIPlugin:74 - create IPUIPlugin
2023-11-01 16:55:36,807 [INFO] IPUIPlugin:74 - create IPUIPlugin
2023-11-01 16:55:36,808 [INFO] IPUIPlugin:74 - create IPUIPlugin
2023-11-01 16:55:36,808 [INFO] IPUIPlugin:74 - create IPUIPlugin
2023-11-01 16:55:36,809 [INFO] IPUIPlugin:74 - create IPUIPlugin
2023-11-01 16:55:36,809 [INFO] IPUIPlugin:74 - create IPUIPlugin
2023-11-01 16:55:36,809 [INFO] IPUIPlugin:74 - create IPUIPlugin
2023-11-01 16:55:36,810 [INFO] IPUIPlugin:74 - create IPUIPlugin
2023-11-01 16:55:36,810 [INFO] IPUIPlugin:74 - create IPUIPlugin
2023-11-01 16:55:36,811 [INFO] IPUIPlugin:74 - create IPUIPlugin
2023-11-01 16:55:36,812 [INFO] IPUIPlugin:74 - create IPUIPlugin
2023-11-01 16:55:36,812 [INFO] IPUIPlugin:74 - create IPUIPlugin
2023-11-01 16:55:36,813 [INFO] IPUIPlugin:74 - create IPUIPlugin
2023-11-01 16:55:36,950 [INFO] OpenFileManager:333 - Restore cursor
2023-11-01 16:55:37,298 [INFO] UtilMem:74 - End SaveConfig() Used Memory: 577030640 Bytes (714080256)
2023-11-01 16:55:37,366 [INFO] UtilMem:74 - End SaveConfig() Used Memory: 589269840 Bytes (714080256)
2023-11-01 16:55:37,816 [INFO] BlockDiagram:2740 - set Specific Code input for plugin: NVIC
2023-11-01 16:55:37,816 [INFO] BlockDiagram:2740 - set Specific Code input for plugin: SYS
2023-11-01 16:55:37,816 [INFO] BlockDiagram:2740 - set Specific Code input for plugin: RCC
2023-11-01 16:55:37,817 [INFO] CodeGenerator:663 - code generatio: config db path: C:\ST\STM32CubeIDE_1.7.0\STM32CubeIDE\plugins\com.st.stm32cube.common.mx_6.3.0.202107141111\\db\
2023-11-01 16:55:38,253 [INFO] CodeEngine:239 - oldGeneratedFile, C:\Users\Admin\Desktop\VXL\HK231\LAB2\EXERCISE1\SOURCE CODE\EXERCISE1\TIMER\MXTmpFiles\license.tmp_save
2023-11-01 16:55:38,881 [INFO] CodeEngine:257 - Generated code: C:\Users\Admin\Desktop\VXL\HK231\LAB2\EXERCISE1\SOURCE CODE\EXERCISE1\TIMER\MXTmpFiles\license.tmp
2023-11-01 16:55:39,033 [INFO] CodeEngine:239 - oldGeneratedFile, C:\Users\Admin\Desktop\VXL\HK231\LAB2\EXERCISE1\SOURCE CODE\EXERCISE1\TIMER\Core\Src\stm32f1xx_it.c_save
2023-11-01 16:55:39,306 [INFO] CodeEngine:257 - Generated code: C:\Users\Admin\Desktop\VXL\HK231\LAB2\EXERCISE1\SOURCE CODE\EXERCISE1\TIMER\Core\Src\stm32f1xx_it.c
2023-11-01 16:55:39,313 [INFO] CodeEngine:239 - oldGeneratedFile, C:\Users\Admin\Desktop\VXL\HK231\LAB2\EXERCISE1\SOURCE CODE\EXERCISE1\TIMER\Core\Inc\stm32f1xx_it.h_save
2023-11-01 16:55:39,512 [INFO] CodeEngine:257 - Generated code: C:\Users\Admin\Desktop\VXL\HK231\LAB2\EXERCISE1\SOURCE CODE\EXERCISE1\TIMER\Core\Inc\stm32f1xx_it.h
2023-11-01 16:55:39,534 [INFO] CodeEngine:239 - oldGeneratedFile, C:\Users\Admin\Desktop\VXL\HK231\LAB2\EXERCISE1\SOURCE CODE\EXERCISE1\TIMER\Core\Src\stm32f1xx_hal_msp.c_save
2023-11-01 16:55:39,828 [INFO] CodeEngine:257 - Generated code: C:\Users\Admin\Desktop\VXL\HK231\LAB2\EXERCISE1\SOURCE CODE\EXERCISE1\TIMER\Core\Src\stm32f1xx_hal_msp.c
2023-11-01 16:55:39,836 [INFO] CodeEngine:239 - oldGeneratedFile, C:\Users\Admin\Desktop\VXL\HK231\LAB2\EXERCISE1\SOURCE CODE\EXERCISE1\TIMER\MXTmpFiles\system.tmp_save
2023-11-01 16:55:40,067 [INFO] CodeEngine:257 - Generated code: C:\Users\Admin\Desktop\VXL\HK231\LAB2\EXERCISE1\SOURCE CODE\EXERCISE1\TIMER\MXTmpFiles\system.tmp
2023-11-01 16:55:40,088 [INFO] CodeEngine:239 - oldGeneratedFile, C:\Users\Admin\Desktop\VXL\HK231\LAB2\EXERCISE1\SOURCE CODE\EXERCISE1\TIMER\Core\Inc\stm32f1xx_hal_conf.h_save
2023-11-01 16:55:40,337 [INFO] CodeEngine:257 - Generated code: C:\Users\Admin\Desktop\VXL\HK231\LAB2\EXERCISE1\SOURCE CODE\EXERCISE1\TIMER\Core\Inc\stm32f1xx_hal_conf.h
2023-11-01 16:55:40,500 [INFO] CodeEngine:239 - oldGeneratedFile, C:\Users\Admin\Desktop\VXL\HK231\LAB2\EXERCISE1\SOURCE CODE\EXERCISE1\TIMER\Core\Inc\main.h_save
2023-11-01 16:55:40,781 [INFO] CodeEngine:257 - Generated code: C:\Users\Admin\Desktop\VXL\HK231\LAB2\EXERCISE1\SOURCE CODE\EXERCISE1\TIMER\Core\Inc\main.h
2023-11-01 16:55:40,789 [INFO] CodeEngine:239 - oldGeneratedFile, C:\Users\Admin\Desktop\VXL\HK231\LAB2\EXERCISE1\SOURCE CODE\EXERCISE1\TIMER\Core\Src\main.c_save
2023-11-01 16:55:41,088 [INFO] CodeEngine:257 - Generated code: C:\Users\Admin\Desktop\VXL\HK231\LAB2\EXERCISE1\SOURCE CODE\EXERCISE1\TIMER\Core\Src\main.c
2023-11-01 16:55:43,032 [INFO] ProjectBuilder:2578 - Time for Copy HAL[1] : 154mS.
2023-11-01 16:55:43,047 [INFO] ProjectBuilder:3622 - Project Generator version: 3.14.1
2023-11-01 16:55:44,678 [INFO] ConfigFileManager:1271 - The Die is : DIE412
2023-11-01 16:55:44,761 [INFO] ApiDbMcu:468 - Load IP Config File for FATFS
2023-11-01 16:55:44,931 [INFO] ApiDbMcu:468 - Load IP Config File for FREERTOS
2023-11-01 16:55:45,230 [INFO] ApiDbMcu:468 - Load IP Config File for USB_DEVICE
2023-11-01 16:55:57,325 [INFO] ProjectBuilder:3789 - Time for Generating toolchain IDE Files: 14277mS.
2023-11-01 16:55:57,328 [INFO] ProjectBuilder:2457 - Time for Copy CMSIS : 2mS.
2023-11-01 16:55:57,336 [INFO] ProjectBuilder:2457 - Time for Copy CMSIS : 1mS.
2023-11-01 16:55:59,343 [INFO] McuFinderGlobals:52 - Set McuFinderConnectedMode to true
2023-11-01 16:55:59,348 [INFO] ApiDb:276 - Save user favorites file C:\Users\Admin/.stm32cubeide/favorites.mcus.txt: 0 item(s)
2023-11-01 16:55:59,349 [INFO] ApiDb:280 - User favorites MCUs=[]
2023-11-01 17:03:44,249 [INFO] NvicIntPanel:96 - NVIC parent = com.st.microxplorer.plugins.ip.nvic.MultiNvicIntPanel[,0,0,0x0,invalid,layout=javax.swing.BoxLayout,alignmentX=0.0,alignmentY=0.0,border=,flags=9,maximumSize=,minimumSize=,preferredSize=]
2023-11-01 17:03:51,880 [ERROR] LogOutputStream:74 - [STDERR_REDIRECT] Exception in thread "AWT-EventQueue-0" java.awt.IllegalComponentStateException: component must be showing on the screen to determine its location
2023-11-01 17:03:51,882 [ERROR] LogOutputStream:74 - [STDERR_REDIRECT] 	at java.desktop/java.awt.Component.getLocationOnScreen_NoTreeLock(Component.java:2101)
2023-11-01 17:03:51,885 [ERROR] LogOutputStream:74 - [STDERR_REDIRECT] 	at java.desktop/java.awt.Component.getLocationOnScreen(Component.java:2075)
2023-11-01 17:03:51,887 [ERROR] LogOutputStream:74 - [STDERR_REDIRECT] 	at java.desktop/javax.swing.JPopupMenu.show(JPopupMenu.java:940)
2023-11-01 17:03:51,888 [ERROR] LogOutputStream:74 - [STDERR_REDIRECT] 	at java.desktop/javax.swing.plaf.basic.BasicComboPopup.show(BasicComboPopup.java:235)
2023-11-01 17:03:51,889 [ERROR] LogOutputStream:74 - [STDERR_REDIRECT] 	at java.desktop/javax.swing.plaf.basic.BasicComboPopup.togglePopup(BasicComboPopup.java:1218)
2023-11-01 17:03:51,891 [ERROR] LogOutputStream:74 - [STDERR_REDIRECT] 	at java.desktop/javax.swing.plaf.basic.BasicComboPopup$Handler.mousePressed(BasicComboPopup.java:897)
2023-11-01 17:03:51,892 [ERROR] LogOutputStream:74 - [STDERR_REDIRECT] 	at java.desktop/java.awt.Component.processMouseEvent(Component.java:6632)
2023-11-01 17:03:51,893 [ERROR] LogOutputStream:74 - [STDERR_REDIRECT] 	at java.desktop/javax.swing.JComponent.processMouseEvent(JComponent.java:3342)
2023-11-01 17:03:51,895 [ERROR] LogOutputStream:74 - [STDERR_REDIRECT] 	at java.desktop/java.awt.Component.processEvent(Component.java:6400)
2023-11-01 17:03:51,896 [ERROR] LogOutputStream:74 - [STDERR_REDIRECT] 	at java.desktop/java.awt.Container.processEvent(Container.java:2263)
2023-11-01 17:03:51,897 [ERROR] LogOutputStream:74 - [STDERR_REDIRECT] 	at java.desktop/java.awt.Component.dispatchEventImpl(Component.java:5011)
2023-11-01 17:03:51,898 [ERROR] LogOutputStream:74 - [STDERR_REDIRECT] 	at java.desktop/java.awt.Container.dispatchEventImpl(Container.java:2321)
2023-11-01 17:03:51,901 [ERROR] LogOutputStream:74 - [STDERR_REDIRECT] 	at java.desktop/java.awt.Component.dispatchEvent(Component.java:4843)
2023-11-01 17:03:51,902 [ERROR] LogOutputStream:74 - [STDERR_REDIRECT] 	at java.desktop/javax.swing.plaf.basic.BasicTableUI$Handler.repostEvent(BasicTableUI.java:967)
2023-11-01 17:03:51,902 [ERROR] LogOutputStream:74 - [STDERR_REDIRECT] 	at java.desktop/javax.swing.plaf.basic.BasicTableUI$Handler.adjustSelection(BasicTableUI.java:1129)
2023-11-01 17:03:51,902 [ERROR] LogOutputStream:74 - [STDERR_REDIRECT] 	at java.desktop/javax.swing.plaf.basic.BasicTableUI$Handler.mousePressed(BasicTableUI.java:1057)
2023-11-01 17:03:51,902 [ERROR] LogOutputStream:74 - [STDERR_REDIRECT] 	at java.desktop/java.awt.AWTEventMulticaster.mousePressed(AWTEventMulticaster.java:288)
2023-11-01 17:03:51,902 [ERROR] LogOutputStream:74 - [STDERR_REDIRECT] 	at java.desktop/java.awt.AWTEventMulticaster.mousePressed(AWTEventMulticaster.java:287)
2023-11-01 17:03:51,902 [ERROR] LogOutputStream:74 - [STDERR_REDIRECT] 	at java.desktop/java.awt.AWTEventMulticaster.mousePressed(AWTEventMulticaster.java:287)
2023-11-01 17:03:51,902 [ERROR] LogOutputStream:74 - [STDERR_REDIRECT] 	at java.desktop/java.awt.AWTEventMulticaster.mousePressed(AWTEventMulticaster.java:287)
2023-11-01 17:03:51,902 [ERROR] LogOutputStream:74 - [STDERR_REDIRECT] 	at java.desktop/java.awt.Component.processMouseEvent(Component.java:6632)
2023-11-01 17:03:51,902 [ERROR] LogOutputStream:74 - [STDERR_REDIRECT] 	at java.desktop/javax.swing.JComponent.processMouseEvent(JComponent.java:3342)
2023-11-01 17:03:51,914 [ERROR] LogOutputStream:74 - [STDERR_REDIRECT] 	at java.desktop/java.awt.Component.processEvent(Component.java:6400)
2023-11-01 17:03:51,914 [ERROR] LogOutputStream:74 - [STDERR_REDIRECT] 	at java.desktop/java.awt.Container.processEvent(Container.java:2263)
2023-11-01 17:03:51,915 [ERROR] LogOutputStream:74 - [STDERR_REDIRECT] 	at java.desktop/java.awt.Component.dispatchEventImpl(Component.java:5011)
2023-11-01 17:03:51,917 [ERROR] LogOutputStream:74 - [STDERR_REDIRECT] 	at java.desktop/java.awt.Container.dispatchEventImpl(Container.java:2321)
2023-11-01 17:03:51,918 [ERROR] LogOutputStream:74 - [STDERR_REDIRECT] 	at java.desktop/java.awt.Component.dispatchEvent(Component.java:4843)
2023-11-01 17:03:51,919 [ERROR] LogOutputStream:74 - [STDERR_REDIRECT] 	at java.desktop/java.awt.LightweightDispatcher.retargetMouseEvent(Container.java:4918)
2023-11-01 17:03:51,920 [ERROR] LogOutputStream:74 - [STDERR_REDIRECT] 	at java.desktop/java.awt.LightweightDispatcher.processMouseEvent(Container.java:4544)
2023-11-01 17:03:51,921 [ERROR] LogOutputStream:74 - [STDERR_REDIRECT] 	at java.desktop/java.awt.LightweightDispatcher.dispatchEvent(Container.java:4488)
2023-11-01 17:03:51,922 [ERROR] LogOutputStream:74 - [STDERR_REDIRECT] 	at java.desktop/java.awt.Container.dispatchEventImpl(Container.java:2307)
2023-11-01 17:03:51,924 [ERROR] LogOutputStream:74 - [STDERR_REDIRECT] 	at java.desktop/java.awt.Component.dispatchEvent(Component.java:4843)
2023-11-01 17:03:51,925 [ERROR] LogOutputStream:74 - [STDERR_REDIRECT] 	at java.desktop/java.awt.EventQueue.dispatchEventImpl(EventQueue.java:772)
2023-11-01 17:03:51,926 [ERROR] LogOutputStream:74 - [STDERR_REDIRECT] 	at java.desktop/java.awt.EventQueue$4.run(EventQueue.java:721)
2023-11-01 17:03:51,927 [ERROR] LogOutputStream:74 - [STDERR_REDIRECT] 	at java.desktop/java.awt.EventQueue$4.run(EventQueue.java:715)
2023-11-01 17:03:51,928 [ERROR] LogOutputStream:74 - [STDERR_REDIRECT] 	at java.base/java.security.AccessController.doPrivileged(Native Method)
2023-11-01 17:03:51,930 [ERROR] LogOutputStream:74 - [STDERR_REDIRECT] 	at java.base/java.security.ProtectionDomain$JavaSecurityAccessImpl.doIntersectionPrivilege(ProtectionDomain.java:85)
2023-11-01 17:03:51,932 [ERROR] LogOutputStream:74 - [STDERR_REDIRECT] 	at java.base/java.security.ProtectionDomain$JavaSecurityAccessImpl.doIntersectionPrivilege(ProtectionDomain.java:95)
2023-11-01 17:03:51,933 [ERROR] LogOutputStream:74 - [STDERR_REDIRECT] 	at java.desktop/java.awt.EventQueue$5.run(EventQueue.java:745)
2023-11-01 17:03:51,934 [ERROR] LogOutputStream:74 - [STDERR_REDIRECT] 	at java.desktop/java.awt.EventQueue$5.run(EventQueue.java:743)
2023-11-01 17:03:51,935 [ERROR] LogOutputStream:74 - [STDERR_REDIRECT] 	at java.base/java.security.AccessController.doPrivileged(Native Method)
2023-11-01 17:03:51,937 [ERROR] LogOutputStream:74 - [STDERR_REDIRECT] 	at java.base/java.security.ProtectionDomain$JavaSecurityAccessImpl.doIntersectionPrivilege(ProtectionDomain.java:85)
2023-11-01 17:03:51,938 [ERROR] LogOutputStream:74 - [STDERR_REDIRECT] 	at java.desktop/java.awt.EventQueue.dispatchEvent(EventQueue.java:742)
2023-11-01 17:03:51,939 [ERROR] LogOutputStream:74 - [STDERR_REDIRECT] 	at java.desktop/java.awt.EventDispatchThread.pumpOneEventForFilters(EventDispatchThread.java:203)
2023-11-01 17:03:51,941 [ERROR] LogOutputStream:74 - [STDERR_REDIRECT] 	at java.desktop/java.awt.EventDispatchThread.pumpEventsForFilter(EventDispatchThread.java:124)
2023-11-01 17:03:51,942 [ERROR] LogOutputStream:74 - [STDERR_REDIRECT] 	at java.desktop/java.awt.EventDispatchThread.pumpEventsForHierarchy(EventDispatchThread.java:113)
2023-11-01 17:03:51,943 [ERROR] LogOutputStream:74 - [STDERR_REDIRECT] 	at java.desktop/java.awt.EventDispatchThread.pumpEvents(EventDispatchThread.java:109)
2023-11-01 17:03:51,944 [ERROR] LogOutputStream:74 - [STDERR_REDIRECT] 	at java.desktop/java.awt.EventDispatchThread.pumpEvents(EventDispatchThread.java:101)
2023-11-01 17:03:51,945 [ERROR] LogOutputStream:74 - [STDERR_REDIRECT] 	at java.desktop/java.awt.EventDispatchThread.run(EventDispatchThread.java:90)
2023-11-01 17:03:56,301 [INFO] NvicIntPanel:96 - NVIC parent = com.st.microxplorer.plugins.ip.nvic.MultiNvicIntPanel[,0,0,450x118,layout=javax.swing.BoxLayout,alignmentX=0.0,alignmentY=0.0,border=,flags=9,maximumSize=,minimumSize=,preferredSize=]
2023-11-01 17:03:59,984 [INFO] UtilMem:74 - End SaveConfig() Used Memory: 788171688 Bytes (1017118720)
2023-11-01 17:04:01,639 [INFO] UtilMem:74 - End SaveConfig() Used Memory: 808860824 Bytes (1017118720)
2023-11-01 17:04:04,611 [INFO] UtilMem:74 - End SaveConfig() Used Memory: 741134152 Bytes (1017118720)
2023-11-01 17:04:05,514 [INFO] BlockDiagram:2740 - set Specific Code input for plugin: NVIC
2023-11-01 17:04:05,515 [INFO] BlockDiagram:2740 - set Specific Code input for plugin: SYS
2023-11-01 17:04:05,516 [INFO] BlockDiagram:2740 - set Specific Code input for plugin: GPIO
2023-11-01 17:04:05,516 [INFO] BlockDiagram:2740 - set Specific Code input for plugin: RCC
2023-11-01 17:04:05,516 [INFO] BlockDiagram:2740 - set Specific Code input for plugin: TIM1_8F1
2023-11-01 17:04:05,518 [INFO] CodeGenerator:663 - code generatio: config db path: C:\ST\STM32CubeIDE_1.7.0\STM32CubeIDE\plugins\com.st.stm32cube.common.mx_6.3.0.202107141111\\db\
2023-11-01 17:04:06,518 [INFO] CodeEngine:239 - oldGeneratedFile, C:\Users\Admin\Desktop\VXL\HK231\LAB2\EXERCISE1\SOURCE CODE\EXERCISE1\TIMER\MXTmpFiles\license.tmp_save
2023-11-01 17:04:06,666 [INFO] CodeEngine:257 - Generated code: C:\Users\Admin\Desktop\VXL\HK231\LAB2\EXERCISE1\SOURCE CODE\EXERCISE1\TIMER\MXTmpFiles\license.tmp
2023-11-01 17:04:06,862 [INFO] CodeEngine:239 - oldGeneratedFile, C:\Users\Admin\Desktop\VXL\HK231\LAB2\EXERCISE1\SOURCE CODE\EXERCISE1\TIMER\MXTmpFiles\gpio.tmp_save
2023-11-01 17:04:07,015 [INFO] CodeEngine:257 - Generated code: C:\Users\Admin\Desktop\VXL\HK231\LAB2\EXERCISE1\SOURCE CODE\EXERCISE1\TIMER\MXTmpFiles\gpio.tmp
2023-11-01 17:04:07,420 [INFO] CodeEngine:239 - oldGeneratedFile, C:\Users\Admin\Desktop\VXL\HK231\LAB2\EXERCISE1\SOURCE CODE\EXERCISE1\TIMER\Core\Src\stm32f1xx_it.c_save
2023-11-01 17:04:07,667 [INFO] CodeEngine:257 - Generated code: C:\Users\Admin\Desktop\VXL\HK231\LAB2\EXERCISE1\SOURCE CODE\EXERCISE1\TIMER\Core\Src\stm32f1xx_it.c
2023-11-01 17:04:07,679 [INFO] CodeEngine:239 - oldGeneratedFile, C:\Users\Admin\Desktop\VXL\HK231\LAB2\EXERCISE1\SOURCE CODE\EXERCISE1\TIMER\Core\Inc\stm32f1xx_it.h_save
2023-11-01 17:04:07,864 [INFO] CodeEngine:257 - Generated code: C:\Users\Admin\Desktop\VXL\HK231\LAB2\EXERCISE1\SOURCE CODE\EXERCISE1\TIMER\Core\Inc\stm32f1xx_it.h
2023-11-01 17:04:07,909 [INFO] CodeEngine:239 - oldGeneratedFile, C:\Users\Admin\Desktop\VXL\HK231\LAB2\EXERCISE1\SOURCE CODE\EXERCISE1\TIMER\Core\Src\stm32f1xx_hal_msp.c_save
2023-11-01 17:04:08,222 [INFO] CodeEngine:257 - Generated code: C:\Users\Admin\Desktop\VXL\HK231\LAB2\EXERCISE1\SOURCE CODE\EXERCISE1\TIMER\Core\Src\stm32f1xx_hal_msp.c
2023-11-01 17:04:08,232 [INFO] CodeEngine:239 - oldGeneratedFile, C:\Users\Admin\Desktop\VXL\HK231\LAB2\EXERCISE1\SOURCE CODE\EXERCISE1\TIMER\MXTmpFiles\system.tmp_save
2023-11-01 17:04:08,415 [INFO] CodeEngine:257 - Generated code: C:\Users\Admin\Desktop\VXL\HK231\LAB2\EXERCISE1\SOURCE CODE\EXERCISE1\TIMER\MXTmpFiles\system.tmp
2023-11-01 17:04:08,499 [INFO] CodeEngine:239 - oldGeneratedFile, C:\Users\Admin\Desktop\VXL\HK231\LAB2\EXERCISE1\SOURCE CODE\EXERCISE1\TIMER\Core\Inc\stm32f1xx_hal_conf.h_save
2023-11-01 17:04:08,800 [INFO] CodeEngine:257 - Generated code: C:\Users\Admin\Desktop\VXL\HK231\LAB2\EXERCISE1\SOURCE CODE\EXERCISE1\TIMER\Core\Inc\stm32f1xx_hal_conf.h
2023-11-01 17:04:08,897 [WARN] IPConfigManager:3148 - IP not found : TIM
2023-11-01 17:04:08,899 [WARN] CodeGenerator:3268 - IP not found : null
2023-11-01 17:04:08,933 [INFO] CodeEngine:239 - oldGeneratedFile, C:\Users\Admin\Desktop\VXL\HK231\LAB2\EXERCISE1\SOURCE CODE\EXERCISE1\TIMER\Core\Inc\main.h_save
2023-11-01 17:04:09,204 [INFO] CodeEngine:257 - Generated code: C:\Users\Admin\Desktop\VXL\HK231\LAB2\EXERCISE1\SOURCE CODE\EXERCISE1\TIMER\Core\Inc\main.h
2023-11-01 17:04:09,233 [INFO] CodeEngine:239 - oldGeneratedFile, C:\Users\Admin\Desktop\VXL\HK231\LAB2\EXERCISE1\SOURCE CODE\EXERCISE1\TIMER\Core\Src\main.c_save
2023-11-01 17:04:09,616 [INFO] CodeEngine:257 - Generated code: C:\Users\Admin\Desktop\VXL\HK231\LAB2\EXERCISE1\SOURCE CODE\EXERCISE1\TIMER\Core\Src\main.c
2023-11-01 17:04:11,870 [INFO] ProjectBuilder:2578 - Time for Copy HAL[1] : 179mS.
2023-11-01 17:04:11,881 [INFO] ProjectBuilder:3622 - Project Generator version: 3.14.1
2023-11-01 17:04:13,703 [INFO] ConfigFileManager:1271 - The Die is : DIE412
2023-11-01 17:04:19,801 [INFO] ProjectBuilder:3789 - Time for Generating toolchain IDE Files: 7920mS.
2023-11-01 17:04:19,817 [INFO] ProjectBuilder:2457 - Time for Copy CMSIS : 1mS.
2023-11-01 17:04:19,825 [INFO] ProjectBuilder:2457 - Time for Copy CMSIS : 0mS.
