2023-11-01 20:50:26,064 [INFO] Activator:177 - 


2023-11-01 20:50:26,064 [INFO] Activator:178 - !SESSION log4j initialized
2023-11-01 20:50:59,500 [INFO] McuFinderGlobals:39 - Set McuFinder mode to 2 (CubeIDE integrated)
2023-11-01 20:50:59,656 [INFO] ApplicationProperties:181 - Using Application install path: C:\ST\STM32CubeIDE_1.7.0\STM32CubeIDE\plugins\com.st.stm32cube.common.mx_6.3.0.202107141111
2023-11-01 20:50:59,656 [INFO] DbMcusXml:74 - Set database path to: C:\ST\STM32CubeIDE_1.7.0\STM32CubeIDE\plugins\com.st.stm32cube.common.mx_6.3.0.202107141111\\db\/mcu/
2023-11-01 20:50:59,672 [INFO] DbBoardsPdsc:56 - Set plugin database path to: C:\ST\STM32CubeIDE_1.7.0\STM32CubeIDE\plugins\com.st.stm32cube.common.mx_6.3.0.202107141111\\db\/plugins/boardmanager/
2023-11-01 20:50:59,672 [INFO] DbMcus:258 - Set plugin images path to: C:\ST\STM32CubeIDE_1.7.0\STM32CubeIDE\plugins\com.st.stm32cube.common.mx_6.3.0.202107141111\\db\/plugins/mcufinder/images/
2023-11-01 20:50:59,672 [INFO] DbBoards:264 - Set plugin images path to: C:\ST\STM32CubeIDE_1.7.0\STM32CubeIDE\plugins\com.st.stm32cube.common.mx_6.3.0.202107141111\\db\/plugins/mcufinder/images/
2023-11-01 20:50:59,672 [INFO] DbExamples:333 - Set plugin images path to: C:\ST\STM32CubeIDE_1.7.0\STM32CubeIDE\plugins\com.st.stm32cube.common.mx_6.3.0.202107141111\\db\/plugins/mcufinder/images/
2023-11-01 20:50:59,672 [INFO] DbMcusAds:119 - Set database path to: C:\Users\Admin\.stmcufinder\plugins\mcufinder//mcu/
2023-11-01 20:50:59,672 [INFO] DbMcusDocs:110 - Set database path to: C:\Users\Admin\.stmcufinder\plugins\mcufinder//mcu/
2023-11-01 20:50:59,672 [INFO] DbMcusJson:64 - Set database path to: C:\Users\Admin\.stmcufinder\plugins\mcufinder//mcu/
2023-11-01 20:50:59,672 [INFO] DbBoardsDocs:110 - Set database path to: C:\Users\Admin\.stmcufinder\plugins\mcufinder//mcu/
2023-11-01 20:50:59,672 [INFO] DbBoardsJson:57 - Set database path to: C:\Users\Admin\.stmcufinder\plugins\mcufinder//mcu/
2023-11-01 20:50:59,688 [INFO] CrossReferenceDbSqlite:196 - Set database path to: C:\Users\Admin\.stmcufinder\plugins\mcufinder//mcu/cs/
2023-11-01 20:50:59,688 [INFO] DbExamplesSqlite:767 - Set database path to: C:\Users\Admin\.stmcufinder\plugins\mcufinder//mcu/
2023-11-01 20:50:59,781 [INFO] RulesReader:57 - Compatibility file has been processed (242 Rules)
2023-11-01 20:50:59,875 [INFO] DbMcusXml:74 - Set database path to: C:\ST\STM32CubeIDE_1.7.0\STM32CubeIDE\plugins\com.st.stm32cube.common.mx_6.3.0.202107141111\\db\/mcu/
2023-11-01 20:50:59,875 [INFO] DbBoardsPdsc:56 - Set plugin database path to: C:\ST\STM32CubeIDE_1.7.0\STM32CubeIDE\plugins\com.st.stm32cube.common.mx_6.3.0.202107141111\\db\/plugins/boardmanager/
2023-11-01 20:50:59,875 [INFO] DbMcus:258 - Set plugin images path to: C:\ST\STM32CubeIDE_1.7.0\STM32CubeIDE\plugins\com.st.stm32cube.common.mx_6.3.0.202107141111\\db\/plugins/mcufinder/images/
2023-11-01 20:50:59,875 [INFO] DbBoards:264 - Set plugin images path to: C:\ST\STM32CubeIDE_1.7.0\STM32CubeIDE\plugins\com.st.stm32cube.common.mx_6.3.0.202107141111\\db\/plugins/mcufinder/images/
2023-11-01 20:50:59,875 [INFO] DbExamples:333 - Set plugin images path to: C:\ST\STM32CubeIDE_1.7.0\STM32CubeIDE\plugins\com.st.stm32cube.common.mx_6.3.0.202107141111\\db\/plugins/mcufinder/images/
2023-11-01 20:50:59,875 [WARN] DbFile:35 - Overriding database path with different value: C:\Users\Admin\.stmcufinder\plugins\mcufinder/ => C:\Users\Admin\.stmcufinder\plugins\mcufinder
2023-11-01 20:50:59,875 [INFO] DbMcusAds:119 - Set database path to: C:\Users\Admin\.stmcufinder\plugins\mcufinder//mcu/
2023-11-01 20:50:59,875 [WARN] DbFile:35 - Overriding database path with different value: C:\Users\Admin\.stmcufinder\plugins\mcufinder/ => C:\Users\Admin\.stmcufinder\plugins\mcufinder
2023-11-01 20:50:59,875 [INFO] DbMcusDocs:110 - Set database path to: C:\Users\Admin\.stmcufinder\plugins\mcufinder//mcu/
2023-11-01 20:50:59,875 [WARN] DbFile:35 - Overriding database path with different value: C:\Users\Admin\.stmcufinder\plugins\mcufinder/ => C:\Users\Admin\.stmcufinder\plugins\mcufinder
2023-11-01 20:50:59,875 [INFO] DbMcusJson:64 - Set database path to: C:\Users\Admin\.stmcufinder\plugins\mcufinder//mcu/
2023-11-01 20:50:59,875 [WARN] DbFile:35 - Overriding database path with different value: C:\Users\Admin\.stmcufinder\plugins\mcufinder/ => C:\Users\Admin\.stmcufinder\plugins\mcufinder
2023-11-01 20:50:59,875 [INFO] DbBoardsDocs:110 - Set database path to: C:\Users\Admin\.stmcufinder\plugins\mcufinder//mcu/
2023-11-01 20:50:59,875 [WARN] DbFile:35 - Overriding database path with different value: C:\Users\Admin\.stmcufinder\plugins\mcufinder/ => C:\Users\Admin\.stmcufinder\plugins\mcufinder
2023-11-01 20:50:59,875 [INFO] DbBoardsJson:57 - Set database path to: C:\Users\Admin\.stmcufinder\plugins\mcufinder//mcu/
2023-11-01 20:50:59,875 [WARN] DbFile:35 - Overriding database path with different value: C:\Users\Admin\.stmcufinder\plugins\mcufinder/ => C:\Users\Admin\.stmcufinder\plugins\mcufinder
2023-11-01 20:50:59,875 [WARN] DbFile:35 - Overriding database path with different value: C:\Users\Admin\.stmcufinder\plugins\mcufinder/ => C:\Users\Admin\.stmcufinder\plugins\mcufinder
2023-11-01 20:50:59,875 [INFO] CrossReferenceDbSqlite:196 - Set database path to: C:\Users\Admin\.stmcufinder\plugins\mcufinder//mcu/cs/
2023-11-01 20:50:59,875 [WARN] DbFile:35 - Overriding database path with different value: C:\Users\Admin\.stmcufinder\plugins\mcufinder/ => C:\Users\Admin\.stmcufinder\plugins\mcufinder
2023-11-01 20:50:59,875 [INFO] DbExamplesSqlite:767 - Set database path to: C:\Users\Admin\.stmcufinder\plugins\mcufinder//mcu/
2023-11-01 20:50:59,953 [INFO] MainPanel:214 - HeapMemory: 295698432
2023-11-01 20:51:00,047 [INFO] DbMcusXml:74 - Set database path to: C:\ST\STM32CubeIDE_1.7.0\STM32CubeIDE\plugins\com.st.stm32cube.common.mx_6.3.0.202107141111\\db\/mcu/
2023-11-01 20:51:00,047 [INFO] DbBoardsPdsc:56 - Set plugin database path to: C:\ST\STM32CubeIDE_1.7.0\STM32CubeIDE\plugins\com.st.stm32cube.common.mx_6.3.0.202107141111\\db\/plugins/boardmanager/
2023-11-01 20:51:00,047 [INFO] DbMcus:258 - Set plugin images path to: C:\ST\STM32CubeIDE_1.7.0\STM32CubeIDE\plugins\com.st.stm32cube.common.mx_6.3.0.202107141111\\db\/plugins/mcufinder/images/
2023-11-01 20:51:00,047 [INFO] DbBoards:264 - Set plugin images path to: C:\ST\STM32CubeIDE_1.7.0\STM32CubeIDE\plugins\com.st.stm32cube.common.mx_6.3.0.202107141111\\db\/plugins/mcufinder/images/
2023-11-01 20:51:00,047 [INFO] DbExamples:333 - Set plugin images path to: C:\ST\STM32CubeIDE_1.7.0\STM32CubeIDE\plugins\com.st.stm32cube.common.mx_6.3.0.202107141111\\db\/plugins/mcufinder/images/
2023-11-01 20:51:00,047 [WARN] DbFile:35 - Overriding database path with different value: C:\Users\Admin\.stmcufinder\plugins\mcufinder/ => C:\Users\Admin\.stmcufinder\plugins\mcufinder
2023-11-01 20:51:00,047 [INFO] DbMcusAds:119 - Set database path to: C:\Users\Admin\.stmcufinder\plugins\mcufinder//mcu/
2023-11-01 20:51:00,047 [WARN] DbFile:35 - Overriding database path with different value: C:\Users\Admin\.stmcufinder\plugins\mcufinder/ => C:\Users\Admin\.stmcufinder\plugins\mcufinder
2023-11-01 20:51:00,047 [INFO] DbMcusDocs:110 - Set database path to: C:\Users\Admin\.stmcufinder\plugins\mcufinder//mcu/
2023-11-01 20:51:00,047 [WARN] DbFile:35 - Overriding database path with different value: C:\Users\Admin\.stmcufinder\plugins\mcufinder/ => C:\Users\Admin\.stmcufinder\plugins\mcufinder
2023-11-01 20:51:00,047 [INFO] DbMcusJson:64 - Set database path to: C:\Users\Admin\.stmcufinder\plugins\mcufinder//mcu/
2023-11-01 20:51:00,047 [WARN] DbFile:35 - Overriding database path with different value: C:\Users\Admin\.stmcufinder\plugins\mcufinder/ => C:\Users\Admin\.stmcufinder\plugins\mcufinder
2023-11-01 20:51:00,047 [INFO] DbBoardsDocs:110 - Set database path to: C:\Users\Admin\.stmcufinder\plugins\mcufinder//mcu/
2023-11-01 20:51:00,047 [WARN] DbFile:35 - Overriding database path with different value: C:\Users\Admin\.stmcufinder\plugins\mcufinder/ => C:\Users\Admin\.stmcufinder\plugins\mcufinder
2023-11-01 20:51:00,047 [INFO] DbBoardsJson:57 - Set database path to: C:\Users\Admin\.stmcufinder\plugins\mcufinder//mcu/
2023-11-01 20:51:00,047 [WARN] DbFile:35 - Overriding database path with different value: C:\Users\Admin\.stmcufinder\plugins\mcufinder/ => C:\Users\Admin\.stmcufinder\plugins\mcufinder
2023-11-01 20:51:00,047 [WARN] DbFile:35 - Overriding database path with different value: C:\Users\Admin\.stmcufinder\plugins\mcufinder/ => C:\Users\Admin\.stmcufinder\plugins\mcufinder
2023-11-01 20:51:00,047 [INFO] CrossReferenceDbSqlite:196 - Set database path to: C:\Users\Admin\.stmcufinder\plugins\mcufinder//mcu/cs/
2023-11-01 20:51:00,047 [WARN] DbFile:35 - Overriding database path with different value: C:\Users\Admin\.stmcufinder\plugins\mcufinder/ => C:\Users\Admin\.stmcufinder\plugins\mcufinder
2023-11-01 20:51:00,047 [INFO] DbExamplesSqlite:767 - Set database path to: C:\Users\Admin\.stmcufinder\plugins\mcufinder//mcu/
2023-11-01 20:51:00,062 [INFO] ApplicationProperties:181 - Using Application install path: C:\ST\STM32CubeIDE_1.7.0\STM32CubeIDE\plugins\com.st.stm32cube.common.mx_6.3.0.202107141111
2023-11-01 20:51:00,062 [INFO] PluginManage:188 - Search for loadable plugins [exclusion list=, ]
2023-11-01 20:51:00,062 [INFO] PluginManage:302 - Check plugin analytics
2023-11-01 20:51:00,203 [INFO] AnalyticsPlugin:257 - Accepted Software Licenses: 
2023-11-01 20:51:00,203 [INFO] AnalyticsPlugin:259 - Accepted CMSIS Pack Licenses: 
2023-11-01 20:51:00,203 [INFO] AnalyticsPlugin:261 - Accepted Firmware Licenses: 
2023-11-01 20:51:00,203 [INFO] PluginManage:352 - Loaded plugin analytics (category:tool,tabindex:-1)
2023-11-01 20:51:00,203 [INFO] PluginManage:302 - Check plugin clock
2023-11-01 20:51:00,219 [INFO] PluginManage:352 - Loaded plugin clock (category:base,tabindex:2)
2023-11-01 20:51:00,219 [INFO] PluginManage:302 - Check plugin ddr
2023-11-01 20:51:00,219 [INFO] PluginManage:352 - Loaded plugin ddr (category:tool,tabindex:6)
2023-11-01 20:51:00,219 [INFO] PluginManage:302 - Check plugin filemanager
2023-11-01 20:51:00,375 [INFO] PluginManage:352 - Loaded plugin filemanager (category:base,tabindex:10)
2023-11-01 20:51:00,375 [INFO] PluginManage:302 - Check plugin ipmanager
2023-11-01 20:51:00,375 [INFO] PluginManage:352 - Loaded plugin ipmanager (category:base,tabindex:5)
2023-11-01 20:51:00,375 [INFO] PluginManage:302 - Check plugin pinoutandconfiguration
2023-11-01 20:51:00,390 [INFO] PluginManage:352 - Loaded plugin pinoutandconfiguration (category:base,tabindex:1)
2023-11-01 20:51:00,390 [INFO] PluginManage:302 - Check plugin pinoutconfig
2023-11-01 20:51:00,406 [INFO] PluginManage:352 - Loaded plugin pinoutconfig (category:base,tabindex:0)
2023-11-01 20:51:00,406 [INFO] PluginManage:302 - Check plugin power
2023-11-01 20:51:00,422 [INFO] PluginManage:352 - Loaded plugin power (category:power,tabindex:4)
2023-11-01 20:51:00,422 [INFO] PluginManage:302 - Check plugin projectmanager
2023-11-01 20:51:00,437 [INFO] PluginManage:352 - Loaded plugin projectmanager (category:projectmanager,tabindex:3)
2023-11-01 20:51:00,437 [INFO] PluginManage:302 - Check plugin thirdparty
2023-11-01 20:51:00,547 [INFO] PluginManage:352 - Loaded plugin thirdparty (category:base,tabindex:-1)
2023-11-01 20:51:00,547 [INFO] PluginManage:302 - Check plugin tools
2023-11-01 20:51:00,547 [WARN] IntegrityCheckThread:78 - waiting for thirdparty lock release [integrity check]
2023-11-01 20:51:00,547 [INFO] IntegrityCheckThread:80 - entering critical section [integrity check]
2023-11-01 20:51:00,547 [INFO] ThirdPartyUpdaterWithRetryManager:66 - Updater plugin not ready yet. [1/15]
2023-11-01 20:51:00,547 [INFO] PluginManage:352 - Loaded plugin tools (category:base,tabindex:7)
2023-11-01 20:51:00,547 [INFO] PluginManage:302 - Check plugin tutovideos
2023-11-01 20:51:00,765 [INFO] PluginManage:352 - Loaded plugin tutovideos (category:base,tabindex:-1)
2023-11-01 20:51:00,765 [INFO] PluginManage:302 - Check plugin updater
2023-11-01 20:51:00,781 [INFO] PluginManage:352 - Loaded plugin updater (category:base,tabindex:12)
2023-11-01 20:51:00,781 [INFO] PluginManage:275 - PluginManage : Loaded plugins [13]
2023-11-01 20:51:00,922 [INFO] PinOutPanel:1463 - setPackage(No Configuration,No Configuration)
2023-11-01 20:51:01,031 [INFO] IPUIPlugin:74 - create IPUIPlugin
2023-11-01 20:51:01,031 [INFO] PluginManager:213 - loadIPPluginJar : add adc
2023-11-01 20:51:01,047 [INFO] IPUIPlugin:74 - create IPUIPlugin
2023-11-01 20:51:01,047 [INFO] PluginManager:213 - loadIPPluginJar : add aes
2023-11-01 20:51:01,047 [INFO] IPUIPlugin:74 - create IPUIPlugin
2023-11-01 20:51:01,047 [INFO] PluginManager:213 - loadIPPluginJar : add can
2023-11-01 20:51:01,047 [INFO] IPUIPlugin:74 - create IPUIPlugin
2023-11-01 20:51:01,047 [INFO] PluginManager:213 - loadIPPluginJar : add comp
2023-11-01 20:51:01,047 [INFO] IPUIPlugin:74 - create IPUIPlugin
2023-11-01 20:51:01,047 [INFO] PluginManager:213 - loadIPPluginJar : add cryp
2023-11-01 20:51:01,047 [INFO] IPUIPlugin:74 - create IPUIPlugin
2023-11-01 20:51:01,047 [INFO] PluginManager:213 - loadIPPluginJar : add dfsdm
2023-11-01 20:51:01,062 [INFO] IPUIPlugin:74 - create IPUIPlugin
2023-11-01 20:51:01,062 [INFO] PluginManager:213 - loadIPPluginJar : add dma
2023-11-01 20:51:01,062 [INFO] IPUIPlugin:74 - create IPUIPlugin
2023-11-01 20:51:01,062 [INFO] PluginManager:213 - loadIPPluginJar : add dma3
2023-11-01 20:51:01,062 [INFO] IPUIPlugin:74 - create IPUIPlugin
2023-11-01 20:51:01,062 [INFO] PluginManager:213 - loadIPPluginJar : add fatfs
2023-11-01 20:51:01,062 [INFO] IPUIPlugin:74 - create IPUIPlugin
2023-11-01 20:51:01,062 [INFO] PluginManager:213 - loadIPPluginJar : add fmc
2023-11-01 20:51:01,078 [INFO] IPUIPlugin:74 - create IPUIPlugin
2023-11-01 20:51:01,078 [INFO] PluginManager:213 - loadIPPluginJar : add freertos
2023-11-01 20:51:01,093 [INFO] IPUIPlugin:74 - create IPUIPlugin
2023-11-01 20:51:01,093 [INFO] PluginManager:213 - loadIPPluginJar : add genericplugin
2023-11-01 20:51:01,093 [INFO] IPUIPlugin:74 - create IPUIPlugin
2023-11-01 20:51:01,093 [INFO] PluginManager:213 - loadIPPluginJar : add gfxmmu
2023-11-01 20:51:01,093 [INFO] IPUIPlugin:74 - create IPUIPlugin
2023-11-01 20:51:01,093 [INFO] PluginManager:213 - loadIPPluginJar : add gic
2023-11-01 20:51:01,109 [INFO] IPUIPlugin:74 - create IPUIPlugin
2023-11-01 20:51:01,109 [INFO] PluginManager:213 - loadIPPluginJar : add gpio
2023-11-01 20:51:01,109 [INFO] IPUIPlugin:74 - create IPUIPlugin
2023-11-01 20:51:01,109 [INFO] PluginManager:213 - loadIPPluginJar : add gtzc
2023-11-01 20:51:01,109 [INFO] IPUIPlugin:74 - create IPUIPlugin
2023-11-01 20:51:01,109 [INFO] PluginManager:213 - loadIPPluginJar : add hash
2023-11-01 20:51:01,109 [INFO] IPUIPlugin:74 - create IPUIPlugin
2023-11-01 20:51:01,109 [INFO] PluginManager:213 - loadIPPluginJar : add i2c
2023-11-01 20:51:01,109 [INFO] IPUIPlugin:74 - create IPUIPlugin
2023-11-01 20:51:01,109 [INFO] PluginManager:213 - loadIPPluginJar : add i2s
2023-11-01 20:51:01,125 [INFO] IPUIPlugin:74 - create IPUIPlugin
2023-11-01 20:51:01,125 [INFO] PluginManager:213 - loadIPPluginJar : add ipddr
2023-11-01 20:51:01,125 [INFO] IPUIPlugin:74 - create IPUIPlugin
2023-11-01 20:51:01,125 [INFO] PluginManager:213 - loadIPPluginJar : add linkedlist
2023-11-01 20:51:01,125 [INFO] IPUIPlugin:74 - create IPUIPlugin
2023-11-01 20:51:01,125 [INFO] PluginManager:213 - loadIPPluginJar : add lorawan
2023-11-01 20:51:01,140 [INFO] IPUIPlugin:74 - create IPUIPlugin
2023-11-01 20:51:01,140 [INFO] PluginManager:213 - loadIPPluginJar : add ltdc
2023-11-01 20:51:01,140 [INFO] IPUIPlugin:74 - create IPUIPlugin
2023-11-01 20:51:01,140 [INFO] PluginManager:213 - loadIPPluginJar : add mdma
2023-11-01 20:51:01,140 [INFO] IPUIPlugin:74 - create IPUIPlugin
2023-11-01 20:51:01,140 [INFO] PluginManager:213 - loadIPPluginJar : add nvic
2023-11-01 20:51:01,140 [INFO] IPUIPlugin:74 - create IPUIPlugin
2023-11-01 20:51:01,140 [INFO] PluginManager:213 - loadIPPluginJar : add opamp
2023-11-01 20:51:01,140 [INFO] IPUIPlugin:74 - create IPUIPlugin
2023-11-01 20:51:01,140 [INFO] PluginManager:213 - loadIPPluginJar : add openamp
2023-11-01 20:51:01,156 [INFO] IPUIPlugin:74 - create IPUIPlugin
2023-11-01 20:51:01,156 [INFO] PluginManager:213 - loadIPPluginJar : add pdm2pcm
2023-11-01 20:51:01,156 [INFO] IPUIPlugin:74 - create IPUIPlugin
2023-11-01 20:51:01,156 [INFO] PluginManager:213 - loadIPPluginJar : add plateformsettings
2023-11-01 20:51:01,156 [INFO] IPUIPlugin:74 - create IPUIPlugin
2023-11-01 20:51:01,156 [INFO] PluginManager:213 - loadIPPluginJar : add quadspi
2023-11-01 20:51:01,171 [INFO] IPUIPlugin:74 - create IPUIPlugin
2023-11-01 20:51:01,171 [INFO] PluginManager:213 - loadIPPluginJar : add resmgrutility
2023-11-01 20:51:01,171 [INFO] IPUIPlugin:74 - create IPUIPlugin
2023-11-01 20:51:01,171 [INFO] PluginManager:213 - loadIPPluginJar : add sai
2023-11-01 20:51:01,171 [INFO] IPUIPlugin:74 - create IPUIPlugin
2023-11-01 20:51:01,171 [INFO] PluginManager:213 - loadIPPluginJar : add spi
2023-11-01 20:51:01,171 [INFO] IPUIPlugin:74 - create IPUIPlugin
2023-11-01 20:51:01,171 [INFO] PluginManager:213 - loadIPPluginJar : add stm32_wpan
2023-11-01 20:51:01,171 [INFO] IPUIPlugin:74 - create IPUIPlugin
2023-11-01 20:51:01,171 [INFO] PluginManager:213 - loadIPPluginJar : add tim
2023-11-01 20:51:01,187 [INFO] IPUIPlugin:74 - create IPUIPlugin
2023-11-01 20:51:01,187 [INFO] PluginManager:213 - loadIPPluginJar : add touchsensing
2023-11-01 20:51:01,187 [INFO] IPUIPlugin:74 - create IPUIPlugin
2023-11-01 20:51:01,187 [INFO] PluginManager:213 - loadIPPluginJar : add tracer_emb
2023-11-01 20:51:01,187 [INFO] IPUIPlugin:74 - create IPUIPlugin
2023-11-01 20:51:01,187 [INFO] PluginManager:213 - loadIPPluginJar : add ts
2023-11-01 20:51:01,187 [INFO] IPUIPlugin:74 - create IPUIPlugin
2023-11-01 20:51:01,187 [INFO] PluginManager:213 - loadIPPluginJar : add tsc
2023-11-01 20:51:01,187 [INFO] IPUIPlugin:74 - create IPUIPlugin
2023-11-01 20:51:01,187 [INFO] PluginManager:213 - loadIPPluginJar : add ucpd
2023-11-01 20:51:01,187 [INFO] IPUIPlugin:74 - create IPUIPlugin
2023-11-01 20:51:01,187 [INFO] PluginManager:213 - loadIPPluginJar : add usart
2023-11-01 20:51:01,187 [INFO] IPUIPlugin:74 - create IPUIPlugin
2023-11-01 20:51:01,203 [INFO] PluginManager:213 - loadIPPluginJar : add usbx
2023-11-01 20:51:01,578 [FATAL] Updater:294 - Updater called before beeing initialized
2023-11-01 20:51:01,718 [FATAL] Updater:294 - Updater called before beeing initialized
2023-11-01 20:51:01,734 [INFO] DbMcusAds:47 - JSON generation date=Tue Mar 07 15:50:55 ICT 2023 (1678179055114)
2023-11-01 20:51:01,734 [FATAL] Updater:294 - Updater called before beeing initialized
2023-11-01 20:51:01,781 [WARN] DetailPanel:314 - Failed to get advertising image, set to default
2023-11-01 20:51:01,921 [FATAL] Updater:294 - Updater called before beeing initialized
2023-11-01 20:51:01,921 [FATAL] Updater:294 - Updater called before beeing initialized
2023-11-01 20:51:01,921 [FATAL] Updater:294 - Updater called before beeing initialized
2023-11-01 20:51:01,921 [WARN] DetailPanel:314 - Failed to get advertising image, set to default
2023-11-01 20:51:01,921 [FATAL] Updater:294 - Updater called before beeing initialized
2023-11-01 20:51:01,999 [ERROR] Updater:1075 - MainUpdater not yet initialized. External WinMGr cannot be set.
2023-11-01 20:51:01,999 [INFO] Updater:1012 - Updater Version found : 6.3.0
2023-11-01 20:51:02,015 [INFO] ApplicationProperties:181 - Using Application install path: C:\ST\STM32CubeIDE_1.7.0\STM32CubeIDE\plugins\com.st.stm32cube.common.mx_6.3.0.202107141111
2023-11-01 20:51:02,328 [INFO] MainUpdater:2671 - connection check result : 10
2023-11-01 20:51:02,328 [INFO] MainUpdater:265 - Updater Check For Update Now.
2023-11-01 20:51:02,328 [INFO] MicroXplorer:478 - Change Database Version : DB.6.0.30
2023-11-01 20:51:02,515 [INFO] CheckServerUpdateThread:112 - End of CheckServer Thread
2023-11-01 20:51:02,562 [INFO] MainUpdater:2671 - connection check result : 10
2023-11-01 20:51:02,922 [INFO] McuFinderGlobals:52 - Set McuFinderConnectedMode to false
2023-11-01 20:51:03,172 [INFO] CrossSelectorPresenter:1330 - Cross Selector saved comparison directory: C:\Users\Admin\.stmcufinder\plugins\mcufinder\mcu\cs_comparisons_mx
2023-11-01 20:51:03,187 [INFO] MultiScanPanel:197 - Auto-refresh data requested => check proxy status ongoing
2023-11-01 20:51:03,187 [INFO] MultiScanPanel:201 - Proxy status is invalid
2023-11-01 20:51:03,187 [INFO] FinderPluginLoader:87 - Searching for filters in installed packs
2023-11-01 20:51:03,187 [INFO] DbMcusXml:100 - Load MCU database from C:\ST\STM32CubeIDE_1.7.0\STM32CubeIDE\plugins\com.st.stm32cube.common.mx_6.3.0.202107141111\\db\/mcu/families.xml
2023-11-01 20:51:04,141 [WARN] PackLoader:238 - Cannot read IP mode file for STMicroelectronics.X-CUBE-AZRTOS-F4.1.1.0
2023-11-01 20:51:04,172 [ERROR] Engine:463 - C:\Users\Admin\.stm32cubemx\thirdparties\pdsc\STMicroelectronics.X-CUBE-SMBUS.2.1.0.pdsc: PDSC version is not supported
2023-11-01 20:51:04,234 [WARN] PackLoader:238 - Cannot read IP mode file for STMicroelectronics.X-CUBE-BLEMGR.1.2.0
2023-11-01 20:51:04,344 [WARN] PackLoader:238 - Cannot read IP mode file for STMicroelectronics.X-CUBE-AZRTOS-L5.2.0.0
2023-11-01 20:51:04,453 [WARN] PackLoader:238 - Cannot read IP mode file for STMicroelectronics.X-CUBE-AZRTOS-F7.1.1.0
2023-11-01 20:51:04,781 [WARN] PackLoader:238 - Cannot read IP mode file for STMicroelectronics.X-CUBE-MEMS1.9.6.0
2023-11-01 20:51:05,719 [WARN] PackLoader:238 - Cannot read IP mode file for STMicroelectronics.X-CUBE-EEPRMA1.4.2.0
2023-11-01 20:51:05,766 [ERROR] Engine:463 - C:\Users\Admin\.stm32cubemx\thirdparties\pdsc\ITTIA_DB.I-CUBE-ITTIADB.8.8.0.pdsc: PDSC version is not supported
2023-11-01 20:51:05,782 [WARN] PackLoader:238 - Cannot read IP mode file for STMicroelectronics.X-CUBE-BLE1.6.2.3
2023-11-01 20:51:05,797 [WARN] PackLoader:238 - Cannot read IP mode file for STMicroelectronics.X-CUBE-BLE1.6.2.4
2023-11-01 20:51:05,813 [WARN] PackLoader:238 - Cannot read IP mode file for STMicroelectronics.X-CUBE-NFC4.2.0.5
2023-11-01 20:51:05,844 [WARN] PackLoader:238 - Cannot read IP mode file for STMicroelectronics.X-CUBE-NFC4.2.0.4
2023-11-01 20:51:05,938 [WARN] ConditionMgr:437 - getConditionDescription Invalid condition id : UX DEVICE CLASS RTOS Condition cause : null
2023-11-01 20:51:05,938 [WARN] ConditionMgr:437 - getConditionDescription Invalid condition id : UX DEVICE CLASS RTOS Condition cause : null
2023-11-01 20:51:05,954 [WARN] PackLoader:238 - Cannot read IP mode file for STMicroelectronics.X-CUBE-AZRTOS-H7.3.1.0
2023-11-01 20:51:05,954 [WARN] ConditionMgr:1038 - genDependencies : Invalid condition id : UX DEVICE CLASS RTOS Condition cause : null
2023-11-01 20:51:05,954 [WARN] ConditionMgr:1038 - genDependencies : Invalid condition id : UX DEVICE CLASS RTOS Condition cause : null
2023-11-01 20:51:05,954 [WARN] ConditionMgr:1038 - genDependencies : Invalid condition id : UX DEVICE CLASS RTOS Condition cause : null
2023-11-01 20:51:05,954 [WARN] ConditionMgr:1038 - genDependencies : Invalid condition id : UX DEVICE CLASS RTOS Condition cause : null
2023-11-01 20:51:05,954 [WARN] ConditionMgr:1038 - genDependencies : Invalid condition id : UX DEVICE CLASS RTOS Condition cause : null
2023-11-01 20:51:06,000 [WARN] PackLoader:238 - Cannot read IP mode file for STMicroelectronics.X-CUBE-TOF1.3.1.0
2023-11-01 20:51:06,094 [WARN] PackLoader:238 - Cannot read IP mode file for wolfSSL.I-CUBE-wolfSSL.5.5.0
2023-11-01 20:51:06,110 [INFO] DbMcusJson:93 - JSON generation date=Tue Nov 16 23:17:54 ICT 2021 (1637079474)
2023-11-01 20:51:06,110 [WARN] PackLoader:238 - Cannot read IP mode file for STMicroelectronics.X-CUBE-NFC7.1.0.1
2023-11-01 20:51:06,157 [WARN] PackLoader:238 - Cannot read IP mode file for STMicroelectronics.X-CUBE-NFC7.1.0.0
2023-11-01 20:51:06,172 [WARN] PackLoader:238 - Cannot read IP mode file for STMicroelectronics.X-CUBE-TOUCHGFX.4.22.1
2023-11-01 20:51:06,219 [WARN] PackLoader:238 - Cannot read IP mode file for STMicroelectronics.X-CUBE-NFC6.3.0.0
2023-11-01 20:51:06,438 [WARN] PackLoader:238 - Cannot read IP mode file for STMicroelectronics.X-CUBE-MEMS1.9.3.0
2023-11-01 20:51:07,236 [WARN] PackLoader:238 - Cannot read IP mode file for STMicroelectronics.X-CUBE-EEPRMA1.4.1.0
2023-11-01 20:51:07,252 [WARN] PackLoader:238 - Cannot read IP mode file for STMicroelectronics.X-CUBE-AI.7.2.0
2023-11-01 20:51:07,267 [INFO] LogOutputStream:76 - [STDOUT_REDIRECT] 1 : Invalid condition id : UX_CORESTACK_Condition cause : null
2023-11-01 20:51:07,267 [INFO] LogOutputStream:76 - [STDOUT_REDIRECT] 1 : Invalid condition id : UX_CORESTACK_Condition cause : null
2023-11-01 20:51:07,283 [INFO] LogOutputStream:76 - [STDOUT_REDIRECT] 1 : Invalid condition id : UX_CORESTACK_Condition cause : null
2023-11-01 20:51:07,283 [INFO] LogOutputStream:76 - [STDOUT_REDIRECT] 1 : Invalid condition id : UX_CORESTACK_Condition cause : null
2023-11-01 20:51:07,283 [INFO] LogOutputStream:76 - [STDOUT_REDIRECT] 1 : Invalid condition id : UX_CORESTACK_Condition cause : null
2023-11-01 20:51:07,283 [WARN] PackLoader:238 - Cannot read IP mode file for STMicroelectronics.X-CUBE-AZRTOS-WL.2.0.0
2023-11-01 20:51:07,361 [WARN] ConditionMgr:437 - getConditionDescription Invalid condition id : LAN8742 Phy interface Condition cause : null
2023-11-01 20:51:07,361 [WARN] PackLoader:238 - Cannot read IP mode file for STMicroelectronics.X-CUBE-AZRTOS-L4.2.0.0
2023-11-01 20:51:07,361 [WARN] ConditionMgr:1038 - genDependencies : Invalid condition id : LAN8742 Phy interface Condition cause : null
2023-11-01 20:51:07,361 [WARN] ConditionMgr:1038 - genDependencies : Invalid condition id : LAN8742 Phy interface Condition cause : null
2023-11-01 20:51:07,361 [WARN] ConditionMgr:1038 - genDependencies : Invalid condition id : LAN8742 Phy interface Condition cause : null
2023-11-01 20:51:07,377 [WARN] PackLoader:238 - Cannot read IP mode file for WES.I-CUBE-Cesium.1.3.0
2023-11-01 20:51:07,392 [WARN] PackLoader:238 - Cannot read IP mode file for STMicroelectronics.X-CUBE-SFXS2LP1.4.0.0
2023-11-01 20:51:07,439 [WARN] PackLoader:238 - Cannot read IP mode file for STMicroelectronics.X-CUBE-TOF1.3.2.0
2023-11-01 20:51:07,502 [WARN] PackLoader:238 - Cannot read IP mode file for STMicroelectronics.X-CUBE-AZRTOS-H7.3.0.0
2023-11-01 20:51:07,517 [WARN] PackLoader:238 - Cannot read IP mode file for STMicroelectronics.X-CUBE-ISPU.1.0.0
2023-11-01 20:51:07,533 [WARN] PackLoader:238 - Cannot read IP mode file for STMicroelectronics.X-CUBE-ISPU.1.1.0
2023-11-01 20:51:07,564 [WARN] PackLoader:238 - Cannot read IP mode file for RoweBots.I-CUBE-UNISONRTOS.5.5.0-4
2023-11-01 20:51:07,689 [WARN] PackLoader:238 - Cannot read IP mode file for STMicroelectronics.X-CUBE-AZRTOS-H7.2.1.0
2023-11-01 20:51:07,798 [WARN] ConditionMgr:437 - getConditionDescription Invalid condition id : UX DEVICE CLASS RTOS Condition cause : null
2023-11-01 20:51:07,798 [WARN] ConditionMgr:437 - getConditionDescription Invalid condition id : UX DEVICE CLASS RTOS Condition cause : null
2023-11-01 20:51:07,814 [WARN] PackLoader:238 - Cannot read IP mode file for STMicroelectronics.X-CUBE-AZRTOS-WB.2.0.0
2023-11-01 20:51:07,814 [WARN] ConditionMgr:1038 - genDependencies : Invalid condition id : UX DEVICE CLASS RTOS Condition cause : null
2023-11-01 20:51:07,814 [WARN] ConditionMgr:1038 - genDependencies : Invalid condition id : UX DEVICE CLASS RTOS Condition cause : null
2023-11-01 20:51:07,814 [WARN] ConditionMgr:1038 - genDependencies : Invalid condition id : UX DEVICE CLASS RTOS Condition cause : null
2023-11-01 20:51:07,814 [WARN] ConditionMgr:1038 - genDependencies : Invalid condition id : UX DEVICE CLASS RTOS Condition cause : null
2023-11-01 20:51:07,814 [WARN] ConditionMgr:1038 - genDependencies : Invalid condition id : UX DEVICE CLASS RTOS Condition cause : null
2023-11-01 20:51:07,845 [WARN] PackLoader:238 - Cannot read IP mode file for STMicroelectronics.X-CUBE-TOUCHGFX.4.21.0
2023-11-01 20:51:07,876 [WARN] PackLoader:238 - Cannot read IP mode file for STMicroelectronics.X-CUBE-BLEMGR.1.0.0
2023-11-01 20:51:08,064 [WARN] PackLoader:238 - Cannot read IP mode file for STMicroelectronics.X-CUBE-MEMS1.9.4.0
2023-11-01 20:51:08,666 [WARN] PackLoader:238 - Cannot read IP mode file for STMicroelectronics.X-CUBE-AI.7.3.0
2023-11-01 20:51:08,689 [WARN] PackLoader:238 - Cannot read IP mode file for STMicroelectronics.X-CUBE-ALGOBUILD.1.3.0
2023-11-01 20:51:08,736 [WARN] PackLoader:238 - Cannot read IP mode file for STMicroelectronics.X-CUBE-AZRTOS-L5.1.1.0
2023-11-01 20:51:08,798 [WARN] PackLoader:238 - Cannot read IP mode file for STMicroelectronics.X-CUBE-AZRTOS-G0.1.1.0
2023-11-01 20:51:08,845 [INFO] DbMcus:175 - Found 1951 MCUs (1903 are supported by CubeMX, 1914 are visible in CubeMX)
2023-11-01 20:51:08,845 [INFO] ApiDb:251 - Load user favorites file C:\Users\Admin/.stm32cubeide/favorites.mcus.txt: 0 item(s)
2023-11-01 20:51:08,845 [INFO] ApiDb:255 - User favorites MCUs=[]
2023-11-01 20:51:08,845 [INFO] DbMcus:187 - Set 0 / 0 favorites MCUs
2023-11-01 20:51:08,845 [WARN] PackLoader:238 - Cannot read IP mode file for STMicroelectronics.X-CUBE-SUBG2.5.0.0
2023-11-01 20:51:08,892 [WARN] PackLoader:238 - Cannot read IP mode file for STMicroelectronics.X-CUBE-NFC4.3.0.0
2023-11-01 20:51:09,033 [WARN] PackLoader:238 - Cannot read IP mode file for SEGGER.I-CUBE-embOS.1.2.0
2023-11-01 20:51:09,205 [ERROR] Engine:463 - C:\Users\Admin\.stm32cubemx\thirdparties\pdsc\STMicroelectronics.X-CUBE-TOF1.3.3.1.pdsc: PDSC version is not supported
2023-11-01 20:51:09,267 [WARN] PackLoader:238 - Cannot read IP mode file for STMicroelectronics.X-CUBE-AZRTOS-G4.2.0.0
2023-11-01 20:51:09,298 [ERROR] Engine:463 - C:\Users\Admin\.stm32cubemx\thirdparties\pdsc\Infineon.AIROC-Wi-Fi-Bluetooth-STM32.1.5.1.pdsc: PDSC version is not supported
2023-11-01 20:51:09,314 [WARN] PackLoader:238 - Cannot read IP mode file for STMicroelectronics.X-CUBE-BLEMGR.1.3.0
2023-11-01 20:51:09,361 [WARN] PackLoader:238 - Cannot read IP mode file for STMicroelectronics.X-CUBE-AZRTOS-G4.1.0.0
2023-11-01 20:51:09,376 [WARN] PackLoader:238 - Cannot read IP mode file for STMicroelectronics.FP-ATR-SIGFOX1.3.2.0
2023-11-01 20:51:09,439 [WARN] PackLoader:238 - Cannot read IP mode file for STMicroelectronics.X-CUBE-AZRTOS-L4.1.0.0
2023-11-01 20:51:09,486 [WARN] PackLoader:238 - Cannot read IP mode file for emotas.I-CUBE-CANOPEN.1.1.2
2023-11-01 20:51:09,486 [WARN] PackLoader:238 - Cannot read IP mode file for STMicroelectronics.X-CUBE-TOUCHGFX.4.20.0
2023-11-01 20:51:09,642 [WARN] PackLoader:238 - Cannot read IP mode file for STMicroelectronics.X-CUBE-MEMS1.10.0.0
2023-11-01 20:51:10,298 [WARN] PackLoader:238 - Cannot read IP mode file for STMicroelectronics.X-CUBE-AZRTOS-WL.1.0.0
2023-11-01 20:51:10,345 [WARN] PackLoader:238 - Cannot read IP mode file for portGmbH.I-Cube-SoM-uGOAL.1.1.0
2023-11-01 20:51:10,376 [WARN] PackLoader:238 - Cannot read IP mode file for STMicroelectronics.X-CUBE-AZRTOS-WB.1.1.0
2023-11-01 20:51:10,392 [INFO] DetailPanel:309 - Set advertising image to C:/Users/Admin/STM32Cube/Repository/\en.prom-stm32h5-mcu-finder.jpg
2023-11-01 20:51:10,485 [WARN] PackLoader:238 - Cannot read IP mode file for SEGGER.I-CUBE-embOS.1.3.1
2023-11-01 20:51:10,642 [WARN] PackLoader:238 - Cannot read IP mode file for STMicroelectronics.X-CUBE-AZRTOS-L5.1.0.0
2023-11-01 20:51:10,657 [WARN] PackLoader:238 - Cannot read IP mode file for STMicroelectronics.X-CUBE-EEPRMA1.3.1.1
2023-11-01 20:51:10,657 [INFO] ThirdParty:915 - Integrity check success = true
2023-11-01 20:51:10,657 [INFO] IntegrityCheckThread:94 - exiting critical section [integrity check]
2023-11-01 20:51:10,657 [INFO] IntegrityCheckThread:97 - End integrity checks thread
2023-11-01 20:51:11,533 [INFO] DbBoardsPdsc:90 - Found 25 items
2023-11-01 20:51:11,533 [INFO] DbBoardsPdsc:90 - Found 9 items
2023-11-01 20:51:11,549 [INFO] DbBoardsPdsc:90 - Found 33 items
2023-11-01 20:51:11,549 [INFO] DbBoardsPdsc:90 - Found 1 items
2023-11-01 20:51:11,564 [INFO] DbBoardsPdsc:90 - Found 48 items
2023-11-01 20:51:11,580 [INFO] DbBoardsPdsc:90 - Found 43 items
2023-11-01 20:51:11,580 [INFO] DbBoardsPdsc:90 - Found 2 items
2023-11-01 20:51:11,580 [INFO] DbBoardsPdsc:90 - Found 5 items
2023-11-01 20:51:11,596 [WARN] DbBoardsPdsc:254 - Board STM32H7B3I-DK: unknown feature type=Audio, name=, username=Audio stereo codec with Headphone Amp (CS42L51-CNZ), n=1
2023-11-01 20:51:11,596 [WARN] DbBoardsPdsc:254 - Board STM32H735G-DK: unknown feature type=Audio, name=, username=Audio stereo codec with Headphone Amp (WM8994ECS/R), n=1
2023-11-01 20:51:11,596 [WARN] DbBoardsPdsc:254 - Board STM32H7B3I-EVAL: unknown feature type=Audio, name=, username=Multi-Channel Audio Codec (CS42L51-CNZ), n=1
2023-11-01 20:51:11,596 [WARN] DbBoardsPdsc:254 - Board STM32H7B3I-EVAL: unknown feature type=Meter, name=, username=Power-metering and Temperature-monitoring with sigma-delta modulators, n=1
2023-11-01 20:51:11,596 [WARN] DbBoardsPdsc:254 - Board STM32H7B3I-EVAL: unknown feature type=Motor, name=, username=Motor Control, n=1
2023-11-01 20:51:11,596 [WARN] DbBoardsPdsc:254 - Board STM32U575I-EV: unknown feature type=joystick, name=, username=4-direction joystick with selection button, n=1
2023-11-01 20:51:11,627 [INFO] DbBoardsJson:86 - JSON generation date=Tue Nov 16 23:17:54 ICT 2021 (1637079474)
2023-11-01 20:51:11,642 [INFO] DbBoards:117 - Found 167 boards (163 are supported by CubeMX)
2023-11-01 20:51:11,658 [INFO] DbBoardsDocs:143 - JSON generation date=Tue Nov 16 23:17:54 ICT 2021 (1637079474)
2023-11-01 20:51:11,658 [INFO] DbBoardsDocs:79 - Found 209 boards documents
2023-11-01 20:51:11,658 [WARN] DbBoards:127 - board B-L475E-IOT01A2 has no document id list !
2023-11-01 20:51:11,658 [WARN] DbBoards:127 - board NUCLEO-H743ZI has no document id list !
2023-11-01 20:51:11,658 [WARN] DbBoards:127 - board NUCLEO-WL55JC2 has no document id list !
2023-11-01 20:51:11,658 [WARN] DbBoards:127 - board P-NUCLEO-WB55-Nucleo has no document id list !
2023-11-01 20:51:11,658 [WARN] DbBoards:127 - board P-NUCLEO-WB55-USBDongle has no document id list !
2023-11-01 20:51:11,658 [WARN] DbBoards:127 - board STEVAL-BFA001V1B has no document id list !
2023-11-01 20:51:11,658 [WARN] DbBoards:127 - board STEVAL-BFA001V2B has no document id list !
2023-11-01 20:51:11,658 [WARN] DbBoards:127 - board STEVAL-IDP005V1 has no document id list !
2023-11-01 20:51:11,658 [WARN] DbBoards:127 - board STEVAL-IDP005V2 has no document id list !
2023-11-01 20:51:11,658 [WARN] DbBoards:127 - board STEVAL-MKSBOX1V1 has no document id list !
2023-11-01 20:51:11,658 [WARN] DbBoards:127 - board STEVAL-STWINKT1 has no document id list !
2023-11-01 20:51:11,658 [WARN] DbBoards:127 - board STEVAL-STWINKT1B has no document id list !
2023-11-01 20:51:11,658 [WARN] DbBoards:127 - board STM32439I-EVAL2 has no document id list !
2023-11-01 20:51:11,658 [WARN] DbBoards:127 - board STM32F401C-DISCO has no document id list !
2023-11-01 20:51:11,674 [WARN] DbBoards:127 - board STM32F769I-DISC1 has no document id list !
2023-11-01 20:51:11,674 [WARN] DbBoards:127 - board STM32G474E-EVAL1 has no document id list !
2023-11-01 20:51:11,674 [WARN] DbBoards:127 - board STM32H743I-EVAL2 has no document id list !
2023-11-01 20:51:11,674 [WARN] DbBoards:127 - board STM32H747I-DISC1 has no document id list !
2023-11-01 20:51:11,674 [WARN] DbBoards:127 - board STM32H753I-EVAL2 has no document id list !
2023-11-01 20:51:11,674 [WARN] DbBoards:127 - board STM32L-DISCOVERY has no document id list !
2023-11-01 20:51:11,939 [ERROR] DbBoards:189 - Image file not found for board B-U585I-IOT02A: C:\ST\STM32CubeIDE_1.7.0\STM32CubeIDE\plugins\com.st.stm32cube.common.mx_6.3.0.202107141111\\db\/plugins/mcufinder/images/boards/B-U585I-IOT02A_small.jpg
2023-11-01 20:51:12,142 [ERROR] DbBoards:189 - Image file not found for board NUCLEO-F413ZH: C:\ST\STM32CubeIDE_1.7.0\STM32CubeIDE\plugins\com.st.stm32cube.common.mx_6.3.0.202107141111\\db\/plugins/mcufinder/images/boards/nucleo-f413zh_small.jpg
2023-11-01 20:51:12,502 [ERROR] DbBoards:189 - Image file not found for board NUCLEO-L552ZE-Q: C:\ST\STM32CubeIDE_1.7.0\STM32CubeIDE\plugins\com.st.stm32cube.common.mx_6.3.0.202107141111\\db\/plugins/mcufinder/images/boards/nucleo_l552ze_q_small.jpg
2023-11-01 20:51:12,502 [ERROR] DbBoards:189 - Image file not found for board NUCLEO-U575ZI-Q: C:\ST\STM32CubeIDE_1.7.0\STM32CubeIDE\plugins\com.st.stm32cube.common.mx_6.3.0.202107141111\\db\/plugins/mcufinder/images/boards/nucleo-u575zi-q_small.jpg
2023-11-01 20:51:12,502 [ERROR] DbBoards:189 - Image file not found for board NUCLEO-WB15CC: C:\ST\STM32CubeIDE_1.7.0\STM32CubeIDE\plugins\com.st.stm32cube.common.mx_6.3.0.202107141111\\db\/plugins/mcufinder/images/boards/nucleo-wb15cc_small.jpg
2023-11-01 20:51:12,502 [ERROR] DbBoards:189 - Image file not found for board NUCLEO-WB55RG: C:\ST\STM32CubeIDE_1.7.0\STM32CubeIDE\plugins\com.st.stm32cube.common.mx_6.3.0.202107141111\\db\/plugins/mcufinder/images/boards/nucleo-wb55rg_small.jpg
2023-11-01 20:51:14,658 [INFO] ApiDb:251 - Load user favorites file C:\Users\Admin/.stm32cubeide/favorites.boards.txt: 0 item(s)
2023-11-01 20:51:14,658 [INFO] ApiDb:255 - User favorites Boards=[]
2023-11-01 20:51:14,658 [INFO] DbBoards:206 - Set 0 / 0 favorites Boards
2023-11-01 20:51:23,391 [INFO] DbMcusDocs:143 - JSON generation date=Tue Nov 16 23:17:54 ICT 2021 (1637079474)
2023-11-01 20:51:23,985 [INFO] DbMcusDocs:79 - Found 682 MCUs documents
2023-11-01 20:51:38,829 [INFO] MainUpdater:2671 - connection check result : 10
2023-11-01 20:51:38,829 [INFO] MainUpdater:2671 - connection check result : 10
2023-11-01 20:51:38,876 [INFO] MicroXplorer:448 - Change Database Path : 
2023-11-01 20:51:38,876 [INFO] MicroXplorer:478 - Change Database Version : DB.6.0.30
2023-11-01 20:51:38,876 [WARN] ThirdParty:813 - waiting for thirdparty lock release [close project]
2023-11-01 20:51:38,876 [INFO] ThirdParty:815 - entering critical section [close project]
2023-11-01 20:51:38,876 [INFO] ThirdParty:825 - exiting critical section [close project]
2023-11-01 20:51:38,876 [INFO] PinOutPanel:1463 - setPackage(No Configuration,No Configuration)
2023-11-01 20:51:38,876 [INFO] UtilMem:74 - Begin LoadConfig() Used Memory: 548538168 Bytes (817889280)
2023-11-01 20:51:38,876 [INFO] MicroXplorer:448 - Change Database Path : 
2023-11-01 20:51:38,876 [INFO] MicroXplorer:478 - Change Database Version : DB.6.0.30
2023-11-01 20:51:38,876 [INFO] OpenFileManager:313 - Change cursor
2023-11-01 20:51:39,735 [INFO] Context:592 - Trying to add GPIOservice into a context  which must be forbidden
2023-11-01 20:51:40,032 [INFO] ImportTextPane:167 - (OptionalMessage_ERROR) Unable to find key (Mcu.ThirdPartyNb) in loaded IOC file
2023-11-01 20:51:40,032 [INFO] ImportTextPane:167 - (OptionalMessage_ERROR) Unable to find key (Mcu.PinsNb) in loaded IOC file
2023-11-01 20:51:40,032 [INFO] ImportTextPane:167 - (OptionalMessage_ERROR) Unable to find key (Mcu.IPNb) in loaded IOC file
2023-11-01 20:51:40,501 [WARN] ApiManager:304 - Cannot register API 'Board Extension:IKS01A3' from pack STMicroelectronics.X-CUBE-MEMS1.9.4.0: no header file found
2023-11-01 20:51:40,501 [WARN] ApiManager:304 - Cannot register API 'Board Extension:IKS01A2' from pack STMicroelectronics.X-CUBE-MEMS1.9.4.0: no header file found
2023-11-01 20:51:40,501 [WARN] ApiManager:304 - Cannot register API 'Board Extension:IKS02A1' from pack STMicroelectronics.X-CUBE-MEMS1.9.4.0: no header file found
2023-11-01 20:51:40,948 [WARN] ApiManager:304 - Cannot register API 'Board Extension:IKS01A3' from pack STMicroelectronics.X-CUBE-MEMS1.9.6.0: no header file found
2023-11-01 20:51:40,963 [WARN] ApiManager:304 - Cannot register API 'Board Extension:IKS01A2' from pack STMicroelectronics.X-CUBE-MEMS1.9.6.0: no header file found
2023-11-01 20:51:40,963 [WARN] ApiManager:304 - Cannot register API 'Board Extension:IKS02A1' from pack STMicroelectronics.X-CUBE-MEMS1.9.6.0: no header file found
2023-11-01 20:51:40,963 [WARN] ApiManager:304 - Cannot register API 'Board Extension:EEPRMA2' from pack STMicroelectronics.X-CUBE-EEPRMA1.4.2.0: no header file found
2023-11-01 20:51:40,963 [WARN] ApiManager:304 - Cannot register API 'Board Extension:PGEEZ1' from pack STMicroelectronics.X-CUBE-EEPRMA1.4.2.0: no header file found
2023-11-01 20:51:40,979 [WARN] ApiManager:304 - Cannot register API 'Board Part:M24' from pack STMicroelectronics.X-CUBE-EEPRMA1.4.2.0: no header file found
2023-11-01 20:51:40,979 [WARN] ApiManager:304 - Cannot register API 'Board Part:M95' from pack STMicroelectronics.X-CUBE-EEPRMA1.4.2.0: no header file found
2023-11-01 20:51:40,979 [WARN] ApiManager:304 - Cannot register API 'Board Part:M95P32' from pack STMicroelectronics.X-CUBE-EEPRMA1.4.2.0: no header file found
2023-11-01 20:51:40,979 [WARN] ApiManager:304 - Cannot register API 'PGEEZ1:SPI' from pack STMicroelectronics.X-CUBE-EEPRMA1.4.2.0: no header file found
2023-11-01 20:51:40,979 [WARN] ApiManager:304 - Cannot register API 'PGEEZ1:QDSPI' from pack STMicroelectronics.X-CUBE-EEPRMA1.4.2.0: no header file found
2023-11-01 20:51:40,979 [WARN] ApiManager:304 - Cannot register API 'Wireless:BlueNRG-MS' from pack STMicroelectronics.X-CUBE-BLE1.6.2.3: no header file found
2023-11-01 20:51:40,979 [WARN] ApiManager:304 - Cannot register API 'Wireless:BlueNRG-MS' from pack STMicroelectronics.X-CUBE-BLE1.6.2.4: no header file found
2023-11-01 20:51:40,979 [INFO] RtosManager:484 - Registered RTOS mode: class=CMSIS, group=RTOS, mode=CMSIS_V1, owner=FREERTOS
2023-11-01 20:51:40,979 [INFO] RtosManager:484 - Registered RTOS mode: class=CMSIS, group=RTOS2, mode=CMSIS_V2, owner=FREERTOS
2023-11-01 20:51:40,979 [INFO] RtosManager:484 - Registered RTOS mode: class=RTOS, group=Core, mode=CMSIS_V1, owner=FREERTOS
2023-11-01 20:51:40,979 [INFO] RtosManager:484 - Registered RTOS mode: class=RTOS, group=Core, mode=CMSIS_V2, owner=FREERTOS
2023-11-01 20:51:40,979 [WARN] ModelIntegratedComponent:181 - Missing modes for component STMicroelectronics:FreeRTOS:0.0.1:STMicroelectronics:RTOS:FreeRTOS:Core:::10.2.0:
2023-11-01 20:51:40,995 [WARN] ApiManager:304 - Cannot register API 'Board Extension:S2868A1' from pack STMicroelectronics.X-CUBE-SUBG2.5.0.0: no header file found
2023-11-01 20:51:40,995 [WARN] ApiManager:304 - Cannot register API 'Board Extension:S2868A2' from pack STMicroelectronics.X-CUBE-SUBG2.5.0.0: no header file found
2023-11-01 20:51:40,995 [WARN] ApiManager:304 - Cannot register API 'Board Extension:S2915A1' from pack STMicroelectronics.X-CUBE-SUBG2.5.0.0: no header file found
2023-11-01 20:51:40,995 [WARN] ApiManager:304 - Cannot register API 'Board Extension:NFC04A1' from pack STMicroelectronics.X-CUBE-NFC4.3.0.0: no header file found
2023-11-01 20:51:40,995 [WARN] ApiManager:304 - Cannot register API 'Board Extension:NFC04A1' from pack STMicroelectronics.X-CUBE-NFC4.2.0.5: no header file found
2023-11-01 20:51:40,995 [WARN] ApiManager:304 - Cannot register API 'Board Extension:NFC04A1' from pack STMicroelectronics.X-CUBE-NFC4.2.0.4: no header file found
2023-11-01 20:51:41,026 [WARN] ModelIntegratedComponent:60 - No mode defined for component null
2023-11-01 20:51:41,026 [WARN] ModelIntegratedComponent:60 - No mode defined for component null
2023-11-01 20:51:41,026 [WARN] ModelIntegratedComponent:60 - No mode defined for component null
2023-11-01 20:51:41,026 [WARN] ModelIntegratedComponent:60 - No mode defined for component null
2023-11-01 20:51:41,026 [WARN] ModelIntegratedComponent:60 - No mode defined for component null
2023-11-01 20:51:41,026 [WARN] ModelIntegratedComponent:60 - No mode defined for component null
2023-11-01 20:51:41,026 [WARN] ModelIntegratedComponent:60 - No mode defined for component null
2023-11-01 20:51:41,026 [WARN] ModelIntegratedComponent:60 - No mode defined for component null
2023-11-01 20:51:41,026 [WARN] ModelIntegratedComponent:60 - No mode defined for component null
2023-11-01 20:51:41,026 [WARN] ModelIntegratedComponent:60 - No mode defined for component null
2023-11-01 20:51:41,026 [WARN] ModelIntegratedComponent:60 - No mode defined for component null
2023-11-01 20:51:41,026 [WARN] ModelIntegratedComponent:60 - No mode defined for component null
2023-11-01 20:51:41,026 [WARN] ModelIntegratedComponent:60 - No mode defined for component null
2023-11-01 20:51:41,026 [WARN] ModelIntegratedComponent:60 - No mode defined for component null
2023-11-01 20:51:41,026 [WARN] ModelIntegratedComponent:60 - No mode defined for component null
2023-11-01 20:51:41,026 [WARN] ModelIntegratedComponent:60 - No mode defined for component null
2023-11-01 20:51:41,026 [WARN] ModelIntegratedComponent:60 - No mode defined for component null
2023-11-01 20:51:41,026 [WARN] ModelIntegratedComponent:60 - No mode defined for component null
2023-11-01 20:51:41,026 [WARN] ModelIntegratedComponent:60 - No mode defined for component null
2023-11-01 20:51:41,026 [WARN] ModelIntegratedComponent:60 - No mode defined for component null
2023-11-01 20:51:41,026 [WARN] ModelIntegratedComponent:60 - No mode defined for component null
2023-11-01 20:51:41,026 [WARN] ModelIntegratedComponent:60 - No mode defined for component null
2023-11-01 20:51:41,026 [WARN] ModelIntegratedComponent:60 - No mode defined for component null
2023-11-01 20:51:41,026 [WARN] ModelIntegratedComponent:60 - No mode defined for component null
2023-11-01 20:51:41,026 [WARN] ModelIntegratedComponent:60 - No mode defined for component null
2023-11-01 20:51:41,026 [WARN] ModelIntegratedComponent:60 - No mode defined for component null
2023-11-01 20:51:41,026 [WARN] ModelIntegratedComponent:60 - No mode defined for component null
2023-11-01 20:51:41,026 [WARN] ModelIntegratedComponent:60 - No mode defined for component null
2023-11-01 20:51:41,026 [WARN] ModelIntegratedComponent:60 - No mode defined for component null
2023-11-01 20:51:41,026 [WARN] ModelIntegratedComponent:60 - No mode defined for component null
2023-11-01 20:51:41,026 [WARN] ModelIntegratedComponent:60 - No mode defined for component null
2023-11-01 20:51:41,473 [WARN] ApiManager:304 - Cannot register API 'Board Extension:IKS01A3' from pack STMicroelectronics.X-CUBE-MEMS1.10.0.0: no header file found
2023-11-01 20:51:41,474 [WARN] ApiManager:304 - Cannot register API 'Board Extension:IKS02A1' from pack STMicroelectronics.X-CUBE-MEMS1.10.0.0: no header file found
2023-11-01 20:51:41,474 [WARN] ApiManager:304 - Cannot register API 'Board Extension:IKS4A1' from pack STMicroelectronics.X-CUBE-MEMS1.10.0.0: no header file found
2023-11-01 20:51:41,490 [WARN] ApiManager:304 - Cannot register API 'Board Extension:NFC07A1' from pack STMicroelectronics.X-CUBE-NFC7.1.0.1: no header file found
2023-11-01 20:51:41,491 [WARN] ApiManager:304 - Cannot register API 'Board Extension:NFC07A1' from pack STMicroelectronics.X-CUBE-NFC7.1.0.0: no header file found
2023-11-01 20:51:41,493 [WARN] ApiManager:304 - Cannot register API 'Board Extension:NFC06A1' from pack STMicroelectronics.X-CUBE-NFC6.3.0.0: no header file found
2023-11-01 20:51:41,494 [WARN] ApiManager:304 - Cannot register API 'Board Extension:NFC08A1' from pack STMicroelectronics.X-CUBE-NFC6.3.0.0: no header file found
2023-11-01 20:51:41,908 [WARN] ApiManager:304 - Cannot register API 'Board Extension:IKS01A3' from pack STMicroelectronics.X-CUBE-MEMS1.9.3.0: no header file found
2023-11-01 20:51:41,909 [WARN] ApiManager:304 - Cannot register API 'Board Extension:IKS01A2' from pack STMicroelectronics.X-CUBE-MEMS1.9.3.0: no header file found
2023-11-01 20:51:41,909 [WARN] ApiManager:304 - Cannot register API 'Board Extension:IKS02A1' from pack STMicroelectronics.X-CUBE-MEMS1.9.3.0: no header file found
2023-11-01 20:51:41,918 [WARN] ApiManager:304 - Cannot register API 'Board Extension:EEPRMA1' from pack STMicroelectronics.X-CUBE-EEPRMA1.4.1.0: no header file found
2023-11-01 20:51:41,918 [WARN] ApiManager:304 - Cannot register API 'Board Extension:EEPRMA2' from pack STMicroelectronics.X-CUBE-EEPRMA1.4.1.0: no header file found
2023-11-01 20:51:41,918 [WARN] ApiManager:304 - Cannot register API 'Board Extension:PGEEZ1' from pack STMicroelectronics.X-CUBE-EEPRMA1.4.1.0: no header file found
2023-11-01 20:51:41,918 [WARN] ApiManager:304 - Cannot register API 'Board Part:M24' from pack STMicroelectronics.X-CUBE-EEPRMA1.4.1.0: no header file found
2023-11-01 20:51:41,918 [WARN] ApiManager:304 - Cannot register API 'Board Part:M95' from pack STMicroelectronics.X-CUBE-EEPRMA1.4.1.0: no header file found
2023-11-01 20:51:41,918 [WARN] ApiManager:304 - Cannot register API 'Board Part:M95P32' from pack STMicroelectronics.X-CUBE-EEPRMA1.4.1.0: no header file found
2023-11-01 20:51:41,918 [WARN] ApiManager:304 - Cannot register API 'PGEEZ1:SPI' from pack STMicroelectronics.X-CUBE-EEPRMA1.4.1.0: no header file found
2023-11-01 20:51:41,918 [WARN] ApiManager:304 - Cannot register API 'PGEEZ1:QDSPI' from pack STMicroelectronics.X-CUBE-EEPRMA1.4.1.0: no header file found
2023-11-01 20:51:41,933 [WARN] ApiManager:304 - Cannot register API 'Board Extension:EEPRMA1' from pack STMicroelectronics.X-CUBE-EEPRMA1.3.1.1: no header file found
2023-11-01 20:51:41,933 [WARN] ApiManager:304 - Cannot register API 'Board Extension:EEPRMA2' from pack STMicroelectronics.X-CUBE-EEPRMA1.3.1.1: no header file found
2023-11-01 20:51:41,933 [WARN] ApiManager:304 - Cannot register API 'Board Extension:S2868A1' from pack STMicroelectronics.X-CUBE-SFXS2LP1.4.0.0: no header file found
2023-11-01 20:51:41,933 [WARN] ApiManager:304 - Cannot register API 'Board Extension:S2868A2' from pack STMicroelectronics.X-CUBE-SFXS2LP1.4.0.0: no header file found
2023-11-01 20:51:41,933 [WARN] ApiManager:304 - Cannot register API 'Board Extension:S2915A1' from pack STMicroelectronics.X-CUBE-SFXS2LP1.4.0.0: no header file found
2023-11-01 20:52:17,310 [INFO] UtilMem:74 - End LoadConfig() Used Memory: 684062024 Bytes (817889280)
2023-11-01 20:52:17,326 [WARN] ThirdParty:779 - waiting for thirdparty lock release [change project]
2023-11-01 20:52:17,326 [INFO] ThirdParty:781 - entering critical section [change project]
2023-11-01 20:52:17,326 [INFO] ThirdParty:967 - CMSIS Pack Vendor :STMicroelectronics X-CUBE-ISPU 1.1.0
2023-11-01 20:52:17,326 [INFO] ThirdParty:967 - CMSIS Pack Vendor :RoweBots I-CUBE-UNISONRTOS 5.5.0-4
2023-11-01 20:52:17,326 [INFO] ThirdParty:967 - CMSIS Pack Vendor :STMicroelectronics X-CUBE-AZRTOS-H7 2.1.0
2023-11-01 20:52:17,326 [INFO] ThirdParty:967 - CMSIS Pack Vendor :STMicroelectronics USB_HOST 2.0.0
2023-11-01 20:52:17,326 [INFO] ThirdParty:967 - CMSIS Pack Vendor :STMicroelectronics X-CUBE-AZRTOS-F4 1.1.0
2023-11-01 20:52:17,326 [INFO] ThirdParty:967 - CMSIS Pack Vendor :STMicroelectronics USB_DEVICE 3.0.0
2023-11-01 20:52:17,326 [INFO] ThirdParty:967 - CMSIS Pack Vendor :STMicroelectronics X-CUBE-AZRTOS-WB 2.0.0
2023-11-01 20:52:17,326 [INFO] ThirdParty:967 - CMSIS Pack Vendor :STMicroelectronics X-CUBE-TOUCHGFX 4.21.0
2023-11-01 20:52:17,326 [INFO] ThirdParty:967 - CMSIS Pack Vendor :STMicroelectronics X-CUBE-BLEMGR 1.0.0
2023-11-01 20:52:17,326 [INFO] ThirdParty:967 - CMSIS Pack Vendor :STMicroelectronics X-CUBE-BLEMGR 1.2.0
2023-11-01 20:52:17,326 [INFO] ThirdParty:967 - CMSIS Pack Vendor :STMicroelectronics X-CUBE-AZRTOS-L5 2.0.0
2023-11-01 20:52:17,326 [INFO] ThirdParty:967 - CMSIS Pack Vendor :STMicroelectronics X-CUBE-AZRTOS-F7 1.1.0
2023-11-01 20:52:17,326 [INFO] ThirdParty:967 - CMSIS Pack Vendor :STMicroelectronics X-CUBE-MEMS1 9.4.0
2023-11-01 20:52:17,326 [INFO] ThirdParty:967 - CMSIS Pack Vendor :STMicroelectronics USB_DEVICE 2.0.0
2023-11-01 20:52:17,326 [INFO] ThirdParty:967 - CMSIS Pack Vendor :STMicroelectronics X-CUBE-MEMS1 9.6.0
2023-11-01 20:52:17,326 [INFO] ThirdParty:967 - CMSIS Pack Vendor :STMicroelectronics X-CUBE-EEPRMA1 4.2.0
2023-11-01 20:52:17,326 [INFO] ThirdParty:967 - CMSIS Pack Vendor :STMicroelectronics X-CUBE-AI 7.3.0
2023-11-01 20:52:17,326 [INFO] ThirdParty:967 - CMSIS Pack Vendor :STMicroelectronics X-CUBE-BLE1 6.2.3
2023-11-01 20:52:17,326 [INFO] ThirdParty:967 - CMSIS Pack Vendor :STMicroelectronics X-CUBE-ALGOBUILD 1.3.0
2023-11-01 20:52:17,326 [INFO] ThirdParty:967 - CMSIS Pack Vendor :STMicroelectronics X-CUBE-BLE1 6.2.4
2023-11-01 20:52:17,326 [INFO] ThirdParty:967 - CMSIS Pack Vendor :STMicroelectronics X-CUBE-AZRTOS-L5 1.1.0
2023-11-01 20:52:17,326 [INFO] ThirdParty:967 - CMSIS Pack Vendor :STMicroelectronics FreeRTOS 0.0.1
2023-11-01 20:52:17,326 [INFO] ThirdParty:967 - CMSIS Pack Vendor :STMicroelectronics X-CUBE-AZRTOS-G0 1.1.0
2023-11-01 20:52:17,326 [INFO] ThirdParty:967 - CMSIS Pack Vendor :STMicroelectronics X-CUBE-SUBG2 5.0.0
2023-11-01 20:52:17,326 [INFO] ThirdParty:967 - CMSIS Pack Vendor :STMicroelectronics X-CUBE-NFC4 3.0.0
2023-11-01 20:52:17,326 [INFO] ThirdParty:967 - CMSIS Pack Vendor :SEGGER I-CUBE-embOS 1.2.0
2023-11-01 20:52:17,326 [INFO] ThirdParty:967 - CMSIS Pack Vendor :STMicroelectronics lwIP 2.0.3
2023-11-01 20:52:17,326 [INFO] ThirdParty:967 - CMSIS Pack Vendor :STMicroelectronics X-CUBE-NFC4 2.0.5
2023-11-01 20:52:17,326 [INFO] ThirdParty:967 - CMSIS Pack Vendor :STMicroelectronics X-CUBE-NFC4 2.0.4
2023-11-01 20:52:17,326 [INFO] ThirdParty:967 - CMSIS Pack Vendor :STMicroelectronics USB_HOST 1.0.0
2023-11-01 20:52:17,326 [INFO] ThirdParty:967 - CMSIS Pack Vendor :STMicroelectronics X-CUBE-AZRTOS-G4 2.0.0
2023-11-01 20:52:17,326 [INFO] ThirdParty:967 - CMSIS Pack Vendor :STMicroelectronics PDM2PCM 3.1.0
2023-11-01 20:52:17,326 [INFO] ThirdParty:967 - CMSIS Pack Vendor :STMicroelectronics X-CUBE-AZRTOS-H7 3.1.0
2023-11-01 20:52:17,326 [INFO] ThirdParty:967 - CMSIS Pack Vendor :STMicroelectronics PDM2PCM 3.3.0
2023-11-01 20:52:17,326 [INFO] ThirdParty:967 - CMSIS Pack Vendor :STMicroelectronics X-CUBE-TOF1 3.1.0
2023-11-01 20:52:17,326 [INFO] ThirdParty:967 - CMSIS Pack Vendor :STMicroelectronics X-CUBE-BLEMGR 1.3.0
2023-11-01 20:52:17,326 [INFO] ThirdParty:967 - CMSIS Pack Vendor :STMicroelectronics X-CUBE-AZRTOS-G4 1.0.0
2023-11-01 20:52:17,326 [INFO] ThirdParty:967 - CMSIS Pack Vendor :STMicroelectronics FP-ATR-SIGFOX1 3.2.0
2023-11-01 20:52:17,326 [INFO] ThirdParty:967 - CMSIS Pack Vendor :STMicroelectronics X-CUBE-AZRTOS-L4 1.0.0
2023-11-01 20:52:17,326 [INFO] ThirdParty:967 - CMSIS Pack Vendor :wolfSSL I-CUBE-wolfSSL 5.5.0
2023-11-01 20:52:17,326 [INFO] ThirdParty:967 - CMSIS Pack Vendor :STMicroelectronics HAL Drivers 0.0.0
2023-11-01 20:52:17,326 [INFO] ThirdParty:967 - CMSIS Pack Vendor :STMicroelectronics MBEDTLS 2.16.2
2023-11-01 20:52:17,326 [INFO] ThirdParty:967 - CMSIS Pack Vendor :emotas I-CUBE-CANOPEN 1.1.2
2023-11-01 20:52:17,326 [INFO] ThirdParty:967 - CMSIS Pack Vendor :STMicroelectronics X-CUBE-TOUCHGFX 4.20.0
2023-11-01 20:52:17,326 [INFO] ThirdParty:967 - CMSIS Pack Vendor :STMicroelectronics X-CUBE-MEMS1 10.0.0
2023-11-01 20:52:17,326 [INFO] ThirdParty:967 - CMSIS Pack Vendor :STMicroelectronics X-CUBE-NFC7 1.0.1
2023-11-01 20:52:17,326 [INFO] ThirdParty:967 - CMSIS Pack Vendor :STMicroelectronics MBEDTLS 2.14.1
2023-11-01 20:52:17,326 [INFO] ThirdParty:967 - CMSIS Pack Vendor :STMicroelectronics X-CUBE-NFC7 1.0.0
2023-11-01 20:52:17,326 [INFO] ThirdParty:967 - CMSIS Pack Vendor :STMicroelectronics X-CUBE-TOUCHGFX 4.22.1
2023-11-01 20:52:17,326 [INFO] ThirdParty:967 - CMSIS Pack Vendor :STMicroelectronics X-CUBE-AZRTOS-WL 1.0.0
2023-11-01 20:52:17,326 [INFO] ThirdParty:967 - CMSIS Pack Vendor :STMicroelectronics X-CUBE-NFC6 3.0.0
2023-11-01 20:52:17,326 [INFO] ThirdParty:967 - CMSIS Pack Vendor :STMicroelectronics X-CUBE-MEMS1 9.3.0
2023-11-01 20:52:17,326 [INFO] ThirdParty:967 - CMSIS Pack Vendor :STMicroelectronics X-CUBE-EEPRMA1 4.1.0
2023-11-01 20:52:17,326 [INFO] ThirdParty:967 - CMSIS Pack Vendor :portGmbH I-Cube-SoM-uGOAL 1.1.0
2023-11-01 20:52:17,326 [INFO] ThirdParty:967 - CMSIS Pack Vendor :STMicroelectronics X-CUBE-AI 7.2.0
2023-11-01 20:52:17,326 [INFO] ThirdParty:967 - CMSIS Pack Vendor :STMicroelectronics X-CUBE-AZRTOS-WB 1.1.0
2023-11-01 20:52:17,326 [INFO] ThirdParty:967 - CMSIS Pack Vendor :STMicroelectronics X-CUBE-AZRTOS-WL 2.0.0
2023-11-01 20:52:17,341 [INFO] ThirdParty:967 - CMSIS Pack Vendor :SEGGER I-CUBE-embOS 1.3.1
2023-11-01 20:52:17,341 [INFO] ThirdParty:967 - CMSIS Pack Vendor :STMicroelectronics X-CUBE-AZRTOS-L5 1.0.0
2023-11-01 20:52:17,341 [INFO] ThirdParty:967 - CMSIS Pack Vendor :STMicroelectronics USB_DEVICE 1.0.0
2023-11-01 20:52:17,341 [INFO] ThirdParty:967 - CMSIS Pack Vendor :STMicroelectronics X-CUBE-EEPRMA1 3.1.1
2023-11-01 20:52:17,341 [INFO] ThirdParty:967 - CMSIS Pack Vendor :STMicroelectronics X-CUBE-AZRTOS-L4 2.0.0
2023-11-01 20:52:17,341 [INFO] ThirdParty:967 - CMSIS Pack Vendor :STMicroelectronics ThreadX 0.0.2
2023-11-01 20:52:17,341 [INFO] ThirdParty:967 - CMSIS Pack Vendor :WES I-CUBE-Cesium 1.3.0
2023-11-01 20:52:17,341 [INFO] ThirdParty:967 - CMSIS Pack Vendor :STMicroelectronics lwIP 2.1.2
2023-11-01 20:52:17,341 [INFO] ThirdParty:967 - CMSIS Pack Vendor :STMicroelectronics X-CUBE-SFXS2LP1 4.0.0
2023-11-01 20:52:17,341 [INFO] ThirdParty:967 - CMSIS Pack Vendor :STMicroelectronics X-CUBE-TOF1 3.2.0
2023-11-01 20:52:17,341 [INFO] ThirdParty:967 - CMSIS Pack Vendor :STMicroelectronics PDM2PCM 3.2.0
2023-11-01 20:52:17,341 [INFO] ThirdParty:967 - CMSIS Pack Vendor :STMicroelectronics X-CUBE-AZRTOS-H7 3.0.0
2023-11-01 20:52:17,341 [INFO] ThirdParty:967 - CMSIS Pack Vendor :STMicroelectronics X-CUBE-ISPU 1.0.0
2023-11-01 20:52:17,341 [INFO] ThirdParty:787 - exiting critical section [change project]
2023-11-01 20:52:17,948 [INFO] PinOutPanel:1463 - setPackage(No Configuration,No Configuration)
2023-11-01 20:52:17,950 [INFO] PinOutPanel:1463 - setPackage(STM32F103C6Tx,LQFP48)
2023-11-01 20:52:18,770 [INFO] UtilMem:74 - Before build in PCC Used Memory: 683657208 Bytes (817889280)
2023-11-01 20:52:19,750 [INFO] UtilMem:74 - After build in PCC Used Memory: 713296408 Bytes (817889280)
2023-11-01 20:52:19,797 [INFO] IPUIPlugin:74 - create IPUIPlugin
2023-11-01 20:52:19,797 [INFO] IPUIPlugin:74 - create IPUIPlugin
2023-11-01 20:52:19,797 [INFO] IPUIPlugin:74 - create IPUIPlugin
2023-11-01 20:52:19,797 [INFO] IPUIPlugin:74 - create IPUIPlugin
2023-11-01 20:52:19,797 [INFO] IPUIPlugin:74 - create IPUIPlugin
2023-11-01 20:52:19,797 [INFO] IPUIPlugin:74 - create IPUIPlugin
2023-11-01 20:52:19,797 [INFO] IPUIPlugin:74 - create IPUIPlugin
2023-11-01 20:52:19,797 [INFO] IPUIPlugin:74 - create IPUIPlugin
2023-11-01 20:52:19,797 [INFO] IPUIPlugin:74 - create IPUIPlugin
2023-11-01 20:52:19,797 [INFO] IPUIPlugin:74 - create IPUIPlugin
2023-11-01 20:52:19,797 [INFO] IPUIPlugin:74 - create IPUIPlugin
2023-11-01 20:52:19,797 [INFO] IPUIPlugin:74 - create IPUIPlugin
2023-11-01 20:52:19,797 [INFO] IPUIPlugin:74 - create IPUIPlugin
2023-11-01 20:52:19,797 [INFO] IPUIPlugin:74 - create IPUIPlugin
2023-11-01 20:52:19,797 [INFO] IPUIPlugin:74 - create IPUIPlugin
2023-11-01 20:52:19,797 [INFO] IPUIPlugin:74 - create IPUIPlugin
2023-11-01 20:52:19,797 [INFO] IPUIPlugin:74 - create IPUIPlugin
2023-11-01 20:52:19,797 [INFO] IPUIPlugin:74 - create IPUIPlugin
2023-11-01 20:52:19,797 [INFO] IPUIPlugin:74 - create IPUIPlugin
2023-11-01 20:52:19,797 [INFO] IPUIPlugin:74 - create IPUIPlugin
2023-11-01 20:52:19,797 [INFO] IPUIPlugin:74 - create IPUIPlugin
2023-11-01 20:52:19,797 [INFO] IPUIPlugin:74 - create IPUIPlugin
2023-11-01 20:52:19,797 [INFO] IPUIPlugin:74 - create IPUIPlugin
2023-11-01 20:52:19,986 [INFO] OpenFileManager:333 - Restore cursor
2023-11-01 20:52:20,404 [INFO] UtilMem:74 - End SaveConfig() Used Memory: 686209480 Bytes (817889280)
2023-11-01 20:52:20,484 [INFO] UtilMem:74 - End SaveConfig() Used Memory: 698185040 Bytes (817889280)
2023-11-01 20:52:21,219 [INFO] BlockDiagram:2740 - set Specific Code input for plugin: NVIC
2023-11-01 20:52:21,219 [INFO] BlockDiagram:2740 - set Specific Code input for plugin: SYS
2023-11-01 20:52:21,219 [INFO] BlockDiagram:2740 - set Specific Code input for plugin: RCC
2023-11-01 20:52:21,219 [INFO] CodeGenerator:663 - code generatio: config db path: C:\ST\STM32CubeIDE_1.7.0\STM32CubeIDE\plugins\com.st.stm32cube.common.mx_6.3.0.202107141111\\db\
2023-11-01 20:52:21,817 [INFO] CodeEngine:239 - oldGeneratedFile, C:\Users\Admin\Desktop\VXL\HK231\LAB2\EXERCISE6\SOURCE CODE\EXERCISE 6\MXTmpFiles\license.tmp_save
2023-11-01 20:52:22,454 [INFO] CodeEngine:257 - Generated code: C:\Users\Admin\Desktop\VXL\HK231\LAB2\EXERCISE6\SOURCE CODE\EXERCISE 6\MXTmpFiles\license.tmp
2023-11-01 20:52:22,620 [INFO] CodeEngine:239 - oldGeneratedFile, C:\Users\Admin\Desktop\VXL\HK231\LAB2\EXERCISE6\SOURCE CODE\EXERCISE 6\Core\Src\stm32f1xx_it.c_save
2023-11-01 20:52:22,864 [INFO] CodeEngine:257 - Generated code: C:\Users\Admin\Desktop\VXL\HK231\LAB2\EXERCISE6\SOURCE CODE\EXERCISE 6\Core\Src\stm32f1xx_it.c
2023-11-01 20:52:22,868 [INFO] CodeEngine:239 - oldGeneratedFile, C:\Users\Admin\Desktop\VXL\HK231\LAB2\EXERCISE6\SOURCE CODE\EXERCISE 6\Core\Inc\stm32f1xx_it.h_save
2023-11-01 20:52:22,989 [INFO] CodeEngine:257 - Generated code: C:\Users\Admin\Desktop\VXL\HK231\LAB2\EXERCISE6\SOURCE CODE\EXERCISE 6\Core\Inc\stm32f1xx_it.h
2023-11-01 20:52:23,007 [INFO] CodeEngine:239 - oldGeneratedFile, C:\Users\Admin\Desktop\VXL\HK231\LAB2\EXERCISE6\SOURCE CODE\EXERCISE 6\Core\Src\stm32f1xx_hal_msp.c_save
2023-11-01 20:52:23,204 [INFO] CodeEngine:257 - Generated code: C:\Users\Admin\Desktop\VXL\HK231\LAB2\EXERCISE6\SOURCE CODE\EXERCISE 6\Core\Src\stm32f1xx_hal_msp.c
2023-11-01 20:52:23,221 [INFO] CodeEngine:239 - oldGeneratedFile, C:\Users\Admin\Desktop\VXL\HK231\LAB2\EXERCISE6\SOURCE CODE\EXERCISE 6\MXTmpFiles\system.tmp_save
2023-11-01 20:52:23,338 [INFO] CodeEngine:257 - Generated code: C:\Users\Admin\Desktop\VXL\HK231\LAB2\EXERCISE6\SOURCE CODE\EXERCISE 6\MXTmpFiles\system.tmp
2023-11-01 20:52:23,354 [INFO] CodeEngine:239 - oldGeneratedFile, C:\Users\Admin\Desktop\VXL\HK231\LAB2\EXERCISE6\SOURCE CODE\EXERCISE 6\Core\Inc\stm32f1xx_hal_conf.h_save
2023-11-01 20:52:23,588 [INFO] CodeEngine:257 - Generated code: C:\Users\Admin\Desktop\VXL\HK231\LAB2\EXERCISE6\SOURCE CODE\EXERCISE 6\Core\Inc\stm32f1xx_hal_conf.h
2023-11-01 20:52:23,677 [INFO] CodeEngine:239 - oldGeneratedFile, C:\Users\Admin\Desktop\VXL\HK231\LAB2\EXERCISE6\SOURCE CODE\EXERCISE 6\Core\Inc\main.h_save
2023-11-01 20:52:24,003 [INFO] CodeEngine:257 - Generated code: C:\Users\Admin\Desktop\VXL\HK231\LAB2\EXERCISE6\SOURCE CODE\EXERCISE 6\Core\Inc\main.h
2023-11-01 20:52:24,003 [INFO] CodeEngine:239 - oldGeneratedFile, C:\Users\Admin\Desktop\VXL\HK231\LAB2\EXERCISE6\SOURCE CODE\EXERCISE 6\Core\Src\main.c_save
2023-11-01 20:52:24,413 [INFO] CodeEngine:257 - Generated code: C:\Users\Admin\Desktop\VXL\HK231\LAB2\EXERCISE6\SOURCE CODE\EXERCISE 6\Core\Src\main.c
2023-11-01 20:52:26,553 [INFO] ProjectBuilder:2578 - Time for Copy HAL[1] : 156mS.
2023-11-01 20:52:26,569 [INFO] ProjectBuilder:3622 - Project Generator version: 3.14.1
2023-11-01 20:52:27,910 [INFO] ConfigFileManager:1271 - The Die is : DIE412
2023-11-01 20:52:27,970 [INFO] ApiDbMcu:468 - Load IP Config File for FATFS
2023-11-01 20:52:28,090 [INFO] ApiDbMcu:468 - Load IP Config File for FREERTOS
2023-11-01 20:52:28,232 [INFO] ApiDbMcu:468 - Load IP Config File for USB_DEVICE
2023-11-01 20:52:36,988 [INFO] ProjectBuilder:3789 - Time for Generating toolchain IDE Files: 10419mS.
2023-11-01 20:52:36,988 [INFO] ProjectBuilder:2457 - Time for Copy CMSIS : 0mS.
2023-11-01 20:52:36,988 [INFO] ProjectBuilder:2457 - Time for Copy CMSIS : 0mS.
2023-11-01 20:52:37,999 [INFO] McuFinderGlobals:52 - Set McuFinderConnectedMode to true
2023-11-01 20:52:38,005 [INFO] ApiDb:276 - Save user favorites file C:\Users\Admin/.stm32cubeide/favorites.mcus.txt: 0 item(s)
2023-11-01 20:52:38,006 [INFO] ApiDb:280 - User favorites MCUs=[]
2023-11-01 20:53:46,880 [INFO] NvicIntPanel:96 - NVIC parent = com.st.microxplorer.plugins.ip.nvic.MultiNvicIntPanel[,0,0,0x0,invalid,layout=javax.swing.BoxLayout,alignmentX=0.0,alignmentY=0.0,border=,flags=9,maximumSize=,minimumSize=,preferredSize=]
2023-11-01 20:53:50,664 [INFO] NvicIntPanel:96 - NVIC parent = com.st.microxplorer.plugins.ip.nvic.MultiNvicIntPanel[,0,0,0x0,invalid,layout=javax.swing.BoxLayout,alignmentX=0.0,alignmentY=0.0,border=,flags=9,maximumSize=,minimumSize=,preferredSize=]
2023-11-01 20:55:31,699 [INFO] UtilMem:74 - End SaveConfig() Used Memory: 770614688 Bytes (998244352)
2023-11-01 20:55:32,305 [INFO] UtilMem:74 - End SaveConfig() Used Memory: 789916520 Bytes (998244352)
2023-11-01 20:55:33,775 [INFO] UtilMem:74 - End SaveConfig() Used Memory: 742386272 Bytes (998244352)
2023-11-01 20:55:34,181 [INFO] BlockDiagram:2740 - set Specific Code input for plugin: NVIC
2023-11-01 20:55:34,181 [INFO] BlockDiagram:2740 - set Specific Code input for plugin: SYS
2023-11-01 20:55:34,181 [INFO] BlockDiagram:2740 - set Specific Code input for plugin: GPIO
2023-11-01 20:55:34,181 [INFO] BlockDiagram:2740 - set Specific Code input for plugin: RCC
2023-11-01 20:55:34,181 [INFO] BlockDiagram:2740 - set Specific Code input for plugin: TIM1_8F1
2023-11-01 20:55:34,181 [INFO] CodeGenerator:663 - code generatio: config db path: C:\ST\STM32CubeIDE_1.7.0\STM32CubeIDE\plugins\com.st.stm32cube.common.mx_6.3.0.202107141111\\db\
2023-11-01 20:55:34,588 [INFO] CodeEngine:239 - oldGeneratedFile, C:\Users\Admin\Desktop\VXL\HK231\LAB2\EXERCISE6\SOURCE CODE\EXERCISE 6\MXTmpFiles\license.tmp_save
2023-11-01 20:55:34,667 [INFO] CodeEngine:257 - Generated code: C:\Users\Admin\Desktop\VXL\HK231\LAB2\EXERCISE6\SOURCE CODE\EXERCISE 6\MXTmpFiles\license.tmp
2023-11-01 20:55:34,823 [INFO] CodeEngine:239 - oldGeneratedFile, C:\Users\Admin\Desktop\VXL\HK231\LAB2\EXERCISE6\SOURCE CODE\EXERCISE 6\MXTmpFiles\gpio.tmp_save
2023-11-01 20:55:34,917 [INFO] CodeEngine:257 - Generated code: C:\Users\Admin\Desktop\VXL\HK231\LAB2\EXERCISE6\SOURCE CODE\EXERCISE 6\MXTmpFiles\gpio.tmp
2023-11-01 20:55:35,135 [INFO] CodeEngine:239 - oldGeneratedFile, C:\Users\Admin\Desktop\VXL\HK231\LAB2\EXERCISE6\SOURCE CODE\EXERCISE 6\Core\Src\stm32f1xx_it.c_save
2023-11-01 20:55:35,245 [INFO] CodeEngine:257 - Generated code: C:\Users\Admin\Desktop\VXL\HK231\LAB2\EXERCISE6\SOURCE CODE\EXERCISE 6\Core\Src\stm32f1xx_it.c
2023-11-01 20:55:35,260 [INFO] CodeEngine:239 - oldGeneratedFile, C:\Users\Admin\Desktop\VXL\HK231\LAB2\EXERCISE6\SOURCE CODE\EXERCISE 6\Core\Inc\stm32f1xx_it.h_save
2023-11-01 20:55:35,338 [INFO] CodeEngine:257 - Generated code: C:\Users\Admin\Desktop\VXL\HK231\LAB2\EXERCISE6\SOURCE CODE\EXERCISE 6\Core\Inc\stm32f1xx_it.h
2023-11-01 20:55:35,354 [INFO] CodeEngine:239 - oldGeneratedFile, C:\Users\Admin\Desktop\VXL\HK231\LAB2\EXERCISE6\SOURCE CODE\EXERCISE 6\Core\Src\stm32f1xx_hal_msp.c_save
2023-11-01 20:55:35,448 [INFO] CodeEngine:257 - Generated code: C:\Users\Admin\Desktop\VXL\HK231\LAB2\EXERCISE6\SOURCE CODE\EXERCISE 6\Core\Src\stm32f1xx_hal_msp.c
2023-11-01 20:55:35,448 [INFO] CodeEngine:239 - oldGeneratedFile, C:\Users\Admin\Desktop\VXL\HK231\LAB2\EXERCISE6\SOURCE CODE\EXERCISE 6\MXTmpFiles\system.tmp_save
2023-11-01 20:55:35,526 [INFO] CodeEngine:257 - Generated code: C:\Users\Admin\Desktop\VXL\HK231\LAB2\EXERCISE6\SOURCE CODE\EXERCISE 6\MXTmpFiles\system.tmp
2023-11-01 20:55:35,541 [INFO] CodeEngine:239 - oldGeneratedFile, C:\Users\Admin\Desktop\VXL\HK231\LAB2\EXERCISE6\SOURCE CODE\EXERCISE 6\Core\Inc\stm32f1xx_hal_conf.h_save
2023-11-01 20:55:35,635 [INFO] CodeEngine:257 - Generated code: C:\Users\Admin\Desktop\VXL\HK231\LAB2\EXERCISE6\SOURCE CODE\EXERCISE 6\Core\Inc\stm32f1xx_hal_conf.h
2023-11-01 20:55:35,651 [WARN] IPConfigManager:3148 - IP not found : TIM
2023-11-01 20:55:35,651 [WARN] CodeGenerator:3268 - IP not found : null
2023-11-01 20:55:35,682 [INFO] CodeEngine:239 - oldGeneratedFile, C:\Users\Admin\Desktop\VXL\HK231\LAB2\EXERCISE6\SOURCE CODE\EXERCISE 6\Core\Inc\main.h_save
2023-11-01 20:55:35,745 [INFO] CodeEngine:257 - Generated code: C:\Users\Admin\Desktop\VXL\HK231\LAB2\EXERCISE6\SOURCE CODE\EXERCISE 6\Core\Inc\main.h
2023-11-01 20:55:35,760 [INFO] CodeEngine:239 - oldGeneratedFile, C:\Users\Admin\Desktop\VXL\HK231\LAB2\EXERCISE6\SOURCE CODE\EXERCISE 6\Core\Src\main.c_save
2023-11-01 20:55:35,885 [INFO] CodeEngine:257 - Generated code: C:\Users\Admin\Desktop\VXL\HK231\LAB2\EXERCISE6\SOURCE CODE\EXERCISE 6\Core\Src\main.c
2023-11-01 20:55:37,115 [INFO] ProjectBuilder:2578 - Time for Copy HAL[1] : 84mS.
2023-11-01 20:55:37,121 [INFO] ProjectBuilder:3622 - Project Generator version: 3.14.1
2023-11-01 20:55:37,768 [INFO] ConfigFileManager:1271 - The Die is : DIE412
2023-11-01 20:55:42,706 [INFO] ProjectBuilder:3789 - Time for Generating toolchain IDE Files: 5585mS.
2023-11-01 20:55:42,706 [INFO] ProjectBuilder:2457 - Time for Copy CMSIS : 0mS.
2023-11-01 20:55:42,706 [INFO] ProjectBuilder:2457 - Time for Copy CMSIS : 0mS.
