2023-11-01 18:37:07,905 [INFO] Activator:177 - 


2023-11-01 18:37:07,905 [INFO] Activator:178 - !SESSION log4j initialized
2023-11-01 18:37:22,363 [INFO] McuFinderGlobals:39 - Set McuFinder mode to 2 (CubeIDE integrated)
2023-11-01 18:37:22,488 [INFO] ApplicationProperties:181 - Using Application install path: C:\ST\STM32CubeIDE_1.7.0\STM32CubeIDE\plugins\com.st.stm32cube.common.mx_6.3.0.202107141111
2023-11-01 18:37:22,503 [INFO] DbMcusXml:74 - Set database path to: C:\ST\STM32CubeIDE_1.7.0\STM32CubeIDE\plugins\com.st.stm32cube.common.mx_6.3.0.202107141111\\db\/mcu/
2023-11-01 18:37:22,503 [INFO] DbBoardsPdsc:56 - Set plugin database path to: C:\ST\STM32CubeIDE_1.7.0\STM32CubeIDE\plugins\com.st.stm32cube.common.mx_6.3.0.202107141111\\db\/plugins/boardmanager/
2023-11-01 18:37:22,503 [INFO] DbMcus:258 - Set plugin images path to: C:\ST\STM32CubeIDE_1.7.0\STM32CubeIDE\plugins\com.st.stm32cube.common.mx_6.3.0.202107141111\\db\/plugins/mcufinder/images/
2023-11-01 18:37:22,503 [INFO] DbBoards:264 - Set plugin images path to: C:\ST\STM32CubeIDE_1.7.0\STM32CubeIDE\plugins\com.st.stm32cube.common.mx_6.3.0.202107141111\\db\/plugins/mcufinder/images/
2023-11-01 18:37:22,503 [INFO] DbExamples:333 - Set plugin images path to: C:\ST\STM32CubeIDE_1.7.0\STM32CubeIDE\plugins\com.st.stm32cube.common.mx_6.3.0.202107141111\\db\/plugins/mcufinder/images/
2023-11-01 18:37:22,519 [INFO] DbMcusAds:119 - Set database path to: C:\Users\Admin\.stmcufinder\plugins\mcufinder//mcu/
2023-11-01 18:37:22,519 [INFO] DbMcusDocs:110 - Set database path to: C:\Users\Admin\.stmcufinder\plugins\mcufinder//mcu/
2023-11-01 18:37:22,519 [INFO] DbMcusJson:64 - Set database path to: C:\Users\Admin\.stmcufinder\plugins\mcufinder//mcu/
2023-11-01 18:37:22,519 [INFO] DbBoardsDocs:110 - Set database path to: C:\Users\Admin\.stmcufinder\plugins\mcufinder//mcu/
2023-11-01 18:37:22,519 [INFO] DbBoardsJson:57 - Set database path to: C:\Users\Admin\.stmcufinder\plugins\mcufinder//mcu/
2023-11-01 18:37:22,535 [INFO] CrossReferenceDbSqlite:196 - Set database path to: C:\Users\Admin\.stmcufinder\plugins\mcufinder//mcu/cs/
2023-11-01 18:37:22,535 [INFO] DbExamplesSqlite:767 - Set database path to: C:\Users\Admin\.stmcufinder\plugins\mcufinder//mcu/
2023-11-01 18:37:22,628 [INFO] RulesReader:57 - Compatibility file has been processed (242 Rules)
2023-11-01 18:37:22,691 [INFO] DbMcusXml:74 - Set database path to: C:\ST\STM32CubeIDE_1.7.0\STM32CubeIDE\plugins\com.st.stm32cube.common.mx_6.3.0.202107141111\\db\/mcu/
2023-11-01 18:37:22,691 [INFO] DbBoardsPdsc:56 - Set plugin database path to: C:\ST\STM32CubeIDE_1.7.0\STM32CubeIDE\plugins\com.st.stm32cube.common.mx_6.3.0.202107141111\\db\/plugins/boardmanager/
2023-11-01 18:37:22,691 [INFO] DbMcus:258 - Set plugin images path to: C:\ST\STM32CubeIDE_1.7.0\STM32CubeIDE\plugins\com.st.stm32cube.common.mx_6.3.0.202107141111\\db\/plugins/mcufinder/images/
2023-11-01 18:37:22,691 [INFO] DbBoards:264 - Set plugin images path to: C:\ST\STM32CubeIDE_1.7.0\STM32CubeIDE\plugins\com.st.stm32cube.common.mx_6.3.0.202107141111\\db\/plugins/mcufinder/images/
2023-11-01 18:37:22,691 [INFO] DbExamples:333 - Set plugin images path to: C:\ST\STM32CubeIDE_1.7.0\STM32CubeIDE\plugins\com.st.stm32cube.common.mx_6.3.0.202107141111\\db\/plugins/mcufinder/images/
2023-11-01 18:37:22,691 [WARN] DbFile:35 - Overriding database path with different value: C:\Users\Admin\.stmcufinder\plugins\mcufinder/ => C:\Users\Admin\.stmcufinder\plugins\mcufinder
2023-11-01 18:37:22,691 [INFO] DbMcusAds:119 - Set database path to: C:\Users\Admin\.stmcufinder\plugins\mcufinder//mcu/
2023-11-01 18:37:22,691 [WARN] DbFile:35 - Overriding database path with different value: C:\Users\Admin\.stmcufinder\plugins\mcufinder/ => C:\Users\Admin\.stmcufinder\plugins\mcufinder
2023-11-01 18:37:22,691 [INFO] DbMcusDocs:110 - Set database path to: C:\Users\Admin\.stmcufinder\plugins\mcufinder//mcu/
2023-11-01 18:37:22,691 [WARN] DbFile:35 - Overriding database path with different value: C:\Users\Admin\.stmcufinder\plugins\mcufinder/ => C:\Users\Admin\.stmcufinder\plugins\mcufinder
2023-11-01 18:37:22,691 [INFO] DbMcusJson:64 - Set database path to: C:\Users\Admin\.stmcufinder\plugins\mcufinder//mcu/
2023-11-01 18:37:22,691 [WARN] DbFile:35 - Overriding database path with different value: C:\Users\Admin\.stmcufinder\plugins\mcufinder/ => C:\Users\Admin\.stmcufinder\plugins\mcufinder
2023-11-01 18:37:22,691 [INFO] DbBoardsDocs:110 - Set database path to: C:\Users\Admin\.stmcufinder\plugins\mcufinder//mcu/
2023-11-01 18:37:22,691 [WARN] DbFile:35 - Overriding database path with different value: C:\Users\Admin\.stmcufinder\plugins\mcufinder/ => C:\Users\Admin\.stmcufinder\plugins\mcufinder
2023-11-01 18:37:22,691 [INFO] DbBoardsJson:57 - Set database path to: C:\Users\Admin\.stmcufinder\plugins\mcufinder//mcu/
2023-11-01 18:37:22,691 [WARN] DbFile:35 - Overriding database path with different value: C:\Users\Admin\.stmcufinder\plugins\mcufinder/ => C:\Users\Admin\.stmcufinder\plugins\mcufinder
2023-11-01 18:37:22,691 [WARN] DbFile:35 - Overriding database path with different value: C:\Users\Admin\.stmcufinder\plugins\mcufinder/ => C:\Users\Admin\.stmcufinder\plugins\mcufinder
2023-11-01 18:37:22,691 [INFO] CrossReferenceDbSqlite:196 - Set database path to: C:\Users\Admin\.stmcufinder\plugins\mcufinder//mcu/cs/
2023-11-01 18:37:22,691 [WARN] DbFile:35 - Overriding database path with different value: C:\Users\Admin\.stmcufinder\plugins\mcufinder/ => C:\Users\Admin\.stmcufinder\plugins\mcufinder
2023-11-01 18:37:22,691 [INFO] DbExamplesSqlite:767 - Set database path to: C:\Users\Admin\.stmcufinder\plugins\mcufinder//mcu/
2023-11-01 18:37:22,753 [INFO] MainPanel:214 - HeapMemory: 268435456
2023-11-01 18:37:22,831 [INFO] DbMcusXml:74 - Set database path to: C:\ST\STM32CubeIDE_1.7.0\STM32CubeIDE\plugins\com.st.stm32cube.common.mx_6.3.0.202107141111\\db\/mcu/
2023-11-01 18:37:22,831 [INFO] DbBoardsPdsc:56 - Set plugin database path to: C:\ST\STM32CubeIDE_1.7.0\STM32CubeIDE\plugins\com.st.stm32cube.common.mx_6.3.0.202107141111\\db\/plugins/boardmanager/
2023-11-01 18:37:22,831 [INFO] DbMcus:258 - Set plugin images path to: C:\ST\STM32CubeIDE_1.7.0\STM32CubeIDE\plugins\com.st.stm32cube.common.mx_6.3.0.202107141111\\db\/plugins/mcufinder/images/
2023-11-01 18:37:22,831 [INFO] DbBoards:264 - Set plugin images path to: C:\ST\STM32CubeIDE_1.7.0\STM32CubeIDE\plugins\com.st.stm32cube.common.mx_6.3.0.202107141111\\db\/plugins/mcufinder/images/
2023-11-01 18:37:22,831 [INFO] DbExamples:333 - Set plugin images path to: C:\ST\STM32CubeIDE_1.7.0\STM32CubeIDE\plugins\com.st.stm32cube.common.mx_6.3.0.202107141111\\db\/plugins/mcufinder/images/
2023-11-01 18:37:22,831 [WARN] DbFile:35 - Overriding database path with different value: C:\Users\Admin\.stmcufinder\plugins\mcufinder/ => C:\Users\Admin\.stmcufinder\plugins\mcufinder
2023-11-01 18:37:22,831 [INFO] DbMcusAds:119 - Set database path to: C:\Users\Admin\.stmcufinder\plugins\mcufinder//mcu/
2023-11-01 18:37:22,831 [WARN] DbFile:35 - Overriding database path with different value: C:\Users\Admin\.stmcufinder\plugins\mcufinder/ => C:\Users\Admin\.stmcufinder\plugins\mcufinder
2023-11-01 18:37:22,831 [INFO] DbMcusDocs:110 - Set database path to: C:\Users\Admin\.stmcufinder\plugins\mcufinder//mcu/
2023-11-01 18:37:22,831 [WARN] DbFile:35 - Overriding database path with different value: C:\Users\Admin\.stmcufinder\plugins\mcufinder/ => C:\Users\Admin\.stmcufinder\plugins\mcufinder
2023-11-01 18:37:22,831 [INFO] DbMcusJson:64 - Set database path to: C:\Users\Admin\.stmcufinder\plugins\mcufinder//mcu/
2023-11-01 18:37:22,831 [WARN] DbFile:35 - Overriding database path with different value: C:\Users\Admin\.stmcufinder\plugins\mcufinder/ => C:\Users\Admin\.stmcufinder\plugins\mcufinder
2023-11-01 18:37:22,831 [INFO] DbBoardsDocs:110 - Set database path to: C:\Users\Admin\.stmcufinder\plugins\mcufinder//mcu/
2023-11-01 18:37:22,831 [WARN] DbFile:35 - Overriding database path with different value: C:\Users\Admin\.stmcufinder\plugins\mcufinder/ => C:\Users\Admin\.stmcufinder\plugins\mcufinder
2023-11-01 18:37:22,831 [INFO] DbBoardsJson:57 - Set database path to: C:\Users\Admin\.stmcufinder\plugins\mcufinder//mcu/
2023-11-01 18:37:22,831 [WARN] DbFile:35 - Overriding database path with different value: C:\Users\Admin\.stmcufinder\plugins\mcufinder/ => C:\Users\Admin\.stmcufinder\plugins\mcufinder
2023-11-01 18:37:22,831 [WARN] DbFile:35 - Overriding database path with different value: C:\Users\Admin\.stmcufinder\plugins\mcufinder/ => C:\Users\Admin\.stmcufinder\plugins\mcufinder
2023-11-01 18:37:22,831 [INFO] CrossReferenceDbSqlite:196 - Set database path to: C:\Users\Admin\.stmcufinder\plugins\mcufinder//mcu/cs/
2023-11-01 18:37:22,831 [WARN] DbFile:35 - Overriding database path with different value: C:\Users\Admin\.stmcufinder\plugins\mcufinder/ => C:\Users\Admin\.stmcufinder\plugins\mcufinder
2023-11-01 18:37:22,831 [INFO] DbExamplesSqlite:767 - Set database path to: C:\Users\Admin\.stmcufinder\plugins\mcufinder//mcu/
2023-11-01 18:37:22,847 [INFO] ApplicationProperties:181 - Using Application install path: C:\ST\STM32CubeIDE_1.7.0\STM32CubeIDE\plugins\com.st.stm32cube.common.mx_6.3.0.202107141111
2023-11-01 18:37:22,847 [INFO] PluginManage:188 - Search for loadable plugins [exclusion list=, ]
2023-11-01 18:37:22,847 [INFO] PluginManage:302 - Check plugin analytics
2023-11-01 18:37:22,972 [INFO] AnalyticsPlugin:257 - Accepted Software Licenses: 
2023-11-01 18:37:22,972 [INFO] AnalyticsPlugin:259 - Accepted CMSIS Pack Licenses: 
2023-11-01 18:37:22,972 [INFO] AnalyticsPlugin:261 - Accepted Firmware Licenses: 
2023-11-01 18:37:22,972 [INFO] PluginManage:352 - Loaded plugin analytics (category:tool,tabindex:-1)
2023-11-01 18:37:22,972 [INFO] PluginManage:302 - Check plugin clock
2023-11-01 18:37:22,972 [INFO] PluginManage:352 - Loaded plugin clock (category:base,tabindex:2)
2023-11-01 18:37:22,972 [INFO] PluginManage:302 - Check plugin ddr
2023-11-01 18:37:22,988 [INFO] PluginManage:352 - Loaded plugin ddr (category:tool,tabindex:6)
2023-11-01 18:37:22,988 [INFO] PluginManage:302 - Check plugin filemanager
2023-11-01 18:37:23,081 [INFO] PluginManage:352 - Loaded plugin filemanager (category:base,tabindex:10)
2023-11-01 18:37:23,081 [INFO] PluginManage:302 - Check plugin ipmanager
2023-11-01 18:37:23,097 [INFO] PluginManage:352 - Loaded plugin ipmanager (category:base,tabindex:5)
2023-11-01 18:37:23,097 [INFO] PluginManage:302 - Check plugin pinoutandconfiguration
2023-11-01 18:37:23,097 [INFO] PluginManage:352 - Loaded plugin pinoutandconfiguration (category:base,tabindex:1)
2023-11-01 18:37:23,097 [INFO] PluginManage:302 - Check plugin pinoutconfig
2023-11-01 18:37:23,113 [INFO] PluginManage:352 - Loaded plugin pinoutconfig (category:base,tabindex:0)
2023-11-01 18:37:23,113 [INFO] PluginManage:302 - Check plugin power
2023-11-01 18:37:23,128 [INFO] PluginManage:352 - Loaded plugin power (category:power,tabindex:4)
2023-11-01 18:37:23,128 [INFO] PluginManage:302 - Check plugin projectmanager
2023-11-01 18:37:23,144 [INFO] PluginManage:352 - Loaded plugin projectmanager (category:projectmanager,tabindex:3)
2023-11-01 18:37:23,144 [INFO] PluginManage:302 - Check plugin thirdparty
2023-11-01 18:37:23,238 [WARN] IntegrityCheckThread:78 - waiting for thirdparty lock release [integrity check]
2023-11-01 18:37:23,238 [INFO] PluginManage:352 - Loaded plugin thirdparty (category:base,tabindex:-1)
2023-11-01 18:37:23,238 [INFO] PluginManage:302 - Check plugin tools
2023-11-01 18:37:23,238 [INFO] IntegrityCheckThread:80 - entering critical section [integrity check]
2023-11-01 18:37:23,238 [INFO] ThirdPartyUpdaterWithRetryManager:66 - Updater plugin not ready yet. [1/15]
2023-11-01 18:37:23,238 [INFO] PluginManage:352 - Loaded plugin tools (category:base,tabindex:7)
2023-11-01 18:37:23,238 [INFO] PluginManage:302 - Check plugin tutovideos
2023-11-01 18:37:23,441 [INFO] PluginManage:352 - Loaded plugin tutovideos (category:base,tabindex:-1)
2023-11-01 18:37:23,441 [INFO] PluginManage:302 - Check plugin updater
2023-11-01 18:37:23,456 [INFO] PluginManage:352 - Loaded plugin updater (category:base,tabindex:12)
2023-11-01 18:37:23,456 [INFO] PluginManage:275 - PluginManage : Loaded plugins [13]
2023-11-01 18:37:23,581 [INFO] PinOutPanel:1463 - setPackage(No Configuration,No Configuration)
2023-11-01 18:37:23,659 [INFO] IPUIPlugin:74 - create IPUIPlugin
2023-11-01 18:37:23,659 [INFO] PluginManager:213 - loadIPPluginJar : add adc
2023-11-01 18:37:23,659 [INFO] IPUIPlugin:74 - create IPUIPlugin
2023-11-01 18:37:23,659 [INFO] PluginManager:213 - loadIPPluginJar : add aes
2023-11-01 18:37:23,659 [INFO] IPUIPlugin:74 - create IPUIPlugin
2023-11-01 18:37:23,659 [INFO] PluginManager:213 - loadIPPluginJar : add can
2023-11-01 18:37:23,659 [INFO] IPUIPlugin:74 - create IPUIPlugin
2023-11-01 18:37:23,659 [INFO] PluginManager:213 - loadIPPluginJar : add comp
2023-11-01 18:37:23,659 [INFO] IPUIPlugin:74 - create IPUIPlugin
2023-11-01 18:37:23,659 [INFO] PluginManager:213 - loadIPPluginJar : add cryp
2023-11-01 18:37:23,659 [INFO] IPUIPlugin:74 - create IPUIPlugin
2023-11-01 18:37:23,659 [INFO] PluginManager:213 - loadIPPluginJar : add dfsdm
2023-11-01 18:37:23,659 [INFO] IPUIPlugin:74 - create IPUIPlugin
2023-11-01 18:37:23,659 [INFO] PluginManager:213 - loadIPPluginJar : add dma
2023-11-01 18:37:23,675 [INFO] IPUIPlugin:74 - create IPUIPlugin
2023-11-01 18:37:23,675 [INFO] PluginManager:213 - loadIPPluginJar : add dma3
2023-11-01 18:37:23,675 [INFO] IPUIPlugin:74 - create IPUIPlugin
2023-11-01 18:37:23,675 [INFO] PluginManager:213 - loadIPPluginJar : add fatfs
2023-11-01 18:37:23,675 [INFO] IPUIPlugin:74 - create IPUIPlugin
2023-11-01 18:37:23,675 [INFO] PluginManager:213 - loadIPPluginJar : add fmc
2023-11-01 18:37:23,675 [INFO] IPUIPlugin:74 - create IPUIPlugin
2023-11-01 18:37:23,675 [INFO] PluginManager:213 - loadIPPluginJar : add freertos
2023-11-01 18:37:23,675 [INFO] IPUIPlugin:74 - create IPUIPlugin
2023-11-01 18:37:23,675 [INFO] PluginManager:213 - loadIPPluginJar : add genericplugin
2023-11-01 18:37:23,675 [INFO] IPUIPlugin:74 - create IPUIPlugin
2023-11-01 18:37:23,675 [INFO] PluginManager:213 - loadIPPluginJar : add gfxmmu
2023-11-01 18:37:23,691 [INFO] IPUIPlugin:74 - create IPUIPlugin
2023-11-01 18:37:23,691 [INFO] PluginManager:213 - loadIPPluginJar : add gic
2023-11-01 18:37:23,691 [INFO] IPUIPlugin:74 - create IPUIPlugin
2023-11-01 18:37:23,691 [INFO] PluginManager:213 - loadIPPluginJar : add gpio
2023-11-01 18:37:23,691 [INFO] IPUIPlugin:74 - create IPUIPlugin
2023-11-01 18:37:23,691 [INFO] PluginManager:213 - loadIPPluginJar : add gtzc
2023-11-01 18:37:23,691 [INFO] IPUIPlugin:74 - create IPUIPlugin
2023-11-01 18:37:23,691 [INFO] PluginManager:213 - loadIPPluginJar : add hash
2023-11-01 18:37:23,691 [INFO] IPUIPlugin:74 - create IPUIPlugin
2023-11-01 18:37:23,691 [INFO] PluginManager:213 - loadIPPluginJar : add i2c
2023-11-01 18:37:23,691 [INFO] IPUIPlugin:74 - create IPUIPlugin
2023-11-01 18:37:23,691 [INFO] PluginManager:213 - loadIPPluginJar : add i2s
2023-11-01 18:37:23,706 [INFO] IPUIPlugin:74 - create IPUIPlugin
2023-11-01 18:37:23,706 [INFO] PluginManager:213 - loadIPPluginJar : add ipddr
2023-11-01 18:37:23,706 [INFO] IPUIPlugin:74 - create IPUIPlugin
2023-11-01 18:37:23,706 [INFO] PluginManager:213 - loadIPPluginJar : add linkedlist
2023-11-01 18:37:23,706 [INFO] IPUIPlugin:74 - create IPUIPlugin
2023-11-01 18:37:23,706 [INFO] PluginManager:213 - loadIPPluginJar : add lorawan
2023-11-01 18:37:23,706 [INFO] IPUIPlugin:74 - create IPUIPlugin
2023-11-01 18:37:23,706 [INFO] PluginManager:213 - loadIPPluginJar : add ltdc
2023-11-01 18:37:23,706 [INFO] IPUIPlugin:74 - create IPUIPlugin
2023-11-01 18:37:23,706 [INFO] PluginManager:213 - loadIPPluginJar : add mdma
2023-11-01 18:37:23,706 [INFO] IPUIPlugin:74 - create IPUIPlugin
2023-11-01 18:37:23,706 [INFO] PluginManager:213 - loadIPPluginJar : add nvic
2023-11-01 18:37:23,722 [INFO] IPUIPlugin:74 - create IPUIPlugin
2023-11-01 18:37:23,722 [INFO] PluginManager:213 - loadIPPluginJar : add opamp
2023-11-01 18:37:23,722 [INFO] IPUIPlugin:74 - create IPUIPlugin
2023-11-01 18:37:23,722 [INFO] PluginManager:213 - loadIPPluginJar : add openamp
2023-11-01 18:37:23,722 [INFO] IPUIPlugin:74 - create IPUIPlugin
2023-11-01 18:37:23,722 [INFO] PluginManager:213 - loadIPPluginJar : add pdm2pcm
2023-11-01 18:37:23,722 [INFO] IPUIPlugin:74 - create IPUIPlugin
2023-11-01 18:37:23,722 [INFO] PluginManager:213 - loadIPPluginJar : add plateformsettings
2023-11-01 18:37:23,722 [INFO] IPUIPlugin:74 - create IPUIPlugin
2023-11-01 18:37:23,722 [INFO] PluginManager:213 - loadIPPluginJar : add quadspi
2023-11-01 18:37:23,737 [INFO] IPUIPlugin:74 - create IPUIPlugin
2023-11-01 18:37:23,737 [INFO] PluginManager:213 - loadIPPluginJar : add resmgrutility
2023-11-01 18:37:23,737 [INFO] IPUIPlugin:74 - create IPUIPlugin
2023-11-01 18:37:23,737 [INFO] PluginManager:213 - loadIPPluginJar : add sai
2023-11-01 18:37:23,737 [INFO] IPUIPlugin:74 - create IPUIPlugin
2023-11-01 18:37:23,737 [INFO] PluginManager:213 - loadIPPluginJar : add spi
2023-11-01 18:37:23,737 [INFO] IPUIPlugin:74 - create IPUIPlugin
2023-11-01 18:37:23,737 [INFO] PluginManager:213 - loadIPPluginJar : add stm32_wpan
2023-11-01 18:37:23,737 [INFO] IPUIPlugin:74 - create IPUIPlugin
2023-11-01 18:37:23,737 [INFO] PluginManager:213 - loadIPPluginJar : add tim
2023-11-01 18:37:23,737 [INFO] IPUIPlugin:74 - create IPUIPlugin
2023-11-01 18:37:23,737 [INFO] PluginManager:213 - loadIPPluginJar : add touchsensing
2023-11-01 18:37:23,737 [INFO] IPUIPlugin:74 - create IPUIPlugin
2023-11-01 18:37:23,737 [INFO] PluginManager:213 - loadIPPluginJar : add tracer_emb
2023-11-01 18:37:23,737 [INFO] IPUIPlugin:74 - create IPUIPlugin
2023-11-01 18:37:23,737 [INFO] PluginManager:213 - loadIPPluginJar : add ts
2023-11-01 18:37:23,753 [INFO] IPUIPlugin:74 - create IPUIPlugin
2023-11-01 18:37:23,753 [INFO] PluginManager:213 - loadIPPluginJar : add tsc
2023-11-01 18:37:23,753 [INFO] IPUIPlugin:74 - create IPUIPlugin
2023-11-01 18:37:23,753 [INFO] PluginManager:213 - loadIPPluginJar : add ucpd
2023-11-01 18:37:23,753 [INFO] IPUIPlugin:74 - create IPUIPlugin
2023-11-01 18:37:23,753 [INFO] PluginManager:213 - loadIPPluginJar : add usart
2023-11-01 18:37:23,753 [INFO] IPUIPlugin:74 - create IPUIPlugin
2023-11-01 18:37:23,753 [INFO] PluginManager:213 - loadIPPluginJar : add usbx
2023-11-01 18:37:24,065 [FATAL] Updater:294 - Updater called before beeing initialized
2023-11-01 18:37:24,144 [FATAL] Updater:294 - Updater called before beeing initialized
2023-11-01 18:37:24,159 [INFO] DbMcusAds:47 - JSON generation date=Tue Mar 07 15:50:55 ICT 2023 (1678179055114)
2023-11-01 18:37:24,159 [FATAL] Updater:294 - Updater called before beeing initialized
2023-11-01 18:37:24,191 [WARN] DetailPanel:314 - Failed to get advertising image, set to default
2023-11-01 18:37:24,284 [FATAL] Updater:294 - Updater called before beeing initialized
2023-11-01 18:37:24,284 [FATAL] Updater:294 - Updater called before beeing initialized
2023-11-01 18:37:24,284 [FATAL] Updater:294 - Updater called before beeing initialized
2023-11-01 18:37:24,284 [WARN] DetailPanel:314 - Failed to get advertising image, set to default
2023-11-01 18:37:24,284 [FATAL] Updater:294 - Updater called before beeing initialized
2023-11-01 18:37:24,331 [ERROR] Updater:1075 - MainUpdater not yet initialized. External WinMGr cannot be set.
2023-11-01 18:37:24,331 [INFO] Updater:1012 - Updater Version found : 6.3.0
2023-11-01 18:37:24,347 [INFO] ApplicationProperties:181 - Using Application install path: C:\ST\STM32CubeIDE_1.7.0\STM32CubeIDE\plugins\com.st.stm32cube.common.mx_6.3.0.202107141111
2023-11-01 18:37:24,565 [INFO] MainUpdater:2671 - connection check result : 10
2023-11-01 18:37:24,565 [INFO] MainUpdater:265 - Updater Check For Update Now.
2023-11-01 18:37:24,565 [INFO] MicroXplorer:478 - Change Database Version : DB.6.0.30
2023-11-01 18:37:24,784 [INFO] CheckServerUpdateThread:112 - End of CheckServer Thread
2023-11-01 18:37:24,800 [INFO] MainUpdater:2671 - connection check result : 10
2023-11-01 18:37:25,003 [INFO] McuFinderGlobals:52 - Set McuFinderConnectedMode to false
2023-11-01 18:37:25,097 [INFO] CrossSelectorPresenter:1330 - Cross Selector saved comparison directory: C:\Users\Admin\.stmcufinder\plugins\mcufinder\mcu\cs_comparisons_mx
2023-11-01 18:37:25,112 [INFO] MultiScanPanel:197 - Auto-refresh data requested => check proxy status ongoing
2023-11-01 18:37:25,112 [INFO] MultiScanPanel:201 - Proxy status is invalid
2023-11-01 18:37:25,112 [INFO] FinderPluginLoader:87 - Searching for filters in installed packs
2023-11-01 18:37:25,112 [INFO] DbMcusXml:100 - Load MCU database from C:\ST\STM32CubeIDE_1.7.0\STM32CubeIDE\plugins\com.st.stm32cube.common.mx_6.3.0.202107141111\\db\/mcu/families.xml
2023-11-01 18:37:26,159 [INFO] DbMcusJson:93 - JSON generation date=Tue Nov 16 23:17:54 ICT 2021 (1637079474)
2023-11-01 18:37:26,518 [WARN] PackLoader:238 - Cannot read IP mode file for STMicroelectronics.X-CUBE-AZRTOS-F4.1.1.0
2023-11-01 18:37:26,534 [ERROR] Engine:463 - C:\Users\Admin\.stm32cubemx\thirdparties\pdsc\STMicroelectronics.X-CUBE-SMBUS.2.1.0.pdsc: PDSC version is not supported
2023-11-01 18:37:26,550 [WARN] PackLoader:238 - Cannot read IP mode file for STMicroelectronics.X-CUBE-BLEMGR.1.2.0
2023-11-01 18:37:26,597 [WARN] PackLoader:238 - Cannot read IP mode file for STMicroelectronics.X-CUBE-AZRTOS-L5.2.0.0
2023-11-01 18:37:26,628 [WARN] PackLoader:238 - Cannot read IP mode file for STMicroelectronics.X-CUBE-AZRTOS-F7.1.1.0
2023-11-01 18:37:26,737 [WARN] PackLoader:238 - Cannot read IP mode file for STMicroelectronics.X-CUBE-MEMS1.9.6.0
2023-11-01 18:37:27,179 [WARN] PackLoader:238 - Cannot read IP mode file for STMicroelectronics.X-CUBE-EEPRMA1.4.2.0
2023-11-01 18:37:27,191 [ERROR] Engine:463 - C:\Users\Admin\.stm32cubemx\thirdparties\pdsc\ITTIA_DB.I-CUBE-ITTIADB.8.8.0.pdsc: PDSC version is not supported
2023-11-01 18:37:27,191 [WARN] PackLoader:238 - Cannot read IP mode file for STMicroelectronics.X-CUBE-BLE1.6.2.3
2023-11-01 18:37:27,207 [WARN] PackLoader:238 - Cannot read IP mode file for STMicroelectronics.X-CUBE-BLE1.6.2.4
2023-11-01 18:37:27,207 [WARN] PackLoader:238 - Cannot read IP mode file for STMicroelectronics.X-CUBE-NFC4.2.0.5
2023-11-01 18:37:27,222 [WARN] PackLoader:238 - Cannot read IP mode file for STMicroelectronics.X-CUBE-NFC4.2.0.4
2023-11-01 18:37:27,269 [WARN] ConditionMgr:437 - getConditionDescription Invalid condition id : UX DEVICE CLASS RTOS Condition cause : null
2023-11-01 18:37:27,269 [WARN] ConditionMgr:437 - getConditionDescription Invalid condition id : UX DEVICE CLASS RTOS Condition cause : null
2023-11-01 18:37:27,269 [WARN] PackLoader:238 - Cannot read IP mode file for STMicroelectronics.X-CUBE-AZRTOS-H7.3.1.0
2023-11-01 18:37:27,269 [WARN] ConditionMgr:1038 - genDependencies : Invalid condition id : UX DEVICE CLASS RTOS Condition cause : null
2023-11-01 18:37:27,269 [WARN] ConditionMgr:1038 - genDependencies : Invalid condition id : UX DEVICE CLASS RTOS Condition cause : null
2023-11-01 18:37:27,269 [WARN] ConditionMgr:1038 - genDependencies : Invalid condition id : UX DEVICE CLASS RTOS Condition cause : null
2023-11-01 18:37:27,269 [WARN] ConditionMgr:1038 - genDependencies : Invalid condition id : UX DEVICE CLASS RTOS Condition cause : null
2023-11-01 18:37:27,269 [WARN] ConditionMgr:1038 - genDependencies : Invalid condition id : UX DEVICE CLASS RTOS Condition cause : null
2023-11-01 18:37:27,300 [WARN] PackLoader:238 - Cannot read IP mode file for STMicroelectronics.X-CUBE-TOF1.3.1.0
2023-11-01 18:37:27,316 [WARN] PackLoader:238 - Cannot read IP mode file for wolfSSL.I-CUBE-wolfSSL.5.5.0
2023-11-01 18:37:27,316 [WARN] PackLoader:238 - Cannot read IP mode file for STMicroelectronics.X-CUBE-NFC7.1.0.1
2023-11-01 18:37:27,332 [WARN] PackLoader:238 - Cannot read IP mode file for STMicroelectronics.X-CUBE-NFC7.1.0.0
2023-11-01 18:37:27,332 [WARN] PackLoader:238 - Cannot read IP mode file for STMicroelectronics.X-CUBE-TOUCHGFX.4.22.1
2023-11-01 18:37:27,347 [WARN] PackLoader:238 - Cannot read IP mode file for STMicroelectronics.X-CUBE-NFC6.3.0.0
2023-11-01 18:37:27,425 [WARN] PackLoader:238 - Cannot read IP mode file for STMicroelectronics.X-CUBE-MEMS1.9.3.0
2023-11-01 18:37:27,425 [INFO] DbMcus:175 - Found 1951 MCUs (1903 are supported by CubeMX, 1914 are visible in CubeMX)
2023-11-01 18:37:27,425 [INFO] ApiDb:251 - Load user favorites file C:\Users\Admin/.stm32cubeide/favorites.mcus.txt: 0 item(s)
2023-11-01 18:37:27,425 [INFO] ApiDb:255 - User favorites MCUs=[]
2023-11-01 18:37:27,425 [INFO] DbMcus:187 - Set 0 / 0 favorites MCUs
2023-11-01 18:37:27,722 [WARN] PackLoader:238 - Cannot read IP mode file for STMicroelectronics.X-CUBE-EEPRMA1.4.1.0
2023-11-01 18:37:27,738 [WARN] PackLoader:238 - Cannot read IP mode file for STMicroelectronics.X-CUBE-AI.7.2.0
2023-11-01 18:37:27,753 [INFO] LogOutputStream:76 - [STDOUT_REDIRECT] 1 : Invalid condition id : UX_CORESTACK_Condition cause : null
2023-11-01 18:37:27,753 [INFO] LogOutputStream:76 - [STDOUT_REDIRECT] 1 : Invalid condition id : UX_CORESTACK_Condition cause : null
2023-11-01 18:37:27,753 [INFO] LogOutputStream:76 - [STDOUT_REDIRECT] 1 : Invalid condition id : UX_CORESTACK_Condition cause : null
2023-11-01 18:37:27,753 [INFO] LogOutputStream:76 - [STDOUT_REDIRECT] 1 : Invalid condition id : UX_CORESTACK_Condition cause : null
2023-11-01 18:37:27,753 [INFO] LogOutputStream:76 - [STDOUT_REDIRECT] 1 : Invalid condition id : UX_CORESTACK_Condition cause : null
2023-11-01 18:37:27,769 [WARN] PackLoader:238 - Cannot read IP mode file for STMicroelectronics.X-CUBE-AZRTOS-WL.2.0.0
2023-11-01 18:37:27,816 [WARN] ConditionMgr:437 - getConditionDescription Invalid condition id : LAN8742 Phy interface Condition cause : null
2023-11-01 18:37:27,816 [WARN] PackLoader:238 - Cannot read IP mode file for STMicroelectronics.X-CUBE-AZRTOS-L4.2.0.0
2023-11-01 18:37:27,816 [WARN] ConditionMgr:1038 - genDependencies : Invalid condition id : LAN8742 Phy interface Condition cause : null
2023-11-01 18:37:27,831 [WARN] ConditionMgr:1038 - genDependencies : Invalid condition id : LAN8742 Phy interface Condition cause : null
2023-11-01 18:37:27,831 [WARN] ConditionMgr:1038 - genDependencies : Invalid condition id : LAN8742 Phy interface Condition cause : null
2023-11-01 18:37:27,831 [WARN] PackLoader:238 - Cannot read IP mode file for WES.I-CUBE-Cesium.1.3.0
2023-11-01 18:37:27,847 [WARN] PackLoader:238 - Cannot read IP mode file for STMicroelectronics.X-CUBE-SFXS2LP1.4.0.0
2023-11-01 18:37:27,863 [WARN] PackLoader:238 - Cannot read IP mode file for STMicroelectronics.X-CUBE-TOF1.3.2.0
2023-11-01 18:37:27,910 [WARN] PackLoader:238 - Cannot read IP mode file for STMicroelectronics.X-CUBE-AZRTOS-H7.3.0.0
2023-11-01 18:37:27,925 [WARN] PackLoader:238 - Cannot read IP mode file for STMicroelectronics.X-CUBE-ISPU.1.0.0
2023-11-01 18:37:27,925 [WARN] PackLoader:238 - Cannot read IP mode file for STMicroelectronics.X-CUBE-ISPU.1.1.0
2023-11-01 18:37:27,941 [WARN] PackLoader:238 - Cannot read IP mode file for RoweBots.I-CUBE-UNISONRTOS.5.5.0-4
2023-11-01 18:37:27,972 [WARN] PackLoader:238 - Cannot read IP mode file for STMicroelectronics.X-CUBE-AZRTOS-H7.2.1.0
2023-11-01 18:37:28,003 [WARN] ConditionMgr:437 - getConditionDescription Invalid condition id : UX DEVICE CLASS RTOS Condition cause : null
2023-11-01 18:37:28,003 [WARN] ConditionMgr:437 - getConditionDescription Invalid condition id : UX DEVICE CLASS RTOS Condition cause : null
2023-11-01 18:37:28,003 [WARN] PackLoader:238 - Cannot read IP mode file for STMicroelectronics.X-CUBE-AZRTOS-WB.2.0.0
2023-11-01 18:37:28,003 [WARN] ConditionMgr:1038 - genDependencies : Invalid condition id : UX DEVICE CLASS RTOS Condition cause : null
2023-11-01 18:37:28,003 [WARN] ConditionMgr:1038 - genDependencies : Invalid condition id : UX DEVICE CLASS RTOS Condition cause : null
2023-11-01 18:37:28,003 [WARN] ConditionMgr:1038 - genDependencies : Invalid condition id : UX DEVICE CLASS RTOS Condition cause : null
2023-11-01 18:37:28,003 [WARN] ConditionMgr:1038 - genDependencies : Invalid condition id : UX DEVICE CLASS RTOS Condition cause : null
2023-11-01 18:37:28,003 [WARN] ConditionMgr:1038 - genDependencies : Invalid condition id : UX DEVICE CLASS RTOS Condition cause : null
2023-11-01 18:37:28,019 [WARN] PackLoader:238 - Cannot read IP mode file for STMicroelectronics.X-CUBE-TOUCHGFX.4.21.0
2023-11-01 18:37:28,050 [WARN] PackLoader:238 - Cannot read IP mode file for STMicroelectronics.X-CUBE-BLEMGR.1.0.0
2023-11-01 18:37:28,128 [WARN] PackLoader:238 - Cannot read IP mode file for STMicroelectronics.X-CUBE-MEMS1.9.4.0
2023-11-01 18:37:28,253 [INFO] DetailPanel:309 - Set advertising image to C:/Users/Admin/STM32Cube/Repository/\en.prom-stm32h5-mcu-finder.jpg
2023-11-01 18:37:28,457 [WARN] PackLoader:238 - Cannot read IP mode file for STMicroelectronics.X-CUBE-AI.7.3.0
2023-11-01 18:37:28,472 [WARN] PackLoader:238 - Cannot read IP mode file for STMicroelectronics.X-CUBE-ALGOBUILD.1.3.0
2023-11-01 18:37:28,519 [WARN] PackLoader:238 - Cannot read IP mode file for STMicroelectronics.X-CUBE-AZRTOS-L5.1.1.0
2023-11-01 18:37:28,551 [WARN] PackLoader:238 - Cannot read IP mode file for STMicroelectronics.X-CUBE-AZRTOS-G0.1.1.0
2023-11-01 18:37:28,582 [WARN] PackLoader:238 - Cannot read IP mode file for STMicroelectronics.X-CUBE-SUBG2.5.0.0
2023-11-01 18:37:28,597 [WARN] PackLoader:238 - Cannot read IP mode file for STMicroelectronics.X-CUBE-NFC4.3.0.0
2023-11-01 18:37:28,675 [WARN] PackLoader:238 - Cannot read IP mode file for SEGGER.I-CUBE-embOS.1.2.0
2023-11-01 18:37:28,754 [ERROR] Engine:463 - C:\Users\Admin\.stm32cubemx\thirdparties\pdsc\STMicroelectronics.X-CUBE-TOF1.3.3.1.pdsc: PDSC version is not supported
2023-11-01 18:37:28,785 [WARN] PackLoader:238 - Cannot read IP mode file for STMicroelectronics.X-CUBE-AZRTOS-G4.2.0.0
2023-11-01 18:37:28,785 [ERROR] Engine:463 - C:\Users\Admin\.stm32cubemx\thirdparties\pdsc\Infineon.AIROC-Wi-Fi-Bluetooth-STM32.1.5.1.pdsc: PDSC version is not supported
2023-11-01 18:37:28,800 [WARN] PackLoader:238 - Cannot read IP mode file for STMicroelectronics.X-CUBE-BLEMGR.1.3.0
2023-11-01 18:37:28,832 [WARN] PackLoader:238 - Cannot read IP mode file for STMicroelectronics.X-CUBE-AZRTOS-G4.1.0.0
2023-11-01 18:37:28,832 [WARN] PackLoader:238 - Cannot read IP mode file for STMicroelectronics.FP-ATR-SIGFOX1.3.2.0
2023-11-01 18:37:28,863 [WARN] PackLoader:238 - Cannot read IP mode file for STMicroelectronics.X-CUBE-AZRTOS-L4.1.0.0
2023-11-01 18:37:28,879 [WARN] PackLoader:238 - Cannot read IP mode file for emotas.I-CUBE-CANOPEN.1.1.2
2023-11-01 18:37:28,894 [WARN] PackLoader:238 - Cannot read IP mode file for STMicroelectronics.X-CUBE-TOUCHGFX.4.20.0
2023-11-01 18:37:28,988 [WARN] PackLoader:238 - Cannot read IP mode file for STMicroelectronics.X-CUBE-MEMS1.10.0.0
2023-11-01 18:37:29,019 [INFO] DbBoardsPdsc:90 - Found 25 items
2023-11-01 18:37:29,035 [INFO] DbBoardsPdsc:90 - Found 9 items
2023-11-01 18:37:29,035 [INFO] DbBoardsPdsc:90 - Found 33 items
2023-11-01 18:37:29,035 [INFO] DbBoardsPdsc:90 - Found 1 items
2023-11-01 18:37:29,050 [INFO] DbBoardsPdsc:90 - Found 48 items
2023-11-01 18:37:29,066 [INFO] DbBoardsPdsc:90 - Found 43 items
2023-11-01 18:37:29,066 [INFO] DbBoardsPdsc:90 - Found 2 items
2023-11-01 18:37:29,066 [INFO] DbBoardsPdsc:90 - Found 5 items
2023-11-01 18:37:29,082 [WARN] DbBoardsPdsc:254 - Board STM32H7B3I-DK: unknown feature type=Audio, name=, username=Audio stereo codec with Headphone Amp (CS42L51-CNZ), n=1
2023-11-01 18:37:29,082 [WARN] DbBoardsPdsc:254 - Board STM32H735G-DK: unknown feature type=Audio, name=, username=Audio stereo codec with Headphone Amp (WM8994ECS/R), n=1
2023-11-01 18:37:29,082 [WARN] DbBoardsPdsc:254 - Board STM32H7B3I-EVAL: unknown feature type=Audio, name=, username=Multi-Channel Audio Codec (CS42L51-CNZ), n=1
2023-11-01 18:37:29,082 [WARN] DbBoardsPdsc:254 - Board STM32H7B3I-EVAL: unknown feature type=Meter, name=, username=Power-metering and Temperature-monitoring with sigma-delta modulators, n=1
2023-11-01 18:37:29,082 [WARN] DbBoardsPdsc:254 - Board STM32H7B3I-EVAL: unknown feature type=Motor, name=, username=Motor Control, n=1
2023-11-01 18:37:29,082 [WARN] DbBoardsPdsc:254 - Board STM32U575I-EV: unknown feature type=joystick, name=, username=4-direction joystick with selection button, n=1
2023-11-01 18:37:29,129 [INFO] DbBoardsJson:86 - JSON generation date=Tue Nov 16 23:17:54 ICT 2021 (1637079474)
2023-11-01 18:37:29,144 [INFO] DbBoards:117 - Found 167 boards (163 are supported by CubeMX)
2023-11-01 18:37:29,144 [INFO] DbBoardsDocs:143 - JSON generation date=Tue Nov 16 23:17:54 ICT 2021 (1637079474)
2023-11-01 18:37:29,160 [INFO] DbBoardsDocs:79 - Found 209 boards documents
2023-11-01 18:37:29,160 [WARN] DbBoards:127 - board B-L475E-IOT01A2 has no document id list !
2023-11-01 18:37:29,160 [WARN] DbBoards:127 - board NUCLEO-H743ZI has no document id list !
2023-11-01 18:37:29,160 [WARN] DbBoards:127 - board NUCLEO-WL55JC2 has no document id list !
2023-11-01 18:37:29,160 [WARN] DbBoards:127 - board P-NUCLEO-WB55-Nucleo has no document id list !
2023-11-01 18:37:29,160 [WARN] DbBoards:127 - board P-NUCLEO-WB55-USBDongle has no document id list !
2023-11-01 18:37:29,160 [WARN] DbBoards:127 - board STEVAL-BFA001V1B has no document id list !
2023-11-01 18:37:29,160 [WARN] DbBoards:127 - board STEVAL-BFA001V2B has no document id list !
2023-11-01 18:37:29,160 [WARN] DbBoards:127 - board STEVAL-IDP005V1 has no document id list !
2023-11-01 18:37:29,160 [WARN] DbBoards:127 - board STEVAL-IDP005V2 has no document id list !
2023-11-01 18:37:29,160 [WARN] DbBoards:127 - board STEVAL-MKSBOX1V1 has no document id list !
2023-11-01 18:37:29,160 [WARN] DbBoards:127 - board STEVAL-STWINKT1 has no document id list !
2023-11-01 18:37:29,160 [WARN] DbBoards:127 - board STEVAL-STWINKT1B has no document id list !
2023-11-01 18:37:29,160 [WARN] DbBoards:127 - board STM32439I-EVAL2 has no document id list !
2023-11-01 18:37:29,160 [WARN] DbBoards:127 - board STM32F401C-DISCO has no document id list !
2023-11-01 18:37:29,160 [WARN] DbBoards:127 - board STM32F769I-DISC1 has no document id list !
2023-11-01 18:37:29,160 [WARN] DbBoards:127 - board STM32G474E-EVAL1 has no document id list !
2023-11-01 18:37:29,160 [WARN] DbBoards:127 - board STM32H743I-EVAL2 has no document id list !
2023-11-01 18:37:29,160 [WARN] DbBoards:127 - board STM32H747I-DISC1 has no document id list !
2023-11-01 18:37:29,160 [WARN] DbBoards:127 - board STM32H753I-EVAL2 has no document id list !
2023-11-01 18:37:29,160 [WARN] DbBoards:127 - board STM32L-DISCOVERY has no document id list !
2023-11-01 18:37:29,363 [WARN] PackLoader:238 - Cannot read IP mode file for STMicroelectronics.X-CUBE-AZRTOS-WL.1.0.0
2023-11-01 18:37:29,378 [WARN] PackLoader:238 - Cannot read IP mode file for portGmbH.I-Cube-SoM-uGOAL.1.1.0
2023-11-01 18:37:29,410 [WARN] PackLoader:238 - Cannot read IP mode file for STMicroelectronics.X-CUBE-AZRTOS-WB.1.1.0
2023-11-01 18:37:29,457 [ERROR] DbBoards:189 - Image file not found for board B-U585I-IOT02A: C:\ST\STM32CubeIDE_1.7.0\STM32CubeIDE\plugins\com.st.stm32cube.common.mx_6.3.0.202107141111\\db\/plugins/mcufinder/images/boards/B-U585I-IOT02A_small.jpg
2023-11-01 18:37:29,472 [WARN] PackLoader:238 - Cannot read IP mode file for SEGGER.I-CUBE-embOS.1.3.1
2023-11-01 18:37:29,566 [WARN] PackLoader:238 - Cannot read IP mode file for STMicroelectronics.X-CUBE-AZRTOS-L5.1.0.0
2023-11-01 18:37:29,582 [WARN] PackLoader:238 - Cannot read IP mode file for STMicroelectronics.X-CUBE-EEPRMA1.3.1.1
2023-11-01 18:37:29,582 [INFO] ThirdParty:915 - Integrity check success = true
2023-11-01 18:37:29,582 [INFO] IntegrityCheckThread:94 - exiting critical section [integrity check]
2023-11-01 18:37:29,582 [INFO] IntegrityCheckThread:97 - End integrity checks thread
2023-11-01 18:37:29,675 [ERROR] DbBoards:189 - Image file not found for board NUCLEO-F413ZH: C:\ST\STM32CubeIDE_1.7.0\STM32CubeIDE\plugins\com.st.stm32cube.common.mx_6.3.0.202107141111\\db\/plugins/mcufinder/images/boards/nucleo-f413zh_small.jpg
2023-11-01 18:37:30,035 [ERROR] DbBoards:189 - Image file not found for board NUCLEO-L552ZE-Q: C:\ST\STM32CubeIDE_1.7.0\STM32CubeIDE\plugins\com.st.stm32cube.common.mx_6.3.0.202107141111\\db\/plugins/mcufinder/images/boards/nucleo_l552ze_q_small.jpg
2023-11-01 18:37:30,035 [ERROR] DbBoards:189 - Image file not found for board NUCLEO-U575ZI-Q: C:\ST\STM32CubeIDE_1.7.0\STM32CubeIDE\plugins\com.st.stm32cube.common.mx_6.3.0.202107141111\\db\/plugins/mcufinder/images/boards/nucleo-u575zi-q_small.jpg
2023-11-01 18:37:30,035 [ERROR] DbBoards:189 - Image file not found for board NUCLEO-WB15CC: C:\ST\STM32CubeIDE_1.7.0\STM32CubeIDE\plugins\com.st.stm32cube.common.mx_6.3.0.202107141111\\db\/plugins/mcufinder/images/boards/nucleo-wb15cc_small.jpg
2023-11-01 18:37:30,035 [ERROR] DbBoards:189 - Image file not found for board NUCLEO-WB55RG: C:\ST\STM32CubeIDE_1.7.0\STM32CubeIDE\plugins\com.st.stm32cube.common.mx_6.3.0.202107141111\\db\/plugins/mcufinder/images/boards/nucleo-wb55rg_small.jpg
2023-11-01 18:37:32,222 [INFO] ApiDb:251 - Load user favorites file C:\Users\Admin/.stm32cubeide/favorites.boards.txt: 0 item(s)
2023-11-01 18:37:32,222 [INFO] ApiDb:255 - User favorites Boards=[]
2023-11-01 18:37:32,222 [INFO] DbBoards:206 - Set 0 / 0 favorites Boards
2023-11-01 18:37:43,662 [INFO] DbMcusDocs:143 - JSON generation date=Tue Nov 16 23:17:54 ICT 2021 (1637079474)
2023-11-01 18:37:44,037 [INFO] DbMcusDocs:79 - Found 682 MCUs documents
2023-11-01 18:37:52,603 [INFO] MainUpdater:2671 - connection check result : 10
2023-11-01 18:37:52,603 [INFO] MainUpdater:2671 - connection check result : 10
2023-11-01 18:37:52,650 [INFO] MicroXplorer:448 - Change Database Path : 
2023-11-01 18:37:52,650 [INFO] MicroXplorer:478 - Change Database Version : DB.6.0.30
2023-11-01 18:37:52,650 [WARN] ThirdParty:813 - waiting for thirdparty lock release [close project]
2023-11-01 18:37:52,650 [INFO] ThirdParty:815 - entering critical section [close project]
2023-11-01 18:37:52,650 [INFO] ThirdParty:825 - exiting critical section [close project]
2023-11-01 18:37:52,665 [INFO] PinOutPanel:1463 - setPackage(No Configuration,No Configuration)
2023-11-01 18:37:52,665 [INFO] UtilMem:74 - Begin LoadConfig() Used Memory: 467372288 Bytes (702545920)
2023-11-01 18:37:52,665 [INFO] MicroXplorer:448 - Change Database Path : 
2023-11-01 18:37:52,665 [INFO] MicroXplorer:478 - Change Database Version : DB.6.0.30
2023-11-01 18:37:52,665 [INFO] OpenFileManager:313 - Change cursor
2023-11-01 18:37:54,045 [INFO] Context:592 - Trying to add GPIOservice into a context  which must be forbidden
2023-11-01 18:37:54,470 [INFO] ImportTextPane:167 - (OptionalMessage_ERROR) Unable to find key (Mcu.ThirdPartyNb) in loaded IOC file
2023-11-01 18:37:54,470 [INFO] ImportTextPane:167 - (OptionalMessage_ERROR) Unable to find key (Mcu.PinsNb) in loaded IOC file
2023-11-01 18:37:54,470 [INFO] ImportTextPane:167 - (OptionalMessage_ERROR) Unable to find key (Mcu.IPNb) in loaded IOC file
2023-11-01 18:37:55,185 [WARN] ApiManager:304 - Cannot register API 'Board Extension:IKS01A3' from pack STMicroelectronics.X-CUBE-MEMS1.9.4.0: no header file found
2023-11-01 18:37:55,185 [WARN] ApiManager:304 - Cannot register API 'Board Extension:IKS01A2' from pack STMicroelectronics.X-CUBE-MEMS1.9.4.0: no header file found
2023-11-01 18:37:55,185 [WARN] ApiManager:304 - Cannot register API 'Board Extension:IKS02A1' from pack STMicroelectronics.X-CUBE-MEMS1.9.4.0: no header file found
2023-11-01 18:37:55,689 [WARN] ApiManager:304 - Cannot register API 'Board Extension:IKS01A3' from pack STMicroelectronics.X-CUBE-MEMS1.9.6.0: no header file found
2023-11-01 18:37:55,689 [WARN] ApiManager:304 - Cannot register API 'Board Extension:IKS01A2' from pack STMicroelectronics.X-CUBE-MEMS1.9.6.0: no header file found
2023-11-01 18:37:55,689 [WARN] ApiManager:304 - Cannot register API 'Board Extension:IKS02A1' from pack STMicroelectronics.X-CUBE-MEMS1.9.6.0: no header file found
2023-11-01 18:37:55,689 [WARN] ApiManager:304 - Cannot register API 'Board Extension:EEPRMA2' from pack STMicroelectronics.X-CUBE-EEPRMA1.4.2.0: no header file found
2023-11-01 18:37:55,689 [WARN] ApiManager:304 - Cannot register API 'Board Extension:PGEEZ1' from pack STMicroelectronics.X-CUBE-EEPRMA1.4.2.0: no header file found
2023-11-01 18:37:55,689 [WARN] ApiManager:304 - Cannot register API 'Board Part:M24' from pack STMicroelectronics.X-CUBE-EEPRMA1.4.2.0: no header file found
2023-11-01 18:37:55,689 [WARN] ApiManager:304 - Cannot register API 'Board Part:M95' from pack STMicroelectronics.X-CUBE-EEPRMA1.4.2.0: no header file found
2023-11-01 18:37:55,689 [WARN] ApiManager:304 - Cannot register API 'Board Part:M95P32' from pack STMicroelectronics.X-CUBE-EEPRMA1.4.2.0: no header file found
2023-11-01 18:37:55,689 [WARN] ApiManager:304 - Cannot register API 'PGEEZ1:SPI' from pack STMicroelectronics.X-CUBE-EEPRMA1.4.2.0: no header file found
2023-11-01 18:37:55,689 [WARN] ApiManager:304 - Cannot register API 'PGEEZ1:QDSPI' from pack STMicroelectronics.X-CUBE-EEPRMA1.4.2.0: no header file found
2023-11-01 18:37:55,705 [WARN] ApiManager:304 - Cannot register API 'Wireless:BlueNRG-MS' from pack STMicroelectronics.X-CUBE-BLE1.6.2.3: no header file found
2023-11-01 18:37:55,705 [WARN] ApiManager:304 - Cannot register API 'Wireless:BlueNRG-MS' from pack STMicroelectronics.X-CUBE-BLE1.6.2.4: no header file found
2023-11-01 18:37:55,705 [INFO] RtosManager:484 - Registered RTOS mode: class=CMSIS, group=RTOS, mode=CMSIS_V1, owner=FREERTOS
2023-11-01 18:37:55,705 [INFO] RtosManager:484 - Registered RTOS mode: class=CMSIS, group=RTOS2, mode=CMSIS_V2, owner=FREERTOS
2023-11-01 18:37:55,705 [INFO] RtosManager:484 - Registered RTOS mode: class=RTOS, group=Core, mode=CMSIS_V1, owner=FREERTOS
2023-11-01 18:37:55,705 [INFO] RtosManager:484 - Registered RTOS mode: class=RTOS, group=Core, mode=CMSIS_V2, owner=FREERTOS
2023-11-01 18:37:55,705 [WARN] ModelIntegratedComponent:181 - Missing modes for component STMicroelectronics:FreeRTOS:0.0.1:STMicroelectronics:RTOS:FreeRTOS:Core:::10.2.0:
2023-11-01 18:37:55,705 [WARN] ApiManager:304 - Cannot register API 'Board Extension:S2868A1' from pack STMicroelectronics.X-CUBE-SUBG2.5.0.0: no header file found
2023-11-01 18:37:55,705 [WARN] ApiManager:304 - Cannot register API 'Board Extension:S2868A2' from pack STMicroelectronics.X-CUBE-SUBG2.5.0.0: no header file found
2023-11-01 18:37:55,705 [WARN] ApiManager:304 - Cannot register API 'Board Extension:S2915A1' from pack STMicroelectronics.X-CUBE-SUBG2.5.0.0: no header file found
2023-11-01 18:37:55,720 [WARN] ApiManager:304 - Cannot register API 'Board Extension:NFC04A1' from pack STMicroelectronics.X-CUBE-NFC4.3.0.0: no header file found
2023-11-01 18:37:55,720 [WARN] ApiManager:304 - Cannot register API 'Board Extension:NFC04A1' from pack STMicroelectronics.X-CUBE-NFC4.2.0.5: no header file found
2023-11-01 18:37:55,720 [WARN] ApiManager:304 - Cannot register API 'Board Extension:NFC04A1' from pack STMicroelectronics.X-CUBE-NFC4.2.0.4: no header file found
2023-11-01 18:37:55,736 [WARN] ModelIntegratedComponent:60 - No mode defined for component null
2023-11-01 18:37:55,736 [WARN] ModelIntegratedComponent:60 - No mode defined for component null
2023-11-01 18:37:55,736 [WARN] ModelIntegratedComponent:60 - No mode defined for component null
2023-11-01 18:37:55,736 [WARN] ModelIntegratedComponent:60 - No mode defined for component null
2023-11-01 18:37:55,736 [WARN] ModelIntegratedComponent:60 - No mode defined for component null
2023-11-01 18:37:55,736 [WARN] ModelIntegratedComponent:60 - No mode defined for component null
2023-11-01 18:37:55,736 [WARN] ModelIntegratedComponent:60 - No mode defined for component null
2023-11-01 18:37:55,736 [WARN] ModelIntegratedComponent:60 - No mode defined for component null
2023-11-01 18:37:55,736 [WARN] ModelIntegratedComponent:60 - No mode defined for component null
2023-11-01 18:37:55,736 [WARN] ModelIntegratedComponent:60 - No mode defined for component null
2023-11-01 18:37:55,736 [WARN] ModelIntegratedComponent:60 - No mode defined for component null
2023-11-01 18:37:55,736 [WARN] ModelIntegratedComponent:60 - No mode defined for component null
2023-11-01 18:37:55,736 [WARN] ModelIntegratedComponent:60 - No mode defined for component null
2023-11-01 18:37:55,736 [WARN] ModelIntegratedComponent:60 - No mode defined for component null
2023-11-01 18:37:55,736 [WARN] ModelIntegratedComponent:60 - No mode defined for component null
2023-11-01 18:37:55,736 [WARN] ModelIntegratedComponent:60 - No mode defined for component null
2023-11-01 18:37:55,736 [WARN] ModelIntegratedComponent:60 - No mode defined for component null
2023-11-01 18:37:55,736 [WARN] ModelIntegratedComponent:60 - No mode defined for component null
2023-11-01 18:37:55,736 [WARN] ModelIntegratedComponent:60 - No mode defined for component null
2023-11-01 18:37:55,736 [WARN] ModelIntegratedComponent:60 - No mode defined for component null
2023-11-01 18:37:55,736 [WARN] ModelIntegratedComponent:60 - No mode defined for component null
2023-11-01 18:37:55,736 [WARN] ModelIntegratedComponent:60 - No mode defined for component null
2023-11-01 18:37:55,736 [WARN] ModelIntegratedComponent:60 - No mode defined for component null
2023-11-01 18:37:55,736 [WARN] ModelIntegratedComponent:60 - No mode defined for component null
2023-11-01 18:37:55,736 [WARN] ModelIntegratedComponent:60 - No mode defined for component null
2023-11-01 18:37:55,736 [WARN] ModelIntegratedComponent:60 - No mode defined for component null
2023-11-01 18:37:55,736 [WARN] ModelIntegratedComponent:60 - No mode defined for component null
2023-11-01 18:37:55,736 [WARN] ModelIntegratedComponent:60 - No mode defined for component null
2023-11-01 18:37:55,736 [WARN] ModelIntegratedComponent:60 - No mode defined for component null
2023-11-01 18:37:55,736 [WARN] ModelIntegratedComponent:60 - No mode defined for component null
2023-11-01 18:37:55,736 [WARN] ModelIntegratedComponent:60 - No mode defined for component null
2023-11-01 18:37:56,217 [WARN] ApiManager:304 - Cannot register API 'Board Extension:IKS01A3' from pack STMicroelectronics.X-CUBE-MEMS1.10.0.0: no header file found
2023-11-01 18:37:56,218 [WARN] ApiManager:304 - Cannot register API 'Board Extension:IKS02A1' from pack STMicroelectronics.X-CUBE-MEMS1.10.0.0: no header file found
2023-11-01 18:37:56,218 [WARN] ApiManager:304 - Cannot register API 'Board Extension:IKS4A1' from pack STMicroelectronics.X-CUBE-MEMS1.10.0.0: no header file found
2023-11-01 18:37:56,229 [WARN] ApiManager:304 - Cannot register API 'Board Extension:NFC07A1' from pack STMicroelectronics.X-CUBE-NFC7.1.0.1: no header file found
2023-11-01 18:37:56,229 [WARN] ApiManager:304 - Cannot register API 'Board Extension:NFC07A1' from pack STMicroelectronics.X-CUBE-NFC7.1.0.0: no header file found
2023-11-01 18:37:56,243 [WARN] ApiManager:304 - Cannot register API 'Board Extension:NFC06A1' from pack STMicroelectronics.X-CUBE-NFC6.3.0.0: no header file found
2023-11-01 18:37:56,243 [WARN] ApiManager:304 - Cannot register API 'Board Extension:NFC08A1' from pack STMicroelectronics.X-CUBE-NFC6.3.0.0: no header file found
2023-11-01 18:37:56,622 [WARN] ApiManager:304 - Cannot register API 'Board Extension:IKS01A3' from pack STMicroelectronics.X-CUBE-MEMS1.9.3.0: no header file found
2023-11-01 18:37:56,622 [WARN] ApiManager:304 - Cannot register API 'Board Extension:IKS01A2' from pack STMicroelectronics.X-CUBE-MEMS1.9.3.0: no header file found
2023-11-01 18:37:56,622 [WARN] ApiManager:304 - Cannot register API 'Board Extension:IKS02A1' from pack STMicroelectronics.X-CUBE-MEMS1.9.3.0: no header file found
2023-11-01 18:37:56,623 [WARN] ApiManager:304 - Cannot register API 'Board Extension:EEPRMA1' from pack STMicroelectronics.X-CUBE-EEPRMA1.4.1.0: no header file found
2023-11-01 18:37:56,623 [WARN] ApiManager:304 - Cannot register API 'Board Extension:EEPRMA2' from pack STMicroelectronics.X-CUBE-EEPRMA1.4.1.0: no header file found
2023-11-01 18:37:56,623 [WARN] ApiManager:304 - Cannot register API 'Board Extension:PGEEZ1' from pack STMicroelectronics.X-CUBE-EEPRMA1.4.1.0: no header file found
2023-11-01 18:37:56,623 [WARN] ApiManager:304 - Cannot register API 'Board Part:M24' from pack STMicroelectronics.X-CUBE-EEPRMA1.4.1.0: no header file found
2023-11-01 18:37:56,623 [WARN] ApiManager:304 - Cannot register API 'Board Part:M95' from pack STMicroelectronics.X-CUBE-EEPRMA1.4.1.0: no header file found
2023-11-01 18:37:56,623 [WARN] ApiManager:304 - Cannot register API 'Board Part:M95P32' from pack STMicroelectronics.X-CUBE-EEPRMA1.4.1.0: no header file found
2023-11-01 18:37:56,623 [WARN] ApiManager:304 - Cannot register API 'PGEEZ1:SPI' from pack STMicroelectronics.X-CUBE-EEPRMA1.4.1.0: no header file found
2023-11-01 18:37:56,623 [WARN] ApiManager:304 - Cannot register API 'PGEEZ1:QDSPI' from pack STMicroelectronics.X-CUBE-EEPRMA1.4.1.0: no header file found
2023-11-01 18:37:56,623 [WARN] ApiManager:304 - Cannot register API 'Board Extension:EEPRMA1' from pack STMicroelectronics.X-CUBE-EEPRMA1.3.1.1: no header file found
2023-11-01 18:37:56,623 [WARN] ApiManager:304 - Cannot register API 'Board Extension:EEPRMA2' from pack STMicroelectronics.X-CUBE-EEPRMA1.3.1.1: no header file found
2023-11-01 18:37:56,639 [WARN] ApiManager:304 - Cannot register API 'Board Extension:S2868A1' from pack STMicroelectronics.X-CUBE-SFXS2LP1.4.0.0: no header file found
2023-11-01 18:37:56,639 [WARN] ApiManager:304 - Cannot register API 'Board Extension:S2868A2' from pack STMicroelectronics.X-CUBE-SFXS2LP1.4.0.0: no header file found
2023-11-01 18:37:56,639 [WARN] ApiManager:304 - Cannot register API 'Board Extension:S2915A1' from pack STMicroelectronics.X-CUBE-SFXS2LP1.4.0.0: no header file found
2023-11-01 18:38:26,888 [INFO] UtilMem:74 - End LoadConfig() Used Memory: 612476048 Bytes (702545920)
2023-11-01 18:38:26,891 [WARN] ThirdParty:779 - waiting for thirdparty lock release [change project]
2023-11-01 18:38:26,891 [INFO] ThirdParty:781 - entering critical section [change project]
2023-11-01 18:38:26,891 [INFO] ThirdParty:967 - CMSIS Pack Vendor :STMicroelectronics X-CUBE-ISPU 1.1.0
2023-11-01 18:38:26,891 [INFO] ThirdParty:967 - CMSIS Pack Vendor :RoweBots I-CUBE-UNISONRTOS 5.5.0-4
2023-11-01 18:38:26,891 [INFO] ThirdParty:967 - CMSIS Pack Vendor :STMicroelectronics X-CUBE-AZRTOS-H7 2.1.0
2023-11-01 18:38:26,891 [INFO] ThirdParty:967 - CMSIS Pack Vendor :STMicroelectronics USB_HOST 2.0.0
2023-11-01 18:38:26,891 [INFO] ThirdParty:967 - CMSIS Pack Vendor :STMicroelectronics X-CUBE-AZRTOS-F4 1.1.0
2023-11-01 18:38:26,892 [INFO] ThirdParty:967 - CMSIS Pack Vendor :STMicroelectronics USB_DEVICE 3.0.0
2023-11-01 18:38:26,892 [INFO] ThirdParty:967 - CMSIS Pack Vendor :STMicroelectronics X-CUBE-AZRTOS-WB 2.0.0
2023-11-01 18:38:26,892 [INFO] ThirdParty:967 - CMSIS Pack Vendor :STMicroelectronics X-CUBE-TOUCHGFX 4.21.0
2023-11-01 18:38:26,892 [INFO] ThirdParty:967 - CMSIS Pack Vendor :STMicroelectronics X-CUBE-BLEMGR 1.0.0
2023-11-01 18:38:26,892 [INFO] ThirdParty:967 - CMSIS Pack Vendor :STMicroelectronics X-CUBE-BLEMGR 1.2.0
2023-11-01 18:38:26,892 [INFO] ThirdParty:967 - CMSIS Pack Vendor :STMicroelectronics X-CUBE-AZRTOS-L5 2.0.0
2023-11-01 18:38:26,892 [INFO] ThirdParty:967 - CMSIS Pack Vendor :STMicroelectronics X-CUBE-AZRTOS-F7 1.1.0
2023-11-01 18:38:26,892 [INFO] ThirdParty:967 - CMSIS Pack Vendor :STMicroelectronics X-CUBE-MEMS1 9.4.0
2023-11-01 18:38:26,892 [INFO] ThirdParty:967 - CMSIS Pack Vendor :STMicroelectronics USB_DEVICE 2.0.0
2023-11-01 18:38:26,892 [INFO] ThirdParty:967 - CMSIS Pack Vendor :STMicroelectronics X-CUBE-MEMS1 9.6.0
2023-11-01 18:38:26,893 [INFO] ThirdParty:967 - CMSIS Pack Vendor :STMicroelectronics X-CUBE-EEPRMA1 4.2.0
2023-11-01 18:38:26,893 [INFO] ThirdParty:967 - CMSIS Pack Vendor :STMicroelectronics X-CUBE-AI 7.3.0
2023-11-01 18:38:26,893 [INFO] ThirdParty:967 - CMSIS Pack Vendor :STMicroelectronics X-CUBE-BLE1 6.2.3
2023-11-01 18:38:26,893 [INFO] ThirdParty:967 - CMSIS Pack Vendor :STMicroelectronics X-CUBE-ALGOBUILD 1.3.0
2023-11-01 18:38:26,893 [INFO] ThirdParty:967 - CMSIS Pack Vendor :STMicroelectronics X-CUBE-BLE1 6.2.4
2023-11-01 18:38:26,893 [INFO] ThirdParty:967 - CMSIS Pack Vendor :STMicroelectronics X-CUBE-AZRTOS-L5 1.1.0
2023-11-01 18:38:26,893 [INFO] ThirdParty:967 - CMSIS Pack Vendor :STMicroelectronics FreeRTOS 0.0.1
2023-11-01 18:38:26,893 [INFO] ThirdParty:967 - CMSIS Pack Vendor :STMicroelectronics X-CUBE-AZRTOS-G0 1.1.0
2023-11-01 18:38:26,893 [INFO] ThirdParty:967 - CMSIS Pack Vendor :STMicroelectronics X-CUBE-SUBG2 5.0.0
2023-11-01 18:38:26,893 [INFO] ThirdParty:967 - CMSIS Pack Vendor :STMicroelectronics X-CUBE-NFC4 3.0.0
2023-11-01 18:38:26,894 [INFO] ThirdParty:967 - CMSIS Pack Vendor :SEGGER I-CUBE-embOS 1.2.0
2023-11-01 18:38:26,894 [INFO] ThirdParty:967 - CMSIS Pack Vendor :STMicroelectronics lwIP 2.0.3
2023-11-01 18:38:26,894 [INFO] ThirdParty:967 - CMSIS Pack Vendor :STMicroelectronics X-CUBE-NFC4 2.0.5
2023-11-01 18:38:26,894 [INFO] ThirdParty:967 - CMSIS Pack Vendor :STMicroelectronics X-CUBE-NFC4 2.0.4
2023-11-01 18:38:26,894 [INFO] ThirdParty:967 - CMSIS Pack Vendor :STMicroelectronics USB_HOST 1.0.0
2023-11-01 18:38:26,894 [INFO] ThirdParty:967 - CMSIS Pack Vendor :STMicroelectronics X-CUBE-AZRTOS-G4 2.0.0
2023-11-01 18:38:26,894 [INFO] ThirdParty:967 - CMSIS Pack Vendor :STMicroelectronics PDM2PCM 3.1.0
2023-11-01 18:38:26,894 [INFO] ThirdParty:967 - CMSIS Pack Vendor :STMicroelectronics X-CUBE-AZRTOS-H7 3.1.0
2023-11-01 18:38:26,894 [INFO] ThirdParty:967 - CMSIS Pack Vendor :STMicroelectronics PDM2PCM 3.3.0
2023-11-01 18:38:26,894 [INFO] ThirdParty:967 - CMSIS Pack Vendor :STMicroelectronics X-CUBE-TOF1 3.1.0
2023-11-01 18:38:26,895 [INFO] ThirdParty:967 - CMSIS Pack Vendor :STMicroelectronics X-CUBE-BLEMGR 1.3.0
2023-11-01 18:38:26,895 [INFO] ThirdParty:967 - CMSIS Pack Vendor :STMicroelectronics X-CUBE-AZRTOS-G4 1.0.0
2023-11-01 18:38:26,895 [INFO] ThirdParty:967 - CMSIS Pack Vendor :STMicroelectronics FP-ATR-SIGFOX1 3.2.0
2023-11-01 18:38:26,895 [INFO] ThirdParty:967 - CMSIS Pack Vendor :STMicroelectronics X-CUBE-AZRTOS-L4 1.0.0
2023-11-01 18:38:26,895 [INFO] ThirdParty:967 - CMSIS Pack Vendor :wolfSSL I-CUBE-wolfSSL 5.5.0
2023-11-01 18:38:26,895 [INFO] ThirdParty:967 - CMSIS Pack Vendor :STMicroelectronics HAL Drivers 0.0.0
2023-11-01 18:38:26,895 [INFO] ThirdParty:967 - CMSIS Pack Vendor :STMicroelectronics MBEDTLS 2.16.2
2023-11-01 18:38:26,895 [INFO] ThirdParty:967 - CMSIS Pack Vendor :emotas I-CUBE-CANOPEN 1.1.2
2023-11-01 18:38:26,895 [INFO] ThirdParty:967 - CMSIS Pack Vendor :STMicroelectronics X-CUBE-TOUCHGFX 4.20.0
2023-11-01 18:38:26,895 [INFO] ThirdParty:967 - CMSIS Pack Vendor :STMicroelectronics X-CUBE-MEMS1 10.0.0
2023-11-01 18:38:26,895 [INFO] ThirdParty:967 - CMSIS Pack Vendor :STMicroelectronics X-CUBE-NFC7 1.0.1
2023-11-01 18:38:26,896 [INFO] ThirdParty:967 - CMSIS Pack Vendor :STMicroelectronics MBEDTLS 2.14.1
2023-11-01 18:38:26,896 [INFO] ThirdParty:967 - CMSIS Pack Vendor :STMicroelectronics X-CUBE-NFC7 1.0.0
2023-11-01 18:38:26,896 [INFO] ThirdParty:967 - CMSIS Pack Vendor :STMicroelectronics X-CUBE-TOUCHGFX 4.22.1
2023-11-01 18:38:26,896 [INFO] ThirdParty:967 - CMSIS Pack Vendor :STMicroelectronics X-CUBE-AZRTOS-WL 1.0.0
2023-11-01 18:38:26,896 [INFO] ThirdParty:967 - CMSIS Pack Vendor :STMicroelectronics X-CUBE-NFC6 3.0.0
2023-11-01 18:38:26,896 [INFO] ThirdParty:967 - CMSIS Pack Vendor :STMicroelectronics X-CUBE-MEMS1 9.3.0
2023-11-01 18:38:26,896 [INFO] ThirdParty:967 - CMSIS Pack Vendor :STMicroelectronics X-CUBE-EEPRMA1 4.1.0
2023-11-01 18:38:26,896 [INFO] ThirdParty:967 - CMSIS Pack Vendor :portGmbH I-Cube-SoM-uGOAL 1.1.0
2023-11-01 18:38:26,896 [INFO] ThirdParty:967 - CMSIS Pack Vendor :STMicroelectronics X-CUBE-AI 7.2.0
2023-11-01 18:38:26,896 [INFO] ThirdParty:967 - CMSIS Pack Vendor :STMicroelectronics X-CUBE-AZRTOS-WB 1.1.0
2023-11-01 18:38:26,897 [INFO] ThirdParty:967 - CMSIS Pack Vendor :STMicroelectronics X-CUBE-AZRTOS-WL 2.0.0
2023-11-01 18:38:26,897 [INFO] ThirdParty:967 - CMSIS Pack Vendor :SEGGER I-CUBE-embOS 1.3.1
2023-11-01 18:38:26,897 [INFO] ThirdParty:967 - CMSIS Pack Vendor :STMicroelectronics X-CUBE-AZRTOS-L5 1.0.0
2023-11-01 18:38:26,897 [INFO] ThirdParty:967 - CMSIS Pack Vendor :STMicroelectronics USB_DEVICE 1.0.0
2023-11-01 18:38:26,897 [INFO] ThirdParty:967 - CMSIS Pack Vendor :STMicroelectronics X-CUBE-EEPRMA1 3.1.1
2023-11-01 18:38:26,897 [INFO] ThirdParty:967 - CMSIS Pack Vendor :STMicroelectronics X-CUBE-AZRTOS-L4 2.0.0
2023-11-01 18:38:26,897 [INFO] ThirdParty:967 - CMSIS Pack Vendor :STMicroelectronics ThreadX 0.0.2
2023-11-01 18:38:26,897 [INFO] ThirdParty:967 - CMSIS Pack Vendor :WES I-CUBE-Cesium 1.3.0
2023-11-01 18:38:26,897 [INFO] ThirdParty:967 - CMSIS Pack Vendor :STMicroelectronics lwIP 2.1.2
2023-11-01 18:38:26,897 [INFO] ThirdParty:967 - CMSIS Pack Vendor :STMicroelectronics X-CUBE-SFXS2LP1 4.0.0
2023-11-01 18:38:26,898 [INFO] ThirdParty:967 - CMSIS Pack Vendor :STMicroelectronics X-CUBE-TOF1 3.2.0
2023-11-01 18:38:26,898 [INFO] ThirdParty:967 - CMSIS Pack Vendor :STMicroelectronics PDM2PCM 3.2.0
2023-11-01 18:38:26,898 [INFO] ThirdParty:967 - CMSIS Pack Vendor :STMicroelectronics X-CUBE-AZRTOS-H7 3.0.0
2023-11-01 18:38:26,898 [INFO] ThirdParty:967 - CMSIS Pack Vendor :STMicroelectronics X-CUBE-ISPU 1.0.0
2023-11-01 18:38:26,898 [INFO] ThirdParty:787 - exiting critical section [change project]
2023-11-01 18:38:27,257 [INFO] PinOutPanel:1463 - setPackage(No Configuration,No Configuration)
2023-11-01 18:38:27,258 [INFO] PinOutPanel:1463 - setPackage(STM32F103C6Tx,LQFP48)
2023-11-01 18:38:27,958 [INFO] UtilMem:74 - Before build in PCC Used Memory: 630771296 Bytes (702545920)
2023-11-01 18:38:29,058 [INFO] UtilMem:74 - After build in PCC Used Memory: 619521520 Bytes (702545920)
2023-11-01 18:38:29,113 [INFO] IPUIPlugin:74 - create IPUIPlugin
2023-11-01 18:38:29,114 [INFO] IPUIPlugin:74 - create IPUIPlugin
2023-11-01 18:38:29,114 [INFO] IPUIPlugin:74 - create IPUIPlugin
2023-11-01 18:38:29,115 [INFO] IPUIPlugin:74 - create IPUIPlugin
2023-11-01 18:38:29,115 [INFO] IPUIPlugin:74 - create IPUIPlugin
2023-11-01 18:38:29,115 [INFO] IPUIPlugin:74 - create IPUIPlugin
2023-11-01 18:38:29,115 [INFO] IPUIPlugin:74 - create IPUIPlugin
2023-11-01 18:38:29,116 [INFO] IPUIPlugin:74 - create IPUIPlugin
2023-11-01 18:38:29,116 [INFO] IPUIPlugin:74 - create IPUIPlugin
2023-11-01 18:38:29,117 [INFO] IPUIPlugin:74 - create IPUIPlugin
2023-11-01 18:38:29,117 [INFO] IPUIPlugin:74 - create IPUIPlugin
2023-11-01 18:38:29,118 [INFO] IPUIPlugin:74 - create IPUIPlugin
2023-11-01 18:38:29,118 [INFO] IPUIPlugin:74 - create IPUIPlugin
2023-11-01 18:38:29,119 [INFO] IPUIPlugin:74 - create IPUIPlugin
2023-11-01 18:38:29,119 [INFO] IPUIPlugin:74 - create IPUIPlugin
2023-11-01 18:38:29,120 [INFO] IPUIPlugin:74 - create IPUIPlugin
2023-11-01 18:38:29,120 [INFO] IPUIPlugin:74 - create IPUIPlugin
2023-11-01 18:38:29,121 [INFO] IPUIPlugin:74 - create IPUIPlugin
2023-11-01 18:38:29,122 [INFO] IPUIPlugin:74 - create IPUIPlugin
2023-11-01 18:38:29,123 [INFO] IPUIPlugin:74 - create IPUIPlugin
2023-11-01 18:38:29,123 [INFO] IPUIPlugin:74 - create IPUIPlugin
2023-11-01 18:38:29,125 [INFO] IPUIPlugin:74 - create IPUIPlugin
2023-11-01 18:38:29,125 [INFO] IPUIPlugin:74 - create IPUIPlugin
2023-11-01 18:38:29,354 [INFO] OpenFileManager:333 - Restore cursor
2023-11-01 18:38:29,926 [INFO] UtilMem:74 - End SaveConfig() Used Memory: 629269120 Bytes (702545920)
2023-11-01 18:38:30,021 [INFO] UtilMem:74 - End SaveConfig() Used Memory: 645908592 Bytes (702545920)
2023-11-01 18:38:30,620 [INFO] BlockDiagram:2740 - set Specific Code input for plugin: NVIC
2023-11-01 18:38:30,620 [INFO] BlockDiagram:2740 - set Specific Code input for plugin: SYS
2023-11-01 18:38:30,620 [INFO] BlockDiagram:2740 - set Specific Code input for plugin: RCC
2023-11-01 18:38:30,620 [INFO] CodeGenerator:663 - code generatio: config db path: C:\ST\STM32CubeIDE_1.7.0\STM32CubeIDE\plugins\com.st.stm32cube.common.mx_6.3.0.202107141111\\db\
2023-11-01 18:38:31,214 [INFO] CodeEngine:239 - oldGeneratedFile, C:\Users\Admin\Desktop\VXL\HK231\LAB2\EXERCISE3\SOURCE CODE\EXERCISE 3\EXERCISE 3\MXTmpFiles\license.tmp_save
2023-11-01 18:38:31,855 [INFO] CodeEngine:257 - Generated code: C:\Users\Admin\Desktop\VXL\HK231\LAB2\EXERCISE3\SOURCE CODE\EXERCISE 3\EXERCISE 3\MXTmpFiles\license.tmp
2023-11-01 18:38:32,105 [INFO] CodeEngine:239 - oldGeneratedFile, C:\Users\Admin\Desktop\VXL\HK231\LAB2\EXERCISE3\SOURCE CODE\EXERCISE 3\EXERCISE 3\Core\Src\stm32f1xx_it.c_save
2023-11-01 18:38:32,387 [INFO] CodeEngine:257 - Generated code: C:\Users\Admin\Desktop\VXL\HK231\LAB2\EXERCISE3\SOURCE CODE\EXERCISE 3\EXERCISE 3\Core\Src\stm32f1xx_it.c
2023-11-01 18:38:32,402 [INFO] CodeEngine:239 - oldGeneratedFile, C:\Users\Admin\Desktop\VXL\HK231\LAB2\EXERCISE3\SOURCE CODE\EXERCISE 3\EXERCISE 3\Core\Inc\stm32f1xx_it.h_save
2023-11-01 18:38:32,527 [INFO] CodeEngine:257 - Generated code: C:\Users\Admin\Desktop\VXL\HK231\LAB2\EXERCISE3\SOURCE CODE\EXERCISE 3\EXERCISE 3\Core\Inc\stm32f1xx_it.h
2023-11-01 18:38:32,559 [INFO] CodeEngine:239 - oldGeneratedFile, C:\Users\Admin\Desktop\VXL\HK231\LAB2\EXERCISE3\SOURCE CODE\EXERCISE 3\EXERCISE 3\Core\Src\stm32f1xx_hal_msp.c_save
2023-11-01 18:38:32,762 [INFO] CodeEngine:257 - Generated code: C:\Users\Admin\Desktop\VXL\HK231\LAB2\EXERCISE3\SOURCE CODE\EXERCISE 3\EXERCISE 3\Core\Src\stm32f1xx_hal_msp.c
2023-11-01 18:38:32,777 [INFO] CodeEngine:239 - oldGeneratedFile, C:\Users\Admin\Desktop\VXL\HK231\LAB2\EXERCISE3\SOURCE CODE\EXERCISE 3\EXERCISE 3\MXTmpFiles\system.tmp_save
2023-11-01 18:38:32,871 [INFO] CodeEngine:257 - Generated code: C:\Users\Admin\Desktop\VXL\HK231\LAB2\EXERCISE3\SOURCE CODE\EXERCISE 3\EXERCISE 3\MXTmpFiles\system.tmp
2023-11-01 18:38:32,887 [INFO] CodeEngine:239 - oldGeneratedFile, C:\Users\Admin\Desktop\VXL\HK231\LAB2\EXERCISE3\SOURCE CODE\EXERCISE 3\EXERCISE 3\Core\Inc\stm32f1xx_hal_conf.h_save
2023-11-01 18:38:33,105 [INFO] CodeEngine:257 - Generated code: C:\Users\Admin\Desktop\VXL\HK231\LAB2\EXERCISE3\SOURCE CODE\EXERCISE 3\EXERCISE 3\Core\Inc\stm32f1xx_hal_conf.h
2023-11-01 18:38:33,168 [INFO] CodeEngine:239 - oldGeneratedFile, C:\Users\Admin\Desktop\VXL\HK231\LAB2\EXERCISE3\SOURCE CODE\EXERCISE 3\EXERCISE 3\Core\Inc\main.h_save
2023-11-01 18:38:33,454 [INFO] CodeEngine:257 - Generated code: C:\Users\Admin\Desktop\VXL\HK231\LAB2\EXERCISE3\SOURCE CODE\EXERCISE 3\EXERCISE 3\Core\Inc\main.h
2023-11-01 18:38:33,454 [INFO] CodeEngine:239 - oldGeneratedFile, C:\Users\Admin\Desktop\VXL\HK231\LAB2\EXERCISE3\SOURCE CODE\EXERCISE 3\EXERCISE 3\Core\Src\main.c_save
2023-11-01 18:38:33,751 [INFO] CodeEngine:257 - Generated code: C:\Users\Admin\Desktop\VXL\HK231\LAB2\EXERCISE3\SOURCE CODE\EXERCISE 3\EXERCISE 3\Core\Src\main.c
2023-11-01 18:38:36,159 [INFO] ProjectBuilder:2578 - Time for Copy HAL[1] : 217mS.
2023-11-01 18:38:36,192 [INFO] ProjectBuilder:3622 - Project Generator version: 3.14.1
2023-11-01 18:38:38,341 [INFO] ConfigFileManager:1271 - The Die is : DIE412
2023-11-01 18:38:38,391 [INFO] ApiDbMcu:468 - Load IP Config File for FATFS
2023-11-01 18:38:38,472 [INFO] ApiDbMcu:468 - Load IP Config File for FREERTOS
2023-11-01 18:38:38,550 [INFO] ApiDbMcu:468 - Load IP Config File for USB_DEVICE
2023-11-01 18:38:45,740 [INFO] ProjectBuilder:3789 - Time for Generating toolchain IDE Files: 9548mS.
2023-11-01 18:38:45,740 [INFO] ProjectBuilder:2457 - Time for Copy CMSIS : 0mS.
2023-11-01 18:38:45,740 [INFO] ProjectBuilder:2457 - Time for Copy CMSIS : 0mS.
2023-11-01 18:38:46,461 [INFO] McuFinderGlobals:52 - Set McuFinderConnectedMode to true
2023-11-01 18:38:46,476 [INFO] ApiDb:276 - Save user favorites file C:\Users\Admin/.stm32cubeide/favorites.mcus.txt: 0 item(s)
2023-11-01 18:38:46,476 [INFO] ApiDb:280 - User favorites MCUs=[]
2023-11-01 18:42:53,595 [INFO] NvicIntPanel:96 - NVIC parent = com.st.microxplorer.plugins.ip.nvic.MultiNvicIntPanel[,0,0,0x0,invalid,layout=javax.swing.BoxLayout,alignmentX=0.0,alignmentY=0.0,border=,flags=9,maximumSize=,minimumSize=,preferredSize=]
2023-11-01 18:43:06,475 [INFO] NvicIntPanel:96 - NVIC parent = com.st.microxplorer.plugins.ip.nvic.MultiNvicIntPanel[,0,0,450x118,layout=javax.swing.BoxLayout,alignmentX=0.0,alignmentY=0.0,border=,flags=9,maximumSize=,minimumSize=,preferredSize=]
2023-11-01 18:43:10,679 [INFO] UtilMem:74 - End SaveConfig() Used Memory: 780374600 Bytes (953155584)
2023-11-01 18:43:12,493 [INFO] UtilMem:74 - End SaveConfig() Used Memory: 795580992 Bytes (953155584)
2023-11-01 18:43:14,634 [INFO] UtilMem:74 - End SaveConfig() Used Memory: 783637080 Bytes (953155584)
2023-11-01 18:43:15,009 [INFO] BlockDiagram:2740 - set Specific Code input for plugin: NVIC
2023-11-01 18:43:15,009 [INFO] BlockDiagram:2740 - set Specific Code input for plugin: SYS
2023-11-01 18:43:15,009 [INFO] BlockDiagram:2740 - set Specific Code input for plugin: GPIO
2023-11-01 18:43:15,009 [INFO] BlockDiagram:2740 - set Specific Code input for plugin: RCC
2023-11-01 18:43:15,009 [INFO] BlockDiagram:2740 - set Specific Code input for plugin: TIM1_8F1
2023-11-01 18:43:15,018 [INFO] CodeGenerator:663 - code generatio: config db path: C:\ST\STM32CubeIDE_1.7.0\STM32CubeIDE\plugins\com.st.stm32cube.common.mx_6.3.0.202107141111\\db\
2023-11-01 18:43:15,353 [INFO] CodeEngine:239 - oldGeneratedFile, C:\Users\Admin\Desktop\VXL\HK231\LAB2\EXERCISE3\SOURCE CODE\EXERCISE 3\EXERCISE 3\MXTmpFiles\license.tmp_save
2023-11-01 18:43:15,431 [INFO] CodeEngine:257 - Generated code: C:\Users\Admin\Desktop\VXL\HK231\LAB2\EXERCISE3\SOURCE CODE\EXERCISE 3\EXERCISE 3\MXTmpFiles\license.tmp
2023-11-01 18:43:15,525 [INFO] CodeEngine:239 - oldGeneratedFile, C:\Users\Admin\Desktop\VXL\HK231\LAB2\EXERCISE3\SOURCE CODE\EXERCISE 3\EXERCISE 3\MXTmpFiles\gpio.tmp_save
2023-11-01 18:43:15,603 [INFO] CodeEngine:257 - Generated code: C:\Users\Admin\Desktop\VXL\HK231\LAB2\EXERCISE3\SOURCE CODE\EXERCISE 3\EXERCISE 3\MXTmpFiles\gpio.tmp
2023-11-01 18:43:15,837 [INFO] CodeEngine:239 - oldGeneratedFile, C:\Users\Admin\Desktop\VXL\HK231\LAB2\EXERCISE3\SOURCE CODE\EXERCISE 3\EXERCISE 3\Core\Src\stm32f1xx_it.c_save
2023-11-01 18:43:16,009 [INFO] CodeEngine:257 - Generated code: C:\Users\Admin\Desktop\VXL\HK231\LAB2\EXERCISE3\SOURCE CODE\EXERCISE 3\EXERCISE 3\Core\Src\stm32f1xx_it.c
2023-11-01 18:43:16,009 [INFO] CodeEngine:239 - oldGeneratedFile, C:\Users\Admin\Desktop\VXL\HK231\LAB2\EXERCISE3\SOURCE CODE\EXERCISE 3\EXERCISE 3\Core\Inc\stm32f1xx_it.h_save
2023-11-01 18:43:16,103 [INFO] CodeEngine:257 - Generated code: C:\Users\Admin\Desktop\VXL\HK231\LAB2\EXERCISE3\SOURCE CODE\EXERCISE 3\EXERCISE 3\Core\Inc\stm32f1xx_it.h
2023-11-01 18:43:16,134 [INFO] CodeEngine:239 - oldGeneratedFile, C:\Users\Admin\Desktop\VXL\HK231\LAB2\EXERCISE3\SOURCE CODE\EXERCISE 3\EXERCISE 3\Core\Src\stm32f1xx_hal_msp.c_save
2023-11-01 18:43:16,290 [INFO] CodeEngine:257 - Generated code: C:\Users\Admin\Desktop\VXL\HK231\LAB2\EXERCISE3\SOURCE CODE\EXERCISE 3\EXERCISE 3\Core\Src\stm32f1xx_hal_msp.c
2023-11-01 18:43:16,290 [INFO] CodeEngine:239 - oldGeneratedFile, C:\Users\Admin\Desktop\VXL\HK231\LAB2\EXERCISE3\SOURCE CODE\EXERCISE 3\EXERCISE 3\MXTmpFiles\system.tmp_save
2023-11-01 18:43:16,368 [INFO] CodeEngine:257 - Generated code: C:\Users\Admin\Desktop\VXL\HK231\LAB2\EXERCISE3\SOURCE CODE\EXERCISE 3\EXERCISE 3\MXTmpFiles\system.tmp
2023-11-01 18:43:16,400 [INFO] CodeEngine:239 - oldGeneratedFile, C:\Users\Admin\Desktop\VXL\HK231\LAB2\EXERCISE3\SOURCE CODE\EXERCISE 3\EXERCISE 3\Core\Inc\stm32f1xx_hal_conf.h_save
2023-11-01 18:43:16,493 [INFO] CodeEngine:257 - Generated code: C:\Users\Admin\Desktop\VXL\HK231\LAB2\EXERCISE3\SOURCE CODE\EXERCISE 3\EXERCISE 3\Core\Inc\stm32f1xx_hal_conf.h
2023-11-01 18:43:16,524 [WARN] IPConfigManager:3148 - IP not found : TIM
2023-11-01 18:43:16,524 [WARN] CodeGenerator:3268 - IP not found : null
2023-11-01 18:43:16,540 [INFO] CodeEngine:239 - oldGeneratedFile, C:\Users\Admin\Desktop\VXL\HK231\LAB2\EXERCISE3\SOURCE CODE\EXERCISE 3\EXERCISE 3\Core\Inc\main.h_save
2023-11-01 18:43:16,634 [INFO] CodeEngine:257 - Generated code: C:\Users\Admin\Desktop\VXL\HK231\LAB2\EXERCISE3\SOURCE CODE\EXERCISE 3\EXERCISE 3\Core\Inc\main.h
2023-11-01 18:43:16,649 [INFO] CodeEngine:239 - oldGeneratedFile, C:\Users\Admin\Desktop\VXL\HK231\LAB2\EXERCISE3\SOURCE CODE\EXERCISE 3\EXERCISE 3\Core\Src\main.c_save
2023-11-01 18:43:16,790 [INFO] CodeEngine:257 - Generated code: C:\Users\Admin\Desktop\VXL\HK231\LAB2\EXERCISE3\SOURCE CODE\EXERCISE 3\EXERCISE 3\Core\Src\main.c
2023-11-01 18:43:17,931 [INFO] ProjectBuilder:2578 - Time for Copy HAL[1] : 94mS.
2023-11-01 18:43:17,946 [INFO] ProjectBuilder:3622 - Project Generator version: 3.14.1
2023-11-01 18:43:18,656 [INFO] ConfigFileManager:1271 - The Die is : DIE412
2023-11-01 18:43:22,031 [INFO] ProjectBuilder:3789 - Time for Generating toolchain IDE Files: 4085mS.
2023-11-01 18:43:22,031 [INFO] ProjectBuilder:2457 - Time for Copy CMSIS : 0mS.
2023-11-01 18:43:22,031 [INFO] ProjectBuilder:2457 - Time for Copy CMSIS : 0mS.
