2023-11-01 17:29:09,309 [INFO] Activator:177 - 


2023-11-01 17:29:09,309 [INFO] Activator:178 - !SESSION log4j initialized
2023-11-01 17:29:11,301 [INFO] McuFinderGlobals:39 - Set McuFinder mode to 2 (CubeIDE integrated)
2023-11-01 17:29:13,019 [INFO] ApplicationProperties:181 - Using Application install path: C:\ST\STM32CubeIDE_1.7.0\STM32CubeIDE\plugins\com.st.stm32cube.common.mx_6.3.0.202107141111
2023-11-01 17:29:13,034 [INFO] DbMcusXml:74 - Set database path to: C:\ST\STM32CubeIDE_1.7.0\STM32CubeIDE\plugins\com.st.stm32cube.common.mx_6.3.0.202107141111\\db\/mcu/
2023-11-01 17:29:13,034 [INFO] DbBoardsPdsc:56 - Set plugin database path to: C:\ST\STM32CubeIDE_1.7.0\STM32CubeIDE\plugins\com.st.stm32cube.common.mx_6.3.0.202107141111\\db\/plugins/boardmanager/
2023-11-01 17:29:13,034 [INFO] DbMcus:258 - Set plugin images path to: C:\ST\STM32CubeIDE_1.7.0\STM32CubeIDE\plugins\com.st.stm32cube.common.mx_6.3.0.202107141111\\db\/plugins/mcufinder/images/
2023-11-01 17:29:13,034 [INFO] DbBoards:264 - Set plugin images path to: C:\ST\STM32CubeIDE_1.7.0\STM32CubeIDE\plugins\com.st.stm32cube.common.mx_6.3.0.202107141111\\db\/plugins/mcufinder/images/
2023-11-01 17:29:13,034 [INFO] DbExamples:333 - Set plugin images path to: C:\ST\STM32CubeIDE_1.7.0\STM32CubeIDE\plugins\com.st.stm32cube.common.mx_6.3.0.202107141111\\db\/plugins/mcufinder/images/
2023-11-01 17:29:13,050 [INFO] DbMcusAds:119 - Set database path to: C:\Users\Admin\.stmcufinder\plugins\mcufinder//mcu/
2023-11-01 17:29:13,050 [INFO] DbMcusDocs:110 - Set database path to: C:\Users\Admin\.stmcufinder\plugins\mcufinder//mcu/
2023-11-01 17:29:13,050 [INFO] DbMcusJson:64 - Set database path to: C:\Users\Admin\.stmcufinder\plugins\mcufinder//mcu/
2023-11-01 17:29:13,050 [INFO] DbBoardsDocs:110 - Set database path to: C:\Users\Admin\.stmcufinder\plugins\mcufinder//mcu/
2023-11-01 17:29:13,050 [INFO] DbBoardsJson:57 - Set database path to: C:\Users\Admin\.stmcufinder\plugins\mcufinder//mcu/
2023-11-01 17:29:13,050 [INFO] CrossReferenceDbSqlite:196 - Set database path to: C:\Users\Admin\.stmcufinder\plugins\mcufinder//mcu/cs/
2023-11-01 17:29:13,066 [INFO] DbExamplesSqlite:767 - Set database path to: C:\Users\Admin\.stmcufinder\plugins\mcufinder//mcu/
2023-11-01 17:29:13,159 [INFO] RulesReader:57 - Compatibility file has been processed (242 Rules)
2023-11-01 17:29:13,237 [INFO] DbMcusXml:74 - Set database path to: C:\ST\STM32CubeIDE_1.7.0\STM32CubeIDE\plugins\com.st.stm32cube.common.mx_6.3.0.202107141111\\db\/mcu/
2023-11-01 17:29:13,237 [INFO] DbBoardsPdsc:56 - Set plugin database path to: C:\ST\STM32CubeIDE_1.7.0\STM32CubeIDE\plugins\com.st.stm32cube.common.mx_6.3.0.202107141111\\db\/plugins/boardmanager/
2023-11-01 17:29:13,237 [INFO] DbMcus:258 - Set plugin images path to: C:\ST\STM32CubeIDE_1.7.0\STM32CubeIDE\plugins\com.st.stm32cube.common.mx_6.3.0.202107141111\\db\/plugins/mcufinder/images/
2023-11-01 17:29:13,237 [INFO] DbBoards:264 - Set plugin images path to: C:\ST\STM32CubeIDE_1.7.0\STM32CubeIDE\plugins\com.st.stm32cube.common.mx_6.3.0.202107141111\\db\/plugins/mcufinder/images/
2023-11-01 17:29:13,237 [INFO] DbExamples:333 - Set plugin images path to: C:\ST\STM32CubeIDE_1.7.0\STM32CubeIDE\plugins\com.st.stm32cube.common.mx_6.3.0.202107141111\\db\/plugins/mcufinder/images/
2023-11-01 17:29:13,237 [WARN] DbFile:35 - Overriding database path with different value: C:\Users\Admin\.stmcufinder\plugins\mcufinder/ => C:\Users\Admin\.stmcufinder\plugins\mcufinder
2023-11-01 17:29:13,237 [INFO] DbMcusAds:119 - Set database path to: C:\Users\Admin\.stmcufinder\plugins\mcufinder//mcu/
2023-11-01 17:29:13,237 [WARN] DbFile:35 - Overriding database path with different value: C:\Users\Admin\.stmcufinder\plugins\mcufinder/ => C:\Users\Admin\.stmcufinder\plugins\mcufinder
2023-11-01 17:29:13,237 [INFO] DbMcusDocs:110 - Set database path to: C:\Users\Admin\.stmcufinder\plugins\mcufinder//mcu/
2023-11-01 17:29:13,237 [WARN] DbFile:35 - Overriding database path with different value: C:\Users\Admin\.stmcufinder\plugins\mcufinder/ => C:\Users\Admin\.stmcufinder\plugins\mcufinder
2023-11-01 17:29:13,237 [INFO] DbMcusJson:64 - Set database path to: C:\Users\Admin\.stmcufinder\plugins\mcufinder//mcu/
2023-11-01 17:29:13,237 [WARN] DbFile:35 - Overriding database path with different value: C:\Users\Admin\.stmcufinder\plugins\mcufinder/ => C:\Users\Admin\.stmcufinder\plugins\mcufinder
2023-11-01 17:29:13,237 [INFO] DbBoardsDocs:110 - Set database path to: C:\Users\Admin\.stmcufinder\plugins\mcufinder//mcu/
2023-11-01 17:29:13,237 [WARN] DbFile:35 - Overriding database path with different value: C:\Users\Admin\.stmcufinder\plugins\mcufinder/ => C:\Users\Admin\.stmcufinder\plugins\mcufinder
2023-11-01 17:29:13,237 [INFO] DbBoardsJson:57 - Set database path to: C:\Users\Admin\.stmcufinder\plugins\mcufinder//mcu/
2023-11-01 17:29:13,237 [WARN] DbFile:35 - Overriding database path with different value: C:\Users\Admin\.stmcufinder\plugins\mcufinder/ => C:\Users\Admin\.stmcufinder\plugins\mcufinder
2023-11-01 17:29:13,237 [WARN] DbFile:35 - Overriding database path with different value: C:\Users\Admin\.stmcufinder\plugins\mcufinder/ => C:\Users\Admin\.stmcufinder\plugins\mcufinder
2023-11-01 17:29:13,237 [INFO] CrossReferenceDbSqlite:196 - Set database path to: C:\Users\Admin\.stmcufinder\plugins\mcufinder//mcu/cs/
2023-11-01 17:29:13,237 [WARN] DbFile:35 - Overriding database path with different value: C:\Users\Admin\.stmcufinder\plugins\mcufinder/ => C:\Users\Admin\.stmcufinder\plugins\mcufinder
2023-11-01 17:29:13,237 [INFO] DbExamplesSqlite:767 - Set database path to: C:\Users\Admin\.stmcufinder\plugins\mcufinder//mcu/
2023-11-01 17:29:13,347 [INFO] MainPanel:214 - HeapMemory: 268435456
2023-11-01 17:29:13,441 [INFO] DbMcusXml:74 - Set database path to: C:\ST\STM32CubeIDE_1.7.0\STM32CubeIDE\plugins\com.st.stm32cube.common.mx_6.3.0.202107141111\\db\/mcu/
2023-11-01 17:29:13,441 [INFO] DbBoardsPdsc:56 - Set plugin database path to: C:\ST\STM32CubeIDE_1.7.0\STM32CubeIDE\plugins\com.st.stm32cube.common.mx_6.3.0.202107141111\\db\/plugins/boardmanager/
2023-11-01 17:29:13,441 [INFO] DbMcus:258 - Set plugin images path to: C:\ST\STM32CubeIDE_1.7.0\STM32CubeIDE\plugins\com.st.stm32cube.common.mx_6.3.0.202107141111\\db\/plugins/mcufinder/images/
2023-11-01 17:29:13,441 [INFO] DbBoards:264 - Set plugin images path to: C:\ST\STM32CubeIDE_1.7.0\STM32CubeIDE\plugins\com.st.stm32cube.common.mx_6.3.0.202107141111\\db\/plugins/mcufinder/images/
2023-11-01 17:29:13,441 [INFO] DbExamples:333 - Set plugin images path to: C:\ST\STM32CubeIDE_1.7.0\STM32CubeIDE\plugins\com.st.stm32cube.common.mx_6.3.0.202107141111\\db\/plugins/mcufinder/images/
2023-11-01 17:29:13,441 [WARN] DbFile:35 - Overriding database path with different value: C:\Users\Admin\.stmcufinder\plugins\mcufinder/ => C:\Users\Admin\.stmcufinder\plugins\mcufinder
2023-11-01 17:29:13,441 [INFO] DbMcusAds:119 - Set database path to: C:\Users\Admin\.stmcufinder\plugins\mcufinder//mcu/
2023-11-01 17:29:13,441 [WARN] DbFile:35 - Overriding database path with different value: C:\Users\Admin\.stmcufinder\plugins\mcufinder/ => C:\Users\Admin\.stmcufinder\plugins\mcufinder
2023-11-01 17:29:13,456 [INFO] DbMcusDocs:110 - Set database path to: C:\Users\Admin\.stmcufinder\plugins\mcufinder//mcu/
2023-11-01 17:29:13,456 [WARN] DbFile:35 - Overriding database path with different value: C:\Users\Admin\.stmcufinder\plugins\mcufinder/ => C:\Users\Admin\.stmcufinder\plugins\mcufinder
2023-11-01 17:29:13,456 [INFO] DbMcusJson:64 - Set database path to: C:\Users\Admin\.stmcufinder\plugins\mcufinder//mcu/
2023-11-01 17:29:13,456 [WARN] DbFile:35 - Overriding database path with different value: C:\Users\Admin\.stmcufinder\plugins\mcufinder/ => C:\Users\Admin\.stmcufinder\plugins\mcufinder
2023-11-01 17:29:13,456 [INFO] DbBoardsDocs:110 - Set database path to: C:\Users\Admin\.stmcufinder\plugins\mcufinder//mcu/
2023-11-01 17:29:13,456 [WARN] DbFile:35 - Overriding database path with different value: C:\Users\Admin\.stmcufinder\plugins\mcufinder/ => C:\Users\Admin\.stmcufinder\plugins\mcufinder
2023-11-01 17:29:13,456 [INFO] DbBoardsJson:57 - Set database path to: C:\Users\Admin\.stmcufinder\plugins\mcufinder//mcu/
2023-11-01 17:29:13,456 [WARN] DbFile:35 - Overriding database path with different value: C:\Users\Admin\.stmcufinder\plugins\mcufinder/ => C:\Users\Admin\.stmcufinder\plugins\mcufinder
2023-11-01 17:29:13,456 [WARN] DbFile:35 - Overriding database path with different value: C:\Users\Admin\.stmcufinder\plugins\mcufinder/ => C:\Users\Admin\.stmcufinder\plugins\mcufinder
2023-11-01 17:29:13,456 [INFO] CrossReferenceDbSqlite:196 - Set database path to: C:\Users\Admin\.stmcufinder\plugins\mcufinder//mcu/cs/
2023-11-01 17:29:13,456 [WARN] DbFile:35 - Overriding database path with different value: C:\Users\Admin\.stmcufinder\plugins\mcufinder/ => C:\Users\Admin\.stmcufinder\plugins\mcufinder
2023-11-01 17:29:13,456 [INFO] DbExamplesSqlite:767 - Set database path to: C:\Users\Admin\.stmcufinder\plugins\mcufinder//mcu/
2023-11-01 17:29:13,472 [INFO] ApplicationProperties:181 - Using Application install path: C:\ST\STM32CubeIDE_1.7.0\STM32CubeIDE\plugins\com.st.stm32cube.common.mx_6.3.0.202107141111
2023-11-01 17:29:13,472 [INFO] PluginManage:188 - Search for loadable plugins [exclusion list=, ]
2023-11-01 17:29:13,472 [INFO] PluginManage:302 - Check plugin analytics
2023-11-01 17:29:13,597 [INFO] AnalyticsPlugin:257 - Accepted Software Licenses: 
2023-11-01 17:29:13,597 [INFO] AnalyticsPlugin:259 - Accepted CMSIS Pack Licenses: 
2023-11-01 17:29:13,597 [INFO] AnalyticsPlugin:261 - Accepted Firmware Licenses: 
2023-11-01 17:29:13,597 [INFO] PluginManage:352 - Loaded plugin analytics (category:tool,tabindex:-1)
2023-11-01 17:29:13,597 [INFO] PluginManage:302 - Check plugin clock
2023-11-01 17:29:13,597 [INFO] PluginManage:352 - Loaded plugin clock (category:base,tabindex:2)
2023-11-01 17:29:13,597 [INFO] PluginManage:302 - Check plugin ddr
2023-11-01 17:29:13,597 [INFO] PluginManage:352 - Loaded plugin ddr (category:tool,tabindex:6)
2023-11-01 17:29:13,597 [INFO] PluginManage:302 - Check plugin filemanager
2023-11-01 17:29:13,706 [INFO] PluginManage:352 - Loaded plugin filemanager (category:base,tabindex:10)
2023-11-01 17:29:13,706 [INFO] PluginManage:302 - Check plugin ipmanager
2023-11-01 17:29:13,722 [INFO] PluginManage:352 - Loaded plugin ipmanager (category:base,tabindex:5)
2023-11-01 17:29:13,722 [INFO] PluginManage:302 - Check plugin pinoutandconfiguration
2023-11-01 17:29:13,722 [INFO] PluginManage:352 - Loaded plugin pinoutandconfiguration (category:base,tabindex:1)
2023-11-01 17:29:13,722 [INFO] PluginManage:302 - Check plugin pinoutconfig
2023-11-01 17:29:13,753 [INFO] PluginManage:352 - Loaded plugin pinoutconfig (category:base,tabindex:0)
2023-11-01 17:29:13,753 [INFO] PluginManage:302 - Check plugin power
2023-11-01 17:29:13,753 [INFO] PluginManage:352 - Loaded plugin power (category:power,tabindex:4)
2023-11-01 17:29:13,753 [INFO] PluginManage:302 - Check plugin projectmanager
2023-11-01 17:29:13,769 [INFO] PluginManage:352 - Loaded plugin projectmanager (category:projectmanager,tabindex:3)
2023-11-01 17:29:13,769 [INFO] PluginManage:302 - Check plugin thirdparty
2023-11-01 17:29:13,894 [WARN] IntegrityCheckThread:78 - waiting for thirdparty lock release [integrity check]
2023-11-01 17:29:13,894 [INFO] IntegrityCheckThread:80 - entering critical section [integrity check]
2023-11-01 17:29:13,894 [INFO] PluginManage:352 - Loaded plugin thirdparty (category:base,tabindex:-1)
2023-11-01 17:29:13,894 [INFO] PluginManage:302 - Check plugin tools
2023-11-01 17:29:13,894 [INFO] ThirdPartyUpdaterWithRetryManager:66 - Updater plugin not ready yet. [1/15]
2023-11-01 17:29:13,894 [INFO] PluginManage:352 - Loaded plugin tools (category:base,tabindex:7)
2023-11-01 17:29:13,894 [INFO] PluginManage:302 - Check plugin tutovideos
2023-11-01 17:29:14,131 [INFO] PluginManage:352 - Loaded plugin tutovideos (category:base,tabindex:-1)
2023-11-01 17:29:14,131 [INFO] PluginManage:302 - Check plugin updater
2023-11-01 17:29:14,131 [INFO] PluginManage:352 - Loaded plugin updater (category:base,tabindex:12)
2023-11-01 17:29:14,131 [INFO] PluginManage:275 - PluginManage : Loaded plugins [13]
2023-11-01 17:29:14,272 [INFO] PinOutPanel:1463 - setPackage(No Configuration,No Configuration)
2023-11-01 17:29:14,350 [INFO] IPUIPlugin:74 - create IPUIPlugin
2023-11-01 17:29:14,350 [INFO] PluginManager:213 - loadIPPluginJar : add adc
2023-11-01 17:29:14,350 [INFO] IPUIPlugin:74 - create IPUIPlugin
2023-11-01 17:29:14,350 [INFO] PluginManager:213 - loadIPPluginJar : add aes
2023-11-01 17:29:14,350 [INFO] IPUIPlugin:74 - create IPUIPlugin
2023-11-01 17:29:14,350 [INFO] PluginManager:213 - loadIPPluginJar : add can
2023-11-01 17:29:14,350 [INFO] IPUIPlugin:74 - create IPUIPlugin
2023-11-01 17:29:14,350 [INFO] PluginManager:213 - loadIPPluginJar : add comp
2023-11-01 17:29:14,350 [INFO] IPUIPlugin:74 - create IPUIPlugin
2023-11-01 17:29:14,350 [INFO] PluginManager:213 - loadIPPluginJar : add cryp
2023-11-01 17:29:14,365 [INFO] IPUIPlugin:74 - create IPUIPlugin
2023-11-01 17:29:14,365 [INFO] PluginManager:213 - loadIPPluginJar : add dfsdm
2023-11-01 17:29:14,365 [INFO] IPUIPlugin:74 - create IPUIPlugin
2023-11-01 17:29:14,365 [INFO] PluginManager:213 - loadIPPluginJar : add dma
2023-11-01 17:29:14,365 [INFO] IPUIPlugin:74 - create IPUIPlugin
2023-11-01 17:29:14,365 [INFO] PluginManager:213 - loadIPPluginJar : add dma3
2023-11-01 17:29:14,365 [INFO] IPUIPlugin:74 - create IPUIPlugin
2023-11-01 17:29:14,365 [INFO] PluginManager:213 - loadIPPluginJar : add fatfs
2023-11-01 17:29:14,365 [INFO] IPUIPlugin:74 - create IPUIPlugin
2023-11-01 17:29:14,365 [INFO] PluginManager:213 - loadIPPluginJar : add fmc
2023-11-01 17:29:14,381 [INFO] IPUIPlugin:74 - create IPUIPlugin
2023-11-01 17:29:14,381 [INFO] PluginManager:213 - loadIPPluginJar : add freertos
2023-11-01 17:29:14,381 [INFO] IPUIPlugin:74 - create IPUIPlugin
2023-11-01 17:29:14,381 [INFO] PluginManager:213 - loadIPPluginJar : add genericplugin
2023-11-01 17:29:14,381 [INFO] IPUIPlugin:74 - create IPUIPlugin
2023-11-01 17:29:14,381 [INFO] PluginManager:213 - loadIPPluginJar : add gfxmmu
2023-11-01 17:29:14,381 [INFO] IPUIPlugin:74 - create IPUIPlugin
2023-11-01 17:29:14,381 [INFO] PluginManager:213 - loadIPPluginJar : add gic
2023-11-01 17:29:14,381 [INFO] IPUIPlugin:74 - create IPUIPlugin
2023-11-01 17:29:14,381 [INFO] PluginManager:213 - loadIPPluginJar : add gpio
2023-11-01 17:29:14,381 [INFO] IPUIPlugin:74 - create IPUIPlugin
2023-11-01 17:29:14,381 [INFO] PluginManager:213 - loadIPPluginJar : add gtzc
2023-11-01 17:29:14,397 [INFO] IPUIPlugin:74 - create IPUIPlugin
2023-11-01 17:29:14,397 [INFO] PluginManager:213 - loadIPPluginJar : add hash
2023-11-01 17:29:14,397 [INFO] IPUIPlugin:74 - create IPUIPlugin
2023-11-01 17:29:14,397 [INFO] PluginManager:213 - loadIPPluginJar : add i2c
2023-11-01 17:29:14,397 [INFO] IPUIPlugin:74 - create IPUIPlugin
2023-11-01 17:29:14,397 [INFO] PluginManager:213 - loadIPPluginJar : add i2s
2023-11-01 17:29:14,397 [INFO] IPUIPlugin:74 - create IPUIPlugin
2023-11-01 17:29:14,397 [INFO] PluginManager:213 - loadIPPluginJar : add ipddr
2023-11-01 17:29:14,397 [INFO] IPUIPlugin:74 - create IPUIPlugin
2023-11-01 17:29:14,397 [INFO] PluginManager:213 - loadIPPluginJar : add linkedlist
2023-11-01 17:29:14,412 [INFO] IPUIPlugin:74 - create IPUIPlugin
2023-11-01 17:29:14,412 [INFO] PluginManager:213 - loadIPPluginJar : add lorawan
2023-11-01 17:29:14,412 [INFO] IPUIPlugin:74 - create IPUIPlugin
2023-11-01 17:29:14,412 [INFO] PluginManager:213 - loadIPPluginJar : add ltdc
2023-11-01 17:29:14,412 [INFO] IPUIPlugin:74 - create IPUIPlugin
2023-11-01 17:29:14,412 [INFO] PluginManager:213 - loadIPPluginJar : add mdma
2023-11-01 17:29:14,412 [INFO] IPUIPlugin:74 - create IPUIPlugin
2023-11-01 17:29:14,412 [INFO] PluginManager:213 - loadIPPluginJar : add nvic
2023-11-01 17:29:14,412 [INFO] IPUIPlugin:74 - create IPUIPlugin
2023-11-01 17:29:14,412 [INFO] PluginManager:213 - loadIPPluginJar : add opamp
2023-11-01 17:29:14,412 [INFO] IPUIPlugin:74 - create IPUIPlugin
2023-11-01 17:29:14,412 [INFO] PluginManager:213 - loadIPPluginJar : add openamp
2023-11-01 17:29:14,412 [INFO] IPUIPlugin:74 - create IPUIPlugin
2023-11-01 17:29:14,412 [INFO] PluginManager:213 - loadIPPluginJar : add pdm2pcm
2023-11-01 17:29:14,428 [INFO] IPUIPlugin:74 - create IPUIPlugin
2023-11-01 17:29:14,428 [INFO] PluginManager:213 - loadIPPluginJar : add plateformsettings
2023-11-01 17:29:14,428 [INFO] IPUIPlugin:74 - create IPUIPlugin
2023-11-01 17:29:14,428 [INFO] PluginManager:213 - loadIPPluginJar : add quadspi
2023-11-01 17:29:14,428 [INFO] IPUIPlugin:74 - create IPUIPlugin
2023-11-01 17:29:14,428 [INFO] PluginManager:213 - loadIPPluginJar : add resmgrutility
2023-11-01 17:29:14,428 [INFO] IPUIPlugin:74 - create IPUIPlugin
2023-11-01 17:29:14,428 [INFO] PluginManager:213 - loadIPPluginJar : add sai
2023-11-01 17:29:14,443 [INFO] IPUIPlugin:74 - create IPUIPlugin
2023-11-01 17:29:14,443 [INFO] PluginManager:213 - loadIPPluginJar : add spi
2023-11-01 17:29:14,443 [INFO] IPUIPlugin:74 - create IPUIPlugin
2023-11-01 17:29:14,443 [INFO] PluginManager:213 - loadIPPluginJar : add stm32_wpan
2023-11-01 17:29:14,443 [INFO] IPUIPlugin:74 - create IPUIPlugin
2023-11-01 17:29:14,443 [INFO] PluginManager:213 - loadIPPluginJar : add tim
2023-11-01 17:29:14,443 [INFO] IPUIPlugin:74 - create IPUIPlugin
2023-11-01 17:29:14,443 [INFO] PluginManager:213 - loadIPPluginJar : add touchsensing
2023-11-01 17:29:14,443 [INFO] IPUIPlugin:74 - create IPUIPlugin
2023-11-01 17:29:14,443 [INFO] PluginManager:213 - loadIPPluginJar : add tracer_emb
2023-11-01 17:29:14,443 [INFO] IPUIPlugin:74 - create IPUIPlugin
2023-11-01 17:29:14,443 [INFO] PluginManager:213 - loadIPPluginJar : add ts
2023-11-01 17:29:14,443 [INFO] IPUIPlugin:74 - create IPUIPlugin
2023-11-01 17:29:14,443 [INFO] PluginManager:213 - loadIPPluginJar : add tsc
2023-11-01 17:29:14,443 [INFO] IPUIPlugin:74 - create IPUIPlugin
2023-11-01 17:29:14,443 [INFO] PluginManager:213 - loadIPPluginJar : add ucpd
2023-11-01 17:29:14,459 [INFO] IPUIPlugin:74 - create IPUIPlugin
2023-11-01 17:29:14,459 [INFO] PluginManager:213 - loadIPPluginJar : add usart
2023-11-01 17:29:14,459 [INFO] IPUIPlugin:74 - create IPUIPlugin
2023-11-01 17:29:14,459 [INFO] PluginManager:213 - loadIPPluginJar : add usbx
2023-11-01 17:29:14,819 [FATAL] Updater:294 - Updater called before beeing initialized
2023-11-01 17:29:14,913 [FATAL] Updater:294 - Updater called before beeing initialized
2023-11-01 17:29:14,913 [INFO] DbMcusAds:47 - JSON generation date=Tue Mar 07 15:50:55 ICT 2023 (1678179055114)
2023-11-01 17:29:14,913 [FATAL] Updater:294 - Updater called before beeing initialized
2023-11-01 17:29:14,944 [WARN] DetailPanel:314 - Failed to get advertising image, set to default
2023-11-01 17:29:15,038 [FATAL] Updater:294 - Updater called before beeing initialized
2023-11-01 17:29:15,038 [FATAL] Updater:294 - Updater called before beeing initialized
2023-11-01 17:29:15,038 [FATAL] Updater:294 - Updater called before beeing initialized
2023-11-01 17:29:15,038 [WARN] DetailPanel:314 - Failed to get advertising image, set to default
2023-11-01 17:29:15,038 [FATAL] Updater:294 - Updater called before beeing initialized
2023-11-01 17:29:15,089 [ERROR] Updater:1075 - MainUpdater not yet initialized. External WinMGr cannot be set.
2023-11-01 17:29:15,105 [INFO] Updater:1012 - Updater Version found : 6.3.0
2023-11-01 17:29:15,120 [INFO] ApplicationProperties:181 - Using Application install path: C:\ST\STM32CubeIDE_1.7.0\STM32CubeIDE\plugins\com.st.stm32cube.common.mx_6.3.0.202107141111
2023-11-01 17:29:15,485 [INFO] MainUpdater:2671 - connection check result : 10
2023-11-01 17:29:15,485 [INFO] MainUpdater:265 - Updater Check For Update Now.
2023-11-01 17:29:15,485 [INFO] MicroXplorer:478 - Change Database Version : DB.6.0.30
2023-11-01 17:29:15,641 [INFO] CheckServerUpdateThread:112 - End of CheckServer Thread
2023-11-01 17:29:15,704 [INFO] MainUpdater:2671 - connection check result : 10
2023-11-01 17:29:15,953 [INFO] McuFinderGlobals:52 - Set McuFinderConnectedMode to false
2023-11-01 17:29:16,078 [INFO] CrossSelectorPresenter:1330 - Cross Selector saved comparison directory: C:\Users\Admin\.stmcufinder\plugins\mcufinder\mcu\cs_comparisons_mx
2023-11-01 17:29:16,078 [INFO] MultiScanPanel:197 - Auto-refresh data requested => check proxy status ongoing
2023-11-01 17:29:16,078 [INFO] MultiScanPanel:201 - Proxy status is invalid
2023-11-01 17:29:16,094 [INFO] FinderPluginLoader:87 - Searching for filters in installed packs
2023-11-01 17:29:16,094 [INFO] DbMcusXml:100 - Load MCU database from C:\ST\STM32CubeIDE_1.7.0\STM32CubeIDE\plugins\com.st.stm32cube.common.mx_6.3.0.202107141111\\db\/mcu/families.xml
2023-11-01 17:29:17,218 [WARN] PackLoader:238 - Cannot read IP mode file for STMicroelectronics.X-CUBE-AZRTOS-F4.1.1.0
2023-11-01 17:29:17,281 [ERROR] Engine:463 - C:\Users\Admin\.stm32cubemx\thirdparties\pdsc\STMicroelectronics.X-CUBE-SMBUS.2.1.0.pdsc: PDSC version is not supported
2023-11-01 17:29:17,328 [WARN] PackLoader:238 - Cannot read IP mode file for STMicroelectronics.X-CUBE-BLEMGR.1.2.0
2023-11-01 17:29:17,406 [WARN] PackLoader:238 - Cannot read IP mode file for STMicroelectronics.X-CUBE-AZRTOS-L5.2.0.0
2023-11-01 17:29:17,499 [WARN] PackLoader:238 - Cannot read IP mode file for STMicroelectronics.X-CUBE-AZRTOS-F7.1.1.0
2023-11-01 17:29:17,734 [WARN] PackLoader:238 - Cannot read IP mode file for STMicroelectronics.X-CUBE-MEMS1.9.6.0
2023-11-01 17:29:17,828 [INFO] DbMcusJson:93 - JSON generation date=Tue Nov 16 23:17:54 ICT 2021 (1637079474)
2023-11-01 17:29:18,440 [WARN] PackLoader:238 - Cannot read IP mode file for STMicroelectronics.X-CUBE-EEPRMA1.4.2.0
2023-11-01 17:29:18,440 [ERROR] Engine:463 - C:\Users\Admin\.stm32cubemx\thirdparties\pdsc\ITTIA_DB.I-CUBE-ITTIADB.8.8.0.pdsc: PDSC version is not supported
2023-11-01 17:29:18,456 [WARN] PackLoader:238 - Cannot read IP mode file for STMicroelectronics.X-CUBE-BLE1.6.2.3
2023-11-01 17:29:18,456 [WARN] PackLoader:238 - Cannot read IP mode file for STMicroelectronics.X-CUBE-BLE1.6.2.4
2023-11-01 17:29:18,472 [WARN] PackLoader:238 - Cannot read IP mode file for STMicroelectronics.X-CUBE-NFC4.2.0.5
2023-11-01 17:29:18,487 [WARN] PackLoader:238 - Cannot read IP mode file for STMicroelectronics.X-CUBE-NFC4.2.0.4
2023-11-01 17:29:18,534 [WARN] ConditionMgr:437 - getConditionDescription Invalid condition id : UX DEVICE CLASS RTOS Condition cause : null
2023-11-01 17:29:18,534 [WARN] ConditionMgr:437 - getConditionDescription Invalid condition id : UX DEVICE CLASS RTOS Condition cause : null
2023-11-01 17:29:18,534 [WARN] PackLoader:238 - Cannot read IP mode file for STMicroelectronics.X-CUBE-AZRTOS-H7.3.1.0
2023-11-01 17:29:18,550 [WARN] ConditionMgr:1038 - genDependencies : Invalid condition id : UX DEVICE CLASS RTOS Condition cause : null
2023-11-01 17:29:18,550 [WARN] ConditionMgr:1038 - genDependencies : Invalid condition id : UX DEVICE CLASS RTOS Condition cause : null
2023-11-01 17:29:18,550 [WARN] ConditionMgr:1038 - genDependencies : Invalid condition id : UX DEVICE CLASS RTOS Condition cause : null
2023-11-01 17:29:18,550 [WARN] ConditionMgr:1038 - genDependencies : Invalid condition id : UX DEVICE CLASS RTOS Condition cause : null
2023-11-01 17:29:18,550 [WARN] ConditionMgr:1038 - genDependencies : Invalid condition id : UX DEVICE CLASS RTOS Condition cause : null
2023-11-01 17:29:18,581 [WARN] PackLoader:238 - Cannot read IP mode file for STMicroelectronics.X-CUBE-TOF1.3.1.0
2023-11-01 17:29:18,638 [WARN] PackLoader:238 - Cannot read IP mode file for wolfSSL.I-CUBE-wolfSSL.5.5.0
2023-11-01 17:29:18,684 [WARN] PackLoader:238 - Cannot read IP mode file for STMicroelectronics.X-CUBE-NFC7.1.0.1
2023-11-01 17:29:18,715 [WARN] PackLoader:238 - Cannot read IP mode file for STMicroelectronics.X-CUBE-NFC7.1.0.0
2023-11-01 17:29:18,736 [WARN] PackLoader:238 - Cannot read IP mode file for STMicroelectronics.X-CUBE-TOUCHGFX.4.22.1
2023-11-01 17:29:18,753 [WARN] PackLoader:238 - Cannot read IP mode file for STMicroelectronics.X-CUBE-NFC6.3.0.0
2023-11-01 17:29:18,943 [WARN] PackLoader:238 - Cannot read IP mode file for STMicroelectronics.X-CUBE-MEMS1.9.3.0
2023-11-01 17:29:19,552 [WARN] PackLoader:238 - Cannot read IP mode file for STMicroelectronics.X-CUBE-EEPRMA1.4.1.0
2023-11-01 17:29:19,552 [WARN] PackLoader:238 - Cannot read IP mode file for STMicroelectronics.X-CUBE-AI.7.2.0
2023-11-01 17:29:19,590 [INFO] LogOutputStream:76 - [STDOUT_REDIRECT] 1 : Invalid condition id : UX_CORESTACK_Condition cause : null
2023-11-01 17:29:19,590 [INFO] LogOutputStream:76 - [STDOUT_REDIRECT] 1 : Invalid condition id : UX_CORESTACK_Condition cause : null
2023-11-01 17:29:19,590 [INFO] LogOutputStream:76 - [STDOUT_REDIRECT] 1 : Invalid condition id : UX_CORESTACK_Condition cause : null
2023-11-01 17:29:19,604 [INFO] LogOutputStream:76 - [STDOUT_REDIRECT] 1 : Invalid condition id : UX_CORESTACK_Condition cause : null
2023-11-01 17:29:19,606 [INFO] LogOutputStream:76 - [STDOUT_REDIRECT] 1 : Invalid condition id : UX_CORESTACK_Condition cause : null
2023-11-01 17:29:19,606 [WARN] PackLoader:238 - Cannot read IP mode file for STMicroelectronics.X-CUBE-AZRTOS-WL.2.0.0
2023-11-01 17:29:19,674 [WARN] ConditionMgr:437 - getConditionDescription Invalid condition id : LAN8742 Phy interface Condition cause : null
2023-11-01 17:29:19,674 [WARN] PackLoader:238 - Cannot read IP mode file for STMicroelectronics.X-CUBE-AZRTOS-L4.2.0.0
2023-11-01 17:29:19,674 [WARN] ConditionMgr:1038 - genDependencies : Invalid condition id : LAN8742 Phy interface Condition cause : null
2023-11-01 17:29:19,674 [WARN] ConditionMgr:1038 - genDependencies : Invalid condition id : LAN8742 Phy interface Condition cause : null
2023-11-01 17:29:19,692 [WARN] ConditionMgr:1038 - genDependencies : Invalid condition id : LAN8742 Phy interface Condition cause : null
2023-11-01 17:29:19,706 [WARN] PackLoader:238 - Cannot read IP mode file for WES.I-CUBE-Cesium.1.3.0
2023-11-01 17:29:19,724 [WARN] PackLoader:238 - Cannot read IP mode file for STMicroelectronics.X-CUBE-SFXS2LP1.4.0.0
2023-11-01 17:29:19,758 [WARN] PackLoader:238 - Cannot read IP mode file for STMicroelectronics.X-CUBE-TOF1.3.2.0
2023-11-01 17:29:19,869 [WARN] PackLoader:238 - Cannot read IP mode file for STMicroelectronics.X-CUBE-AZRTOS-H7.3.0.0
2023-11-01 17:29:19,884 [WARN] PackLoader:238 - Cannot read IP mode file for STMicroelectronics.X-CUBE-ISPU.1.0.0
2023-11-01 17:29:19,891 [WARN] PackLoader:238 - Cannot read IP mode file for STMicroelectronics.X-CUBE-ISPU.1.1.0
2023-11-01 17:29:19,906 [WARN] PackLoader:238 - Cannot read IP mode file for RoweBots.I-CUBE-UNISONRTOS.5.5.0-4
2023-11-01 17:29:19,936 [WARN] PackLoader:238 - Cannot read IP mode file for STMicroelectronics.X-CUBE-AZRTOS-H7.2.1.0
2023-11-01 17:29:19,983 [WARN] ConditionMgr:437 - getConditionDescription Invalid condition id : UX DEVICE CLASS RTOS Condition cause : null
2023-11-01 17:29:19,983 [WARN] ConditionMgr:437 - getConditionDescription Invalid condition id : UX DEVICE CLASS RTOS Condition cause : null
2023-11-01 17:29:19,983 [WARN] PackLoader:238 - Cannot read IP mode file for STMicroelectronics.X-CUBE-AZRTOS-WB.2.0.0
2023-11-01 17:29:19,983 [WARN] ConditionMgr:1038 - genDependencies : Invalid condition id : UX DEVICE CLASS RTOS Condition cause : null
2023-11-01 17:29:19,983 [WARN] ConditionMgr:1038 - genDependencies : Invalid condition id : UX DEVICE CLASS RTOS Condition cause : null
2023-11-01 17:29:19,983 [WARN] ConditionMgr:1038 - genDependencies : Invalid condition id : UX DEVICE CLASS RTOS Condition cause : null
2023-11-01 17:29:19,983 [WARN] ConditionMgr:1038 - genDependencies : Invalid condition id : UX DEVICE CLASS RTOS Condition cause : null
2023-11-01 17:29:19,983 [WARN] ConditionMgr:1038 - genDependencies : Invalid condition id : UX DEVICE CLASS RTOS Condition cause : null
2023-11-01 17:29:19,999 [WARN] PackLoader:238 - Cannot read IP mode file for STMicroelectronics.X-CUBE-TOUCHGFX.4.21.0
2023-11-01 17:29:20,014 [WARN] PackLoader:238 - Cannot read IP mode file for STMicroelectronics.X-CUBE-BLEMGR.1.0.0
2023-11-01 17:29:20,061 [INFO] DbMcus:175 - Found 1951 MCUs (1903 are supported by CubeMX, 1914 are visible in CubeMX)
2023-11-01 17:29:20,061 [INFO] ApiDb:251 - Load user favorites file C:\Users\Admin/.stm32cubeide/favorites.mcus.txt: 0 item(s)
2023-11-01 17:29:20,061 [INFO] ApiDb:255 - User favorites MCUs=[]
2023-11-01 17:29:20,061 [INFO] DbMcus:187 - Set 0 / 0 favorites MCUs
2023-11-01 17:29:20,136 [WARN] PackLoader:238 - Cannot read IP mode file for STMicroelectronics.X-CUBE-MEMS1.9.4.0
2023-11-01 17:29:20,636 [WARN] PackLoader:238 - Cannot read IP mode file for STMicroelectronics.X-CUBE-AI.7.3.0
2023-11-01 17:29:20,642 [WARN] PackLoader:238 - Cannot read IP mode file for STMicroelectronics.X-CUBE-ALGOBUILD.1.3.0
2023-11-01 17:29:20,732 [WARN] PackLoader:238 - Cannot read IP mode file for STMicroelectronics.X-CUBE-AZRTOS-L5.1.1.0
2023-11-01 17:29:20,827 [WARN] PackLoader:238 - Cannot read IP mode file for STMicroelectronics.X-CUBE-AZRTOS-G0.1.1.0
2023-11-01 17:29:20,868 [WARN] PackLoader:238 - Cannot read IP mode file for STMicroelectronics.X-CUBE-SUBG2.5.0.0
2023-11-01 17:29:20,899 [WARN] PackLoader:238 - Cannot read IP mode file for STMicroelectronics.X-CUBE-NFC4.3.0.0
2023-11-01 17:29:21,003 [WARN] PackLoader:238 - Cannot read IP mode file for SEGGER.I-CUBE-embOS.1.2.0
2023-11-01 17:29:21,196 [ERROR] Engine:463 - C:\Users\Admin\.stm32cubemx\thirdparties\pdsc\STMicroelectronics.X-CUBE-TOF1.3.3.1.pdsc: PDSC version is not supported
2023-11-01 17:29:21,258 [WARN] PackLoader:238 - Cannot read IP mode file for STMicroelectronics.X-CUBE-AZRTOS-G4.2.0.0
2023-11-01 17:29:21,289 [ERROR] Engine:463 - C:\Users\Admin\.stm32cubemx\thirdparties\pdsc\Infineon.AIROC-Wi-Fi-Bluetooth-STM32.1.5.1.pdsc: PDSC version is not supported
2023-11-01 17:29:21,314 [WARN] PackLoader:238 - Cannot read IP mode file for STMicroelectronics.X-CUBE-BLEMGR.1.3.0
2023-11-01 17:29:21,368 [WARN] PackLoader:238 - Cannot read IP mode file for STMicroelectronics.X-CUBE-AZRTOS-G4.1.0.0
2023-11-01 17:29:21,385 [WARN] PackLoader:238 - Cannot read IP mode file for STMicroelectronics.FP-ATR-SIGFOX1.3.2.0
2023-11-01 17:29:21,487 [WARN] PackLoader:238 - Cannot read IP mode file for STMicroelectronics.X-CUBE-AZRTOS-L4.1.0.0
2023-11-01 17:29:21,534 [WARN] PackLoader:238 - Cannot read IP mode file for emotas.I-CUBE-CANOPEN.1.1.2
2023-11-01 17:29:21,551 [WARN] PackLoader:238 - Cannot read IP mode file for STMicroelectronics.X-CUBE-TOUCHGFX.4.20.0
2023-11-01 17:29:21,653 [INFO] DetailPanel:309 - Set advertising image to C:/Users/Admin/STM32Cube/Repository/\en.prom-stm32h5-mcu-finder.jpg
2023-11-01 17:29:21,726 [WARN] PackLoader:238 - Cannot read IP mode file for STMicroelectronics.X-CUBE-MEMS1.10.0.0
2023-11-01 17:29:22,532 [WARN] PackLoader:238 - Cannot read IP mode file for STMicroelectronics.X-CUBE-AZRTOS-WL.1.0.0
2023-11-01 17:29:22,548 [WARN] PackLoader:238 - Cannot read IP mode file for portGmbH.I-Cube-SoM-uGOAL.1.1.0
2023-11-01 17:29:22,589 [WARN] PackLoader:238 - Cannot read IP mode file for STMicroelectronics.X-CUBE-AZRTOS-WB.1.1.0
2023-11-01 17:29:22,663 [WARN] PackLoader:238 - Cannot read IP mode file for SEGGER.I-CUBE-embOS.1.3.1
2023-11-01 17:29:22,865 [WARN] PackLoader:238 - Cannot read IP mode file for STMicroelectronics.X-CUBE-AZRTOS-L5.1.0.0
2023-11-01 17:29:22,880 [WARN] PackLoader:238 - Cannot read IP mode file for STMicroelectronics.X-CUBE-EEPRMA1.3.1.1
2023-11-01 17:29:22,882 [INFO] ThirdParty:915 - Integrity check success = true
2023-11-01 17:29:22,882 [INFO] IntegrityCheckThread:94 - exiting critical section [integrity check]
2023-11-01 17:29:22,883 [INFO] IntegrityCheckThread:97 - End integrity checks thread
2023-11-01 17:29:23,012 [INFO] DbBoardsPdsc:90 - Found 25 items
2023-11-01 17:29:23,016 [INFO] DbBoardsPdsc:90 - Found 9 items
2023-11-01 17:29:23,024 [INFO] DbBoardsPdsc:90 - Found 33 items
2023-11-01 17:29:23,027 [INFO] DbBoardsPdsc:90 - Found 1 items
2023-11-01 17:29:23,041 [INFO] DbBoardsPdsc:90 - Found 48 items
2023-11-01 17:29:23,056 [INFO] DbBoardsPdsc:90 - Found 43 items
2023-11-01 17:29:23,060 [INFO] DbBoardsPdsc:90 - Found 2 items
2023-11-01 17:29:23,063 [INFO] DbBoardsPdsc:90 - Found 5 items
2023-11-01 17:29:23,071 [WARN] DbBoardsPdsc:254 - Board STM32H7B3I-DK: unknown feature type=Audio, name=, username=Audio stereo codec with Headphone Amp (CS42L51-CNZ), n=1
2023-11-01 17:29:23,072 [WARN] DbBoardsPdsc:254 - Board STM32H735G-DK: unknown feature type=Audio, name=, username=Audio stereo codec with Headphone Amp (WM8994ECS/R), n=1
2023-11-01 17:29:23,076 [WARN] DbBoardsPdsc:254 - Board STM32H7B3I-EVAL: unknown feature type=Audio, name=, username=Multi-Channel Audio Codec (CS42L51-CNZ), n=1
2023-11-01 17:29:23,076 [WARN] DbBoardsPdsc:254 - Board STM32H7B3I-EVAL: unknown feature type=Meter, name=, username=Power-metering and Temperature-monitoring with sigma-delta modulators, n=1
2023-11-01 17:29:23,076 [WARN] DbBoardsPdsc:254 - Board STM32H7B3I-EVAL: unknown feature type=Motor, name=, username=Motor Control, n=1
2023-11-01 17:29:23,077 [WARN] DbBoardsPdsc:254 - Board STM32U575I-EV: unknown feature type=joystick, name=, username=4-direction joystick with selection button, n=1
2023-11-01 17:29:23,152 [INFO] DbBoardsJson:86 - JSON generation date=Tue Nov 16 23:17:54 ICT 2021 (1637079474)
2023-11-01 17:29:23,166 [INFO] DbBoards:117 - Found 167 boards (163 are supported by CubeMX)
2023-11-01 17:29:23,174 [INFO] DbBoardsDocs:143 - JSON generation date=Tue Nov 16 23:17:54 ICT 2021 (1637079474)
2023-11-01 17:29:23,183 [INFO] DbBoardsDocs:79 - Found 209 boards documents
2023-11-01 17:29:23,184 [WARN] DbBoards:127 - board B-L475E-IOT01A2 has no document id list !
2023-11-01 17:29:23,187 [WARN] DbBoards:127 - board NUCLEO-H743ZI has no document id list !
2023-11-01 17:29:23,189 [WARN] DbBoards:127 - board NUCLEO-WL55JC2 has no document id list !
2023-11-01 17:29:23,190 [WARN] DbBoards:127 - board P-NUCLEO-WB55-Nucleo has no document id list !
2023-11-01 17:29:23,190 [WARN] DbBoards:127 - board P-NUCLEO-WB55-USBDongle has no document id list !
2023-11-01 17:29:23,190 [WARN] DbBoards:127 - board STEVAL-BFA001V1B has no document id list !
2023-11-01 17:29:23,190 [WARN] DbBoards:127 - board STEVAL-BFA001V2B has no document id list !
2023-11-01 17:29:23,190 [WARN] DbBoards:127 - board STEVAL-IDP005V1 has no document id list !
2023-11-01 17:29:23,190 [WARN] DbBoards:127 - board STEVAL-IDP005V2 has no document id list !
2023-11-01 17:29:23,190 [WARN] DbBoards:127 - board STEVAL-MKSBOX1V1 has no document id list !
2023-11-01 17:29:23,191 [WARN] DbBoards:127 - board STEVAL-STWINKT1 has no document id list !
2023-11-01 17:29:23,191 [WARN] DbBoards:127 - board STEVAL-STWINKT1B has no document id list !
2023-11-01 17:29:23,191 [WARN] DbBoards:127 - board STM32439I-EVAL2 has no document id list !
2023-11-01 17:29:23,192 [WARN] DbBoards:127 - board STM32F401C-DISCO has no document id list !
2023-11-01 17:29:23,193 [WARN] DbBoards:127 - board STM32F769I-DISC1 has no document id list !
2023-11-01 17:29:23,194 [WARN] DbBoards:127 - board STM32G474E-EVAL1 has no document id list !
2023-11-01 17:29:23,194 [WARN] DbBoards:127 - board STM32H743I-EVAL2 has no document id list !
2023-11-01 17:29:23,194 [WARN] DbBoards:127 - board STM32H747I-DISC1 has no document id list !
2023-11-01 17:29:23,195 [WARN] DbBoards:127 - board STM32H753I-EVAL2 has no document id list !
2023-11-01 17:29:23,195 [WARN] DbBoards:127 - board STM32L-DISCOVERY has no document id list !
2023-11-01 17:29:23,528 [ERROR] DbBoards:189 - Image file not found for board B-U585I-IOT02A: C:\ST\STM32CubeIDE_1.7.0\STM32CubeIDE\plugins\com.st.stm32cube.common.mx_6.3.0.202107141111\\db\/plugins/mcufinder/images/boards/B-U585I-IOT02A_small.jpg
2023-11-01 17:29:23,768 [ERROR] DbBoards:189 - Image file not found for board NUCLEO-F413ZH: C:\ST\STM32CubeIDE_1.7.0\STM32CubeIDE\plugins\com.st.stm32cube.common.mx_6.3.0.202107141111\\db\/plugins/mcufinder/images/boards/nucleo-f413zh_small.jpg
2023-11-01 17:29:24,233 [ERROR] DbBoards:189 - Image file not found for board NUCLEO-L552ZE-Q: C:\ST\STM32CubeIDE_1.7.0\STM32CubeIDE\plugins\com.st.stm32cube.common.mx_6.3.0.202107141111\\db\/plugins/mcufinder/images/boards/nucleo_l552ze_q_small.jpg
2023-11-01 17:29:24,234 [ERROR] DbBoards:189 - Image file not found for board NUCLEO-U575ZI-Q: C:\ST\STM32CubeIDE_1.7.0\STM32CubeIDE\plugins\com.st.stm32cube.common.mx_6.3.0.202107141111\\db\/plugins/mcufinder/images/boards/nucleo-u575zi-q_small.jpg
2023-11-01 17:29:24,234 [ERROR] DbBoards:189 - Image file not found for board NUCLEO-WB15CC: C:\ST\STM32CubeIDE_1.7.0\STM32CubeIDE\plugins\com.st.stm32cube.common.mx_6.3.0.202107141111\\db\/plugins/mcufinder/images/boards/nucleo-wb15cc_small.jpg
2023-11-01 17:29:24,234 [ERROR] DbBoards:189 - Image file not found for board NUCLEO-WB55RG: C:\ST\STM32CubeIDE_1.7.0\STM32CubeIDE\plugins\com.st.stm32cube.common.mx_6.3.0.202107141111\\db\/plugins/mcufinder/images/boards/nucleo-wb55rg_small.jpg
2023-11-01 17:29:26,282 [INFO] ApiDb:251 - Load user favorites file C:\Users\Admin/.stm32cubeide/favorites.boards.txt: 0 item(s)
2023-11-01 17:29:26,282 [INFO] ApiDb:255 - User favorites Boards=[]
2023-11-01 17:29:26,283 [INFO] DbBoards:206 - Set 0 / 0 favorites Boards
2023-11-01 17:30:52,062 [INFO] DbMcusDocs:143 - JSON generation date=Tue Nov 16 23:17:54 ICT 2021 (1637079474)
2023-11-01 17:30:52,781 [INFO] DbMcusDocs:79 - Found 682 MCUs documents
2023-11-01 17:31:10,857 [INFO] MainUpdater:2671 - connection check result : 10
2023-11-01 17:31:10,857 [INFO] MainUpdater:2671 - connection check result : 10
2023-11-01 17:31:10,889 [INFO] MicroXplorer:448 - Change Database Path : 
2023-11-01 17:31:10,889 [INFO] MicroXplorer:478 - Change Database Version : DB.6.0.30
2023-11-01 17:31:10,889 [WARN] ThirdParty:813 - waiting for thirdparty lock release [close project]
2023-11-01 17:31:10,889 [INFO] ThirdParty:815 - entering critical section [close project]
2023-11-01 17:31:10,889 [INFO] ThirdParty:825 - exiting critical section [close project]
2023-11-01 17:31:10,889 [INFO] PinOutPanel:1463 - setPackage(No Configuration,No Configuration)
2023-11-01 17:31:10,889 [INFO] UtilMem:74 - Begin LoadConfig() Used Memory: 715829072 Bytes (742391808)
2023-11-01 17:31:10,889 [INFO] MicroXplorer:448 - Change Database Path : 
2023-11-01 17:31:10,889 [INFO] MicroXplorer:478 - Change Database Version : DB.6.0.30
2023-11-01 17:31:10,889 [INFO] OpenFileManager:313 - Change cursor
2023-11-01 17:31:11,887 [INFO] Context:592 - Trying to add GPIOservice into a context  which must be forbidden
2023-11-01 17:31:12,205 [INFO] ImportTextPane:167 - (OptionalMessage_ERROR) Unable to find key (Mcu.ThirdPartyNb) in loaded IOC file
2023-11-01 17:31:12,206 [INFO] ImportTextPane:167 - (OptionalMessage_ERROR) Unable to find key (Mcu.PinsNb) in loaded IOC file
2023-11-01 17:31:12,206 [INFO] ImportTextPane:167 - (OptionalMessage_ERROR) Unable to find key (Mcu.IPNb) in loaded IOC file
2023-11-01 17:31:12,772 [WARN] ApiManager:304 - Cannot register API 'Board Extension:IKS01A3' from pack STMicroelectronics.X-CUBE-MEMS1.9.4.0: no header file found
2023-11-01 17:31:12,772 [WARN] ApiManager:304 - Cannot register API 'Board Extension:IKS01A2' from pack STMicroelectronics.X-CUBE-MEMS1.9.4.0: no header file found
2023-11-01 17:31:12,772 [WARN] ApiManager:304 - Cannot register API 'Board Extension:IKS02A1' from pack STMicroelectronics.X-CUBE-MEMS1.9.4.0: no header file found
2023-11-01 17:31:13,326 [WARN] ApiManager:304 - Cannot register API 'Board Extension:IKS01A3' from pack STMicroelectronics.X-CUBE-MEMS1.9.6.0: no header file found
2023-11-01 17:31:13,326 [WARN] ApiManager:304 - Cannot register API 'Board Extension:IKS01A2' from pack STMicroelectronics.X-CUBE-MEMS1.9.6.0: no header file found
2023-11-01 17:31:13,326 [WARN] ApiManager:304 - Cannot register API 'Board Extension:IKS02A1' from pack STMicroelectronics.X-CUBE-MEMS1.9.6.0: no header file found
2023-11-01 17:31:13,344 [WARN] ApiManager:304 - Cannot register API 'Board Extension:EEPRMA2' from pack STMicroelectronics.X-CUBE-EEPRMA1.4.2.0: no header file found
2023-11-01 17:31:13,344 [WARN] ApiManager:304 - Cannot register API 'Board Extension:PGEEZ1' from pack STMicroelectronics.X-CUBE-EEPRMA1.4.2.0: no header file found
2023-11-01 17:31:13,344 [WARN] ApiManager:304 - Cannot register API 'Board Part:M24' from pack STMicroelectronics.X-CUBE-EEPRMA1.4.2.0: no header file found
2023-11-01 17:31:13,344 [WARN] ApiManager:304 - Cannot register API 'Board Part:M95' from pack STMicroelectronics.X-CUBE-EEPRMA1.4.2.0: no header file found
2023-11-01 17:31:13,344 [WARN] ApiManager:304 - Cannot register API 'Board Part:M95P32' from pack STMicroelectronics.X-CUBE-EEPRMA1.4.2.0: no header file found
2023-11-01 17:31:13,344 [WARN] ApiManager:304 - Cannot register API 'PGEEZ1:SPI' from pack STMicroelectronics.X-CUBE-EEPRMA1.4.2.0: no header file found
2023-11-01 17:31:13,344 [WARN] ApiManager:304 - Cannot register API 'PGEEZ1:QDSPI' from pack STMicroelectronics.X-CUBE-EEPRMA1.4.2.0: no header file found
2023-11-01 17:31:13,356 [WARN] ApiManager:304 - Cannot register API 'Wireless:BlueNRG-MS' from pack STMicroelectronics.X-CUBE-BLE1.6.2.3: no header file found
2023-11-01 17:31:13,359 [WARN] ApiManager:304 - Cannot register API 'Wireless:BlueNRG-MS' from pack STMicroelectronics.X-CUBE-BLE1.6.2.4: no header file found
2023-11-01 17:31:13,359 [INFO] RtosManager:484 - Registered RTOS mode: class=CMSIS, group=RTOS, mode=CMSIS_V1, owner=FREERTOS
2023-11-01 17:31:13,359 [INFO] RtosManager:484 - Registered RTOS mode: class=CMSIS, group=RTOS2, mode=CMSIS_V2, owner=FREERTOS
2023-11-01 17:31:13,359 [INFO] RtosManager:484 - Registered RTOS mode: class=RTOS, group=Core, mode=CMSIS_V1, owner=FREERTOS
2023-11-01 17:31:13,359 [INFO] RtosManager:484 - Registered RTOS mode: class=RTOS, group=Core, mode=CMSIS_V2, owner=FREERTOS
2023-11-01 17:31:13,359 [WARN] ModelIntegratedComponent:181 - Missing modes for component STMicroelectronics:FreeRTOS:0.0.1:STMicroelectronics:RTOS:FreeRTOS:Core:::10.2.0:
2023-11-01 17:31:13,359 [WARN] ApiManager:304 - Cannot register API 'Board Extension:S2868A1' from pack STMicroelectronics.X-CUBE-SUBG2.5.0.0: no header file found
2023-11-01 17:31:13,359 [WARN] ApiManager:304 - Cannot register API 'Board Extension:S2868A2' from pack STMicroelectronics.X-CUBE-SUBG2.5.0.0: no header file found
2023-11-01 17:31:13,359 [WARN] ApiManager:304 - Cannot register API 'Board Extension:S2915A1' from pack STMicroelectronics.X-CUBE-SUBG2.5.0.0: no header file found
2023-11-01 17:31:13,373 [WARN] ApiManager:304 - Cannot register API 'Board Extension:NFC04A1' from pack STMicroelectronics.X-CUBE-NFC4.3.0.0: no header file found
2023-11-01 17:31:13,378 [WARN] ApiManager:304 - Cannot register API 'Board Extension:NFC04A1' from pack STMicroelectronics.X-CUBE-NFC4.2.0.5: no header file found
2023-11-01 17:31:13,380 [WARN] ApiManager:304 - Cannot register API 'Board Extension:NFC04A1' from pack STMicroelectronics.X-CUBE-NFC4.2.0.4: no header file found
2023-11-01 17:31:13,393 [WARN] ModelIntegratedComponent:60 - No mode defined for component null
2023-11-01 17:31:13,393 [WARN] ModelIntegratedComponent:60 - No mode defined for component null
2023-11-01 17:31:13,393 [WARN] ModelIntegratedComponent:60 - No mode defined for component null
2023-11-01 17:31:13,393 [WARN] ModelIntegratedComponent:60 - No mode defined for component null
2023-11-01 17:31:13,393 [WARN] ModelIntegratedComponent:60 - No mode defined for component null
2023-11-01 17:31:13,393 [WARN] ModelIntegratedComponent:60 - No mode defined for component null
2023-11-01 17:31:13,393 [WARN] ModelIntegratedComponent:60 - No mode defined for component null
2023-11-01 17:31:13,393 [WARN] ModelIntegratedComponent:60 - No mode defined for component null
2023-11-01 17:31:13,393 [WARN] ModelIntegratedComponent:60 - No mode defined for component null
2023-11-01 17:31:13,393 [WARN] ModelIntegratedComponent:60 - No mode defined for component null
2023-11-01 17:31:13,393 [WARN] ModelIntegratedComponent:60 - No mode defined for component null
2023-11-01 17:31:13,393 [WARN] ModelIntegratedComponent:60 - No mode defined for component null
2023-11-01 17:31:13,393 [WARN] ModelIntegratedComponent:60 - No mode defined for component null
2023-11-01 17:31:13,393 [WARN] ModelIntegratedComponent:60 - No mode defined for component null
2023-11-01 17:31:13,393 [WARN] ModelIntegratedComponent:60 - No mode defined for component null
2023-11-01 17:31:13,393 [WARN] ModelIntegratedComponent:60 - No mode defined for component null
2023-11-01 17:31:13,393 [WARN] ModelIntegratedComponent:60 - No mode defined for component null
2023-11-01 17:31:13,393 [WARN] ModelIntegratedComponent:60 - No mode defined for component null
2023-11-01 17:31:13,393 [WARN] ModelIntegratedComponent:60 - No mode defined for component null
2023-11-01 17:31:13,393 [WARN] ModelIntegratedComponent:60 - No mode defined for component null
2023-11-01 17:31:13,393 [WARN] ModelIntegratedComponent:60 - No mode defined for component null
2023-11-01 17:31:13,393 [WARN] ModelIntegratedComponent:60 - No mode defined for component null
2023-11-01 17:31:13,393 [WARN] ModelIntegratedComponent:60 - No mode defined for component null
2023-11-01 17:31:13,393 [WARN] ModelIntegratedComponent:60 - No mode defined for component null
2023-11-01 17:31:13,393 [WARN] ModelIntegratedComponent:60 - No mode defined for component null
2023-11-01 17:31:13,393 [WARN] ModelIntegratedComponent:60 - No mode defined for component null
2023-11-01 17:31:13,393 [WARN] ModelIntegratedComponent:60 - No mode defined for component null
2023-11-01 17:31:13,393 [WARN] ModelIntegratedComponent:60 - No mode defined for component null
2023-11-01 17:31:13,393 [WARN] ModelIntegratedComponent:60 - No mode defined for component null
2023-11-01 17:31:13,393 [WARN] ModelIntegratedComponent:60 - No mode defined for component null
2023-11-01 17:31:13,393 [WARN] ModelIntegratedComponent:60 - No mode defined for component null
2023-11-01 17:31:13,862 [WARN] ApiManager:304 - Cannot register API 'Board Extension:IKS01A3' from pack STMicroelectronics.X-CUBE-MEMS1.10.0.0: no header file found
2023-11-01 17:31:13,862 [WARN] ApiManager:304 - Cannot register API 'Board Extension:IKS02A1' from pack STMicroelectronics.X-CUBE-MEMS1.10.0.0: no header file found
2023-11-01 17:31:13,862 [WARN] ApiManager:304 - Cannot register API 'Board Extension:IKS4A1' from pack STMicroelectronics.X-CUBE-MEMS1.10.0.0: no header file found
2023-11-01 17:31:13,872 [WARN] ApiManager:304 - Cannot register API 'Board Extension:NFC07A1' from pack STMicroelectronics.X-CUBE-NFC7.1.0.1: no header file found
2023-11-01 17:31:13,873 [WARN] ApiManager:304 - Cannot register API 'Board Extension:NFC07A1' from pack STMicroelectronics.X-CUBE-NFC7.1.0.0: no header file found
2023-11-01 17:31:13,876 [WARN] ApiManager:304 - Cannot register API 'Board Extension:NFC06A1' from pack STMicroelectronics.X-CUBE-NFC6.3.0.0: no header file found
2023-11-01 17:31:13,876 [WARN] ApiManager:304 - Cannot register API 'Board Extension:NFC08A1' from pack STMicroelectronics.X-CUBE-NFC6.3.0.0: no header file found
2023-11-01 17:31:14,303 [WARN] ApiManager:304 - Cannot register API 'Board Extension:IKS01A3' from pack STMicroelectronics.X-CUBE-MEMS1.9.3.0: no header file found
2023-11-01 17:31:14,304 [WARN] ApiManager:304 - Cannot register API 'Board Extension:IKS01A2' from pack STMicroelectronics.X-CUBE-MEMS1.9.3.0: no header file found
2023-11-01 17:31:14,304 [WARN] ApiManager:304 - Cannot register API 'Board Extension:IKS02A1' from pack STMicroelectronics.X-CUBE-MEMS1.9.3.0: no header file found
2023-11-01 17:31:14,308 [WARN] ApiManager:304 - Cannot register API 'Board Extension:EEPRMA1' from pack STMicroelectronics.X-CUBE-EEPRMA1.4.1.0: no header file found
2023-11-01 17:31:14,308 [WARN] ApiManager:304 - Cannot register API 'Board Extension:EEPRMA2' from pack STMicroelectronics.X-CUBE-EEPRMA1.4.1.0: no header file found
2023-11-01 17:31:14,308 [WARN] ApiManager:304 - Cannot register API 'Board Extension:PGEEZ1' from pack STMicroelectronics.X-CUBE-EEPRMA1.4.1.0: no header file found
2023-11-01 17:31:14,308 [WARN] ApiManager:304 - Cannot register API 'Board Part:M24' from pack STMicroelectronics.X-CUBE-EEPRMA1.4.1.0: no header file found
2023-11-01 17:31:14,308 [WARN] ApiManager:304 - Cannot register API 'Board Part:M95' from pack STMicroelectronics.X-CUBE-EEPRMA1.4.1.0: no header file found
2023-11-01 17:31:14,308 [WARN] ApiManager:304 - Cannot register API 'Board Part:M95P32' from pack STMicroelectronics.X-CUBE-EEPRMA1.4.1.0: no header file found
2023-11-01 17:31:14,308 [WARN] ApiManager:304 - Cannot register API 'PGEEZ1:SPI' from pack STMicroelectronics.X-CUBE-EEPRMA1.4.1.0: no header file found
2023-11-01 17:31:14,308 [WARN] ApiManager:304 - Cannot register API 'PGEEZ1:QDSPI' from pack STMicroelectronics.X-CUBE-EEPRMA1.4.1.0: no header file found
2023-11-01 17:31:14,343 [WARN] ApiManager:304 - Cannot register API 'Board Extension:EEPRMA1' from pack STMicroelectronics.X-CUBE-EEPRMA1.3.1.1: no header file found
2023-11-01 17:31:14,343 [WARN] ApiManager:304 - Cannot register API 'Board Extension:EEPRMA2' from pack STMicroelectronics.X-CUBE-EEPRMA1.3.1.1: no header file found
2023-11-01 17:31:14,347 [WARN] ApiManager:304 - Cannot register API 'Board Extension:S2868A1' from pack STMicroelectronics.X-CUBE-SFXS2LP1.4.0.0: no header file found
2023-11-01 17:31:14,347 [WARN] ApiManager:304 - Cannot register API 'Board Extension:S2868A2' from pack STMicroelectronics.X-CUBE-SFXS2LP1.4.0.0: no header file found
2023-11-01 17:31:14,348 [WARN] ApiManager:304 - Cannot register API 'Board Extension:S2915A1' from pack STMicroelectronics.X-CUBE-SFXS2LP1.4.0.0: no header file found
2023-11-01 17:31:43,362 [INFO] UtilMem:74 - End LoadConfig() Used Memory: 653704360 Bytes (747634688)
2023-11-01 17:31:43,362 [WARN] ThirdParty:779 - waiting for thirdparty lock release [change project]
2023-11-01 17:31:43,362 [INFO] ThirdParty:781 - entering critical section [change project]
2023-11-01 17:31:43,362 [INFO] ThirdParty:967 - CMSIS Pack Vendor :STMicroelectronics X-CUBE-ISPU 1.1.0
2023-11-01 17:31:43,362 [INFO] ThirdParty:967 - CMSIS Pack Vendor :RoweBots I-CUBE-UNISONRTOS 5.5.0-4
2023-11-01 17:31:43,362 [INFO] ThirdParty:967 - CMSIS Pack Vendor :STMicroelectronics X-CUBE-AZRTOS-H7 2.1.0
2023-11-01 17:31:43,362 [INFO] ThirdParty:967 - CMSIS Pack Vendor :STMicroelectronics USB_HOST 2.0.0
2023-11-01 17:31:43,362 [INFO] ThirdParty:967 - CMSIS Pack Vendor :STMicroelectronics X-CUBE-AZRTOS-F4 1.1.0
2023-11-01 17:31:43,362 [INFO] ThirdParty:967 - CMSIS Pack Vendor :STMicroelectronics USB_DEVICE 3.0.0
2023-11-01 17:31:43,362 [INFO] ThirdParty:967 - CMSIS Pack Vendor :STMicroelectronics X-CUBE-AZRTOS-WB 2.0.0
2023-11-01 17:31:43,362 [INFO] ThirdParty:967 - CMSIS Pack Vendor :STMicroelectronics X-CUBE-TOUCHGFX 4.21.0
2023-11-01 17:31:43,362 [INFO] ThirdParty:967 - CMSIS Pack Vendor :STMicroelectronics X-CUBE-BLEMGR 1.0.0
2023-11-01 17:31:43,362 [INFO] ThirdParty:967 - CMSIS Pack Vendor :STMicroelectronics X-CUBE-BLEMGR 1.2.0
2023-11-01 17:31:43,362 [INFO] ThirdParty:967 - CMSIS Pack Vendor :STMicroelectronics X-CUBE-AZRTOS-L5 2.0.0
2023-11-01 17:31:43,362 [INFO] ThirdParty:967 - CMSIS Pack Vendor :STMicroelectronics X-CUBE-AZRTOS-F7 1.1.0
2023-11-01 17:31:43,362 [INFO] ThirdParty:967 - CMSIS Pack Vendor :STMicroelectronics X-CUBE-MEMS1 9.4.0
2023-11-01 17:31:43,362 [INFO] ThirdParty:967 - CMSIS Pack Vendor :STMicroelectronics USB_DEVICE 2.0.0
2023-11-01 17:31:43,362 [INFO] ThirdParty:967 - CMSIS Pack Vendor :STMicroelectronics X-CUBE-MEMS1 9.6.0
2023-11-01 17:31:43,362 [INFO] ThirdParty:967 - CMSIS Pack Vendor :STMicroelectronics X-CUBE-EEPRMA1 4.2.0
2023-11-01 17:31:43,362 [INFO] ThirdParty:967 - CMSIS Pack Vendor :STMicroelectronics X-CUBE-AI 7.3.0
2023-11-01 17:31:43,362 [INFO] ThirdParty:967 - CMSIS Pack Vendor :STMicroelectronics X-CUBE-BLE1 6.2.3
2023-11-01 17:31:43,362 [INFO] ThirdParty:967 - CMSIS Pack Vendor :STMicroelectronics X-CUBE-ALGOBUILD 1.3.0
2023-11-01 17:31:43,362 [INFO] ThirdParty:967 - CMSIS Pack Vendor :STMicroelectronics X-CUBE-BLE1 6.2.4
2023-11-01 17:31:43,362 [INFO] ThirdParty:967 - CMSIS Pack Vendor :STMicroelectronics X-CUBE-AZRTOS-L5 1.1.0
2023-11-01 17:31:43,362 [INFO] ThirdParty:967 - CMSIS Pack Vendor :STMicroelectronics FreeRTOS 0.0.1
2023-11-01 17:31:43,362 [INFO] ThirdParty:967 - CMSIS Pack Vendor :STMicroelectronics X-CUBE-AZRTOS-G0 1.1.0
2023-11-01 17:31:43,373 [INFO] ThirdParty:967 - CMSIS Pack Vendor :STMicroelectronics X-CUBE-SUBG2 5.0.0
2023-11-01 17:31:43,373 [INFO] ThirdParty:967 - CMSIS Pack Vendor :STMicroelectronics X-CUBE-NFC4 3.0.0
2023-11-01 17:31:43,373 [INFO] ThirdParty:967 - CMSIS Pack Vendor :SEGGER I-CUBE-embOS 1.2.0
2023-11-01 17:31:43,373 [INFO] ThirdParty:967 - CMSIS Pack Vendor :STMicroelectronics lwIP 2.0.3
2023-11-01 17:31:43,373 [INFO] ThirdParty:967 - CMSIS Pack Vendor :STMicroelectronics X-CUBE-NFC4 2.0.5
2023-11-01 17:31:43,373 [INFO] ThirdParty:967 - CMSIS Pack Vendor :STMicroelectronics X-CUBE-NFC4 2.0.4
2023-11-01 17:31:43,373 [INFO] ThirdParty:967 - CMSIS Pack Vendor :STMicroelectronics USB_HOST 1.0.0
2023-11-01 17:31:43,373 [INFO] ThirdParty:967 - CMSIS Pack Vendor :STMicroelectronics X-CUBE-AZRTOS-G4 2.0.0
2023-11-01 17:31:43,373 [INFO] ThirdParty:967 - CMSIS Pack Vendor :STMicroelectronics PDM2PCM 3.1.0
2023-11-01 17:31:43,373 [INFO] ThirdParty:967 - CMSIS Pack Vendor :STMicroelectronics X-CUBE-AZRTOS-H7 3.1.0
2023-11-01 17:31:43,373 [INFO] ThirdParty:967 - CMSIS Pack Vendor :STMicroelectronics PDM2PCM 3.3.0
2023-11-01 17:31:43,373 [INFO] ThirdParty:967 - CMSIS Pack Vendor :STMicroelectronics X-CUBE-TOF1 3.1.0
2023-11-01 17:31:43,373 [INFO] ThirdParty:967 - CMSIS Pack Vendor :STMicroelectronics X-CUBE-BLEMGR 1.3.0
2023-11-01 17:31:43,374 [INFO] ThirdParty:967 - CMSIS Pack Vendor :STMicroelectronics X-CUBE-AZRTOS-G4 1.0.0
2023-11-01 17:31:43,374 [INFO] ThirdParty:967 - CMSIS Pack Vendor :STMicroelectronics FP-ATR-SIGFOX1 3.2.0
2023-11-01 17:31:43,374 [INFO] ThirdParty:967 - CMSIS Pack Vendor :STMicroelectronics X-CUBE-AZRTOS-L4 1.0.0
2023-11-01 17:31:43,374 [INFO] ThirdParty:967 - CMSIS Pack Vendor :wolfSSL I-CUBE-wolfSSL 5.5.0
2023-11-01 17:31:43,374 [INFO] ThirdParty:967 - CMSIS Pack Vendor :STMicroelectronics HAL Drivers 0.0.0
2023-11-01 17:31:43,374 [INFO] ThirdParty:967 - CMSIS Pack Vendor :STMicroelectronics MBEDTLS 2.16.2
2023-11-01 17:31:43,374 [INFO] ThirdParty:967 - CMSIS Pack Vendor :emotas I-CUBE-CANOPEN 1.1.2
2023-11-01 17:31:43,374 [INFO] ThirdParty:967 - CMSIS Pack Vendor :STMicroelectronics X-CUBE-TOUCHGFX 4.20.0
2023-11-01 17:31:43,374 [INFO] ThirdParty:967 - CMSIS Pack Vendor :STMicroelectronics X-CUBE-MEMS1 10.0.0
2023-11-01 17:31:43,374 [INFO] ThirdParty:967 - CMSIS Pack Vendor :STMicroelectronics X-CUBE-NFC7 1.0.1
2023-11-01 17:31:43,374 [INFO] ThirdParty:967 - CMSIS Pack Vendor :STMicroelectronics MBEDTLS 2.14.1
2023-11-01 17:31:43,374 [INFO] ThirdParty:967 - CMSIS Pack Vendor :STMicroelectronics X-CUBE-NFC7 1.0.0
2023-11-01 17:31:43,375 [INFO] ThirdParty:967 - CMSIS Pack Vendor :STMicroelectronics X-CUBE-TOUCHGFX 4.22.1
2023-11-01 17:31:43,375 [INFO] ThirdParty:967 - CMSIS Pack Vendor :STMicroelectronics X-CUBE-AZRTOS-WL 1.0.0
2023-11-01 17:31:43,375 [INFO] ThirdParty:967 - CMSIS Pack Vendor :STMicroelectronics X-CUBE-NFC6 3.0.0
2023-11-01 17:31:43,375 [INFO] ThirdParty:967 - CMSIS Pack Vendor :STMicroelectronics X-CUBE-MEMS1 9.3.0
2023-11-01 17:31:43,375 [INFO] ThirdParty:967 - CMSIS Pack Vendor :STMicroelectronics X-CUBE-EEPRMA1 4.1.0
2023-11-01 17:31:43,375 [INFO] ThirdParty:967 - CMSIS Pack Vendor :portGmbH I-Cube-SoM-uGOAL 1.1.0
2023-11-01 17:31:43,375 [INFO] ThirdParty:967 - CMSIS Pack Vendor :STMicroelectronics X-CUBE-AI 7.2.0
2023-11-01 17:31:43,375 [INFO] ThirdParty:967 - CMSIS Pack Vendor :STMicroelectronics X-CUBE-AZRTOS-WB 1.1.0
2023-11-01 17:31:43,375 [INFO] ThirdParty:967 - CMSIS Pack Vendor :STMicroelectronics X-CUBE-AZRTOS-WL 2.0.0
2023-11-01 17:31:43,375 [INFO] ThirdParty:967 - CMSIS Pack Vendor :SEGGER I-CUBE-embOS 1.3.1
2023-11-01 17:31:43,376 [INFO] ThirdParty:967 - CMSIS Pack Vendor :STMicroelectronics X-CUBE-AZRTOS-L5 1.0.0
2023-11-01 17:31:43,376 [INFO] ThirdParty:967 - CMSIS Pack Vendor :STMicroelectronics USB_DEVICE 1.0.0
2023-11-01 17:31:43,376 [INFO] ThirdParty:967 - CMSIS Pack Vendor :STMicroelectronics X-CUBE-EEPRMA1 3.1.1
2023-11-01 17:31:43,376 [INFO] ThirdParty:967 - CMSIS Pack Vendor :STMicroelectronics X-CUBE-AZRTOS-L4 2.0.0
2023-11-01 17:31:43,376 [INFO] ThirdParty:967 - CMSIS Pack Vendor :STMicroelectronics ThreadX 0.0.2
2023-11-01 17:31:43,376 [INFO] ThirdParty:967 - CMSIS Pack Vendor :WES I-CUBE-Cesium 1.3.0
2023-11-01 17:31:43,376 [INFO] ThirdParty:967 - CMSIS Pack Vendor :STMicroelectronics lwIP 2.1.2
2023-11-01 17:31:43,376 [INFO] ThirdParty:967 - CMSIS Pack Vendor :STMicroelectronics X-CUBE-SFXS2LP1 4.0.0
2023-11-01 17:31:43,376 [INFO] ThirdParty:967 - CMSIS Pack Vendor :STMicroelectronics X-CUBE-TOF1 3.2.0
2023-11-01 17:31:43,376 [INFO] ThirdParty:967 - CMSIS Pack Vendor :STMicroelectronics PDM2PCM 3.2.0
2023-11-01 17:31:43,377 [INFO] ThirdParty:967 - CMSIS Pack Vendor :STMicroelectronics X-CUBE-AZRTOS-H7 3.0.0
2023-11-01 17:31:43,377 [INFO] ThirdParty:967 - CMSIS Pack Vendor :STMicroelectronics X-CUBE-ISPU 1.0.0
2023-11-01 17:31:43,377 [INFO] ThirdParty:787 - exiting critical section [change project]
2023-11-01 17:31:43,751 [INFO] PinOutPanel:1463 - setPackage(No Configuration,No Configuration)
2023-11-01 17:31:43,752 [INFO] PinOutPanel:1463 - setPackage(STM32F103C6Tx,LQFP48)
2023-11-01 17:31:44,639 [INFO] UtilMem:74 - Before build in PCC Used Memory: 653325440 Bytes (747634688)
2023-11-01 17:31:45,842 [INFO] UtilMem:74 - After build in PCC Used Memory: 672285952 Bytes (747634688)
2023-11-01 17:31:45,882 [INFO] IPUIPlugin:74 - create IPUIPlugin
2023-11-01 17:31:45,883 [INFO] IPUIPlugin:74 - create IPUIPlugin
2023-11-01 17:31:45,883 [INFO] IPUIPlugin:74 - create IPUIPlugin
2023-11-01 17:31:45,883 [INFO] IPUIPlugin:74 - create IPUIPlugin
2023-11-01 17:31:45,884 [INFO] IPUIPlugin:74 - create IPUIPlugin
2023-11-01 17:31:45,884 [INFO] IPUIPlugin:74 - create IPUIPlugin
2023-11-01 17:31:45,884 [INFO] IPUIPlugin:74 - create IPUIPlugin
2023-11-01 17:31:45,884 [INFO] IPUIPlugin:74 - create IPUIPlugin
2023-11-01 17:31:45,885 [INFO] IPUIPlugin:74 - create IPUIPlugin
2023-11-01 17:31:45,885 [INFO] IPUIPlugin:74 - create IPUIPlugin
2023-11-01 17:31:45,886 [INFO] IPUIPlugin:74 - create IPUIPlugin
2023-11-01 17:31:45,886 [INFO] IPUIPlugin:74 - create IPUIPlugin
2023-11-01 17:31:45,887 [INFO] IPUIPlugin:74 - create IPUIPlugin
2023-11-01 17:31:45,888 [INFO] IPUIPlugin:74 - create IPUIPlugin
2023-11-01 17:31:45,888 [INFO] IPUIPlugin:74 - create IPUIPlugin
2023-11-01 17:31:45,889 [INFO] IPUIPlugin:74 - create IPUIPlugin
2023-11-01 17:31:45,890 [INFO] IPUIPlugin:74 - create IPUIPlugin
2023-11-01 17:31:45,891 [INFO] IPUIPlugin:74 - create IPUIPlugin
2023-11-01 17:31:45,891 [INFO] IPUIPlugin:74 - create IPUIPlugin
2023-11-01 17:31:45,892 [INFO] IPUIPlugin:74 - create IPUIPlugin
2023-11-01 17:31:45,893 [INFO] IPUIPlugin:74 - create IPUIPlugin
2023-11-01 17:31:45,894 [INFO] IPUIPlugin:74 - create IPUIPlugin
2023-11-01 17:31:45,895 [INFO] IPUIPlugin:74 - create IPUIPlugin
2023-11-01 17:31:46,092 [INFO] OpenFileManager:333 - Restore cursor
2023-11-01 17:31:46,512 [INFO] UtilMem:74 - End SaveConfig() Used Memory: 670650888 Bytes (747634688)
2023-11-01 17:31:46,591 [INFO] UtilMem:74 - End SaveConfig() Used Memory: 683670032 Bytes (747634688)
2023-11-01 17:31:47,265 [INFO] BlockDiagram:2740 - set Specific Code input for plugin: NVIC
2023-11-01 17:31:47,265 [INFO] BlockDiagram:2740 - set Specific Code input for plugin: SYS
2023-11-01 17:31:47,265 [INFO] BlockDiagram:2740 - set Specific Code input for plugin: RCC
2023-11-01 17:31:47,273 [INFO] CodeGenerator:663 - code generatio: config db path: C:\ST\STM32CubeIDE_1.7.0\STM32CubeIDE\plugins\com.st.stm32cube.common.mx_6.3.0.202107141111\\db\
2023-11-01 17:31:48,402 [INFO] CodeEngine:239 - oldGeneratedFile, C:\Users\Admin\Desktop\VXL\HK231\LAB2\EXERCISE2\SOURCE CODE\EXERCISE 2\MXTmpFiles\license.tmp_save
2023-11-01 17:31:49,370 [INFO] CodeEngine:257 - Generated code: C:\Users\Admin\Desktop\VXL\HK231\LAB2\EXERCISE2\SOURCE CODE\EXERCISE 2\MXTmpFiles\license.tmp
2023-11-01 17:31:49,640 [INFO] CodeEngine:239 - oldGeneratedFile, C:\Users\Admin\Desktop\VXL\HK231\LAB2\EXERCISE2\SOURCE CODE\EXERCISE 2\Core\Src\stm32f1xx_it.c_save
2023-11-01 17:31:50,310 [INFO] CodeEngine:257 - Generated code: C:\Users\Admin\Desktop\VXL\HK231\LAB2\EXERCISE2\SOURCE CODE\EXERCISE 2\Core\Src\stm32f1xx_it.c
2023-11-01 17:31:50,322 [INFO] CodeEngine:239 - oldGeneratedFile, C:\Users\Admin\Desktop\VXL\HK231\LAB2\EXERCISE2\SOURCE CODE\EXERCISE 2\Core\Inc\stm32f1xx_it.h_save
2023-11-01 17:31:50,604 [INFO] CodeEngine:257 - Generated code: C:\Users\Admin\Desktop\VXL\HK231\LAB2\EXERCISE2\SOURCE CODE\EXERCISE 2\Core\Inc\stm32f1xx_it.h
2023-11-01 17:31:50,635 [INFO] CodeEngine:239 - oldGeneratedFile, C:\Users\Admin\Desktop\VXL\HK231\LAB2\EXERCISE2\SOURCE CODE\EXERCISE 2\Core\Src\stm32f1xx_hal_msp.c_save
2023-11-01 17:31:51,068 [INFO] CodeEngine:257 - Generated code: C:\Users\Admin\Desktop\VXL\HK231\LAB2\EXERCISE2\SOURCE CODE\EXERCISE 2\Core\Src\stm32f1xx_hal_msp.c
2023-11-01 17:31:51,078 [INFO] CodeEngine:239 - oldGeneratedFile, C:\Users\Admin\Desktop\VXL\HK231\LAB2\EXERCISE2\SOURCE CODE\EXERCISE 2\MXTmpFiles\system.tmp_save
2023-11-01 17:31:51,258 [INFO] CodeEngine:257 - Generated code: C:\Users\Admin\Desktop\VXL\HK231\LAB2\EXERCISE2\SOURCE CODE\EXERCISE 2\MXTmpFiles\system.tmp
2023-11-01 17:31:51,278 [INFO] CodeEngine:239 - oldGeneratedFile, C:\Users\Admin\Desktop\VXL\HK231\LAB2\EXERCISE2\SOURCE CODE\EXERCISE 2\Core\Inc\stm32f1xx_hal_conf.h_save
2023-11-01 17:31:51,597 [INFO] CodeEngine:257 - Generated code: C:\Users\Admin\Desktop\VXL\HK231\LAB2\EXERCISE2\SOURCE CODE\EXERCISE 2\Core\Inc\stm32f1xx_hal_conf.h
2023-11-01 17:31:51,716 [INFO] CodeEngine:239 - oldGeneratedFile, C:\Users\Admin\Desktop\VXL\HK231\LAB2\EXERCISE2\SOURCE CODE\EXERCISE 2\Core\Inc\main.h_save
2023-11-01 17:31:53,066 [INFO] CodeEngine:257 - Generated code: C:\Users\Admin\Desktop\VXL\HK231\LAB2\EXERCISE2\SOURCE CODE\EXERCISE 2\Core\Inc\main.h
2023-11-01 17:31:53,075 [INFO] CodeEngine:239 - oldGeneratedFile, C:\Users\Admin\Desktop\VXL\HK231\LAB2\EXERCISE2\SOURCE CODE\EXERCISE 2\Core\Src\main.c_save
2023-11-01 17:31:53,495 [INFO] CodeEngine:257 - Generated code: C:\Users\Admin\Desktop\VXL\HK231\LAB2\EXERCISE2\SOURCE CODE\EXERCISE 2\Core\Src\main.c
2023-11-01 17:31:55,864 [INFO] ProjectBuilder:2578 - Time for Copy HAL[1] : 196mS.
2023-11-01 17:31:55,880 [INFO] ProjectBuilder:3622 - Project Generator version: 3.14.1
2023-11-01 17:31:57,421 [INFO] ConfigFileManager:1271 - The Die is : DIE412
2023-11-01 17:31:57,462 [INFO] ApiDbMcu:468 - Load IP Config File for FATFS
2023-11-01 17:31:57,566 [INFO] ApiDbMcu:468 - Load IP Config File for FREERTOS
2023-11-01 17:31:57,628 [INFO] ApiDbMcu:468 - Load IP Config File for USB_DEVICE
2023-11-01 17:32:07,867 [INFO] ProjectBuilder:3789 - Time for Generating toolchain IDE Files: 11987mS.
2023-11-01 17:32:07,868 [INFO] ProjectBuilder:2457 - Time for Copy CMSIS : 0mS.
2023-11-01 17:32:07,874 [INFO] ProjectBuilder:2457 - Time for Copy CMSIS : 0mS.
2023-11-01 17:32:08,769 [INFO] McuFinderGlobals:52 - Set McuFinderConnectedMode to true
2023-11-01 17:32:08,775 [INFO] ApiDb:276 - Save user favorites file C:\Users\Admin/.stm32cubeide/favorites.mcus.txt: 0 item(s)
2023-11-01 17:32:08,776 [INFO] ApiDb:280 - User favorites MCUs=[]
2023-11-01 17:33:47,944 [INFO] NvicIntPanel:96 - NVIC parent = com.st.microxplorer.plugins.ip.nvic.MultiNvicIntPanel[,0,0,0x0,invalid,layout=javax.swing.BoxLayout,alignmentX=0.0,alignmentY=0.0,border=,flags=9,maximumSize=,minimumSize=,preferredSize=]
2023-11-01 17:34:05,146 [ERROR] LogOutputStream:74 - [STDERR_REDIRECT] Exception in thread "AWT-EventQueue-0" java.awt.IllegalComponentStateException: component must be showing on the screen to determine its location
2023-11-01 17:34:05,162 [ERROR] LogOutputStream:74 - [STDERR_REDIRECT] 	at java.desktop/java.awt.Component.getLocationOnScreen_NoTreeLock(Component.java:2101)
2023-11-01 17:34:05,162 [ERROR] LogOutputStream:74 - [STDERR_REDIRECT] 	at java.desktop/java.awt.Component.getLocationOnScreen(Component.java:2075)
2023-11-01 17:34:05,162 [ERROR] LogOutputStream:74 - [STDERR_REDIRECT] 	at java.desktop/javax.swing.JPopupMenu.show(JPopupMenu.java:940)
2023-11-01 17:34:05,162 [ERROR] LogOutputStream:74 - [STDERR_REDIRECT] 	at java.desktop/javax.swing.plaf.basic.BasicComboPopup.show(BasicComboPopup.java:235)
2023-11-01 17:34:05,162 [ERROR] LogOutputStream:74 - [STDERR_REDIRECT] 	at java.desktop/javax.swing.plaf.basic.BasicComboPopup.togglePopup(BasicComboPopup.java:1218)
2023-11-01 17:34:05,162 [ERROR] LogOutputStream:74 - [STDERR_REDIRECT] 	at java.desktop/javax.swing.plaf.basic.BasicComboPopup$Handler.mousePressed(BasicComboPopup.java:897)
2023-11-01 17:34:05,162 [ERROR] LogOutputStream:74 - [STDERR_REDIRECT] 	at java.desktop/java.awt.Component.processMouseEvent(Component.java:6632)
2023-11-01 17:34:05,162 [ERROR] LogOutputStream:74 - [STDERR_REDIRECT] 	at java.desktop/javax.swing.JComponent.processMouseEvent(JComponent.java:3342)
2023-11-01 17:34:05,162 [ERROR] LogOutputStream:74 - [STDERR_REDIRECT] 	at java.desktop/java.awt.Component.processEvent(Component.java:6400)
2023-11-01 17:34:05,162 [ERROR] LogOutputStream:74 - [STDERR_REDIRECT] 	at java.desktop/java.awt.Container.processEvent(Container.java:2263)
2023-11-01 17:34:05,162 [ERROR] LogOutputStream:74 - [STDERR_REDIRECT] 	at java.desktop/java.awt.Component.dispatchEventImpl(Component.java:5011)
2023-11-01 17:34:05,162 [ERROR] LogOutputStream:74 - [STDERR_REDIRECT] 	at java.desktop/java.awt.Container.dispatchEventImpl(Container.java:2321)
2023-11-01 17:34:05,162 [ERROR] LogOutputStream:74 - [STDERR_REDIRECT] 	at java.desktop/java.awt.Component.dispatchEvent(Component.java:4843)
2023-11-01 17:34:05,178 [ERROR] LogOutputStream:74 - [STDERR_REDIRECT] 	at java.desktop/javax.swing.plaf.basic.BasicTableUI$Handler.repostEvent(BasicTableUI.java:967)
2023-11-01 17:34:05,178 [ERROR] LogOutputStream:74 - [STDERR_REDIRECT] 	at java.desktop/javax.swing.plaf.basic.BasicTableUI$Handler.adjustSelection(BasicTableUI.java:1129)
2023-11-01 17:34:05,178 [ERROR] LogOutputStream:74 - [STDERR_REDIRECT] 	at java.desktop/javax.swing.plaf.basic.BasicTableUI$Handler.mousePressed(BasicTableUI.java:1057)
2023-11-01 17:34:05,178 [ERROR] LogOutputStream:74 - [STDERR_REDIRECT] 	at java.desktop/java.awt.AWTEventMulticaster.mousePressed(AWTEventMulticaster.java:288)
2023-11-01 17:34:05,178 [ERROR] LogOutputStream:74 - [STDERR_REDIRECT] 	at java.desktop/java.awt.AWTEventMulticaster.mousePressed(AWTEventMulticaster.java:287)
2023-11-01 17:34:05,178 [ERROR] LogOutputStream:74 - [STDERR_REDIRECT] 	at java.desktop/java.awt.AWTEventMulticaster.mousePressed(AWTEventMulticaster.java:287)
2023-11-01 17:34:05,178 [ERROR] LogOutputStream:74 - [STDERR_REDIRECT] 	at java.desktop/java.awt.AWTEventMulticaster.mousePressed(AWTEventMulticaster.java:287)
2023-11-01 17:34:05,178 [ERROR] LogOutputStream:74 - [STDERR_REDIRECT] 	at java.desktop/java.awt.Component.processMouseEvent(Component.java:6632)
2023-11-01 17:34:05,178 [ERROR] LogOutputStream:74 - [STDERR_REDIRECT] 	at java.desktop/javax.swing.JComponent.processMouseEvent(JComponent.java:3342)
2023-11-01 17:34:05,178 [ERROR] LogOutputStream:74 - [STDERR_REDIRECT] 	at java.desktop/java.awt.Component.processEvent(Component.java:6400)
2023-11-01 17:34:05,178 [ERROR] LogOutputStream:74 - [STDERR_REDIRECT] 	at java.desktop/java.awt.Container.processEvent(Container.java:2263)
2023-11-01 17:34:05,178 [ERROR] LogOutputStream:74 - [STDERR_REDIRECT] 	at java.desktop/java.awt.Component.dispatchEventImpl(Component.java:5011)
2023-11-01 17:34:05,178 [ERROR] LogOutputStream:74 - [STDERR_REDIRECT] 	at java.desktop/java.awt.Container.dispatchEventImpl(Container.java:2321)
2023-11-01 17:34:05,178 [ERROR] LogOutputStream:74 - [STDERR_REDIRECT] 	at java.desktop/java.awt.Component.dispatchEvent(Component.java:4843)
2023-11-01 17:34:05,178 [ERROR] LogOutputStream:74 - [STDERR_REDIRECT] 	at java.desktop/java.awt.LightweightDispatcher.retargetMouseEvent(Container.java:4918)
2023-11-01 17:34:05,193 [ERROR] LogOutputStream:74 - [STDERR_REDIRECT] 	at java.desktop/java.awt.LightweightDispatcher.processMouseEvent(Container.java:4544)
2023-11-01 17:34:05,193 [ERROR] LogOutputStream:74 - [STDERR_REDIRECT] 	at java.desktop/java.awt.LightweightDispatcher.dispatchEvent(Container.java:4488)
2023-11-01 17:34:05,193 [ERROR] LogOutputStream:74 - [STDERR_REDIRECT] 	at java.desktop/java.awt.Container.dispatchEventImpl(Container.java:2307)
2023-11-01 17:34:05,193 [ERROR] LogOutputStream:74 - [STDERR_REDIRECT] 	at java.desktop/java.awt.Component.dispatchEvent(Component.java:4843)
2023-11-01 17:34:05,193 [ERROR] LogOutputStream:74 - [STDERR_REDIRECT] 	at java.desktop/java.awt.EventQueue.dispatchEventImpl(EventQueue.java:772)
2023-11-01 17:34:05,193 [ERROR] LogOutputStream:74 - [STDERR_REDIRECT] 	at java.desktop/java.awt.EventQueue$4.run(EventQueue.java:721)
2023-11-01 17:34:05,193 [ERROR] LogOutputStream:74 - [STDERR_REDIRECT] 	at java.desktop/java.awt.EventQueue$4.run(EventQueue.java:715)
2023-11-01 17:34:05,193 [ERROR] LogOutputStream:74 - [STDERR_REDIRECT] 	at java.base/java.security.AccessController.doPrivileged(Native Method)
2023-11-01 17:34:05,193 [ERROR] LogOutputStream:74 - [STDERR_REDIRECT] 	at java.base/java.security.ProtectionDomain$JavaSecurityAccessImpl.doIntersectionPrivilege(ProtectionDomain.java:85)
2023-11-01 17:34:05,193 [ERROR] LogOutputStream:74 - [STDERR_REDIRECT] 	at java.base/java.security.ProtectionDomain$JavaSecurityAccessImpl.doIntersectionPrivilege(ProtectionDomain.java:95)
2023-11-01 17:34:05,193 [ERROR] LogOutputStream:74 - [STDERR_REDIRECT] 	at java.desktop/java.awt.EventQueue$5.run(EventQueue.java:745)
2023-11-01 17:34:05,193 [ERROR] LogOutputStream:74 - [STDERR_REDIRECT] 	at java.desktop/java.awt.EventQueue$5.run(EventQueue.java:743)
2023-11-01 17:34:05,193 [ERROR] LogOutputStream:74 - [STDERR_REDIRECT] 	at java.base/java.security.AccessController.doPrivileged(Native Method)
2023-11-01 17:34:05,193 [ERROR] LogOutputStream:74 - [STDERR_REDIRECT] 	at java.base/java.security.ProtectionDomain$JavaSecurityAccessImpl.doIntersectionPrivilege(ProtectionDomain.java:85)
2023-11-01 17:34:05,193 [ERROR] LogOutputStream:74 - [STDERR_REDIRECT] 	at java.desktop/java.awt.EventQueue.dispatchEvent(EventQueue.java:742)
2023-11-01 17:34:05,193 [ERROR] LogOutputStream:74 - [STDERR_REDIRECT] 	at java.desktop/java.awt.EventDispatchThread.pumpOneEventForFilters(EventDispatchThread.java:203)
2023-11-01 17:34:05,209 [ERROR] LogOutputStream:74 - [STDERR_REDIRECT] 	at java.desktop/java.awt.EventDispatchThread.pumpEventsForFilter(EventDispatchThread.java:124)
2023-11-01 17:34:05,209 [ERROR] LogOutputStream:74 - [STDERR_REDIRECT] 	at java.desktop/java.awt.EventDispatchThread.pumpEventsForHierarchy(EventDispatchThread.java:113)
2023-11-01 17:34:05,209 [ERROR] LogOutputStream:74 - [STDERR_REDIRECT] 	at java.desktop/java.awt.EventDispatchThread.pumpEvents(EventDispatchThread.java:109)
2023-11-01 17:34:05,209 [ERROR] LogOutputStream:74 - [STDERR_REDIRECT] 	at java.desktop/java.awt.EventDispatchThread.pumpEvents(EventDispatchThread.java:101)
2023-11-01 17:34:05,209 [ERROR] LogOutputStream:74 - [STDERR_REDIRECT] 	at java.desktop/java.awt.EventDispatchThread.run(EventDispatchThread.java:90)
2023-11-01 17:34:09,287 [INFO] NvicIntPanel:96 - NVIC parent = com.st.microxplorer.plugins.ip.nvic.MultiNvicIntPanel[,0,0,450x118,layout=javax.swing.BoxLayout,alignmentX=0.0,alignmentY=0.0,border=,flags=9,maximumSize=,minimumSize=,preferredSize=]
2023-11-01 17:34:14,613 [INFO] UtilMem:74 - End SaveConfig() Used Memory: 799922576 Bytes (1073741824)
2023-11-01 17:34:25,705 [INFO] UtilMem:74 - End SaveConfig() Used Memory: 814484816 Bytes (1073741824)
2023-11-01 17:34:36,278 [INFO] UtilMem:74 - End SaveConfig() Used Memory: 717718096 Bytes (1073741824)
2023-11-01 17:34:36,621 [INFO] BlockDiagram:2740 - set Specific Code input for plugin: NVIC
2023-11-01 17:34:36,621 [INFO] BlockDiagram:2740 - set Specific Code input for plugin: SYS
2023-11-01 17:34:36,621 [INFO] BlockDiagram:2740 - set Specific Code input for plugin: GPIO
2023-11-01 17:34:36,621 [INFO] BlockDiagram:2740 - set Specific Code input for plugin: RCC
2023-11-01 17:34:36,621 [INFO] BlockDiagram:2740 - set Specific Code input for plugin: TIM1_8F1
2023-11-01 17:34:36,621 [INFO] CodeGenerator:663 - code generatio: config db path: C:\ST\STM32CubeIDE_1.7.0\STM32CubeIDE\plugins\com.st.stm32cube.common.mx_6.3.0.202107141111\\db\
2023-11-01 17:34:36,934 [INFO] CodeEngine:239 - oldGeneratedFile, C:\Users\Admin\Desktop\VXL\HK231\LAB2\EXERCISE2\SOURCE CODE\EXERCISE 2\MXTmpFiles\license.tmp_save
2023-11-01 17:34:36,996 [INFO] CodeEngine:257 - Generated code: C:\Users\Admin\Desktop\VXL\HK231\LAB2\EXERCISE2\SOURCE CODE\EXERCISE 2\MXTmpFiles\license.tmp
2023-11-01 17:34:37,168 [INFO] CodeEngine:239 - oldGeneratedFile, C:\Users\Admin\Desktop\VXL\HK231\LAB2\EXERCISE2\SOURCE CODE\EXERCISE 2\MXTmpFiles\gpio.tmp_save
2023-11-01 17:34:37,231 [INFO] CodeEngine:257 - Generated code: C:\Users\Admin\Desktop\VXL\HK231\LAB2\EXERCISE2\SOURCE CODE\EXERCISE 2\MXTmpFiles\gpio.tmp
2023-11-01 17:34:37,371 [INFO] CodeEngine:239 - oldGeneratedFile, C:\Users\Admin\Desktop\VXL\HK231\LAB2\EXERCISE2\SOURCE CODE\EXERCISE 2\Core\Src\stm32f1xx_it.c_save
2023-11-01 17:34:37,480 [INFO] CodeEngine:257 - Generated code: C:\Users\Admin\Desktop\VXL\HK231\LAB2\EXERCISE2\SOURCE CODE\EXERCISE 2\Core\Src\stm32f1xx_it.c
2023-11-01 17:34:37,480 [INFO] CodeEngine:239 - oldGeneratedFile, C:\Users\Admin\Desktop\VXL\HK231\LAB2\EXERCISE2\SOURCE CODE\EXERCISE 2\Core\Inc\stm32f1xx_it.h_save
2023-11-01 17:34:37,574 [INFO] CodeEngine:257 - Generated code: C:\Users\Admin\Desktop\VXL\HK231\LAB2\EXERCISE2\SOURCE CODE\EXERCISE 2\Core\Inc\stm32f1xx_it.h
2023-11-01 17:34:37,590 [INFO] CodeEngine:239 - oldGeneratedFile, C:\Users\Admin\Desktop\VXL\HK231\LAB2\EXERCISE2\SOURCE CODE\EXERCISE 2\Core\Src\stm32f1xx_hal_msp.c_save
2023-11-01 17:34:37,699 [INFO] CodeEngine:257 - Generated code: C:\Users\Admin\Desktop\VXL\HK231\LAB2\EXERCISE2\SOURCE CODE\EXERCISE 2\Core\Src\stm32f1xx_hal_msp.c
2023-11-01 17:34:37,699 [INFO] CodeEngine:239 - oldGeneratedFile, C:\Users\Admin\Desktop\VXL\HK231\LAB2\EXERCISE2\SOURCE CODE\EXERCISE 2\MXTmpFiles\system.tmp_save
2023-11-01 17:34:37,762 [INFO] CodeEngine:257 - Generated code: C:\Users\Admin\Desktop\VXL\HK231\LAB2\EXERCISE2\SOURCE CODE\EXERCISE 2\MXTmpFiles\system.tmp
2023-11-01 17:34:37,777 [INFO] CodeEngine:239 - oldGeneratedFile, C:\Users\Admin\Desktop\VXL\HK231\LAB2\EXERCISE2\SOURCE CODE\EXERCISE 2\Core\Inc\stm32f1xx_hal_conf.h_save
2023-11-01 17:34:37,887 [INFO] CodeEngine:257 - Generated code: C:\Users\Admin\Desktop\VXL\HK231\LAB2\EXERCISE2\SOURCE CODE\EXERCISE 2\Core\Inc\stm32f1xx_hal_conf.h
2023-11-01 17:34:37,902 [WARN] IPConfigManager:3148 - IP not found : TIM
2023-11-01 17:34:37,902 [WARN] CodeGenerator:3268 - IP not found : null
2023-11-01 17:34:37,933 [INFO] CodeEngine:239 - oldGeneratedFile, C:\Users\Admin\Desktop\VXL\HK231\LAB2\EXERCISE2\SOURCE CODE\EXERCISE 2\Core\Inc\main.h_save
2023-11-01 17:34:38,135 [INFO] CodeEngine:257 - Generated code: C:\Users\Admin\Desktop\VXL\HK231\LAB2\EXERCISE2\SOURCE CODE\EXERCISE 2\Core\Inc\main.h
2023-11-01 17:34:38,181 [INFO] CodeEngine:239 - oldGeneratedFile, C:\Users\Admin\Desktop\VXL\HK231\LAB2\EXERCISE2\SOURCE CODE\EXERCISE 2\Core\Src\main.c_save
2023-11-01 17:34:38,369 [INFO] CodeEngine:257 - Generated code: C:\Users\Admin\Desktop\VXL\HK231\LAB2\EXERCISE2\SOURCE CODE\EXERCISE 2\Core\Src\main.c
2023-11-01 17:34:39,603 [INFO] ProjectBuilder:2578 - Time for Copy HAL[1] : 78mS.
2023-11-01 17:34:39,619 [INFO] ProjectBuilder:3622 - Project Generator version: 3.14.1
2023-11-01 17:34:40,259 [INFO] ConfigFileManager:1271 - The Die is : DIE412
2023-11-01 17:34:45,416 [INFO] ProjectBuilder:3789 - Time for Generating toolchain IDE Files: 5797mS.
2023-11-01 17:34:45,416 [INFO] ProjectBuilder:2457 - Time for Copy CMSIS : 0mS.
2023-11-01 17:34:45,416 [INFO] ProjectBuilder:2457 - Time for Copy CMSIS : 0mS.
